[32m[0.006][core]-[Info]-[DjiCore_Init:95) Payload SDK Version : V3.3.0-beta.0-build.1665 [0m
[37m[0.007][utils]-[Debug]-[DjiCore_RootTask:131) work execution time: [0m
[37m[0.007][utils]-[Debug]-[DjiCore_RootTask:132) name	                execution time (ms)	  max execution time (ms) [0m
[37m[0.007][utils]-[Debug]-[DjiCore_RootTask:134) recorderWork                    	0       	0        [0m
[37m[0.007][utils]-[Debug]-[DjiCore_RootTask:134) flowControllerTask              	0       	0        [0m
[37m[0.015][linker]-[Debug]-[DjiLinker_Init:124) init linker success, protocol:2, channelId:0 [0m
[31m[0.015][linker]-[Error]-[DjiChannel_uartRead:88) uart read data error [0m
[37m[0.015][linker]-[Debug]-[DjiProtocol_v1Pack:120) V1-Send: 0xCA->0x03 0x03FD [0m
[31m[0.016][linker]-[Error]-[DjiChannel_uartRead:88) uart read data error [0m
[31m[0.017][linker]-[Error]-[DjiChannel_uartRead:88) uart read data error [0m
[31m[0.018][linker]-[Error]-[DjiChannel_uartRead:88) uart read data error [0m
[31m[0.019][linker]-[Error]-[DjiChannel_uartRead:88) uart read data error [0m
[31m[0.020][linker]-[Error]-[DjiChannel_uartRead:88) uart read data error [0m
[31m[0.021][linker]-[Error]-[DjiChannel_uartRead:88) uart read data error [0m
[31m[0.022][linker]-[Error]-[DjiChannel_uartRead:88) uart read data error [0m
[31m[0.023][linker]-[Error]-[DjiChannel_uartRead:88) uart read data error [0m
[31m[0.024][linker]-[Error]-[DjiChannel_uartRead:88) uart read data error [0m
[31m[0.025][linker]-[Error]-[DjiChannel_uartRead:88) uart read data error [0m
[31m[0.026][linker]-[Error]-[DjiChannel_uartRead:88) uart read data error [0m
[31m[0.027][linker]-[Error]-[DjiChannel_uartRead:88) uart read data error [0m
[31m[0.029][linker]-[Error]-[DjiChannel_uartRead:88) uart read data error [0m
[31m[0.030][linker]-[Error]-[DjiChannel_uartRead:88) uart read data error [0m
[31m[0.031][linker]-[Error]-[DjiChannel_uartRead:88) uart read data error [0m
[31m[0.032][linker]-[Error]-[DjiChannel_uartRead:88) uart read data error [0m
[31m[0.033][linker]-[Error]-[DjiChannel_uartRead:88) uart read data error [0m
[31m[0.034][linker]-[Error]-[DjiChannel_uartRead:88) uart read data error [0m
[31m[0.035][linker]-[Error]-[DjiChannel_uartRead:88) uart read data error [0m
[37m[0.035][linker]-[Debug]-[DjiProtocol_v1Pack:120) V1-Send: 0xCA->0x03 0x03FD [0m
[31m[0.036][linker]-[Error]-[DjiChannel_uartRead:88) uart read data error [0m
[31m[0.037][linker]-[Error]-[DjiChannel_uartRead:88) uart read data error [0m
[31m[0.038][linker]-[Error]-[DjiChannel_uartRead:88) uart read data error [0m
[31m[0.039][linker]-[Error]-[DjiChannel_uartRead:88) uart read data error [0m
[31m[0.041][linker]-[Error]-[DjiChannel_uartRead:88) uart read data error [0m
[31m[0.042][linker]-[Error]-[DjiChannel_uartRead:88) uart read data error [0m
[31m[0.043][linker]-[Error]-[DjiChannel_uartRead:88) uart read data error [0m
[31m[0.044][linker]-[Error]-[DjiChannel_uartRead:88) uart read data error [0m
[31m[0.045][linker]-[Error]-[DjiChannel_uartRead:88) uart read data error [0m
[31m[0.046][linker]-[Error]-[DjiChannel_uartRead:88) uart read data error [0m
[31m[0.047][linker]-[Error]-[DjiChannel_uartRead:88) uart read data error [0m
[31m[0.048][linker]-[Error]-[DjiChannel_uartRead:88) uart read data error [0m
[31m[0.049][linker]-[Error]-[DjiChannel_uartRead:88) uart read data error [0m
[31m[0.050][linker]-[Error]-[DjiChannel_uartRead:88) uart read data error [0m
[31m[0.051][linker]-[Error]-[DjiChannel_uartRead:88) uart read data error [0m
[31m[0.052][linker]-[Error]-[DjiChannel_uartRead:88) uart read data error [0m
[31m[0.053][linker]-[Error]-[DjiChannel_uartRead:88) uart read data error [0m
[31m[0.055][linker]-[Error]-[DjiChannel_uartRead:88) uart read data error [0m
[37m[0.055][linker]-[Debug]-[DjiProtocol_v1Pack:120) V1-Send: 0xCA->0x03 0x03FD [0m
[31m[0.056][linker]-[Error]-[DjiChannel_uartRead:88) uart read data error [0m
[31m[0.057][linker]-[Error]-[DjiChannel_uartRead:88) uart read data error [0m
[31m[0.058][linker]-[Error]-[DjiChannel_uartRead:88) uart read data error [0m
[31m[0.059][linker]-[Error]-[DjiChannel_uartRead:88) uart read data error [0m
[31m[0.060][linker]-[Error]-[DjiChannel_uartRead:88) uart read data error [0m
[31m[0.061][linker]-[Error]-[DjiChannel_uartRead:88) uart read data error [0m
[31m[0.062][linker]-[Error]-[DjiChannel_uartRead:88) uart read data error [0m
[31m[0.063][linker]-[Error]-[DjiChannel_uartRead:88) uart read data error [0m
[31m[0.064][linker]-[Error]-[DjiChannel_uartRead:88) uart read data error [0m
[31m[0.065][linker]-[Error]-[DjiChannel_uartRead:88) uart read data error [0m
[31m[0.066][linker]-[Error]-[DjiChannel_uartRead:88) uart read data error [0m
[31m[0.067][linker]-[Error]-[DjiChannel_uartRead:88) uart read data error [0m
[31m[0.069][linker]-[Error]-[DjiChannel_uartRead:88) uart read data error [0m
[31m[0.070][linker]-[Error]-[DjiChannel_uartRead:88) uart read data error [0m
[31m[0.071][linker]-[Error]-[DjiChannel_uartRead:88) uart read data error [0m
[31m[0.072][linker]-[Error]-[DjiChannel_uartRead:88) uart read data error [0m
[31m[0.073][linker]-[Error]-[DjiChannel_uartRead:88) uart read data error [0m
[31m[0.074][linker]-[Error]-[DjiChannel_uartRead:88) uart read data error [0m
[31m[0.075][linker]-[Error]-[DjiChannel_uartRead:88) uart read data error [0m
[37m[0.075][linker]-[Debug]-[DjiProtocol_v1Pack:120) V1-Send: 0xCA->0x03 0x03FD [0m
[31m[0.076][linker]-[Error]-[DjiChannel_uartRead:88) uart read data error [0m
[31m[0.077][linker]-[Error]-[DjiChannel_uartRead:88) uart read data error [0m
[31m[0.078][linker]-[Error]-[DjiChannel_uartRead:88) uart read data error [0m
[31m[0.079][linker]-[Error]-[DjiChannel_uartRead:88) uart read data error [0m
[31m[0.080][linker]-[Error]-[DjiChannel_uartRead:88) uart read data error [0m
[31m[0.082][linker]-[Error]-[DjiChannel_uartRead:88) uart read data error [0m
[31m[0.083][linker]-[Error]-[DjiChannel_uartRead:88) uart read data error [0m
[31m[0.084][linker]-[Error]-[DjiChannel_uartRead:88) uart read data error [0m
[31m[0.085][linker]-[Error]-[DjiChannel_uartRead:88) uart read data error [0m
[31m[0.086][linker]-[Error]-[DjiChannel_uartRead:88) uart read data error [0m
[31m[0.087][linker]-[Error]-[DjiChannel_uartRead:88) uart read data error [0m
[31m[0.088][linker]-[Error]-[DjiChannel_uartRead:88) uart read data error [0m
[31m[0.089][linker]-[Error]-[DjiChannel_uartRead:88) uart read data error [0m
[31m[0.090][linker]-[Error]-[DjiChannel_uartRead:88) uart read data error [0m
[31m[0.091][linker]-[Error]-[DjiChannel_uartRead:88) uart read data error [0m
[31m[0.092][linker]-[Error]-[DjiChannel_uartRead:88) uart read data error [0m
[31m[0.093][linker]-[Error]-[DjiChannel_uartRead:88) uart read data error [0m
[31m[0.094][linker]-[Error]-[DjiChannel_uartRead:88) uart read data error [0m
[37m[0.096][linker]-[Debug]-[DjiProtocol_v1Pack:120) V1-Send: 0xCA->0x03 0x03FD [0m
[31m[0.096][linker]-[Error]-[DjiChannel_uartRead:88) uart read data error [0m
[31m[0.097][linker]-[Error]-[DjiChannel_uartRead:88) uart read data error [0m
[31m[0.098][linker]-[Error]-[DjiChannel_uartRead:88) uart read data error [0m
[31m[0.099][linker]-[Error]-[DjiChannel_uartRead:88) uart read data error [0m
[31m[0.100][linker]-[Error]-[DjiChannel_uartRead:88) uart read data error [0m
[31m[0.101][linker]-[Error]-[DjiChannel_uartRead:88) uart read data error [0m
[31m[0.102][linker]-[Error]-[DjiChannel_uartRead:88) uart read data error [0m
[31m[0.103][linker]-[Error]-[DjiChannel_uartRead:88) uart read data error [0m
[31m[0.104][linker]-[Error]-[DjiChannel_uartRead:88) uart read data error [0m
[31m[0.106][linker]-[Error]-[DjiChannel_uartRead:88) uart read data error [0m
[31m[0.107][linker]-[Error]-[DjiChannel_uartRead:88) uart read data error [0m
[31m[0.108][linker]-[Error]-[DjiChannel_uartRead:88) uart read data error [0m
[31m[0.109][linker]-[Error]-[DjiChannel_uartRead:88) uart read data error [0m
[31m[0.110][linker]-[Error]-[DjiChannel_uartRead:88) uart read data error [0m
[31m[0.111][linker]-[Error]-[DjiChannel_uartRead:88) uart read data error [0m
[31m[0.112][linker]-[Error]-[DjiChannel_uartRead:88) uart read data error [0m
[31m[0.113][linker]-[Error]-[DjiChannel_uartRead:88) uart read data error [0m
[31m[0.114][linker]-[Error]-[DjiChannel_uartRead:88) uart read data error [0m
[31m[0.115][linker]-[Error]-[DjiChannel_uartRead:88) uart read data error [0m
[37m[0.116][linker]-[Debug]-[DjiLinker_DeInit:164) deinit linker success, protocol:2, channelId:0 [0m
[31m[0.120][linker]-[Error]-[DjiChannel_uartRead:88) uart read data error [0m
[37m[0.120][linker]-[Debug]-[DjiLinker_Init:124) init linker success, protocol:2, channelId:0 [0m
[37m[0.120][linker]-[Debug]-[DjiProtocol_v1Pack:120) V1-Send: 0xE5->0x65 0x03FD [0m
[31m[0.121][linker]-[Error]-[DjiChannel_uartRead:88) uart read data error [0m
[31m[0.122][linker]-[Error]-[DjiChannel_uartRead:88) uart read data error [0m
[31m[0.123][linker]-[Error]-[DjiChannel_uartRead:88) uart read data error [0m
[31m[0.124][linker]-[Error]-[DjiChannel_uartRead:88) uart read data error [0m
[31m[0.125][linker]-[Error]-[DjiChannel_uartRead:88) uart read data error [0m
[31m[0.126][linker]-[Error]-[DjiChannel_uartRead:88) uart read data error [0m
[31m[0.127][linker]-[Error]-[DjiChannel_uartRead:88) uart read data error [0m
[31m[0.128][linker]-[Error]-[DjiChannel_uartRead:88) uart read data error [0m
[31m[0.129][linker]-[Error]-[DjiChannel_uartRead:88) uart read data error [0m
[31m[0.131][linker]-[Error]-[DjiChannel_uartRead:88) uart read data error [0m
[31m[0.132][linker]-[Error]-[DjiChannel_uartRead:88) uart read data error [0m
[31m[0.133][linker]-[Error]-[DjiChannel_uartRead:88) uart read data error [0m
[31m[0.134][linker]-[Error]-[DjiChannel_uartRead:88) uart read data error [0m
[31m[0.135][linker]-[Error]-[DjiChannel_uartRead:88) uart read data error [0m
[31m[0.136][linker]-[Error]-[DjiChannel_uartRead:88) uart read data error [0m
[31m[0.137][linker]-[Error]-[DjiChannel_uartRead:88) uart read data error [0m
[31m[0.138][linker]-[Error]-[DjiChannel_uartRead:88) uart read data error [0m
[31m[0.139][linker]-[Error]-[DjiChannel_uartRead:88) uart read data error [0m
[37m[0.140][linker]-[Debug]-[DjiProtocol_v1Pack:120) V1-Send: 0xE5->0x65 0x03FD [0m
[31m[0.140][linker]-[Error]-[DjiChannel_uartRead:88) uart read data error [0m
[31m[0.141][linker]-[Error]-[DjiChannel_uartRead:88) uart read data error [0m
[31m[0.142][linker]-[Error]-[DjiChannel_uartRead:88) uart read data error [0m
[31m[0.144][linker]-[Error]-[DjiChannel_uartRead:88) uart read data error [0m
[31m[0.145][linker]-[Error]-[DjiChannel_uartRead:88) uart read data error [0m
[31m[0.146][linker]-[Error]-[DjiChannel_uartRead:88) uart read data error [0m
[31m[0.147][linker]-[Error]-[DjiChannel_uartRead:88) uart read data error [0m
[31m[0.148][linker]-[Error]-[DjiChannel_uartRead:88) uart read data error [0m
[31m[0.149][linker]-[Error]-[DjiChannel_uartRead:88) uart read data error [0m
[31m[0.150][linker]-[Error]-[DjiChannel_uartRead:88) uart read data error [0m
[31m[0.151][linker]-[Error]-[DjiChannel_uartRead:88) uart read data error [0m
[31m[0.152][linker]-[Error]-[DjiChannel_uartRead:88) uart read data error [0m
[31m[0.153][linker]-[Error]-[DjiChannel_uartRead:88) uart read data error [0m
[31m[0.154][linker]-[Error]-[DjiChannel_uartRead:88) uart read data error [0m
[31m[0.155][linker]-[Error]-[DjiChannel_uartRead:88) uart read data error [0m
[31m[0.156][linker]-[Error]-[DjiChannel_uartRead:88) uart read data error [0m
[31m[0.158][linker]-[Error]-[DjiChannel_uartRead:88) uart read data error [0m
[31m[0.159][linker]-[Error]-[DjiChannel_uartRead:88) uart read data error [0m
[31m[0.160][linker]-[Error]-[DjiChannel_uartRead:88) uart read data error [0m
[37m[0.160][linker]-[Debug]-[DjiProtocol_v1Pack:120) V1-Send: 0xE5->0x65 0x03FD [0m
[31m[0.161][linker]-[Error]-[DjiChannel_uartRead:88) uart read data error [0m
[31m[0.162][linker]-[Error]-[DjiChannel_uartRead:88) uart read data error [0m
[31m[0.163][linker]-[Error]-[DjiChannel_uartRead:88) uart read data error [0m
[31m[0.164][linker]-[Error]-[DjiChannel_uartRead:88) uart read data error [0m
[31m[0.165][linker]-[Error]-[DjiChannel_uartRead:88) uart read data error [0m
[31m[0.166][linker]-[Error]-[DjiChannel_uartRead:88) uart read data error [0m
[31m[0.167][linker]-[Error]-[DjiChannel_uartRead:88) uart read data error [0m
[31m[0.168][linker]-[Error]-[DjiChannel_uartRead:88) uart read data error [0m
[31m[0.170][linker]-[Error]-[DjiChannel_uartRead:88) uart read data error [0m
[31m[0.171][linker]-[Error]-[DjiChannel_uartRead:88) uart read data error [0m
[31m[0.172][linker]-[Error]-[DjiChannel_uartRead:88) uart read data error [0m
[31m[0.173][linker]-[Error]-[DjiChannel_uartRead:88) uart read data error [0m
[31m[0.174][linker]-[Error]-[DjiChannel_uartRead:88) uart read data error [0m
[31m[0.175][linker]-[Error]-[DjiChannel_uartRead:88) uart read data error [0m
[31m[0.176][linker]-[Error]-[DjiChannel_uartRead:88) uart read data error [0m
[31m[0.177][linker]-[Error]-[DjiChannel_uartRead:88) uart read data error [0m
[31m[0.178][linker]-[Error]-[DjiChannel_uartRead:88) uart read data error [0m
[31m[0.179][linker]-[Error]-[DjiChannel_uartRead:88) uart read data error [0m
[31m[0.180][linker]-[Error]-[DjiChannel_uartRead:88) uart read data error [0m
[37m[0.180][linker]-[Debug]-[DjiProtocol_v1Pack:120) V1-Send: 0xE5->0x65 0x03FD [0m
[31m[0.181][linker]-[Error]-[DjiChannel_uartRead:88) uart read data error [0m
[31m[0.182][linker]-[Error]-[DjiChannel_uartRead:88) uart read data error [0m
[31m[0.183][linker]-[Error]-[DjiChannel_uartRead:88) uart read data error [0m
[31m[0.185][linker]-[Error]-[DjiChannel_uartRead:88) uart read data error [0m
[31m[0.186][linker]-[Error]-[DjiChannel_uartRead:88) uart read data error [0m
[31m[0.187][linker]-[Error]-[DjiChannel_uartRead:88) uart read data error [0m
[31m[0.188][linker]-[Error]-[DjiChannel_uartRead:88) uart read data error [0m
[31m[0.189][linker]-[Error]-[DjiChannel_uartRead:88) uart read data error [0m
[31m[0.190][linker]-[Error]-[DjiChannel_uartRead:88) uart read data error [0m
[31m[0.191][linker]-[Error]-[DjiChannel_uartRead:88) uart read data error [0m
[31m[0.192][linker]-[Error]-[DjiChannel_uartRead:88) uart read data error [0m
[31m[0.193][linker]-[Error]-[DjiChannel_uartRead:88) uart read data error [0m
[31m[0.194][linker]-[Error]-[DjiChannel_uartRead:88) uart read data error [0m
[31m[0.196][linker]-[Error]-[DjiChannel_uartRead:88) uart read data error [0m
[31m[0.197][linker]-[Error]-[DjiChannel_uartRead:88) uart read data error [0m
[31m[0.198][linker]-[Error]-[DjiChannel_uartRead:88) uart read data error [0m
[31m[0.199][linker]-[Error]-[DjiChannel_uartRead:88) uart read data error [0m
[31m[0.200][linker]-[Error]-[DjiChannel_uartRead:88) uart read data error [0m
[37m[0.201][linker]-[Debug]-[DjiProtocol_v1Pack:120) V1-Send: 0xE5->0x65 0x03FD [0m
[31m[0.201][linker]-[Error]-[DjiChannel_uartRead:88) uart read data error [0m
[31m[0.202][linker]-[Error]-[DjiChannel_uartRead:88) uart read data error [0m
[31m[0.203][linker]-[Error]-[DjiChannel_uartRead:88) uart read data error [0m
[31m[0.204][linker]-[Error]-[DjiChannel_uartRead:88) uart read data error [0m
[31m[0.205][linker]-[Error]-[DjiChannel_uartRead:88) uart read data error [0m
[31m[0.206][linker]-[Error]-[DjiChannel_uartRead:88) uart read data error [0m
[31m[0.207][linker]-[Error]-[DjiChannel_uartRead:88) uart read data error [0m
[31m[0.208][linker]-[Error]-[DjiChannel_uartRead:88) uart read data error [0m
[31m[0.210][linker]-[Error]-[DjiChannel_uartRead:88) uart read data error [0m
[31m[0.211][linker]-[Error]-[DjiChannel_uartRead:88) uart read data error [0m
[31m[0.212][linker]-[Error]-[DjiChannel_uartRead:88) uart read data error [0m
[31m[0.213][linker]-[Error]-[DjiChannel_uartRead:88) uart read data error [0m
[31m[0.214][linker]-[Error]-[DjiChannel_uartRead:88) uart read data error [0m
[31m[0.215][linker]-[Error]-[DjiChannel_uartRead:88) uart read data error [0m
[31m[0.216][linker]-[Error]-[DjiChannel_uartRead:88) uart read data error [0m
[31m[0.217][linker]-[Error]-[DjiChannel_uartRead:88) uart read data error [0m
[31m[0.218][linker]-[Error]-[DjiChannel_uartRead:88) uart read data error [0m
[31m[0.219][linker]-[Error]-[DjiChannel_uartRead:88) uart read data error [0m
[31m[0.220][linker]-[Error]-[DjiChannel_uartRead:88) uart read data error [0m
[37m[0.221][linker]-[Debug]-[DjiLinker_DeInit:164) deinit linker success, protocol:2, channelId:0 [0m
[31m[0.225][linker]-[Error]-[DjiChannel_uartRead:88) uart read data error [0m
[37m[0.225][linker]-[Debug]-[DjiLinker_Init:124) init linker success, protocol:2, channelId:0 [0m
[37m[0.225][linker]-[Debug]-[DjiProtocol_v1Pack:120) V1-Send: 0xE5->0x65 0x03FD [0m
[31m[0.226][linker]-[Error]-[DjiChannel_uartRead:88) uart read data error [0m
[31m[0.228][linker]-[Error]-[DjiChannel_uartRead:88) uart read data error [0m
[31m[0.229][linker]-[Error]-[DjiChannel_uartRead:88) uart read data error [0m
[31m[0.230][linker]-[Error]-[DjiChannel_uartRead:88) uart read data error [0m
[31m[0.231][linker]-[Error]-[DjiChannel_uartRead:88) uart read data error [0m
[31m[0.232][linker]-[Error]-[DjiChannel_uartRead:88) uart read data error [0m
[31m[0.233][linker]-[Error]-[DjiChannel_uartRead:88) uart read data error [0m
[31m[0.235][linker]-[Error]-[DjiChannel_uartRead:88) uart read data error [0m
[31m[0.236][linker]-[Error]-[DjiChannel_uartRead:88) uart read data error [0m
[31m[0.237][linker]-[Error]-[DjiChannel_uartRead:88) uart read data error [0m
[31m[0.238][linker]-[Error]-[DjiChannel_uartRead:88) uart read data error [0m
[31m[0.239][linker]-[Error]-[DjiChannel_uartRead:88) uart read data error [0m
[31m[0.240][linker]-[Error]-[DjiChannel_uartRead:88) uart read data error [0m
[31m[0.241][linker]-[Error]-[DjiChannel_uartRead:88) uart read data error [0m
[31m[0.243][linker]-[Error]-[DjiChannel_uartRead:88) uart read data error [0m
[31m[0.244][linker]-[Error]-[DjiChannel_uartRead:88) uart read data error [0m
[31m[0.245][linker]-[Error]-[DjiChannel_uartRead:88) uart read data error [0m
[37m[0.245][linker]-[Debug]-[DjiProtocol_v1Pack:120) V1-Send: 0xE5->0x65 0x03FD [0m
[31m[0.246][linker]-[Error]-[DjiChannel_uartRead:88) uart read data error [0m
[31m[0.247][linker]-[Error]-[DjiChannel_uartRead:88) uart read data error [0m
[31m[0.248][linker]-[Error]-[DjiChannel_uartRead:88) uart read data error [0m
[31m[0.249][linker]-[Error]-[DjiChannel_uartRead:88) uart read data error [0m
[31m[0.250][linker]-[Error]-[DjiChannel_uartRead:88) uart read data error [0m
[31m[0.252][linker]-[Error]-[DjiChannel_uartRead:88) uart read data error [0m
[31m[0.253][linker]-[Error]-[DjiChannel_uartRead:88) uart read data error [0m
[31m[0.254][linker]-[Error]-[DjiChannel_uartRead:88) uart read data error [0m
[31m[0.255][linker]-[Error]-[DjiChannel_uartRead:88) uart read data error [0m
[31m[0.256][linker]-[Error]-[DjiChannel_uartRead:88) uart read data error [0m
[31m[0.257][linker]-[Error]-[DjiChannel_uartRead:88) uart read data error [0m
[31m[0.259][linker]-[Error]-[DjiChannel_uartRead:88) uart read data error [0m
[31m[0.260][linker]-[Error]-[DjiChannel_uartRead:88) uart read data error [0m
[31m[0.261][linker]-[Error]-[DjiChannel_uartRead:88) uart read data error [0m
[31m[0.262][linker]-[Error]-[DjiChannel_uartRead:88) uart read data error [0m
[31m[0.263][linker]-[Error]-[DjiChannel_uartRead:88) uart read data error [0m
[31m[0.264][linker]-[Error]-[DjiChannel_uartRead:88) uart read data error [0m
[37m[0.266][linker]-[Debug]-[DjiProtocol_v1Pack:120) V1-Send: 0xE5->0x65 0x03FD [0m
[31m[0.266][linker]-[Error]-[DjiChannel_uartRead:88) uart read data error [0m
[31m[0.267][linker]-[Error]-[DjiChannel_uartRead:88) uart read data error [0m
[31m[0.268][linker]-[Error]-[DjiChannel_uartRead:88) uart read data error [0m
[31m[0.269][linker]-[Error]-[DjiChannel_uartRead:88) uart read data error [0m
[31m[0.270][linker]-[Error]-[DjiChannel_uartRead:88) uart read data error [0m
[31m[0.271][linker]-[Error]-[DjiChannel_uartRead:88) uart read data error [0m
[31m[0.272][linker]-[Error]-[DjiChannel_uartRead:88) uart read data error [0m
[31m[0.273][linker]-[Error]-[DjiChannel_uartRead:88) uart read data error [0m
[31m[0.274][linker]-[Error]-[DjiChannel_uartRead:88) uart read data error [0m
[31m[0.275][linker]-[Error]-[DjiChannel_uartRead:88) uart read data error [0m
[31m[0.276][linker]-[Error]-[DjiChannel_uartRead:88) uart read data error [0m
[31m[0.277][linker]-[Error]-[DjiChannel_uartRead:88) uart read data error [0m
[31m[0.279][linker]-[Error]-[DjiChannel_uartRead:88) uart read data error [0m
[31m[0.280][linker]-[Error]-[DjiChannel_uartRead:88) uart read data error [0m
[31m[0.281][linker]-[Error]-[DjiChannel_uartRead:88) uart read data error [0m
[31m[0.282][linker]-[Error]-[DjiChannel_uartRead:88) uart read data error [0m
[31m[0.283][linker]-[Error]-[DjiChannel_uartRead:88) uart read data error [0m
[31m[0.284][linker]-[Error]-[DjiChannel_uartRead:88) uart read data error [0m
[31m[0.285][linker]-[Error]-[DjiChannel_uartRead:88) uart read data error [0m
[37m[0.286][linker]-[Debug]-[DjiProtocol_v1Pack:120) V1-Send: 0xE5->0x65 0x03FD [0m
[31m[0.287][linker]-[Error]-[DjiChannel_uartRead:88) uart read data error [0m
[31m[0.288][linker]-[Error]-[DjiChannel_uartRead:88) uart read data error [0m
[31m[0.289][linker]-[Error]-[DjiChannel_uartRead:88) uart read data error [0m
[31m[0.290][linker]-[Error]-[DjiChannel_uartRead:88) uart read data error [0m
[31m[0.291][linker]-[Error]-[DjiChannel_uartRead:88) uart read data error [0m
[31m[0.292][linker]-[Error]-[DjiChannel_uartRead:88) uart read data error [0m
[31m[0.293][linker]-[Error]-[DjiChannel_uartRead:88) uart read data error [0m
[31m[0.294][linker]-[Error]-[DjiChannel_uartRead:88) uart read data error [0m
[31m[0.295][linker]-[Error]-[DjiChannel_uartRead:88) uart read data error [0m
[31m[0.296][linker]-[Error]-[DjiChannel_uartRead:88) uart read data error [0m
[31m[0.297][linker]-[Error]-[DjiChannel_uartRead:88) uart read data error [0m
[31m[0.298][linker]-[Error]-[DjiChannel_uartRead:88) uart read data error [0m
[31m[0.300][linker]-[Error]-[DjiChannel_uartRead:88) uart read data error [0m
[31m[0.301][linker]-[Error]-[DjiChannel_uartRead:88) uart read data error [0m
[31m[0.302][linker]-[Error]-[DjiChannel_uartRead:88) uart read data error [0m
[31m[0.303][linker]-[Error]-[DjiChannel_uartRead:88) uart read data error [0m
[31m[0.304][linker]-[Error]-[DjiChannel_uartRead:88) uart read data error [0m
[31m[0.305][linker]-[Error]-[DjiChannel_uartRead:88) uart read data error [0m
[31m[0.306][linker]-[Error]-[DjiChannel_uartRead:88) uart read data error [0m
[37m[0.307][linker]-[Debug]-[DjiProtocol_v1Pack:120) V1-Send: 0xE5->0x65 0x03FD [0m
[31m[0.307][linker]-[Error]-[DjiChannel_uartRead:88) uart read data error [0m
[31m[0.308][linker]-[Error]-[DjiChannel_uartRead:88) uart read data error [0m
[31m[0.309][linker]-[Error]-[DjiChannel_uartRead:88) uart read data error [0m
[31m[0.310][linker]-[Error]-[DjiChannel_uartRead:88) uart read data error [0m
[31m[0.311][linker]-[Error]-[DjiChannel_uartRead:88) uart read data error [0m
[31m[0.312][linker]-[Error]-[DjiChannel_uartRead:88) uart read data error [0m
[31m[0.314][linker]-[Error]-[DjiChannel_uartRead:88) uart read data error [0m
[31m[0.315][linker]-[Error]-[DjiChannel_uartRead:88) uart read data error [0m
[31m[0.316][linker]-[Error]-[DjiChannel_uartRead:88) uart read data error [0m
[31m[0.317][linker]-[Error]-[DjiChannel_uartRead:88) uart read data error [0m
[31m[0.318][linker]-[Error]-[DjiChannel_uartRead:88) uart read data error [0m
[31m[0.319][linker]-[Error]-[DjiChannel_uartRead:88) uart read data error [0m
[31m[0.320][linker]-[Error]-[DjiChannel_uartRead:88) uart read data error [0m
[31m[0.321][linker]-[Error]-[DjiChannel_uartRead:88) uart read data error [0m
[31m[0.322][linker]-[Error]-[DjiChannel_uartRead:88) uart read data error [0m
[31m[0.323][linker]-[Error]-[DjiChannel_uartRead:88) uart read data error [0m
[31m[0.324][linker]-[Error]-[DjiChannel_uartRead:88) uart read data error [0m
[31m[0.326][linker]-[Error]-[DjiChannel_uartRead:88) uart read data error [0m
[31m[0.327][linker]-[Error]-[DjiChannel_uartRead:88) uart read data error [0m
[37m[0.327][linker]-[Debug]-[DjiLinker_DeInit:164) deinit linker success, protocol:2, channelId:0 [0m
[31m[0.331][linker]-[Error]-[DjiChannel_uartRead:88) uart read data error [0m
[37m[0.331][linker]-[Debug]-[DjiLinker_Init:124) init linker success, protocol:2, channelId:0 [0m
[37m[0.331][linker]-[Debug]-[DjiProtocol_v1Pack:120) V1-Send: 0xE5->0x65 0x03FD [0m
[31m[0.332][linker]-[Error]-[DjiChannel_uartRead:88) uart read data error [0m
[31m[0.333][linker]-[Error]-[DjiChannel_uartRead:88) uart read data error [0m
[31m[0.334][linker]-[Error]-[DjiChannel_uartRead:88) uart read data error [0m
[31m[0.335][linker]-[Error]-[DjiChannel_uartRead:88) uart read data error [0m
[31m[0.336][linker]-[Error]-[DjiChannel_uartRead:88) uart read data error [0m
[31m[0.337][linker]-[Error]-[DjiChannel_uartRead:88) uart read data error [0m
[31m[0.338][linker]-[Error]-[DjiChannel_uartRead:88) uart read data error [0m
[31m[0.339][linker]-[Error]-[DjiChannel_uartRead:88) uart read data error [0m
[31m[0.340][linker]-[Error]-[DjiChannel_uartRead:88) uart read data error [0m
[31m[0.341][linker]-[Error]-[DjiChannel_uartRead:88) uart read data error [0m
[31m[0.343][linker]-[Error]-[DjiChannel_uartRead:88) uart read data error [0m
[31m[0.344][linker]-[Error]-[DjiChannel_uartRead:88) uart read data error [0m
[31m[0.345][linker]-[Error]-[DjiChannel_uartRead:88) uart read data error [0m
[31m[0.346][linker]-[Error]-[DjiChannel_uartRead:88) uart read data error [0m
[31m[0.347][linker]-[Error]-[DjiChannel_uartRead:88) uart read data error [0m
[31m[0.348][linker]-[Error]-[DjiChannel_uartRead:88) uart read data error [0m
[31m[0.349][linker]-[Error]-[DjiChannel_uartRead:88) uart read data error [0m
[31m[0.350][linker]-[Error]-[DjiChannel_uartRead:88) uart read data error [0m
[37m[0.351][linker]-[Debug]-[DjiProtocol_v1Pack:120) V1-Send: 0xE5->0x65 0x03FD [0m
[31m[0.351][linker]-[Error]-[DjiChannel_uartRead:88) uart read data error [0m
[31m[0.352][linker]-[Error]-[DjiChannel_uartRead:88) uart read data error [0m
[31m[0.353][linker]-[Error]-[DjiChannel_uartRead:88) uart read data error [0m
[31m[0.355][linker]-[Error]-[DjiChannel_uartRead:88) uart read data error [0m
[31m[0.356][linker]-[Error]-[DjiChannel_uartRead:88) uart read data error [0m
[31m[0.357][linker]-[Error]-[DjiChannel_uartRead:88) uart read data error [0m
[31m[0.358][linker]-[Error]-[DjiChannel_uartRead:88) uart read data error [0m
[31m[0.359][linker]-[Error]-[DjiChannel_uartRead:88) uart read data error [0m
[31m[0.360][linker]-[Error]-[DjiChannel_uartRead:88) uart read data error [0m
[31m[0.361][linker]-[Error]-[DjiChannel_uartRead:88) uart read data error [0m
[31m[0.362][linker]-[Error]-[DjiChannel_uartRead:88) uart read data error [0m
[31m[0.363][linker]-[Error]-[DjiChannel_uartRead:88) uart read data error [0m
[31m[0.364][linker]-[Error]-[DjiChannel_uartRead:88) uart read data error [0m
[31m[0.365][linker]-[Error]-[DjiChannel_uartRead:88) uart read data error [0m
[31m[0.367][linker]-[Error]-[DjiChannel_uartRead:88) uart read data error [0m
[31m[0.368][linker]-[Error]-[DjiChannel_uartRead:88) uart read data error [0m
[31m[0.369][linker]-[Error]-[DjiChannel_uartRead:88) uart read data error [0m
[31m[0.370][linker]-[Error]-[DjiChannel_uartRead:88) uart read data error [0m
[31m[0.371][linker]-[Error]-[DjiChannel_uartRead:88) uart read data error [0m
[37m[0.371][linker]-[Debug]-[DjiProtocol_v1Pack:120) V1-Send: 0xE5->0x65 0x03FD [0m
[31m[0.372][linker]-[Error]-[DjiChannel_uartRead:88) uart read data error [0m
[31m[0.373][linker]-[Error]-[DjiChannel_uartRead:88) uart read data error [0m
[31m[0.374][linker]-[Error]-[DjiChannel_uartRead:88) uart read data error [0m
[31m[0.375][linker]-[Error]-[DjiChannel_uartRead:88) uart read data error [0m
[31m[0.376][linker]-[Error]-[DjiChannel_uartRead:88) uart read data error [0m
[31m[0.377][linker]-[Error]-[DjiChannel_uartRead:88) uart read data error [0m
[31m[0.378][linker]-[Error]-[DjiChannel_uartRead:88) uart read data error [0m
[31m[0.379][linker]-[Error]-[DjiChannel_uartRead:88) uart read data error [0m
[31m[0.381][linker]-[Error]-[DjiChannel_uartRead:88) uart read data error [0m
[31m[0.382][linker]-[Error]-[DjiChannel_uartRead:88) uart read data error [0m
[31m[0.383][linker]-[Error]-[DjiChannel_uartRead:88) uart read data error [0m
[31m[0.384][linker]-[Error]-[DjiChannel_uartRead:88) uart read data error [0m
[31m[0.385][linker]-[Error]-[DjiChannel_uartRead:88) uart read data error [0m
[31m[0.386][linker]-[Error]-[DjiChannel_uartRead:88) uart read data error [0m
[31m[0.387][linker]-[Error]-[DjiChannel_uartRead:88) uart read data error [0m
[31m[0.388][linker]-[Error]-[DjiChannel_uartRead:88) uart read data error [0m
[31m[0.389][linker]-[Error]-[DjiChannel_uartRead:88) uart read data error [0m
[31m[0.390][linker]-[Error]-[DjiChannel_uartRead:88) uart read data error [0m
[37m[0.391][linker]-[Debug]-[DjiProtocol_v1Pack:120) V1-Send: 0xE5->0x65 0x03FD [0m
[31m[0.391][linker]-[Error]-[DjiChannel_uartRead:88) uart read data error [0m
[31m[0.392][linker]-[Error]-[DjiChannel_uartRead:88) uart read data error [0m
[31m[0.393][linker]-[Error]-[DjiChannel_uartRead:88) uart read data error [0m
[31m[0.395][linker]-[Error]-[DjiChannel_uartRead:88) uart read data error [0m
[31m[0.396][linker]-[Error]-[DjiChannel_uartRead:88) uart read data error [0m
[31m[0.397][linker]-[Error]-[DjiChannel_uartRead:88) uart read data error [0m
[31m[0.398][linker]-[Error]-[DjiChannel_uartRead:88) uart read data error [0m
[31m[0.399][linker]-[Error]-[DjiChannel_uartRead:88) uart read data error [0m
[31m[0.400][linker]-[Error]-[DjiChannel_uartRead:88) uart read data error [0m
[31m[0.401][linker]-[Error]-[DjiChannel_uartRead:88) uart read data error [0m
[31m[0.402][linker]-[Error]-[DjiChannel_uartRead:88) uart read data error [0m
[31m[0.403][linker]-[Error]-[DjiChannel_uartRead:88) uart read data error [0m
[31m[0.404][linker]-[Error]-[DjiChannel_uartRead:88) uart read data error [0m
[31m[0.405][linker]-[Error]-[DjiChannel_uartRead:88) uart read data error [0m
[31m[0.406][linker]-[Error]-[DjiChannel_uartRead:88) uart read data error [0m
[31m[0.407][linker]-[Error]-[DjiChannel_uartRead:88) uart read data error [0m
[31m[0.408][linker]-[Error]-[DjiChannel_uartRead:88) uart read data error [0m
[31m[0.409][linker]-[Error]-[DjiChannel_uartRead:88) uart read data error [0m
[31m[0.411][linker]-[Error]-[DjiChannel_uartRead:88) uart read data error [0m
[37m[0.411][linker]-[Debug]-[DjiProtocol_v1Pack:120) V1-Send: 0xE5->0x65 0x03FD [0m
[31m[0.412][linker]-[Error]-[DjiChannel_uartRead:88) uart read data error [0m
[31m[0.413][linker]-[Error]-[DjiChannel_uartRead:88) uart read data error [0m
[31m[0.414][linker]-[Error]-[DjiChannel_uartRead:88) uart read data error [0m
[31m[0.415][linker]-[Error]-[DjiChannel_uartRead:88) uart read data error [0m
[31m[0.416][linker]-[Error]-[DjiChannel_uartRead:88) uart read data error [0m
[31m[0.417][linker]-[Error]-[DjiChannel_uartRead:88) uart read data error [0m
[31m[0.418][linker]-[Error]-[DjiChannel_uartRead:88) uart read data error [0m
[31m[0.419][linker]-[Error]-[DjiChannel_uartRead:88) uart read data error [0m
[31m[0.420][linker]-[Error]-[DjiChannel_uartRead:88) uart read data error [0m
[31m[0.421][linker]-[Error]-[DjiChannel_uartRead:88) uart read data error [0m
[31m[0.423][linker]-[Error]-[DjiChannel_uartRead:88) uart read data error [0m
[31m[0.424][linker]-[Error]-[DjiChannel_uartRead:88) uart read data error [0m
[31m[0.425][linker]-[Error]-[DjiChannel_uartRead:88) uart read data error [0m
[31m[0.426][linker]-[Error]-[DjiChannel_uartRead:88) uart read data error [0m
[31m[0.427][linker]-[Error]-[DjiChannel_uartRead:88) uart read data error [0m
[31m[0.428][linker]-[Error]-[DjiChannel_uartRead:88) uart read data error [0m
[31m[0.429][linker]-[Error]-[DjiChannel_uartRead:88) uart read data error [0m
[31m[0.430][linker]-[Error]-[DjiChannel_uartRead:88) uart read data error [0m
[37m[0.431][linker]-[Debug]-[DjiLinker_DeInit:164) deinit linker success, protocol:2, channelId:0 [0m
[37m[0.435][linker]-[Debug]-[DjiLinker_Init:124) init linker success, protocol:2, channelId:0 [0m
[37m[0.435][linker]-[Debug]-[DjiProtocol_v1Pack:120) V1-Send: 0xE5->0x65 0x03FD [0m
[31m[0.436][linker]-[Error]-[DjiChannel_uartRead:88) uart read data error [0m
[37m[0.437][linker]-[Debug]-[DjiProtocol_v1Unpack:205) V1-Recv: 0x65->0xE5 0x03FD [0m
[37m[0.437][linker]-[Debug]-[DjiProtocol_v1Unpack:205) V1-Recv: 0x65->0xE5 0x3C36 [0m
[37m[0.437][linker]-[Debug]-[DjiProtocol_v1Unpack:205) V1-Recv: 0x65->0xE5 0x3C43 [0m
[37m[0.438][linker]-[Debug]-[DjiProtocol_v1Unpack:205) V1-Recv: 0x65->0xE5 0x3C37 [0m
[31m[0.440][linker]-[Error]-[DjiChannel_uartRead:88) uart read data error [0m
[31m[0.441][linker]-[Error]-[DjiChannel_uartRead:88) uart read data error [0m
[31m[0.442][linker]-[Error]-[DjiChannel_uartRead:88) uart read data error [0m
[31m[0.443][linker]-[Error]-[DjiChannel_uartRead:88) uart read data error [0m
[31m[0.444][linker]-[Error]-[DjiChannel_uartRead:88) uart read data error [0m
[31m[0.445][linker]-[Error]-[DjiChannel_uartRead:88) uart read data error [0m
[31m[0.446][linker]-[Error]-[DjiChannel_uartRead:88) uart read data error [0m
[31m[0.447][linker]-[Error]-[DjiChannel_uartRead:88) uart read data error [0m
[31m[0.448][linker]-[Error]-[DjiChannel_uartRead:88) uart read data error [0m
[31m[0.449][linker]-[Error]-[DjiChannel_uartRead:88) uart read data error [0m
[31m[0.451][linker]-[Error]-[DjiChannel_uartRead:88) uart read data error [0m
[31m[0.452][linker]-[Error]-[DjiChannel_uartRead:88) uart read data error [0m
[31m[0.453][linker]-[Error]-[DjiChannel_uartRead:88) uart read data error [0m
[31m[0.454][linker]-[Error]-[DjiChannel_uartRead:88) uart read data error [0m
[31m[0.455][linker]-[Error]-[DjiChannel_uartRead:88) uart read data error [0m
[37m[0.455][linker]-[Debug]-[DjiProtocol_v1Pack:120) V1-Send: 0xE5->0x65 0x03FD [0m
[37m[0.455][linker]-[Debug]-[DjiLinker_DeInit:164) deinit linker success, protocol:2, channelId:0 [0m
[32m[0.455][adapter]-[Info]-[DjiAccessAdapter_Init:171) Identify aircraft series is Matrice 300 Series [0m
[32m[0.455][adapter]-[Info]-[DjiAccessAdapter_Init:189) Identify mount position type is Payload Port Type [0m
[37m[0.456][linker]-[Debug]-[DjiCommand_Init:155) config list channel id:2 [0m
[37m[0.459][linker]-[Debug]-[DjiProtocol_v1Unpack:205) V1-Recv: 0x65->0xE5 0x03FD [0m
[37m[0.459][linker]-[Debug]-[DjiLinker_Init:124) init linker success, protocol:2, channelId:0 [0m
[37m[0.460][linker]-[Debug]-[DjiCommand_Init:164) add linker node count:1 [0m
[37m[0.460][linker]-[Debug]-[DjiCommand_RegRecvCmdHandler:599) Reg command handle list success, index:0 [0m
[32m[0.460][adapter]-[Info]-[DjiPayloadNegotiate_Start:200) Waiting payload negotiate finished. [0m
[37m[0.460][linker]-[Debug]-[DjiCommand_RecvWork:958) Receive msg from linker, id:0x03FD len:1 [0m
[37m[0.460][linker]-[Debug]-[DjiCommand_DealCmd:754) Received invalid ack, 0x65E503FD 1 [0m
[37m[0.938][linker]-[Debug]-[DjiProtocol_v1Unpack:205) V1-Recv: 0x65->0xE5 0x3C36 [0m
[37m[0.938][linker]-[Debug]-[DjiProtocol_v1Unpack:205) V1-Recv: 0x65->0xE5 0x3C43 [0m
[37m[0.939][linker]-[Debug]-[DjiCommand_RecvWork:958) Receive msg from linker, id:0x3C36 len:0 [0m
[37m[0.939][linker]-[Debug]-[DjiCommand_DealCmd:821) received unsupport request cmd that need ack, cmdset: 0x3C cmdid: 0x36 [0m
[37m[0.939][linker]-[Debug]-[DjiProtocol_v1Unpack:205) V1-Recv: 0x65->0xE5 0x3C37 [0m
[37m[0.940][linker]-[Debug]-[DjiCommand_RecvWork:958) Receive msg from linker, id:0x3C43 len:0 [0m
[37m[0.940][linker]-[Debug]-[DjiCommand_DealCmd:821) received unsupport request cmd that need ack, cmdset: 0x3C cmdid: 0x43 [0m
[37m[0.941][linker]-[Debug]-[DjiCommand_RecvWork:958) Receive msg from linker, id:0x3C37 len:16 [0m
[37m[0.941][linker]-[Debug]-[DjiCommand_DealCmd:821) received unsupport request cmd that need ack, cmdset: 0x3C cmdid: 0x37 [0m
[37m[1.078][utils]-[Debug]-[DjiCore_RootTask:131) work execution time: [0m
[37m[1.078][utils]-[Debug]-[DjiCore_RootTask:132) name	                execution time (ms)	  max execution time (ms) [0m
[37m[1.078][utils]-[Debug]-[DjiCore_RootTask:134) recorderWork                    	0       	0        [0m
[37m[1.078][utils]-[Debug]-[DjiCore_RootTask:134) flowControllerTask              	0       	0        [0m
[37m[1.078][utils]-[Debug]-[DjiCore_RootTask:134) commandTask                     	0       	0        [0m
[31m[1.435][linker]-[Error]-[DjiChannel_uartRead:88) uart read data error [0m
[31m[1.436][linker]-[Error]-[DjiChannel_uartRead:88) uart read data error [0m
[31m[1.440][linker]-[Error]-[DjiChannel_uartRead:88) uart read data error [0m
[31m[1.441][linker]-[Error]-[DjiChannel_uartRead:88) uart read data error [0m
[31m[1.442][linker]-[Error]-[DjiChannel_uartRead:88) uart read data error [0m
[31m[1.443][linker]-[Error]-[DjiChannel_uartRead:88) uart read data error [0m
[31m[1.444][linker]-[Error]-[DjiChannel_uartRead:88) uart read data error [0m
[31m[1.445][linker]-[Error]-[DjiChannel_uartRead:88) uart read data error [0m
[31m[1.446][linker]-[Error]-[DjiChannel_uartRead:88) uart read data error [0m
[31m[1.447][linker]-[Error]-[DjiChannel_uartRead:88) uart read data error [0m
[31m[1.448][linker]-[Error]-[DjiChannel_uartRead:88) uart read data error [0m
[31m[1.449][linker]-[Error]-[DjiChannel_uartRead:88) uart read data error [0m
[31m[1.450][linker]-[Error]-[DjiChannel_uartRead:88) uart read data error [0m
[31m[1.451][linker]-[Error]-[DjiChannel_uartRead:88) uart read data error [0m
[31m[1.453][linker]-[Error]-[DjiChannel_uartRead:88) uart read data error [0m
[31m[1.454][linker]-[Error]-[DjiChannel_uartRead:88) uart read data error [0m
[31m[1.455][linker]-[Error]-[DjiChannel_uartRead:88) uart read data error [0m
[31m[1.456][linker]-[Error]-[DjiChannel_uartRead:88) uart read data error [0m
[31m[1.457][linker]-[Error]-[DjiChannel_uartRead:88) uart read data error [0m
[31m[1.458][linker]-[Error]-[DjiChannel_uartRead:88) uart read data error [0m
[31m[1.460][linker]-[Error]-[DjiChannel_uartRead:88) uart read data error [0m
[32m[1.460][adapter]-[Info]-[DjiPayloadNegotiate_Start:200) Waiting payload negotiate finished. [0m
[31m[1.461][linker]-[Error]-[DjiChannel_uartRead:88) uart read data error [0m
[31m[1.462][linker]-[Error]-[DjiChannel_uartRead:88) uart read data error [0m
[31m[1.463][linker]-[Error]-[DjiChannel_uartRead:88) uart read data error [0m
[31m[1.464][linker]-[Error]-[DjiChannel_uartRead:88) uart read data error [0m
[31m[1.465][linker]-[Error]-[DjiChannel_uartRead:88) uart read data error [0m
[31m[1.466][linker]-[Error]-[DjiChannel_uartRead:88) uart read data error [0m
[31m[1.468][linker]-[Error]-[DjiChannel_uartRead:88) uart read data error [0m
[31m[1.469][linker]-[Error]-[DjiChannel_uartRead:88) uart read data error [0m
[31m[1.470][linker]-[Error]-[DjiChannel_uartRead:88) uart read data error [0m
[31m[1.471][linker]-[Error]-[DjiChannel_uartRead:88) uart read data error [0m
[31m[1.472][linker]-[Error]-[DjiChannel_uartRead:88) uart read data error [0m
[31m[1.473][linker]-[Error]-[DjiChannel_uartRead:88) uart read data error [0m
[31m[1.475][linker]-[Error]-[DjiChannel_uartRead:88) uart read data error [0m
[31m[1.476][linker]-[Error]-[DjiChannel_uartRead:88) uart read data error [0m
[31m[1.477][linker]-[Error]-[DjiChannel_uartRead:88) uart read data error [0m
[31m[1.478][linker]-[Error]-[DjiChannel_uartRead:88) uart read data error [0m
[31m[1.479][linker]-[Error]-[DjiChannel_uartRead:88) uart read data error [0m
[31m[1.480][linker]-[Error]-[DjiChannel_uartRead:88) uart read data error [0m
[31m[1.481][linker]-[Error]-[DjiChannel_uartRead:88) uart read data error [0m
[31m[1.483][linker]-[Error]-[DjiChannel_uartRead:88) uart read data error [0m
[31m[1.484][linker]-[Error]-[DjiChannel_uartRead:88) uart read data error [0m
[31m[1.485][linker]-[Error]-[DjiChannel_uartRead:88) uart read data error [0m
[31m[1.486][linker]-[Error]-[DjiChannel_uartRead:88) uart read data error [0m
[31m[1.487][linker]-[Error]-[DjiChannel_uartRead:88) uart read data error [0m
[31m[1.488][linker]-[Error]-[DjiChannel_uartRead:88) uart read data error [0m
[31m[1.489][linker]-[Error]-[DjiChannel_uartRead:88) uart read data error [0m
[31m[1.490][linker]-[Error]-[DjiChannel_uartRead:88) uart read data error [0m
[31m[1.492][linker]-[Error]-[DjiChannel_uartRead:88) uart read data error [0m
[31m[1.493][linker]-[Error]-[DjiChannel_uartRead:88) uart read data error [0m
[31m[1.494][linker]-[Error]-[DjiChannel_uartRead:88) uart read data error [0m
[31m[1.495][linker]-[Error]-[DjiChannel_uartRead:88) uart read data error [0m
[31m[1.496][linker]-[Error]-[DjiChannel_uartRead:88) uart read data error [0m
[31m[1.497][linker]-[Error]-[DjiChannel_uartRead:88) uart read data error [0m
[31m[1.499][linker]-[Error]-[DjiChannel_uartRead:88) uart read data error [0m
[31m[1.500][linker]-[Error]-[DjiChannel_uartRead:88) uart read data error [0m
[31m[1.501][linker]-[Error]-[DjiChannel_uartRead:88) uart read data error [0m
[31m[1.502][linker]-[Error]-[DjiChannel_uartRead:88) uart read data error [0m
[31m[1.503][linker]-[Error]-[DjiChannel_uartRead:88) uart read data error [0m
[31m[1.504][linker]-[Error]-[DjiChannel_uartRead:88) uart read data error [0m
[31m[1.506][linker]-[Error]-[DjiChannel_uartRead:88) uart read data error [0m
[31m[1.507][linker]-[Error]-[DjiChannel_uartRead:88) uart read data error [0m
[31m[1.508][linker]-[Error]-[DjiChannel_uartRead:88) uart read data error [0m
[31m[1.509][linker]-[Error]-[DjiChannel_uartRead:88) uart read data error [0m
[31m[1.510][linker]-[Error]-[DjiChannel_uartRead:88) uart read data error [0m
[31m[1.511][linker]-[Error]-[DjiChannel_uartRead:88) uart read data error [0m
[31m[1.512][linker]-[Error]-[DjiChannel_uartRead:88) uart read data error [0m
[31m[1.513][linker]-[Error]-[DjiChannel_uartRead:88) uart read data error [0m
[31m[1.515][linker]-[Error]-[DjiChannel_uartRead:88) uart read data error [0m
[31m[1.516][linker]-[Error]-[DjiChannel_uartRead:88) uart read data error [0m
[31m[1.517][linker]-[Error]-[DjiChannel_uartRead:88) uart read data error [0m
[31m[1.518][linker]-[Error]-[DjiChannel_uartRead:88) uart read data error [0m
[31m[1.519][linker]-[Error]-[DjiChannel_uartRead:88) uart read data error [0m
[31m[1.520][linker]-[Error]-[DjiChannel_uartRead:88) uart read data error [0m
[31m[1.521][linker]-[Error]-[DjiChannel_uartRead:88) uart read data error [0m
[31m[1.523][linker]-[Error]-[DjiChannel_uartRead:88) uart read data error [0m
[31m[1.524][linker]-[Error]-[DjiChannel_uartRead:88) uart read data error [0m
[31m[1.525][linker]-[Error]-[DjiChannel_uartRead:88) uart read data error [0m
[31m[1.526][linker]-[Error]-[DjiChannel_uartRead:88) uart read data error [0m
[31m[1.527][linker]-[Error]-[DjiChannel_uartRead:88) uart read data error [0m
[31m[1.528][linker]-[Error]-[DjiChannel_uartRead:88) uart read data error [0m
[31m[1.529][linker]-[Error]-[DjiChannel_uartRead:88) uart read data error [0m
[31m[1.531][linker]-[Error]-[DjiChannel_uartRead:88) uart read data error [0m
[31m[1.532][linker]-[Error]-[DjiChannel_uartRead:88) uart read data error [0m
[31m[1.533][linker]-[Error]-[DjiChannel_uartRead:88) uart read data error [0m
[31m[1.534][linker]-[Error]-[DjiChannel_uartRead:88) uart read data error [0m
[31m[1.535][linker]-[Error]-[DjiChannel_uartRead:88) uart read data error [0m
[31m[1.537][linker]-[Error]-[DjiChannel_uartRead:88) uart read data error [0m
[31m[1.538][linker]-[Error]-[DjiChannel_uartRead:88) uart read data error [0m
[31m[1.539][linker]-[Error]-[DjiChannel_uartRead:88) uart read data error [0m
[31m[1.540][linker]-[Error]-[DjiChannel_uartRead:88) uart read data error [0m
[31m[1.541][linker]-[Error]-[DjiChannel_uartRead:88) uart read data error [0m
[31m[1.542][linker]-[Error]-[DjiChannel_uartRead:88) uart read data error [0m
[31m[1.543][linker]-[Error]-[DjiChannel_uartRead:88) uart read data error [0m
[31m[1.545][linker]-[Error]-[DjiChannel_uartRead:88) uart read data error [0m
[31m[1.546][linker]-[Error]-[DjiChannel_uartRead:88) uart read data error [0m
[31m[1.547][linker]-[Error]-[DjiChannel_uartRead:88) uart read data error [0m
[31m[1.548][linker]-[Error]-[DjiChannel_uartRead:88) uart read data error [0m
[31m[1.549][linker]-[Error]-[DjiChannel_uartRead:88) uart read data error [0m
[31m[1.550][linker]-[Error]-[DjiChannel_uartRead:88) uart read data error [0m
[31m[1.551][linker]-[Error]-[DjiChannel_uartRead:88) uart read data error [0m
[31m[1.552][linker]-[Error]-[DjiChannel_uartRead:88) uart read data error [0m
[31m[1.554][linker]-[Error]-[DjiChannel_uartRead:88) uart read data error [0m
[31m[1.555][linker]-[Error]-[DjiChannel_uartRead:88) uart read data error [0m
[31m[1.556][linker]-[Error]-[DjiChannel_uartRead:88) uart read data error [0m
[31m[1.557][linker]-[Error]-[DjiChannel_uartRead:88) uart read data error [0m
[31m[1.558][linker]-[Error]-[DjiChannel_uartRead:88) uart read data error [0m
[31m[1.559][linker]-[Error]-[DjiChannel_uartRead:88) uart read data error [0m
[31m[1.560][linker]-[Error]-[DjiChannel_uartRead:88) uart read data error [0m
[31m[1.562][linker]-[Error]-[DjiChannel_uartRead:88) uart read data error [0m
[31m[1.563][linker]-[Error]-[DjiChannel_uartRead:88) uart read data error [0m
[31m[1.564][linker]-[Error]-[DjiChannel_uartRead:88) uart read data error [0m
[31m[1.565][linker]-[Error]-[DjiChannel_uartRead:88) uart read data error [0m
[31m[1.566][linker]-[Error]-[DjiChannel_uartRead:88) uart read data error [0m
[31m[1.568][linker]-[Error]-[DjiChannel_uartRead:88) uart read data error [0m
[31m[1.569][linker]-[Error]-[DjiChannel_uartRead:88) uart read data error [0m
[31m[1.570][linker]-[Error]-[DjiChannel_uartRead:88) uart read data error [0m
[31m[1.571][linker]-[Error]-[DjiChannel_uartRead:88) uart read data error [0m
[31m[1.572][linker]-[Error]-[DjiChannel_uartRead:88) uart read data error [0m
[31m[1.573][linker]-[Error]-[DjiChannel_uartRead:88) uart read data error [0m
[31m[1.574][linker]-[Error]-[DjiChannel_uartRead:88) uart read data error [0m
[31m[1.576][linker]-[Error]-[DjiChannel_uartRead:88) uart read data error [0m
[31m[1.577][linker]-[Error]-[DjiChannel_uartRead:88) uart read data error [0m
[31m[1.578][linker]-[Error]-[DjiChannel_uartRead:88) uart read data error [0m
[31m[1.579][linker]-[Error]-[DjiChannel_uartRead:88) uart read data error [0m
[31m[1.580][linker]-[Error]-[DjiChannel_uartRead:88) uart read data error [0m
[31m[1.581][linker]-[Error]-[DjiChannel_uartRead:88) uart read data error [0m
[31m[1.582][linker]-[Error]-[DjiChannel_uartRead:88) uart read data error [0m
[31m[1.583][linker]-[Error]-[DjiChannel_uartRead:88) uart read data error [0m
[31m[1.585][linker]-[Error]-[DjiChannel_uartRead:88) uart read data error [0m
[31m[1.586][linker]-[Error]-[DjiChannel_uartRead:88) uart read data error [0m
[31m[1.587][linker]-[Error]-[DjiChannel_uartRead:88) uart read data error [0m
[31m[1.588][linker]-[Error]-[DjiChannel_uartRead:88) uart read data error [0m
[31m[1.589][linker]-[Error]-[DjiChannel_uartRead:88) uart read data error [0m
[31m[1.590][linker]-[Error]-[DjiChannel_uartRead:88) uart read data error [0m
[31m[1.591][linker]-[Error]-[DjiChannel_uartRead:88) uart read data error [0m
[31m[1.593][linker]-[Error]-[DjiChannel_uartRead:88) uart read data error [0m
[31m[1.594][linker]-[Error]-[DjiChannel_uartRead:88) uart read data error [0m
[31m[1.595][linker]-[Error]-[DjiChannel_uartRead:88) uart read data error [0m
[31m[1.596][linker]-[Error]-[DjiChannel_uartRead:88) uart read data error [0m
[31m[1.598][linker]-[Error]-[DjiChannel_uartRead:88) uart read data error [0m
[31m[1.599][linker]-[Error]-[DjiChannel_uartRead:88) uart read data error [0m
[31m[1.600][linker]-[Error]-[DjiChannel_uartRead:88) uart read data error [0m
[31m[1.601][linker]-[Error]-[DjiChannel_uartRead:88) uart read data error [0m
[31m[1.602][linker]-[Error]-[DjiChannel_uartRead:88) uart read data error [0m
[31m[1.603][linker]-[Error]-[DjiChannel_uartRead:88) uart read data error [0m
[31m[1.604][linker]-[Error]-[DjiChannel_uartRead:88) uart read data error [0m
[31m[1.606][linker]-[Error]-[DjiChannel_uartRead:88) uart read data error [0m
[31m[1.607][linker]-[Error]-[DjiChannel_uartRead:88) uart read data error [0m
[31m[1.608][linker]-[Error]-[DjiChannel_uartRead:88) uart read data error [0m
[31m[1.609][linker]-[Error]-[DjiChannel_uartRead:88) uart read data error [0m
[31m[1.610][linker]-[Error]-[DjiChannel_uartRead:88) uart read data error [0m
[31m[1.611][linker]-[Error]-[DjiChannel_uartRead:88) uart read data error [0m
[31m[1.612][linker]-[Error]-[DjiChannel_uartRead:88) uart read data error [0m
[31m[1.613][linker]-[Error]-[DjiChannel_uartRead:88) uart read data error [0m
[31m[1.615][linker]-[Error]-[DjiChannel_uartRead:88) uart read data error [0m
[31m[1.616][linker]-[Error]-[DjiChannel_uartRead:88) uart read data error [0m
[31m[1.617][linker]-[Error]-[DjiChannel_uartRead:88) uart read data error [0m
[31m[1.618][linker]-[Error]-[DjiChannel_uartRead:88) uart read data error [0m
[31m[1.619][linker]-[Error]-[DjiChannel_uartRead:88) uart read data error [0m
[31m[1.620][linker]-[Error]-[DjiChannel_uartRead:88) uart read data error [0m
[31m[1.621][linker]-[Error]-[DjiChannel_uartRead:88) uart read data error [0m
[31m[1.622][linker]-[Error]-[DjiChannel_uartRead:88) uart read data error [0m
[31m[1.624][linker]-[Error]-[DjiChannel_uartRead:88) uart read data error [0m
[31m[1.625][linker]-[Error]-[DjiChannel_uartRead:88) uart read data error [0m
[31m[1.626][linker]-[Error]-[DjiChannel_uartRead:88) uart read data error [0m
[31m[1.627][linker]-[Error]-[DjiChannel_uartRead:88) uart read data error [0m
[31m[1.628][linker]-[Error]-[DjiChannel_uartRead:88) uart read data error [0m
[31m[1.630][linker]-[Error]-[DjiChannel_uartRead:88) uart read data error [0m
[31m[1.631][linker]-[Error]-[DjiChannel_uartRead:88) uart read data error [0m
[31m[1.632][linker]-[Error]-[DjiChannel_uartRead:88) uart read data error [0m
[31m[1.633][linker]-[Error]-[DjiChannel_uartRead:88) uart read data error [0m
[31m[1.634][linker]-[Error]-[DjiChannel_uartRead:88) uart read data error [0m
[31m[1.635][linker]-[Error]-[DjiChannel_uartRead:88) uart read data error [0m
[31m[1.636][linker]-[Error]-[DjiChannel_uartRead:88) uart read data error [0m
[31m[1.638][linker]-[Error]-[DjiChannel_uartRead:88) uart read data error [0m
[31m[1.639][linker]-[Error]-[DjiChannel_uartRead:88) uart read data error [0m
[31m[1.640][linker]-[Error]-[DjiChannel_uartRead:88) uart read data error [0m
[31m[1.641][linker]-[Error]-[DjiChannel_uartRead:88) uart read data error [0m
[31m[1.642][linker]-[Error]-[DjiChannel_uartRead:88) uart read data error [0m
[31m[1.643][linker]-[Error]-[DjiChannel_uartRead:88) uart read data error [0m
[31m[1.644][linker]-[Error]-[DjiChannel_uartRead:88) uart read data error [0m
[31m[1.646][linker]-[Error]-[DjiChannel_uartRead:88) uart read data error [0m
[31m[1.647][linker]-[Error]-[DjiChannel_uartRead:88) uart read data error [0m
[31m[1.648][linker]-[Error]-[DjiChannel_uartRead:88) uart read data error [0m
[31m[1.649][linker]-[Error]-[DjiChannel_uartRead:88) uart read data error [0m
[31m[1.650][linker]-[Error]-[DjiChannel_uartRead:88) uart read data error [0m
[31m[1.651][linker]-[Error]-[DjiChannel_uartRead:88) uart read data error [0m
[31m[1.652][linker]-[Error]-[DjiChannel_uartRead:88) uart read data error [0m
[31m[1.653][linker]-[Error]-[DjiChannel_uartRead:88) uart read data error [0m
[31m[1.655][linker]-[Error]-[DjiChannel_uartRead:88) uart read data error [0m
[31m[1.656][linker]-[Error]-[DjiChannel_uartRead:88) uart read data error [0m
[31m[1.657][linker]-[Error]-[DjiChannel_uartRead:88) uart read data error [0m
[31m[1.658][linker]-[Error]-[DjiChannel_uartRead:88) uart read data error [0m
[31m[1.659][linker]-[Error]-[DjiChannel_uartRead:88) uart read data error [0m
[31m[1.661][linker]-[Error]-[DjiChannel_uartRead:88) uart read data error [0m
[31m[1.662][linker]-[Error]-[DjiChannel_uartRead:88) uart read data error [0m
[31m[1.663][linker]-[Error]-[DjiChannel_uartRead:88) uart read data error [0m
[31m[1.664][linker]-[Error]-[DjiChannel_uartRead:88) uart read data error [0m
[31m[1.665][linker]-[Error]-[DjiChannel_uartRead:88) uart read data error [0m
[31m[1.667][linker]-[Error]-[DjiChannel_uartRead:88) uart read data error [0m
[31m[1.668][linker]-[Error]-[DjiChannel_uartRead:88) uart read data error [0m
[31m[1.669][linker]-[Error]-[DjiChannel_uartRead:88) uart read data error [0m
[31m[1.670][linker]-[Error]-[DjiChannel_uartRead:88) uart read data error [0m
[31m[1.671][linker]-[Error]-[DjiChannel_uartRead:88) uart read data error [0m
[31m[1.672][linker]-[Error]-[DjiChannel_uartRead:88) uart read data error [0m
[31m[1.673][linker]-[Error]-[DjiChannel_uartRead:88) uart read data error [0m
[31m[1.674][linker]-[Error]-[DjiChannel_uartRead:88) uart read data error [0m
[31m[1.676][linker]-[Error]-[DjiChannel_uartRead:88) uart read data error [0m
[31m[1.677][linker]-[Error]-[DjiChannel_uartRead:88) uart read data error [0m
[31m[1.678][linker]-[Error]-[DjiChannel_uartRead:88) uart read data error [0m
[31m[1.679][linker]-[Error]-[DjiChannel_uartRead:88) uart read data error [0m
[31m[1.680][linker]-[Error]-[DjiChannel_uartRead:88) uart read data error [0m
[31m[1.681][linker]-[Error]-[DjiChannel_uartRead:88) uart read data error [0m
[31m[1.682][linker]-[Error]-[DjiChannel_uartRead:88) uart read data error [0m
[31m[1.683][linker]-[Error]-[DjiChannel_uartRead:88) uart read data error [0m
[31m[1.685][linker]-[Error]-[DjiChannel_uartRead:88) uart read data error [0m
[31m[1.686][linker]-[Error]-[DjiChannel_uartRead:88) uart read data error [0m
[31m[1.687][linker]-[Error]-[DjiChannel_uartRead:88) uart read data error [0m
[31m[1.688][linker]-[Error]-[DjiChannel_uartRead:88) uart read data error [0m
[31m[1.689][linker]-[Error]-[DjiChannel_uartRead:88) uart read data error [0m
[31m[1.690][linker]-[Error]-[DjiChannel_uartRead:88) uart read data error [0m
[31m[1.692][linker]-[Error]-[DjiChannel_uartRead:88) uart read data error [0m
[31m[1.693][linker]-[Error]-[DjiChannel_uartRead:88) uart read data error [0m
[31m[1.694][linker]-[Error]-[DjiChannel_uartRead:88) uart read data error [0m
[31m[1.695][linker]-[Error]-[DjiChannel_uartRead:88) uart read data error [0m
[31m[1.696][linker]-[Error]-[DjiChannel_uartRead:88) uart read data error [0m
[31m[1.697][linker]-[Error]-[DjiChannel_uartRead:88) uart read data error [0m
[31m[1.699][linker]-[Error]-[DjiChannel_uartRead:88) uart read data error [0m
[31m[1.700][linker]-[Error]-[DjiChannel_uartRead:88) uart read data error [0m
[31m[1.701][linker]-[Error]-[DjiChannel_uartRead:88) uart read data error [0m
[31m[1.702][linker]-[Error]-[DjiChannel_uartRead:88) uart read data error [0m
[31m[1.703][linker]-[Error]-[DjiChannel_uartRead:88) uart read data error [0m
[31m[1.704][linker]-[Error]-[DjiChannel_uartRead:88) uart read data error [0m
[31m[1.705][linker]-[Error]-[DjiChannel_uartRead:88) uart read data error [0m
[31m[1.706][linker]-[Error]-[DjiChannel_uartRead:88) uart read data error [0m
[31m[1.708][linker]-[Error]-[DjiChannel_uartRead:88) uart read data error [0m
[31m[1.709][linker]-[Error]-[DjiChannel_uartRead:88) uart read data error [0m
[31m[1.710][linker]-[Error]-[DjiChannel_uartRead:88) uart read data error [0m
[31m[1.711][linker]-[Error]-[DjiChannel_uartRead:88) uart read data error [0m
[31m[1.712][linker]-[Error]-[DjiChannel_uartRead:88) uart read data error [0m
[31m[1.713][linker]-[Error]-[DjiChannel_uartRead:88) uart read data error [0m
[31m[1.714][linker]-[Error]-[DjiChannel_uartRead:88) uart read data error [0m
[31m[1.716][linker]-[Error]-[DjiChannel_uartRead:88) uart read data error [0m
[31m[1.717][linker]-[Error]-[DjiChannel_uartRead:88) uart read data error [0m
[31m[1.718][linker]-[Error]-[DjiChannel_uartRead:88) uart read data error [0m
[31m[1.719][linker]-[Error]-[DjiChannel_uartRead:88) uart read data error [0m
[31m[1.720][linker]-[Error]-[DjiChannel_uartRead:88) uart read data error [0m
[31m[1.721][linker]-[Error]-[DjiChannel_uartRead:88) uart read data error [0m
[31m[1.722][linker]-[Error]-[DjiChannel_uartRead:88) uart read data error [0m
[31m[1.724][linker]-[Error]-[DjiChannel_uartRead:88) uart read data error [0m
[31m[1.725][linker]-[Error]-[DjiChannel_uartRead:88) uart read data error [0m
[31m[1.726][linker]-[Error]-[DjiChannel_uartRead:88) uart read data error [0m
[31m[1.727][linker]-[Error]-[DjiChannel_uartRead:88) uart read data error [0m
[31m[1.729][linker]-[Error]-[DjiChannel_uartRead:88) uart read data error [0m
[31m[1.730][linker]-[Error]-[DjiChannel_uartRead:88) uart read data error [0m
[31m[1.731][linker]-[Error]-[DjiChannel_uartRead:88) uart read data error [0m
[31m[1.732][linker]-[Error]-[DjiChannel_uartRead:88) uart read data error [0m
[31m[1.733][linker]-[Error]-[DjiChannel_uartRead:88) uart read data error [0m
[31m[1.734][linker]-[Error]-[DjiChannel_uartRead:88) uart read data error [0m
[31m[1.735][linker]-[Error]-[DjiChannel_uartRead:88) uart read data error [0m
[31m[1.736][linker]-[Error]-[DjiChannel_uartRead:88) uart read data error [0m
[31m[1.738][linker]-[Error]-[DjiChannel_uartRead:88) uart read data error [0m
[31m[1.739][linker]-[Error]-[DjiChannel_uartRead:88) uart read data error [0m
[31m[1.740][linker]-[Error]-[DjiChannel_uartRead:88) uart read data error [0m
[31m[1.741][linker]-[Error]-[DjiChannel_uartRead:88) uart read data error [0m
[31m[1.742][linker]-[Error]-[DjiChannel_uartRead:88) uart read data error [0m
[31m[1.743][linker]-[Error]-[DjiChannel_uartRead:88) uart read data error [0m
[31m[1.744][linker]-[Error]-[DjiChannel_uartRead:88) uart read data error [0m
[31m[1.745][linker]-[Error]-[DjiChannel_uartRead:88) uart read data error [0m
[31m[1.747][linker]-[Error]-[DjiChannel_uartRead:88) uart read data error [0m
[31m[1.748][linker]-[Error]-[DjiChannel_uartRead:88) uart read data error [0m
[31m[1.749][linker]-[Error]-[DjiChannel_uartRead:88) uart read data error [0m
[31m[1.750][linker]-[Error]-[DjiChannel_uartRead:88) uart read data error [0m
[31m[1.751][linker]-[Error]-[DjiChannel_uartRead:88) uart read data error [0m
[31m[1.752][linker]-[Error]-[DjiChannel_uartRead:88) uart read data error [0m
[31m[1.753][linker]-[Error]-[DjiChannel_uartRead:88) uart read data error [0m
[31m[1.755][linker]-[Error]-[DjiChannel_uartRead:88) uart read data error [0m
[31m[1.756][linker]-[Error]-[DjiChannel_uartRead:88) uart read data error [0m
[31m[1.758][linker]-[Error]-[DjiChannel_uartRead:88) uart read data error [0m
[31m[1.759][linker]-[Error]-[DjiChannel_uartRead:88) uart read data error [0m
[31m[1.761][linker]-[Error]-[DjiChannel_uartRead:88) uart read data error [0m
[31m[1.762][linker]-[Error]-[DjiChannel_uartRead:88) uart read data error [0m
[31m[1.763][linker]-[Error]-[DjiChannel_uartRead:88) uart read data error [0m
[31m[1.764][linker]-[Error]-[DjiChannel_uartRead:88) uart read data error [0m
[31m[1.765][linker]-[Error]-[DjiChannel_uartRead:88) uart read data error [0m
[31m[1.766][linker]-[Error]-[DjiChannel_uartRead:88) uart read data error [0m
[31m[1.767][linker]-[Error]-[DjiChannel_uartRead:88) uart read data error [0m
[31m[1.768][linker]-[Error]-[DjiChannel_uartRead:88) uart read data error [0m
[31m[1.770][linker]-[Error]-[DjiChannel_uartRead:88) uart read data error [0m
[31m[1.771][linker]-[Error]-[DjiChannel_uartRead:88) uart read data error [0m
[31m[1.772][linker]-[Error]-[DjiChannel_uartRead:88) uart read data error [0m
[31m[1.773][linker]-[Error]-[DjiChannel_uartRead:88) uart read data error [0m
[31m[1.774][linker]-[Error]-[DjiChannel_uartRead:88) uart read data error [0m
[31m[1.775][linker]-[Error]-[DjiChannel_uartRead:88) uart read data error [0m
[31m[1.776][linker]-[Error]-[DjiChannel_uartRead:88) uart read data error [0m
[31m[1.777][linker]-[Error]-[DjiChannel_uartRead:88) uart read data error [0m
[31m[1.778][linker]-[Error]-[DjiChannel_uartRead:88) uart read data error [0m
[31m[1.779][linker]-[Error]-[DjiChannel_uartRead:88) uart read data error [0m
[31m[1.780][linker]-[Error]-[DjiChannel_uartRead:88) uart read data error [0m
[31m[1.781][linker]-[Error]-[DjiChannel_uartRead:88) uart read data error [0m
[31m[1.782][linker]-[Error]-[DjiChannel_uartRead:88) uart read data error [0m
[31m[1.784][linker]-[Error]-[DjiChannel_uartRead:88) uart read data error [0m
[31m[1.785][linker]-[Error]-[DjiChannel_uartRead:88) uart read data error [0m
[31m[1.786][linker]-[Error]-[DjiChannel_uartRead:88) uart read data error [0m
[31m[1.787][linker]-[Error]-[DjiChannel_uartRead:88) uart read data error [0m
[31m[1.788][linker]-[Error]-[DjiChannel_uartRead:88) uart read data error [0m
[31m[1.789][linker]-[Error]-[DjiChannel_uartRead:88) uart read data error [0m
[31m[1.790][linker]-[Error]-[DjiChannel_uartRead:88) uart read data error [0m
[31m[1.791][linker]-[Error]-[DjiChannel_uartRead:88) uart read data error [0m
[31m[1.792][linker]-[Error]-[DjiChannel_uartRead:88) uart read data error [0m
[31m[1.793][linker]-[Error]-[DjiChannel_uartRead:88) uart read data error [0m
[31m[1.794][linker]-[Error]-[DjiChannel_uartRead:88) uart read data error [0m
[31m[1.796][linker]-[Error]-[DjiChannel_uartRead:88) uart read data error [0m
[31m[1.797][linker]-[Error]-[DjiChannel_uartRead:88) uart read data error [0m
[31m[1.798][linker]-[Error]-[DjiChannel_uartRead:88) uart read data error [0m
[31m[1.799][linker]-[Error]-[DjiChannel_uartRead:88) uart read data error [0m
[31m[1.800][linker]-[Error]-[DjiChannel_uartRead:88) uart read data error [0m
[31m[1.801][linker]-[Error]-[DjiChannel_uartRead:88) uart read data error [0m
[31m[1.802][linker]-[Error]-[DjiChannel_uartRead:88) uart read data error [0m
[31m[1.803][linker]-[Error]-[DjiChannel_uartRead:88) uart read data error [0m
[31m[1.804][linker]-[Error]-[DjiChannel_uartRead:88) uart read data error [0m
[31m[1.805][linker]-[Error]-[DjiChannel_uartRead:88) uart read data error [0m
[31m[1.806][linker]-[Error]-[DjiChannel_uartRead:88) uart read data error [0m
[31m[1.807][linker]-[Error]-[DjiChannel_uartRead:88) uart read data error [0m
[31m[1.808][linker]-[Error]-[DjiChannel_uartRead:88) uart read data error [0m
[31m[1.810][linker]-[Error]-[DjiChannel_uartRead:88) uart read data error [0m
[31m[1.811][linker]-[Error]-[DjiChannel_uartRead:88) uart read data error [0m
[31m[1.812][linker]-[Error]-[DjiChannel_uartRead:88) uart read data error [0m
[31m[1.813][linker]-[Error]-[DjiChannel_uartRead:88) uart read data error [0m
[31m[1.814][linker]-[Error]-[DjiChannel_uartRead:88) uart read data error [0m
[31m[1.815][linker]-[Error]-[DjiChannel_uartRead:88) uart read data error [0m
[31m[1.816][linker]-[Error]-[DjiChannel_uartRead:88) uart read data error [0m
[31m[1.817][linker]-[Error]-[DjiChannel_uartRead:88) uart read data error [0m
[31m[1.818][linker]-[Error]-[DjiChannel_uartRead:88) uart read data error [0m
[31m[1.819][linker]-[Error]-[DjiChannel_uartRead:88) uart read data error [0m
[31m[1.820][linker]-[Error]-[DjiChannel_uartRead:88) uart read data error [0m
[31m[1.822][linker]-[Error]-[DjiChannel_uartRead:88) uart read data error [0m
[31m[1.823][linker]-[Error]-[DjiChannel_uartRead:88) uart read data error [0m
[31m[1.824][linker]-[Error]-[DjiChannel_uartRead:88) uart read data error [0m
[31m[1.825][linker]-[Error]-[DjiChannel_uartRead:88) uart read data error [0m
[31m[1.826][linker]-[Error]-[DjiChannel_uartRead:88) uart read data error [0m
[31m[1.827][linker]-[Error]-[DjiChannel_uartRead:88) uart read data error [0m
[31m[1.828][linker]-[Error]-[DjiChannel_uartRead:88) uart read data error [0m
[31m[1.829][linker]-[Error]-[DjiChannel_uartRead:88) uart read data error [0m
[31m[1.830][linker]-[Error]-[DjiChannel_uartRead:88) uart read data error [0m
[31m[1.831][linker]-[Error]-[DjiChannel_uartRead:88) uart read data error [0m
[31m[1.832][linker]-[Error]-[DjiChannel_uartRead:88) uart read data error [0m
[31m[1.833][linker]-[Error]-[DjiChannel_uartRead:88) uart read data error [0m
[31m[1.834][linker]-[Error]-[DjiChannel_uartRead:88) uart read data error [0m
[31m[1.836][linker]-[Error]-[DjiChannel_uartRead:88) uart read data error [0m
[31m[1.837][linker]-[Error]-[DjiChannel_uartRead:88) uart read data error [0m
[31m[1.838][linker]-[Error]-[DjiChannel_uartRead:88) uart read data error [0m
[31m[1.839][linker]-[Error]-[DjiChannel_uartRead:88) uart read data error [0m
[31m[1.840][linker]-[Error]-[DjiChannel_uartRead:88) uart read data error [0m
[31m[1.841][linker]-[Error]-[DjiChannel_uartRead:88) uart read data error [0m
[31m[1.842][linker]-[Error]-[DjiChannel_uartRead:88) uart read data error [0m
[31m[1.843][linker]-[Error]-[DjiChannel_uartRead:88) uart read data error [0m
[31m[1.844][linker]-[Error]-[DjiChannel_uartRead:88) uart read data error [0m
[31m[1.845][linker]-[Error]-[DjiChannel_uartRead:88) uart read data error [0m
[31m[1.846][linker]-[Error]-[DjiChannel_uartRead:88) uart read data error [0m
[31m[1.847][linker]-[Error]-[DjiChannel_uartRead:88) uart read data error [0m
[31m[1.849][linker]-[Error]-[DjiChannel_uartRead:88) uart read data error [0m
[31m[1.850][linker]-[Error]-[DjiChannel_uartRead:88) uart read data error [0m
[31m[1.851][linker]-[Error]-[DjiChannel_uartRead:88) uart read data error [0m
[31m[1.852][linker]-[Error]-[DjiChannel_uartRead:88) uart read data error [0m
[31m[1.853][linker]-[Error]-[DjiChannel_uartRead:88) uart read data error [0m
[31m[1.854][linker]-[Error]-[DjiChannel_uartRead:88) uart read data error [0m
[31m[1.855][linker]-[Error]-[DjiChannel_uartRead:88) uart read data error [0m
[31m[1.856][linker]-[Error]-[DjiChannel_uartRead:88) uart read data error [0m
[31m[1.857][linker]-[Error]-[DjiChannel_uartRead:88) uart read data error [0m
[31m[1.858][linker]-[Error]-[DjiChannel_uartRead:88) uart read data error [0m
[31m[1.859][linker]-[Error]-[DjiChannel_uartRead:88) uart read data error [0m
[31m[1.861][linker]-[Error]-[DjiChannel_uartRead:88) uart read data error [0m
[31m[1.862][linker]-[Error]-[DjiChannel_uartRead:88) uart read data error [0m
[31m[1.863][linker]-[Error]-[DjiChannel_uartRead:88) uart read data error [0m
[31m[1.864][linker]-[Error]-[DjiChannel_uartRead:88) uart read data error [0m
[31m[1.865][linker]-[Error]-[DjiChannel_uartRead:88) uart read data error [0m
[31m[1.866][linker]-[Error]-[DjiChannel_uartRead:88) uart read data error [0m
[31m[1.867][linker]-[Error]-[DjiChannel_uartRead:88) uart read data error [0m
[31m[1.868][linker]-[Error]-[DjiChannel_uartRead:88) uart read data error [0m
[31m[1.869][linker]-[Error]-[DjiChannel_uartRead:88) uart read data error [0m
[31m[1.870][linker]-[Error]-[DjiChannel_uartRead:88) uart read data error [0m
[31m[1.871][linker]-[Error]-[DjiChannel_uartRead:88) uart read data error [0m
[31m[1.872][linker]-[Error]-[DjiChannel_uartRead:88) uart read data error [0m
[31m[1.874][linker]-[Error]-[DjiChannel_uartRead:88) uart read data error [0m
[31m[1.875][linker]-[Error]-[DjiChannel_uartRead:88) uart read data error [0m
[31m[1.876][linker]-[Error]-[DjiChannel_uartRead:88) uart read data error [0m
[31m[1.877][linker]-[Error]-[DjiChannel_uartRead:88) uart read data error [0m
[31m[1.878][linker]-[Error]-[DjiChannel_uartRead:88) uart read data error [0m
[31m[1.879][linker]-[Error]-[DjiChannel_uartRead:88) uart read data error [0m
[31m[1.880][linker]-[Error]-[DjiChannel_uartRead:88) uart read data error [0m
[31m[1.881][linker]-[Error]-[DjiChannel_uartRead:88) uart read data error [0m
[31m[1.882][linker]-[Error]-[DjiChannel_uartRead:88) uart read data error [0m
[31m[1.883][linker]-[Error]-[DjiChannel_uartRead:88) uart read data error [0m
[31m[1.885][linker]-[Error]-[DjiChannel_uartRead:88) uart read data error [0m
[31m[1.886][linker]-[Error]-[DjiChannel_uartRead:88) uart read data error [0m
[31m[1.887][linker]-[Error]-[DjiChannel_uartRead:88) uart read data error [0m
[31m[1.888][linker]-[Error]-[DjiChannel_uartRead:88) uart read data error [0m
[31m[1.889][linker]-[Error]-[DjiChannel_uartRead:88) uart read data error [0m
[31m[1.890][linker]-[Error]-[DjiChannel_uartRead:88) uart read data error [0m
[31m[1.891][linker]-[Error]-[DjiChannel_uartRead:88) uart read data error [0m
[31m[1.892][linker]-[Error]-[DjiChannel_uartRead:88) uart read data error [0m
[31m[1.893][linker]-[Error]-[DjiChannel_uartRead:88) uart read data error [0m
[31m[1.894][linker]-[Error]-[DjiChannel_uartRead:88) uart read data error [0m
[31m[1.895][linker]-[Error]-[DjiChannel_uartRead:88) uart read data error [0m
[31m[1.896][linker]-[Error]-[DjiChannel_uartRead:88) uart read data error [0m
[31m[1.898][linker]-[Error]-[DjiChannel_uartRead:88) uart read data error [0m
[31m[1.899][linker]-[Error]-[DjiChannel_uartRead:88) uart read data error [0m
[31m[1.900][linker]-[Error]-[DjiChannel_uartRead:88) uart read data error [0m
[31m[1.901][linker]-[Error]-[DjiChannel_uartRead:88) uart read data error [0m
[31m[1.902][linker]-[Error]-[DjiChannel_uartRead:88) uart read data error [0m
[31m[1.903][linker]-[Error]-[DjiChannel_uartRead:88) uart read data error [0m
[31m[1.904][linker]-[Error]-[DjiChannel_uartRead:88) uart read data error [0m
[31m[1.905][linker]-[Error]-[DjiChannel_uartRead:88) uart read data error [0m
[31m[1.906][linker]-[Error]-[DjiChannel_uartRead:88) uart read data error [0m
[31m[1.907][linker]-[Error]-[DjiChannel_uartRead:88) uart read data error [0m
[31m[1.908][linker]-[Error]-[DjiChannel_uartRead:88) uart read data error [0m
[31m[1.910][linker]-[Error]-[DjiChannel_uartRead:88) uart read data error [0m
[31m[1.911][linker]-[Error]-[DjiChannel_uartRead:88) uart read data error [0m
[31m[1.912][linker]-[Error]-[DjiChannel_uartRead:88) uart read data error [0m
[31m[1.913][linker]-[Error]-[DjiChannel_uartRead:88) uart read data error [0m
[31m[1.914][linker]-[Error]-[DjiChannel_uartRead:88) uart read data error [0m
[31m[1.915][linker]-[Error]-[DjiChannel_uartRead:88) uart read data error [0m
[31m[1.916][linker]-[Error]-[DjiChannel_uartRead:88) uart read data error [0m
[31m[1.917][linker]-[Error]-[DjiChannel_uartRead:88) uart read data error [0m
[31m[1.918][linker]-[Error]-[DjiChannel_uartRead:88) uart read data error [0m
[31m[1.919][linker]-[Error]-[DjiChannel_uartRead:88) uart read data error [0m
[31m[1.920][linker]-[Error]-[DjiChannel_uartRead:88) uart read data error [0m
[31m[1.922][linker]-[Error]-[DjiChannel_uartRead:88) uart read data error [0m
[31m[1.923][linker]-[Error]-[DjiChannel_uartRead:88) uart read data error [0m
[31m[1.924][linker]-[Error]-[DjiChannel_uartRead:88) uart read data error [0m
[31m[1.925][linker]-[Error]-[DjiChannel_uartRead:88) uart read data error [0m
[31m[1.926][linker]-[Error]-[DjiChannel_uartRead:88) uart read data error [0m
[31m[1.927][linker]-[Error]-[DjiChannel_uartRead:88) uart read data error [0m
[31m[1.928][linker]-[Error]-[DjiChannel_uartRead:88) uart read data error [0m
[31m[1.929][linker]-[Error]-[DjiChannel_uartRead:88) uart read data error [0m
[31m[1.930][linker]-[Error]-[DjiChannel_uartRead:88) uart read data error [0m
[31m[1.931][linker]-[Error]-[DjiChannel_uartRead:88) uart read data error [0m
[31m[1.932][linker]-[Error]-[DjiChannel_uartRead:88) uart read data error [0m
[31m[1.933][linker]-[Error]-[DjiChannel_uartRead:88) uart read data error [0m
[31m[1.935][linker]-[Error]-[DjiChannel_uartRead:88) uart read data error [0m
[31m[1.936][linker]-[Error]-[DjiChannel_uartRead:88) uart read data error [0m
[31m[1.937][linker]-[Error]-[DjiChannel_uartRead:88) uart read data error [0m
[31m[1.940][linker]-[Error]-[DjiChannel_uartRead:88) uart read data error [0m
[31m[1.941][linker]-[Error]-[DjiChannel_uartRead:88) uart read data error [0m
[31m[1.942][linker]-[Error]-[DjiChannel_uartRead:88) uart read data error [0m
[31m[1.943][linker]-[Error]-[DjiChannel_uartRead:88) uart read data error [0m
[31m[1.944][linker]-[Error]-[DjiChannel_uartRead:88) uart read data error [0m
[31m[1.945][linker]-[Error]-[DjiChannel_uartRead:88) uart read data error [0m
[31m[1.947][linker]-[Error]-[DjiChannel_uartRead:88) uart read data error [0m
[31m[1.948][linker]-[Error]-[DjiChannel_uartRead:88) uart read data error [0m
[31m[1.949][linker]-[Error]-[DjiChannel_uartRead:88) uart read data error [0m
[31m[1.950][linker]-[Error]-[DjiChannel_uartRead:88) uart read data error [0m
[31m[1.951][linker]-[Error]-[DjiChannel_uartRead:88) uart read data error [0m
[31m[1.952][linker]-[Error]-[DjiChannel_uartRead:88) uart read data error [0m
[31m[1.953][linker]-[Error]-[DjiChannel_uartRead:88) uart read data error [0m
[31m[1.954][linker]-[Error]-[DjiChannel_uartRead:88) uart read data error [0m
[31m[1.955][linker]-[Error]-[DjiChannel_uartRead:88) uart read data error [0m
[31m[1.956][linker]-[Error]-[DjiChannel_uartRead:88) uart read data error [0m
[31m[1.957][linker]-[Error]-[DjiChannel_uartRead:88) uart read data error [0m
[31m[1.959][linker]-[Error]-[DjiChannel_uartRead:88) uart read data error [0m
[31m[1.960][linker]-[Error]-[DjiChannel_uartRead:88) uart read data error [0m
[31m[1.961][linker]-[Error]-[DjiChannel_uartRead:88) uart read data error [0m
[31m[1.962][linker]-[Error]-[DjiChannel_uartRead:88) uart read data error [0m
[31m[1.963][linker]-[Error]-[DjiChannel_uartRead:88) uart read data error [0m
[31m[1.964][linker]-[Error]-[DjiChannel_uartRead:88) uart read data error [0m
[31m[1.965][linker]-[Error]-[DjiChannel_uartRead:88) uart read data error [0m
[31m[1.966][linker]-[Error]-[DjiChannel_uartRead:88) uart read data error [0m
[31m[1.967][linker]-[Error]-[DjiChannel_uartRead:88) uart read data error [0m
[31m[1.968][linker]-[Error]-[DjiChannel_uartRead:88) uart read data error [0m
[31m[1.969][linker]-[Error]-[DjiChannel_uartRead:88) uart read data error [0m
[31m[1.970][linker]-[Error]-[DjiChannel_uartRead:88) uart read data error [0m
[31m[1.972][linker]-[Error]-[DjiChannel_uartRead:88) uart read data error [0m
[31m[1.973][linker]-[Error]-[DjiChannel_uartRead:88) uart read data error [0m
[31m[1.974][linker]-[Error]-[DjiChannel_uartRead:88) uart read data error [0m
[31m[1.975][linker]-[Error]-[DjiChannel_uartRead:88) uart read data error [0m
[31m[1.976][linker]-[Error]-[DjiChannel_uartRead:88) uart read data error [0m
[31m[1.977][linker]-[Error]-[DjiChannel_uartRead:88) uart read data error [0m
[31m[1.978][linker]-[Error]-[DjiChannel_uartRead:88) uart read data error [0m
[31m[1.979][linker]-[Error]-[DjiChannel_uartRead:88) uart read data error [0m
[31m[1.980][linker]-[Error]-[DjiChannel_uartRead:88) uart read data error [0m
[31m[1.981][linker]-[Error]-[DjiChannel_uartRead:88) uart read data error [0m
[31m[1.983][linker]-[Error]-[DjiChannel_uartRead:88) uart read data error [0m
[31m[1.984][linker]-[Error]-[DjiChannel_uartRead:88) uart read data error [0m
[31m[1.985][linker]-[Error]-[DjiChannel_uartRead:88) uart read data error [0m
[31m[1.986][linker]-[Error]-[DjiChannel_uartRead:88) uart read data error [0m
[31m[1.987][linker]-[Error]-[DjiChannel_uartRead:88) uart read data error [0m
[31m[1.988][linker]-[Error]-[DjiChannel_uartRead:88) uart read data error [0m
[31m[1.989][linker]-[Error]-[DjiChannel_uartRead:88) uart read data error [0m
[31m[1.990][linker]-[Error]-[DjiChannel_uartRead:88) uart read data error [0m
[31m[1.991][linker]-[Error]-[DjiChannel_uartRead:88) uart read data error [0m
[31m[1.992][linker]-[Error]-[DjiChannel_uartRead:88) uart read data error [0m
[31m[1.993][linker]-[Error]-[DjiChannel_uartRead:88) uart read data error [0m
[31m[1.994][linker]-[Error]-[DjiChannel_uartRead:88) uart read data error [0m
[31m[1.996][linker]-[Error]-[DjiChannel_uartRead:88) uart read data error [0m
[31m[1.997][linker]-[Error]-[DjiChannel_uartRead:88) uart read data error [0m
[31m[1.998][linker]-[Error]-[DjiChannel_uartRead:88) uart read data error [0m
[31m[1.999][linker]-[Error]-[DjiChannel_uartRead:88) uart read data error [0m
[31m[2.000][linker]-[Error]-[DjiChannel_uartRead:88) uart read data error [0m
[31m[2.001][linker]-[Error]-[DjiChannel_uartRead:88) uart read data error [0m
[31m[2.002][linker]-[Error]-[DjiChannel_uartRead:88) uart read data error [0m
[31m[2.003][linker]-[Error]-[DjiChannel_uartRead:88) uart read data error [0m
[31m[2.004][linker]-[Error]-[DjiChannel_uartRead:88) uart read data error [0m
[31m[2.005][linker]-[Error]-[DjiChannel_uartRead:88) uart read data error [0m
[31m[2.006][linker]-[Error]-[DjiChannel_uartRead:88) uart read data error [0m
[31m[2.007][linker]-[Error]-[DjiChannel_uartRead:88) uart read data error [0m
[31m[2.009][linker]-[Error]-[DjiChannel_uartRead:88) uart read data error [0m
[31m[2.010][linker]-[Error]-[DjiChannel_uartRead:88) uart read data error [0m
[31m[2.011][linker]-[Error]-[DjiChannel_uartRead:88) uart read data error [0m
[31m[2.012][linker]-[Error]-[DjiChannel_uartRead:88) uart read data error [0m
[31m[2.013][linker]-[Error]-[DjiChannel_uartRead:88) uart read data error [0m
[31m[2.014][linker]-[Error]-[DjiChannel_uartRead:88) uart read data error [0m
[31m[2.015][linker]-[Error]-[DjiChannel_uartRead:88) uart read data error [0m
[31m[2.016][linker]-[Error]-[DjiChannel_uartRead:88) uart read data error [0m
[31m[2.017][linker]-[Error]-[DjiChannel_uartRead:88) uart read data error [0m
[31m[2.019][linker]-[Error]-[DjiChannel_uartRead:88) uart read data error [0m
[31m[2.020][linker]-[Error]-[DjiChannel_uartRead:88) uart read data error [0m
[31m[2.021][linker]-[Error]-[DjiChannel_uartRead:88) uart read data error [0m
[31m[2.022][linker]-[Error]-[DjiChannel_uartRead:88) uart read data error [0m
[31m[2.023][linker]-[Error]-[DjiChannel_uartRead:88) uart read data error [0m
[31m[2.024][linker]-[Error]-[DjiChannel_uartRead:88) uart read data error [0m
[31m[2.025][linker]-[Error]-[DjiChannel_uartRead:88) uart read data error [0m
[31m[2.026][linker]-[Error]-[DjiChannel_uartRead:88) uart read data error [0m
[31m[2.027][linker]-[Error]-[DjiChannel_uartRead:88) uart read data error [0m
[31m[2.028][linker]-[Error]-[DjiChannel_uartRead:88) uart read data error [0m
[31m[2.029][linker]-[Error]-[DjiChannel_uartRead:88) uart read data error [0m
[31m[2.030][linker]-[Error]-[DjiChannel_uartRead:88) uart read data error [0m
[31m[2.032][linker]-[Error]-[DjiChannel_uartRead:88) uart read data error [0m
[31m[2.033][linker]-[Error]-[DjiChannel_uartRead:88) uart read data error [0m
[31m[2.034][linker]-[Error]-[DjiChannel_uartRead:88) uart read data error [0m
[31m[2.035][linker]-[Error]-[DjiChannel_uartRead:88) uart read data error [0m
[31m[2.036][linker]-[Error]-[DjiChannel_uartRead:88) uart read data error [0m
[31m[2.037][linker]-[Error]-[DjiChannel_uartRead:88) uart read data error [0m
[31m[2.038][linker]-[Error]-[DjiChannel_uartRead:88) uart read data error [0m
[31m[2.039][linker]-[Error]-[DjiChannel_uartRead:88) uart read data error [0m
[31m[2.040][linker]-[Error]-[DjiChannel_uartRead:88) uart read data error [0m
[31m[2.041][linker]-[Error]-[DjiChannel_uartRead:88) uart read data error [0m
[31m[2.042][linker]-[Error]-[DjiChannel_uartRead:88) uart read data error [0m
[31m[2.044][linker]-[Error]-[DjiChannel_uartRead:88) uart read data error [0m
[31m[2.045][linker]-[Error]-[DjiChannel_uartRead:88) uart read data error [0m
[31m[2.046][linker]-[Error]-[DjiChannel_uartRead:88) uart read data error [0m
[31m[2.047][linker]-[Error]-[DjiChannel_uartRead:88) uart read data error [0m
[31m[2.048][linker]-[Error]-[DjiChannel_uartRead:88) uart read data error [0m
[31m[2.049][linker]-[Error]-[DjiChannel_uartRead:88) uart read data error [0m
[31m[2.050][linker]-[Error]-[DjiChannel_uartRead:88) uart read data error [0m
[31m[2.051][linker]-[Error]-[DjiChannel_uartRead:88) uart read data error [0m
[31m[2.052][linker]-[Error]-[DjiChannel_uartRead:88) uart read data error [0m
[31m[2.053][linker]-[Error]-[DjiChannel_uartRead:88) uart read data error [0m
[31m[2.054][linker]-[Error]-[DjiChannel_uartRead:88) uart read data error [0m
[31m[2.056][linker]-[Error]-[DjiChannel_uartRead:88) uart read data error [0m
[31m[2.057][linker]-[Error]-[DjiChannel_uartRead:88) uart read data error [0m
[31m[2.058][linker]-[Error]-[DjiChannel_uartRead:88) uart read data error [0m
[31m[2.059][linker]-[Error]-[DjiChannel_uartRead:88) uart read data error [0m
[31m[2.060][linker]-[Error]-[DjiChannel_uartRead:88) uart read data error [0m
[31m[2.061][linker]-[Error]-[DjiChannel_uartRead:88) uart read data error [0m
[31m[2.062][linker]-[Error]-[DjiChannel_uartRead:88) uart read data error [0m
[31m[2.063][linker]-[Error]-[DjiChannel_uartRead:88) uart read data error [0m
[31m[2.064][linker]-[Error]-[DjiChannel_uartRead:88) uart read data error [0m
[31m[2.065][linker]-[Error]-[DjiChannel_uartRead:88) uart read data error [0m
[31m[2.066][linker]-[Error]-[DjiChannel_uartRead:88) uart read data error [0m
[31m[2.067][linker]-[Error]-[DjiChannel_uartRead:88) uart read data error [0m
[31m[2.068][linker]-[Error]-[DjiChannel_uartRead:88) uart read data error [0m
[31m[2.070][linker]-[Error]-[DjiChannel_uartRead:88) uart read data error [0m
[31m[2.071][linker]-[Error]-[DjiChannel_uartRead:88) uart read data error [0m
[31m[2.072][linker]-[Error]-[DjiChannel_uartRead:88) uart read data error [0m
[31m[2.073][linker]-[Error]-[DjiChannel_uartRead:88) uart read data error [0m
[31m[2.074][linker]-[Error]-[DjiChannel_uartRead:88) uart read data error [0m
[31m[2.075][linker]-[Error]-[DjiChannel_uartRead:88) uart read data error [0m
[31m[2.076][linker]-[Error]-[DjiChannel_uartRead:88) uart read data error [0m
[31m[2.077][linker]-[Error]-[DjiChannel_uartRead:88) uart read data error [0m
[31m[2.078][linker]-[Error]-[DjiChannel_uartRead:88) uart read data error [0m
[31m[2.079][linker]-[Error]-[DjiChannel_uartRead:88) uart read data error [0m
[31m[2.080][linker]-[Error]-[DjiChannel_uartRead:88) uart read data error [0m
[31m[2.082][linker]-[Error]-[DjiChannel_uartRead:88) uart read data error [0m
[31m[2.083][linker]-[Error]-[DjiChannel_uartRead:88) uart read data error [0m
[31m[2.084][linker]-[Error]-[DjiChannel_uartRead:88) uart read data error [0m
[31m[2.085][linker]-[Error]-[DjiChannel_uartRead:88) uart read data error [0m
[31m[2.086][linker]-[Error]-[DjiChannel_uartRead:88) uart read data error [0m
The log is overflow
The log is overflow
The log is overflow
The log is overflow
The log is overflow
The log is overflow
The log is overflow
[31m[2.087][linker]-[Error]-[DjiChannel_uartRead:88) uart read data error [0m
[31m[2.088][linker]-[Error]-[DjiChannel_uartRead:88) uart read data error [0m
[31m[2.089][linker]-[Error]-[DjiChannel_uartRead:88) uart read data error [0m
[31m[2.090][linker]-[Error]-[DjiChannel_uartRead:88) uart read data error [0m
[31m[2.091][linker]-[Error]-[DjiChannel_uartRead:88) uart read data error [0m
[31m[2.092][linker]-[Error]-[DjiChannel_uartRead:88) uart read data error [0m
[31m[2.093][linker]-[Error]-[DjiChannel_uartRead:88) uart read data error [0m
[31m[2.094][linker]-[Error]-[DjiChannel_uartRead:88) uart read data error [0m
[31m[2.096][linker]-[Error]-[DjiChannel_uartRead:88) uart read data error [0m
[31m[2.097][linker]-[Error]-[DjiChannel_uartRead:88) uart read data error [0m
[31m[2.098][linker]-[Error]-[DjiChannel_uartRead:88) uart read data error [0m
[31m[2.099][linker]-[Error]-[DjiChannel_uartRead:88) uart read data error [0m
[31m[2.100][linker]-[Error]-[DjiChannel_uartRead:88) uart read data error [0m
[31m[2.101][linker]-[Error]-[DjiChannel_uartRead:88) uart read data error [0m
[31m[2.102][linker]-[Error]-[DjiChannel_uartRead:88) uart read data error [0m
[31m[2.103][linker]-[Error]-[DjiChannel_uartRead:88) uart read data error [0m
[31m[2.104][linker]-[Error]-[DjiChannel_uartRead:88) uart read data error [0m
[31m[2.105][linker]-[Error]-[DjiChannel_uartRead:88) uart read data error [0m
[31m[2.106][linker]-[Error]-[DjiChannel_uartRead:88) uart read data error [0m
[31m[2.107][linker]-[Error]-[DjiChannel_uartRead:88) uart read data error [0m
[31m[2.109][linker]-[Error]-[DjiChannel_uartRead:88) uart read data error [0m
[31m[2.110][linker]-[Error]-[DjiChannel_uartRead:88) uart read data error [0m
[31m[2.111][linker]-[Error]-[DjiChannel_uartRead:88) uart read data error [0m
[31m[2.112][linker]-[Error]-[DjiChannel_uartRead:88) uart read data error [0m
[31m[2.113][linker]-[Error]-[DjiChannel_uartRead:88) uart read data error [0m
[32m[5.798][adapter]-[Info]-[DjiPayloadNegotiate_Start:200) Waiting payload negotiate finished. [0m
[37m[5.866][utils]-[Debug]-[DjiCore_RootTask:131) work execution time: [0m
[37m[5.866][utils]-[Debug]-[DjiCore_RootTask:132) name	                execution time (ms)	  max execution time (ms) [0m
[37m[5.866][utils]-[Debug]-[DjiCore_RootTask:134) recorderWork                    	0       	0        [0m
[37m[5.866][utils]-[Debug]-[DjiCore_RootTask:134) flowControllerTask              	0       	1        [0m
[37m[5.866][utils]-[Debug]-[DjiCore_RootTask:134) commandTask                     	0       	1        [0m
[32m[6.798][adapter]-[Info]-[DjiPayloadNegotiate_Start:200) Waiting payload negotiate finished. [0m
[37m[6.932][utils]-[Debug]-[DjiCore_RootTask:131) work execution time: [0m
[37m[6.932][utils]-[Debug]-[DjiCore_RootTask:132) name	                execution time (ms)	  max execution time (ms) [0m
[37m[6.932][utils]-[Debug]-[DjiCore_RootTask:134) recorderWork                    	1       	1        [0m
[37m[6.932][utils]-[Debug]-[DjiCore_RootTask:134) flowControllerTask              	1       	1        [0m
[37m[6.932][utils]-[Debug]-[DjiCore_RootTask:134) commandTask                     	0       	1        [0m
[37m[7.798][linker]-[Debug]-[DjiProtocol_v1Pack:120) V1-Send: 0x13->0x34 0x0087 [0m
[31m[7.798][linker]-[Error]-[DjiChannel_uartWrite:102) uart write data error [0m
[31m[7.798][linker]-[Error]-[DjiLinker_SendMsg:191) write data error [0m
[31m[7.798][linker]-[Error]-[DjiCommand_SendAsync:371) command send error [0m
[31m[7.798][linker]-[Error]-[DjiCommand_SendSync:463) sendAsync send cmd error [0m
[31m[7.798][adapter]-[Error]-[DjiPayloadNegotiate_RemoveDeviceSync:895) remove device sync send error:0x000000FF. [0m
[31m[7.798][adapter]-[Error]-[DjiPayloadNegotiate_Start:212) Payload negetiate remove device sync error:0x000000FF [0m
[31m[7.798][adapter]-[Error]-[DjiAccessAdapter_Init:293) Payload negotiate error, returnCode = 255 [0m
[31m[7.798][adapter]-[Error]-[DjiAccessAdapter_Init:299) Payload negotiate error, returnCode = 255 [0m
[31m[7.798][core]-[Error]-[DjiCore_Init:115) Access adapter init error, stat:255 [0m
[31m[7.798][user]-[Error]-[main:118) Core init error [0m
