[32m[0.002][core]-[Info]-[DjiCore_Init:95) Payload SDK Version : V3.3.0-beta.0-build.1665 [0m
[37m[0.004][utils]-[Debug]-[DjiCore_RootTask:131) work execution time: [0m
[37m[0.004][utils]-[Debug]-[DjiCore_RootTask:132) name	                execution time (ms)	  max execution time (ms) [0m
[37m[0.004][utils]-[Debug]-[DjiCore_RootTask:134) recorderWork                    	0       	0        [0m
[37m[0.004][utils]-[Debug]-[DjiCore_RootTask:134) flowControllerTask              	0       	0        [0m
[37m[0.016][linker]-[Debug]-[DjiLinker_Init:124) init linker success, protocol:2, channelId:0 [0m
[31m[0.016][linker]-[Error]-[DjiChannel_uartRead:88) uart read data error [0m
[37m[0.016][linker]-[Debug]-[DjiProtocol_v1Pack:120) V1-Send: 0xCA->0x03 0x03FD [0m
[31m[0.017][linker]-[Error]-[DjiChannel_uartRead:88) uart read data error [0m
[31m[0.019][linker]-[Error]-[DjiChannel_uartRead:88) uart read data error [0m
[31m[0.020][linker]-[Error]-[DjiChannel_uartRead:88) uart read data error [0m
[31m[0.021][linker]-[Error]-[DjiChannel_uartRead:88) uart read data error [0m
[31m[0.023][linker]-[Error]-[DjiChannel_uartRead:88) uart read data error [0m
[31m[0.025][linker]-[Error]-[DjiChannel_uartRead:88) uart read data error [0m
[31m[0.026][linker]-[Error]-[DjiChannel_uartRead:88) uart read data error [0m
[31m[0.028][linker]-[Error]-[DjiChannel_uartRead:88) uart read data error [0m
[31m[0.030][linker]-[Error]-[DjiChannel_uartRead:88) uart read data error [0m
[31m[0.032][linker]-[Error]-[DjiChannel_uartRead:88) uart read data error [0m
[31m[0.034][linker]-[Error]-[DjiChannel_uartRead:88) uart read data error [0m
[31m[0.036][linker]-[Error]-[DjiChannel_uartRead:88) uart read data error [0m
[37m[0.036][linker]-[Debug]-[DjiProtocol_v1Pack:120) V1-Send: 0xCA->0x03 0x03FD [0m
[31m[0.038][linker]-[Error]-[DjiChannel_uartRead:88) uart read data error [0m
[31m[0.039][linker]-[Error]-[DjiChannel_uartRead:88) uart read data error [0m
[31m[0.040][linker]-[Error]-[DjiChannel_uartRead:88) uart read data error [0m
[31m[0.041][linker]-[Error]-[DjiChannel_uartRead:88) uart read data error [0m
[31m[0.043][linker]-[Error]-[DjiChannel_uartRead:88) uart read data error [0m
[31m[0.044][linker]-[Error]-[DjiChannel_uartRead:88) uart read data error [0m
[31m[0.045][linker]-[Error]-[DjiChannel_uartRead:88) uart read data error [0m
[31m[0.046][linker]-[Error]-[DjiChannel_uartRead:88) uart read data error [0m
[31m[0.047][linker]-[Error]-[DjiChannel_uartRead:88) uart read data error [0m
[31m[0.048][linker]-[Error]-[DjiChannel_uartRead:88) uart read data error [0m
[31m[0.050][linker]-[Error]-[DjiChannel_uartRead:88) uart read data error [0m
[31m[0.051][linker]-[Error]-[DjiChannel_uartRead:88) uart read data error [0m
[31m[0.052][linker]-[Error]-[DjiChannel_uartRead:88) uart read data error [0m
[31m[0.053][linker]-[Error]-[DjiChannel_uartRead:88) uart read data error [0m
[31m[0.054][linker]-[Error]-[DjiChannel_uartRead:88) uart read data error [0m
[31m[0.055][linker]-[Error]-[DjiChannel_uartRead:88) uart read data error [0m
[31m[0.056][linker]-[Error]-[DjiChannel_uartRead:88) uart read data error [0m
[37m[0.057][linker]-[Debug]-[DjiProtocol_v1Pack:120) V1-Send: 0xCA->0x03 0x03FD [0m
[31m[0.058][linker]-[Error]-[DjiChannel_uartRead:88) uart read data error [0m
[31m[0.059][linker]-[Error]-[DjiChannel_uartRead:88) uart read data error [0m
[31m[0.060][linker]-[Error]-[DjiChannel_uartRead:88) uart read data error [0m
[31m[0.061][linker]-[Error]-[DjiChannel_uartRead:88) uart read data error [0m
[31m[0.062][linker]-[Error]-[DjiChannel_uartRead:88) uart read data error [0m
[31m[0.063][linker]-[Error]-[DjiChannel_uartRead:88) uart read data error [0m
[31m[0.065][linker]-[Error]-[DjiChannel_uartRead:88) uart read data error [0m
[31m[0.066][linker]-[Error]-[DjiChannel_uartRead:88) uart read data error [0m
[31m[0.067][linker]-[Error]-[DjiChannel_uartRead:88) uart read data error [0m
[31m[0.068][linker]-[Error]-[DjiChannel_uartRead:88) uart read data error [0m
[31m[0.069][linker]-[Error]-[DjiChannel_uartRead:88) uart read data error [0m
[31m[0.071][linker]-[Error]-[DjiChannel_uartRead:88) uart read data error [0m
[31m[0.072][linker]-[Error]-[DjiChannel_uartRead:88) uart read data error [0m
[31m[0.073][linker]-[Error]-[DjiChannel_uartRead:88) uart read data error [0m
[31m[0.074][linker]-[Error]-[DjiChannel_uartRead:88) uart read data error [0m
[31m[0.075][linker]-[Error]-[DjiChannel_uartRead:88) uart read data error [0m
[31m[0.076][linker]-[Error]-[DjiChannel_uartRead:88) uart read data error [0m
[37m[0.077][linker]-[Debug]-[DjiProtocol_v1Pack:120) V1-Send: 0xCA->0x03 0x03FD [0m
[31m[0.078][linker]-[Error]-[DjiChannel_uartRead:88) uart read data error [0m
[31m[0.079][linker]-[Error]-[DjiChannel_uartRead:88) uart read data error [0m
[31m[0.080][linker]-[Error]-[DjiChannel_uartRead:88) uart read data error [0m
[31m[0.081][linker]-[Error]-[DjiChannel_uartRead:88) uart read data error [0m
[31m[0.082][linker]-[Error]-[DjiChannel_uartRead:88) uart read data error [0m
[31m[0.084][linker]-[Error]-[DjiChannel_uartRead:88) uart read data error [0m
[31m[0.085][linker]-[Error]-[DjiChannel_uartRead:88) uart read data error [0m
[31m[0.086][linker]-[Error]-[DjiChannel_uartRead:88) uart read data error [0m
[31m[0.087][linker]-[Error]-[DjiChannel_uartRead:88) uart read data error [0m
[31m[0.088][linker]-[Error]-[DjiChannel_uartRead:88) uart read data error [0m
[31m[0.089][linker]-[Error]-[DjiChannel_uartRead:88) uart read data error [0m
[31m[0.091][linker]-[Error]-[DjiChannel_uartRead:88) uart read data error [0m
[31m[0.092][linker]-[Error]-[DjiChannel_uartRead:88) uart read data error [0m
[31m[0.093][linker]-[Error]-[DjiChannel_uartRead:88) uart read data error [0m
[31m[0.094][linker]-[Error]-[DjiChannel_uartRead:88) uart read data error [0m
[31m[0.095][linker]-[Error]-[DjiChannel_uartRead:88) uart read data error [0m
[31m[0.096][linker]-[Error]-[DjiChannel_uartRead:88) uart read data error [0m
[37m[0.097][linker]-[Debug]-[DjiProtocol_v1Pack:120) V1-Send: 0xCA->0x03 0x03FD [0m
[31m[0.098][linker]-[Error]-[DjiChannel_uartRead:88) uart read data error [0m
[31m[0.099][linker]-[Error]-[DjiChannel_uartRead:88) uart read data error [0m
[31m[0.100][linker]-[Error]-[DjiChannel_uartRead:88) uart read data error [0m
[31m[0.101][linker]-[Error]-[DjiChannel_uartRead:88) uart read data error [0m
[31m[0.102][linker]-[Error]-[DjiChannel_uartRead:88) uart read data error [0m
[31m[0.103][linker]-[Error]-[DjiChannel_uartRead:88) uart read data error [0m
[31m[0.105][linker]-[Error]-[DjiChannel_uartRead:88) uart read data error [0m
[31m[0.106][linker]-[Error]-[DjiChannel_uartRead:88) uart read data error [0m
[31m[0.107][linker]-[Error]-[DjiChannel_uartRead:88) uart read data error [0m
[31m[0.108][linker]-[Error]-[DjiChannel_uartRead:88) uart read data error [0m
[31m[0.109][linker]-[Error]-[DjiChannel_uartRead:88) uart read data error [0m
[31m[0.111][linker]-[Error]-[DjiChannel_uartRead:88) uart read data error [0m
[31m[0.112][linker]-[Error]-[DjiChannel_uartRead:88) uart read data error [0m
[31m[0.113][linker]-[Error]-[DjiChannel_uartRead:88) uart read data error [0m
[31m[0.114][linker]-[Error]-[DjiChannel_uartRead:88) uart read data error [0m
[31m[0.115][linker]-[Error]-[DjiChannel_uartRead:88) uart read data error [0m
[31m[0.116][linker]-[Error]-[DjiChannel_uartRead:88) uart read data error [0m
[31m[0.118][linker]-[Error]-[DjiChannel_uartRead:88) uart read data error [0m
[37m[0.118][linker]-[Debug]-[DjiLinker_DeInit:164) deinit linker success, protocol:2, channelId:0 [0m
[31m[0.127][linker]-[Error]-[DjiChannel_uartRead:88) uart read data error [0m
[37m[0.127][linker]-[Debug]-[DjiLinker_Init:124) init linker success, protocol:2, channelId:0 [0m
[37m[0.127][linker]-[Debug]-[DjiProtocol_v1Pack:120) V1-Send: 0xE5->0x65 0x03FD [0m
[31m[0.129][linker]-[Error]-[DjiChannel_uartRead:88) uart read data error [0m
[31m[0.130][linker]-[Error]-[DjiChannel_uartRead:88) uart read data error [0m
[31m[0.132][linker]-[Error]-[DjiChannel_uartRead:88) uart read data error [0m
[31m[0.133][linker]-[Error]-[DjiChannel_uartRead:88) uart read data error [0m
[31m[0.135][linker]-[Error]-[DjiChannel_uartRead:88) uart read data error [0m
[31m[0.136][linker]-[Error]-[DjiChannel_uartRead:88) uart read data error [0m
[31m[0.137][linker]-[Error]-[DjiChannel_uartRead:88) uart read data error [0m
[31m[0.139][linker]-[Error]-[DjiChannel_uartRead:88) uart read data error [0m
[31m[0.140][linker]-[Error]-[DjiChannel_uartRead:88) uart read data error [0m
[31m[0.142][linker]-[Error]-[DjiChannel_uartRead:88) uart read data error [0m
[31m[0.143][linker]-[Error]-[DjiChannel_uartRead:88) uart read data error [0m
[31m[0.145][linker]-[Error]-[DjiChannel_uartRead:88) uart read data error [0m
[31m[0.146][linker]-[Error]-[DjiChannel_uartRead:88) uart read data error [0m
[31m[0.148][linker]-[Error]-[DjiChannel_uartRead:88) uart read data error [0m
[37m[0.148][linker]-[Debug]-[DjiProtocol_v1Pack:120) V1-Send: 0xE5->0x65 0x03FD [0m
[31m[0.149][linker]-[Error]-[DjiChannel_uartRead:88) uart read data error [0m
[31m[0.150][linker]-[Error]-[DjiChannel_uartRead:88) uart read data error [0m
[31m[0.152][linker]-[Error]-[DjiChannel_uartRead:88) uart read data error [0m
[31m[0.153][linker]-[Error]-[DjiChannel_uartRead:88) uart read data error [0m
[31m[0.155][linker]-[Error]-[DjiChannel_uartRead:88) uart read data error [0m
[31m[0.156][linker]-[Error]-[DjiChannel_uartRead:88) uart read data error [0m
[31m[0.157][linker]-[Error]-[DjiChannel_uartRead:88) uart read data error [0m
[31m[0.159][linker]-[Error]-[DjiChannel_uartRead:88) uart read data error [0m
[31m[0.160][linker]-[Error]-[DjiChannel_uartRead:88) uart read data error [0m
[31m[0.161][linker]-[Error]-[DjiChannel_uartRead:88) uart read data error [0m
[31m[0.163][linker]-[Error]-[DjiChannel_uartRead:88) uart read data error [0m
[31m[0.164][linker]-[Error]-[DjiChannel_uartRead:88) uart read data error [0m
[31m[0.166][linker]-[Error]-[DjiChannel_uartRead:88) uart read data error [0m
[31m[0.167][linker]-[Error]-[DjiChannel_uartRead:88) uart read data error [0m
[37m[0.168][linker]-[Debug]-[DjiProtocol_v1Pack:120) V1-Send: 0xE5->0x65 0x03FD [0m
[31m[0.168][linker]-[Error]-[DjiChannel_uartRead:88) uart read data error [0m
[31m[0.170][linker]-[Error]-[DjiChannel_uartRead:88) uart read data error [0m
[31m[0.171][linker]-[Error]-[DjiChannel_uartRead:88) uart read data error [0m
[31m[0.172][linker]-[Error]-[DjiChannel_uartRead:88) uart read data error [0m
[31m[0.174][linker]-[Error]-[DjiChannel_uartRead:88) uart read data error [0m
[31m[0.175][linker]-[Error]-[DjiChannel_uartRead:88) uart read data error [0m
[31m[0.177][linker]-[Error]-[DjiChannel_uartRead:88) uart read data error [0m
[31m[0.178][linker]-[Error]-[DjiChannel_uartRead:88) uart read data error [0m
[31m[0.179][linker]-[Error]-[DjiChannel_uartRead:88) uart read data error [0m
[31m[0.181][linker]-[Error]-[DjiChannel_uartRead:88) uart read data error [0m
[31m[0.182][linker]-[Error]-[DjiChannel_uartRead:88) uart read data error [0m
[31m[0.184][linker]-[Error]-[DjiChannel_uartRead:88) uart read data error [0m
[31m[0.185][linker]-[Error]-[DjiChannel_uartRead:88) uart read data error [0m
[31m[0.187][linker]-[Error]-[DjiChannel_uartRead:88) uart read data error [0m
[31m[0.188][linker]-[Error]-[DjiChannel_uartRead:88) uart read data error [0m
[37m[0.188][linker]-[Debug]-[DjiProtocol_v1Pack:120) V1-Send: 0xE5->0x65 0x03FD [0m
[31m[0.189][linker]-[Error]-[DjiChannel_uartRead:88) uart read data error [0m
[31m[0.191][linker]-[Error]-[DjiChannel_uartRead:88) uart read data error [0m
[31m[0.192][linker]-[Error]-[DjiChannel_uartRead:88) uart read data error [0m
[31m[0.193][linker]-[Error]-[DjiChannel_uartRead:88) uart read data error [0m
[31m[0.195][linker]-[Error]-[DjiChannel_uartRead:88) uart read data error [0m
[31m[0.196][linker]-[Error]-[DjiChannel_uartRead:88) uart read data error [0m
[31m[0.198][linker]-[Error]-[DjiChannel_uartRead:88) uart read data error [0m
[31m[0.199][linker]-[Error]-[DjiChannel_uartRead:88) uart read data error [0m
[31m[0.200][linker]-[Error]-[DjiChannel_uartRead:88) uart read data error [0m
[31m[0.202][linker]-[Error]-[DjiChannel_uartRead:88) uart read data error [0m
[31m[0.203][linker]-[Error]-[DjiChannel_uartRead:88) uart read data error [0m
[31m[0.205][linker]-[Error]-[DjiChannel_uartRead:88) uart read data error [0m
[31m[0.206][linker]-[Error]-[DjiChannel_uartRead:88) uart read data error [0m
[31m[0.207][linker]-[Error]-[DjiChannel_uartRead:88) uart read data error [0m
[37m[0.208][linker]-[Debug]-[DjiProtocol_v1Pack:120) V1-Send: 0xE5->0x65 0x03FD [0m
[31m[0.209][linker]-[Error]-[DjiChannel_uartRead:88) uart read data error [0m
[31m[0.210][linker]-[Error]-[DjiChannel_uartRead:88) uart read data error [0m
[31m[0.211][linker]-[Error]-[DjiChannel_uartRead:88) uart read data error [0m
[31m[0.212][linker]-[Error]-[DjiChannel_uartRead:88) uart read data error [0m
[31m[0.214][linker]-[Error]-[DjiChannel_uartRead:88) uart read data error [0m
[31m[0.215][linker]-[Error]-[DjiChannel_uartRead:88) uart read data error [0m
[31m[0.216][linker]-[Error]-[DjiChannel_uartRead:88) uart read data error [0m
[31m[0.217][linker]-[Error]-[DjiChannel_uartRead:88) uart read data error [0m
[31m[0.218][linker]-[Error]-[DjiChannel_uartRead:88) uart read data error [0m
[31m[0.219][linker]-[Error]-[DjiChannel_uartRead:88) uart read data error [0m
[31m[0.221][linker]-[Error]-[DjiChannel_uartRead:88) uart read data error [0m
[31m[0.222][linker]-[Error]-[DjiChannel_uartRead:88) uart read data error [0m
[31m[0.223][linker]-[Error]-[DjiChannel_uartRead:88) uart read data error [0m
[31m[0.224][linker]-[Error]-[DjiChannel_uartRead:88) uart read data error [0m
[31m[0.225][linker]-[Error]-[DjiChannel_uartRead:88) uart read data error [0m
[31m[0.226][linker]-[Error]-[DjiChannel_uartRead:88) uart read data error [0m
[31m[0.228][linker]-[Error]-[DjiChannel_uartRead:88) uart read data error [0m
[37m[0.229][linker]-[Debug]-[DjiLinker_DeInit:164) deinit linker success, protocol:2, channelId:0 [0m
[31m[0.237][linker]-[Error]-[DjiChannel_uartRead:88) uart read data error [0m
[37m[0.237][linker]-[Debug]-[DjiLinker_Init:124) init linker success, protocol:2, channelId:0 [0m
[37m[0.237][linker]-[Debug]-[DjiProtocol_v1Pack:120) V1-Send: 0xE5->0x65 0x03FD [0m
[31m[0.238][linker]-[Error]-[DjiChannel_uartRead:88) uart read data error [0m
[31m[0.239][linker]-[Error]-[DjiChannel_uartRead:88) uart read data error [0m
[31m[0.241][linker]-[Error]-[DjiChannel_uartRead:88) uart read data error [0m
[31m[0.242][linker]-[Error]-[DjiChannel_uartRead:88) uart read data error [0m
[31m[0.243][linker]-[Error]-[DjiChannel_uartRead:88) uart read data error [0m
[31m[0.244][linker]-[Error]-[DjiChannel_uartRead:88) uart read data error [0m
[31m[0.245][linker]-[Error]-[DjiChannel_uartRead:88) uart read data error [0m
[31m[0.247][linker]-[Error]-[DjiChannel_uartRead:88) uart read data error [0m
[31m[0.248][linker]-[Error]-[DjiChannel_uartRead:88) uart read data error [0m
[31m[0.249][linker]-[Error]-[DjiChannel_uartRead:88) uart read data error [0m
[31m[0.250][linker]-[Error]-[DjiChannel_uartRead:88) uart read data error [0m
[31m[0.252][linker]-[Error]-[DjiChannel_uartRead:88) uart read data error [0m
[31m[0.253][linker]-[Error]-[DjiChannel_uartRead:88) uart read data error [0m
[31m[0.254][linker]-[Error]-[DjiChannel_uartRead:88) uart read data error [0m
[31m[0.255][linker]-[Error]-[DjiChannel_uartRead:88) uart read data error [0m
[31m[0.256][linker]-[Error]-[DjiChannel_uartRead:88) uart read data error [0m
[37m[0.257][linker]-[Debug]-[DjiProtocol_v1Pack:120) V1-Send: 0xE5->0x65 0x03FD [0m
[31m[0.258][linker]-[Error]-[DjiChannel_uartRead:88) uart read data error [0m
[31m[0.269][linker]-[Error]-[DjiChannel_uartRead:88) uart read data error [0m
[31m[0.271][linker]-[Error]-[DjiChannel_uartRead:88) uart read data error [0m
[31m[0.272][linker]-[Error]-[DjiChannel_uartRead:88) uart read data error [0m
[31m[0.273][linker]-[Error]-[DjiChannel_uartRead:88) uart read data error [0m
[31m[0.274][linker]-[Error]-[DjiChannel_uartRead:88) uart read data error [0m
[31m[0.275][linker]-[Error]-[DjiChannel_uartRead:88) uart read data error [0m
[31m[0.276][linker]-[Error]-[DjiChannel_uartRead:88) uart read data error [0m
[31m[0.278][linker]-[Error]-[DjiChannel_uartRead:88) uart read data error [0m
[37m[0.278][linker]-[Debug]-[DjiProtocol_v1Pack:120) V1-Send: 0xE5->0x65 0x03FD [0m
[31m[0.279][linker]-[Error]-[DjiChannel_uartRead:88) uart read data error [0m
[31m[0.280][linker]-[Error]-[DjiChannel_uartRead:88) uart read data error [0m
[31m[0.281][linker]-[Error]-[DjiChannel_uartRead:88) uart read data error [0m
[31m[0.282][linker]-[Error]-[DjiChannel_uartRead:88) uart read data error [0m
[31m[0.284][linker]-[Error]-[DjiChannel_uartRead:88) uart read data error [0m
[31m[0.285][linker]-[Error]-[DjiChannel_uartRead:88) uart read data error [0m
[31m[0.286][linker]-[Error]-[DjiChannel_uartRead:88) uart read data error [0m
[31m[0.287][linker]-[Error]-[DjiChannel_uartRead:88) uart read data error [0m
[31m[0.288][linker]-[Error]-[DjiChannel_uartRead:88) uart read data error [0m
[31m[0.289][linker]-[Error]-[DjiChannel_uartRead:88) uart read data error [0m
[31m[0.291][linker]-[Error]-[DjiChannel_uartRead:88) uart read data error [0m
[31m[0.292][linker]-[Error]-[DjiChannel_uartRead:88) uart read data error [0m
[31m[0.293][linker]-[Error]-[DjiChannel_uartRead:88) uart read data error [0m
[31m[0.294][linker]-[Error]-[DjiChannel_uartRead:88) uart read data error [0m
[31m[0.295][linker]-[Error]-[DjiChannel_uartRead:88) uart read data error [0m
[31m[0.297][linker]-[Error]-[DjiChannel_uartRead:88) uart read data error [0m
[31m[0.298][linker]-[Error]-[DjiChannel_uartRead:88) uart read data error [0m
[31m[0.299][linker]-[Error]-[DjiChannel_uartRead:88) uart read data error [0m
[37m[0.299][linker]-[Debug]-[DjiProtocol_v1Pack:120) V1-Send: 0xE5->0x65 0x03FD [0m
[31m[0.300][linker]-[Error]-[DjiChannel_uartRead:88) uart read data error [0m
[31m[0.301][linker]-[Error]-[DjiChannel_uartRead:88) uart read data error [0m
[31m[0.303][linker]-[Error]-[DjiChannel_uartRead:88) uart read data error [0m
[31m[0.304][linker]-[Error]-[DjiChannel_uartRead:88) uart read data error [0m
[31m[0.305][linker]-[Error]-[DjiChannel_uartRead:88) uart read data error [0m
[31m[0.306][linker]-[Error]-[DjiChannel_uartRead:88) uart read data error [0m
[31m[0.307][linker]-[Error]-[DjiChannel_uartRead:88) uart read data error [0m
[31m[0.309][linker]-[Error]-[DjiChannel_uartRead:88) uart read data error [0m
[31m[0.310][linker]-[Error]-[DjiChannel_uartRead:88) uart read data error [0m
[31m[0.311][linker]-[Error]-[DjiChannel_uartRead:88) uart read data error [0m
[31m[0.312][linker]-[Error]-[DjiChannel_uartRead:88) uart read data error [0m
[31m[0.313][linker]-[Error]-[DjiChannel_uartRead:88) uart read data error [0m
[31m[0.315][linker]-[Error]-[DjiChannel_uartRead:88) uart read data error [0m
[31m[0.316][linker]-[Error]-[DjiChannel_uartRead:88) uart read data error [0m
[31m[0.317][linker]-[Error]-[DjiChannel_uartRead:88) uart read data error [0m
[31m[0.318][linker]-[Error]-[DjiChannel_uartRead:88) uart read data error [0m
[31m[0.319][linker]-[Error]-[DjiChannel_uartRead:88) uart read data error [0m
[37m[0.320][linker]-[Debug]-[DjiProtocol_v1Pack:120) V1-Send: 0xE5->0x65 0x03FD [0m
[31m[0.321][linker]-[Error]-[DjiChannel_uartRead:88) uart read data error [0m
[31m[0.322][linker]-[Error]-[DjiChannel_uartRead:88) uart read data error [0m
[31m[0.323][linker]-[Error]-[DjiChannel_uartRead:88) uart read data error [0m
[31m[0.324][linker]-[Error]-[DjiChannel_uartRead:88) uart read data error [0m
[31m[0.325][linker]-[Error]-[DjiChannel_uartRead:88) uart read data error [0m
[31m[0.327][linker]-[Error]-[DjiChannel_uartRead:88) uart read data error [0m
[31m[0.328][linker]-[Error]-[DjiChannel_uartRead:88) uart read data error [0m
[31m[0.329][linker]-[Error]-[DjiChannel_uartRead:88) uart read data error [0m
[31m[0.330][linker]-[Error]-[DjiChannel_uartRead:88) uart read data error [0m
[31m[0.331][linker]-[Error]-[DjiChannel_uartRead:88) uart read data error [0m
[31m[0.332][linker]-[Error]-[DjiChannel_uartRead:88) uart read data error [0m
[31m[0.334][linker]-[Error]-[DjiChannel_uartRead:88) uart read data error [0m
[31m[0.335][linker]-[Error]-[DjiChannel_uartRead:88) uart read data error [0m
[31m[0.336][linker]-[Error]-[DjiChannel_uartRead:88) uart read data error [0m
[31m[0.337][linker]-[Error]-[DjiChannel_uartRead:88) uart read data error [0m
[31m[0.339][linker]-[Error]-[DjiChannel_uartRead:88) uart read data error [0m
[31m[0.340][linker]-[Error]-[DjiChannel_uartRead:88) uart read data error [0m
[37m[0.340][linker]-[Debug]-[DjiLinker_DeInit:164) deinit linker success, protocol:2, channelId:0 [0m
[37m[0.349][linker]-[Debug]-[DjiLinker_Init:124) init linker success, protocol:2, channelId:0 [0m
[37m[0.349][linker]-[Debug]-[DjiProtocol_v1Pack:120) V1-Send: 0xE5->0x65 0x03FD [0m
[31m[0.350][linker]-[Error]-[DjiChannel_uartRead:88) uart read data error [0m
[31m[0.351][linker]-[Error]-[DjiChannel_uartRead:88) uart read data error [0m
[31m[0.353][linker]-[Error]-[DjiChannel_uartRead:88) uart read data error [0m
[31m[0.354][linker]-[Error]-[DjiChannel_uartRead:88) uart read data error [0m
[31m[0.355][linker]-[Error]-[DjiChannel_uartRead:88) uart read data error [0m
[31m[0.357][linker]-[Error]-[DjiChannel_uartRead:88) uart read data error [0m
[31m[0.358][linker]-[Error]-[DjiChannel_uartRead:88) uart read data error [0m
[31m[0.359][linker]-[Error]-[DjiChannel_uartRead:88) uart read data error [0m
[31m[0.360][linker]-[Error]-[DjiChannel_uartRead:88) uart read data error [0m
[31m[0.361][linker]-[Error]-[DjiChannel_uartRead:88) uart read data error [0m
[31m[0.363][linker]-[Error]-[DjiChannel_uartRead:88) uart read data error [0m
[31m[0.364][linker]-[Error]-[DjiChannel_uartRead:88) uart read data error [0m
[31m[0.365][linker]-[Error]-[DjiChannel_uartRead:88) uart read data error [0m
[31m[0.366][linker]-[Error]-[DjiChannel_uartRead:88) uart read data error [0m
[31m[0.368][linker]-[Error]-[DjiChannel_uartRead:88) uart read data error [0m
[31m[0.369][linker]-[Error]-[DjiChannel_uartRead:88) uart read data error [0m
[37m[0.369][linker]-[Debug]-[DjiProtocol_v1Pack:120) V1-Send: 0xE5->0x65 0x03FD [0m
[31m[0.370][linker]-[Error]-[DjiChannel_uartRead:88) uart read data error [0m
[31m[0.371][linker]-[Error]-[DjiChannel_uartRead:88) uart read data error [0m
[31m[0.373][linker]-[Error]-[DjiChannel_uartRead:88) uart read data error [0m
[31m[0.374][linker]-[Error]-[DjiChannel_uartRead:88) uart read data error [0m
[31m[0.375][linker]-[Error]-[DjiChannel_uartRead:88) uart read data error [0m
[31m[0.376][linker]-[Error]-[DjiChannel_uartRead:88) uart read data error [0m
[31m[0.378][linker]-[Error]-[DjiChannel_uartRead:88) uart read data error [0m
[31m[0.379][linker]-[Error]-[DjiChannel_uartRead:88) uart read data error [0m
[31m[0.380][linker]-[Error]-[DjiChannel_uartRead:88) uart read data error [0m
[31m[0.381][linker]-[Error]-[DjiChannel_uartRead:88) uart read data error [0m
[31m[0.383][linker]-[Error]-[DjiChannel_uartRead:88) uart read data error [0m
[31m[0.384][linker]-[Error]-[DjiChannel_uartRead:88) uart read data error [0m
[31m[0.385][linker]-[Error]-[DjiChannel_uartRead:88) uart read data error [0m
[31m[0.386][linker]-[Error]-[DjiChannel_uartRead:88) uart read data error [0m
[31m[0.387][linker]-[Error]-[DjiChannel_uartRead:88) uart read data error [0m
[31m[0.388][linker]-[Error]-[DjiChannel_uartRead:88) uart read data error [0m
[37m[0.390][linker]-[Debug]-[DjiProtocol_v1Pack:120) V1-Send: 0xE5->0x65 0x03FD [0m
[31m[0.390][linker]-[Error]-[DjiChannel_uartRead:88) uart read data error [0m
[31m[0.391][linker]-[Error]-[DjiChannel_uartRead:88) uart read data error [0m
[31m[0.393][linker]-[Error]-[DjiChannel_uartRead:88) uart read data error [0m
[31m[0.394][linker]-[Error]-[DjiChannel_uartRead:88) uart read data error [0m
[31m[0.395][linker]-[Error]-[DjiChannel_uartRead:88) uart read data error [0m
[31m[0.396][linker]-[Error]-[DjiChannel_uartRead:88) uart read data error [0m
[31m[0.397][linker]-[Error]-[DjiChannel_uartRead:88) uart read data error [0m
[31m[0.399][linker]-[Error]-[DjiChannel_uartRead:88) uart read data error [0m
[31m[0.400][linker]-[Error]-[DjiChannel_uartRead:88) uart read data error [0m
[31m[0.401][linker]-[Error]-[DjiChannel_uartRead:88) uart read data error [0m
[31m[0.402][linker]-[Error]-[DjiChannel_uartRead:88) uart read data error [0m
[31m[0.403][linker]-[Error]-[DjiChannel_uartRead:88) uart read data error [0m
[31m[0.405][linker]-[Error]-[DjiChannel_uartRead:88) uart read data error [0m
[31m[0.406][linker]-[Error]-[DjiChannel_uartRead:88) uart read data error [0m
[31m[0.407][linker]-[Error]-[DjiChannel_uartRead:88) uart read data error [0m
[31m[0.408][linker]-[Error]-[DjiChannel_uartRead:88) uart read data error [0m
[31m[0.409][linker]-[Error]-[DjiChannel_uartRead:88) uart read data error [0m
[37m[0.410][linker]-[Debug]-[DjiProtocol_v1Pack:120) V1-Send: 0xE5->0x65 0x03FD [0m
[31m[0.411][linker]-[Error]-[DjiChannel_uartRead:88) uart read data error [0m
[31m[0.412][linker]-[Error]-[DjiChannel_uartRead:88) uart read data error [0m
[31m[0.413][linker]-[Error]-[DjiChannel_uartRead:88) uart read data error [0m
[31m[0.414][linker]-[Error]-[DjiChannel_uartRead:88) uart read data error [0m
[31m[0.415][linker]-[Error]-[DjiChannel_uartRead:88) uart read data error [0m
[31m[0.417][linker]-[Error]-[DjiChannel_uartRead:88) uart read data error [0m
[31m[0.418][linker]-[Error]-[DjiChannel_uartRead:88) uart read data error [0m
[31m[0.419][linker]-[Error]-[DjiChannel_uartRead:88) uart read data error [0m
[31m[0.420][linker]-[Error]-[DjiChannel_uartRead:88) uart read data error [0m
[31m[0.421][linker]-[Error]-[DjiChannel_uartRead:88) uart read data error [0m
[31m[0.422][linker]-[Error]-[DjiChannel_uartRead:88) uart read data error [0m
[31m[0.424][linker]-[Error]-[DjiChannel_uartRead:88) uart read data error [0m
[31m[0.425][linker]-[Error]-[DjiChannel_uartRead:88) uart read data error [0m
[31m[0.426][linker]-[Error]-[DjiChannel_uartRead:88) uart read data error [0m
[31m[0.427][linker]-[Error]-[DjiChannel_uartRead:88) uart read data error [0m
[31m[0.428][linker]-[Error]-[DjiChannel_uartRead:88) uart read data error [0m
[31m[0.430][linker]-[Error]-[DjiChannel_uartRead:88) uart read data error [0m
[37m[0.431][linker]-[Debug]-[DjiProtocol_v1Pack:120) V1-Send: 0xE5->0x65 0x03FD [0m
[31m[0.431][linker]-[Error]-[DjiChannel_uartRead:88) uart read data error [0m
[31m[0.432][linker]-[Error]-[DjiChannel_uartRead:88) uart read data error [0m
[31m[0.433][linker]-[Error]-[DjiChannel_uartRead:88) uart read data error [0m
[31m[0.435][linker]-[Error]-[DjiChannel_uartRead:88) uart read data error [0m
[31m[0.436][linker]-[Error]-[DjiChannel_uartRead:88) uart read data error [0m
[31m[0.437][linker]-[Error]-[DjiChannel_uartRead:88) uart read data error [0m
[31m[0.438][linker]-[Error]-[DjiChannel_uartRead:88) uart read data error [0m
[31m[0.439][linker]-[Error]-[DjiChannel_uartRead:88) uart read data error [0m
[31m[0.440][linker]-[Error]-[DjiChannel_uartRead:88) uart read data error [0m
[31m[0.442][linker]-[Error]-[DjiChannel_uartRead:88) uart read data error [0m
[31m[0.443][linker]-[Error]-[DjiChannel_uartRead:88) uart read data error [0m
[31m[0.444][linker]-[Error]-[DjiChannel_uartRead:88) uart read data error [0m
[31m[0.445][linker]-[Error]-[DjiChannel_uartRead:88) uart read data error [0m
[31m[0.447][linker]-[Error]-[DjiChannel_uartRead:88) uart read data error [0m
[31m[0.448][linker]-[Error]-[DjiChannel_uartRead:88) uart read data error [0m
[31m[0.449][linker]-[Error]-[DjiChannel_uartRead:88) uart read data error [0m
[31m[0.450][linker]-[Error]-[DjiChannel_uartRead:88) uart read data error [0m
[37m[0.451][linker]-[Debug]-[DjiLinker_DeInit:164) deinit linker success, protocol:2, channelId:0 [0m
[37m[0.460][linker]-[Debug]-[DjiLinker_Init:124) init linker success, protocol:2, channelId:0 [0m
[37m[0.460][linker]-[Debug]-[DjiProtocol_v1Pack:120) V1-Send: 0xE5->0x65 0x03FD [0m
[37m[0.481][linker]-[Debug]-[DjiProtocol_v1Pack:120) V1-Send: 0xE5->0x65 0x03FD [0m
[37m[0.501][linker]-[Debug]-[DjiProtocol_v1Pack:120) V1-Send: 0xE5->0x65 0x03FD [0m
[37m[0.521][linker]-[Debug]-[DjiProtocol_v1Pack:120) V1-Send: 0xE5->0x65 0x03FD [0m
[37m[0.541][linker]-[Debug]-[DjiProtocol_v1Pack:120) V1-Send: 0xE5->0x65 0x03FD [0m
[37m[0.562][linker]-[Debug]-[DjiLinker_DeInit:164) deinit linker success, protocol:2, channelId:0 [0m
[37m[0.568][linker]-[Debug]-[DjiLinker_Init:124) init linker success, protocol:2, channelId:0 [0m
[37m[0.569][linker]-[Debug]-[DjiProtocol_v1Pack:120) V1-Send: 0xE5->0x65 0x03FD [0m
[37m[0.589][linker]-[Debug]-[DjiProtocol_v1Pack:120) V1-Send: 0xE5->0x65 0x03FD [0m
[37m[0.609][linker]-[Debug]-[DjiProtocol_v1Pack:120) V1-Send: 0xE5->0x65 0x03FD [0m
[37m[0.629][linker]-[Debug]-[DjiProtocol_v1Pack:120) V1-Send: 0xE5->0x65 0x03FD [0m
[37m[0.649][linker]-[Debug]-[DjiProtocol_v1Pack:120) V1-Send: 0xE5->0x65 0x03FD [0m
[37m[0.670][linker]-[Debug]-[DjiLinker_DeInit:164) deinit linker success, protocol:2, channelId:0 [0m
[37m[0.677][linker]-[Debug]-[DjiLinker_Init:124) init linker success, protocol:2, channelId:0 [0m
[37m[0.677][linker]-[Debug]-[DjiProtocol_v1Pack:120) V1-Send: 0xCA->0x03 0x03FD [0m
[37m[0.697][linker]-[Debug]-[DjiProtocol_v1Pack:120) V1-Send: 0xCA->0x03 0x03FD [0m
[37m[0.718][linker]-[Debug]-[DjiProtocol_v1Pack:120) V1-Send: 0xCA->0x03 0x03FD [0m
[37m[0.738][linker]-[Debug]-[DjiProtocol_v1Pack:120) V1-Send: 0xCA->0x03 0x03FD [0m
[37m[0.758][linker]-[Debug]-[DjiProtocol_v1Pack:120) V1-Send: 0xCA->0x03 0x03FD [0m
[37m[0.779][linker]-[Debug]-[DjiLinker_DeInit:164) deinit linker success, protocol:2, channelId:0 [0m
[37m[0.787][linker]-[Debug]-[DjiLinker_Init:124) init linker success, protocol:2, channelId:0 [0m
[37m[0.787][linker]-[Debug]-[DjiProtocol_v1Pack:120) V1-Send: 0xCA->0x03 0x03FD [0m
[37m[0.809][linker]-[Debug]-[DjiProtocol_v1Pack:120) V1-Send: 0xCA->0x03 0x03FD [0m
[37m[0.829][linker]-[Debug]-[DjiProtocol_v1Pack:120) V1-Send: 0xCA->0x03 0x03FD [0m
[37m[0.849][linker]-[Debug]-[DjiProtocol_v1Pack:120) V1-Send: 0xCA->0x03 0x03FD [0m
[37m[0.870][linker]-[Debug]-[DjiProtocol_v1Pack:120) V1-Send: 0xCA->0x03 0x03FD [0m
[37m[0.890][linker]-[Debug]-[DjiLinker_DeInit:164) deinit linker success, protocol:2, channelId:0 [0m
[37m[0.896][linker]-[Debug]-[DjiLinker_Init:124) init linker success, protocol:2, channelId:0 [0m
[37m[0.896][linker]-[Debug]-[DjiProtocol_v1Pack:120) V1-Send: 0xCA->0x03 0x03FD [0m
[37m[0.916][linker]-[Debug]-[DjiProtocol_v1Pack:120) V1-Send: 0xCA->0x03 0x03FD [0m
[37m[0.936][linker]-[Debug]-[DjiProtocol_v1Pack:120) V1-Send: 0xCA->0x03 0x03FD [0m
[37m[0.956][linker]-[Debug]-[DjiProtocol_v1Pack:120) V1-Send: 0xCA->0x03 0x03FD [0m
[37m[0.977][linker]-[Debug]-[DjiProtocol_v1Pack:120) V1-Send: 0xCA->0x03 0x03FD [0m
[37m[0.997][linker]-[Debug]-[DjiLinker_DeInit:164) deinit linker success, protocol:2, channelId:0 [0m
[37m[1.004][linker]-[Debug]-[DjiLinker_Init:124) init linker success, protocol:2, channelId:0 [0m
[37m[1.004][linker]-[Debug]-[DjiProtocol_v1Pack:120) V1-Send: 0xCA->0x03 0x03FD [0m
[37m[1.024][linker]-[Debug]-[DjiProtocol_v1Pack:120) V1-Send: 0xCA->0x03 0x03FD [0m
[37m[1.044][linker]-[Debug]-[DjiProtocol_v1Pack:120) V1-Send: 0xCA->0x03 0x03FD [0m
[37m[1.064][linker]-[Debug]-[DjiProtocol_v1Pack:120) V1-Send: 0xCA->0x03 0x03FD [0m
[37m[1.085][linker]-[Debug]-[DjiProtocol_v1Pack:120) V1-Send: 0xCA->0x03 0x03FD [0m
[37m[1.105][linker]-[Debug]-[DjiLinker_DeInit:164) deinit linker success, protocol:2, channelId:0 [0m
[37m[1.111][linker]-[Debug]-[DjiLinker_Init:124) init linker success, protocol:2, channelId:0 [0m
[37m[1.111][linker]-[Debug]-[DjiProtocol_v1Pack:120) V1-Send: 0xCA->0x03 0x03FD [0m
[37m[1.131][linker]-[Debug]-[DjiProtocol_v1Pack:120) V1-Send: 0xCA->0x03 0x03FD [0m
[37m[1.137][utils]-[Debug]-[DjiCore_RootTask:131) work execution time: [0m
[37m[1.137][utils]-[Debug]-[DjiCore_RootTask:132) name	                execution time (ms)	  max execution time (ms) [0m
[37m[1.137][utils]-[Debug]-[DjiCore_RootTask:134) recorderWork                    	1       	1        [0m
[37m[1.137][utils]-[Debug]-[DjiCore_RootTask:134) flowControllerTask              	1       	1        [0m
[37m[1.151][linker]-[Debug]-[DjiProtocol_v1Pack:120) V1-Send: 0xCA->0x03 0x03FD [0m
[37m[1.171][linker]-[Debug]-[DjiProtocol_v1Pack:120) V1-Send: 0xCA->0x03 0x03FD [0m
[37m[1.191][linker]-[Debug]-[DjiProtocol_v1Pack:120) V1-Send: 0xCA->0x03 0x03FD [0m
[37m[1.212][linker]-[Debug]-[DjiLinker_DeInit:164) deinit linker success, protocol:2, channelId:0 [0m
[37m[1.218][linker]-[Debug]-[DjiLinker_Init:124) init linker success, protocol:1, channelId:0 [0m
[37m[1.218][linker]-[Debug]-[DjiProtocol_sdkPack:182) SDK-Send: 0xCA->0x03 0x0000 [0m
[37m[1.238][linker]-[Debug]-[DjiProtocol_sdkPack:182) SDK-Send: 0xCA->0x03 0x0000 [0m
[37m[1.258][linker]-[Debug]-[DjiProtocol_sdkPack:182) SDK-Send: 0xCA->0x03 0x0000 [0m
[37m[1.278][linker]-[Debug]-[DjiProtocol_sdkPack:182) SDK-Send: 0xCA->0x03 0x0000 [0m
[37m[1.298][linker]-[Debug]-[DjiProtocol_sdkPack:182) SDK-Send: 0xCA->0x03 0x0000 [0m
[37m[1.319][linker]-[Debug]-[DjiLinker_DeInit:164) deinit linker success, protocol:1, channelId:0 [0m
[37m[1.325][linker]-[Debug]-[DjiLinker_Init:124) init linker success, protocol:1, channelId:0 [0m
[37m[1.325][linker]-[Debug]-[DjiProtocol_sdkPack:182) SDK-Send: 0xCA->0x03 0x0000 [0m
[37m[1.345][linker]-[Debug]-[DjiProtocol_sdkPack:182) SDK-Send: 0xCA->0x03 0x0000 [0m
[37m[1.365][linker]-[Debug]-[DjiProtocol_sdkPack:182) SDK-Send: 0xCA->0x03 0x0000 [0m
[37m[1.385][linker]-[Debug]-[DjiProtocol_sdkPack:182) SDK-Send: 0xCA->0x03 0x0000 [0m
[31m[1.386][linker]-[Error]-[DjiChannel_uartRead:88) uart read data error [0m
[31m[1.389][linker]-[Error]-[DjiChannel_uartRead:88) uart read data error [0m
[31m[1.391][linker]-[Error]-[DjiChannel_uartRead:88) uart read data error [0m
[31m[1.392][linker]-[Error]-[DjiChannel_uartRead:88) uart read data error [0m
[31m[1.393][linker]-[Error]-[DjiChannel_uartRead:88) uart read data error [0m
[31m[1.394][linker]-[Error]-[DjiChannel_uartRead:88) uart read data error [0m
[31m[1.395][linker]-[Error]-[DjiChannel_uartRead:88) uart read data error [0m
[31m[1.396][linker]-[Error]-[DjiChannel_uartRead:88) uart read data error [0m
[31m[1.397][linker]-[Error]-[DjiChannel_uartRead:88) uart read data error [0m
[31m[1.399][linker]-[Error]-[DjiChannel_uartRead:88) uart read data error [0m
[31m[1.400][linker]-[Error]-[DjiChannel_uartRead:88) uart read data error [0m
[31m[1.401][linker]-[Error]-[DjiChannel_uartRead:88) uart read data error [0m
[31m[1.402][linker]-[Error]-[DjiChannel_uartRead:88) uart read data error [0m
[31m[1.403][linker]-[Error]-[DjiChannel_uartRead:88) uart read data error [0m
[31m[1.404][linker]-[Error]-[DjiChannel_uartRead:88) uart read data error [0m
[37m[1.406][linker]-[Debug]-[DjiProtocol_sdkPack:182) SDK-Send: 0xCA->0x03 0x0000 [0m
[31m[1.406][linker]-[Error]-[DjiChannel_uartRead:88) uart read data error [0m
[31m[1.407][linker]-[Error]-[DjiChannel_uartRead:88) uart read data error [0m
[31m[1.408][linker]-[Error]-[DjiChannel_uartRead:88) uart read data error [0m
[31m[1.410][linker]-[Error]-[DjiChannel_uartRead:88) uart read data error [0m
[31m[1.411][linker]-[Error]-[DjiChannel_uartRead:88) uart read data error [0m
[31m[1.413][linker]-[Error]-[DjiChannel_uartRead:88) uart read data error [0m
[31m[1.415][linker]-[Error]-[DjiChannel_uartRead:88) uart read data error [0m
[31m[1.417][linker]-[Error]-[DjiChannel_uartRead:88) uart read data error [0m
[31m[1.418][linker]-[Error]-[DjiChannel_uartRead:88) uart read data error [0m
[31m[1.420][linker]-[Error]-[DjiChannel_uartRead:88) uart read data error [0m
[31m[1.421][linker]-[Error]-[DjiChannel_uartRead:88) uart read data error [0m
[31m[1.423][linker]-[Error]-[DjiChannel_uartRead:88) uart read data error [0m
[31m[1.424][linker]-[Error]-[DjiChannel_uartRead:88) uart read data error [0m
[37m[1.426][linker]-[Debug]-[DjiLinker_DeInit:164) deinit linker success, protocol:1, channelId:0 [0m
[37m[1.433][linker]-[Debug]-[DjiLinker_Init:124) init linker success, protocol:1, channelId:0 [0m
[37m[1.433][linker]-[Debug]-[DjiProtocol_sdkPack:182) SDK-Send: 0xCA->0x03 0x0000 [0m
[37m[1.453][linker]-[Debug]-[DjiProtocol_sdkPack:182) SDK-Send: 0xCA->0x03 0x0000 [0m
[37m[1.473][linker]-[Debug]-[DjiProtocol_sdkPack:182) SDK-Send: 0xCA->0x03 0x0000 [0m
[37m[1.493][linker]-[Debug]-[DjiProtocol_sdkPack:182) SDK-Send: 0xCA->0x03 0x0000 [0m
[37m[1.513][linker]-[Debug]-[DjiProtocol_sdkPack:182) SDK-Send: 0xCA->0x03 0x0000 [0m
[37m[1.534][linker]-[Debug]-[DjiLinker_DeInit:164) deinit linker success, protocol:1, channelId:0 [0m
[37m[1.540][linker]-[Debug]-[DjiLinker_Init:124) init linker success, protocol:1, channelId:0 [0m
[37m[1.540][linker]-[Debug]-[DjiProtocol_sdkPack:182) SDK-Send: 0xCA->0x03 0x0000 [0m
[37m[1.560][linker]-[Debug]-[DjiProtocol_sdkPack:182) SDK-Send: 0xCA->0x03 0x0000 [0m
[37m[1.580][linker]-[Debug]-[DjiProtocol_sdkPack:182) SDK-Send: 0xCA->0x03 0x0000 [0m
[37m[1.601][linker]-[Debug]-[DjiProtocol_sdkPack:182) SDK-Send: 0xCA->0x03 0x0000 [0m
[37m[1.621][linker]-[Debug]-[DjiProtocol_sdkPack:182) SDK-Send: 0xCA->0x03 0x0000 [0m
[37m[1.641][linker]-[Debug]-[DjiLinker_DeInit:164) deinit linker success, protocol:1, channelId:0 [0m
[37m[1.647][linker]-[Debug]-[DjiLinker_Init:124) init linker success, protocol:1, channelId:0 [0m
[37m[1.647][linker]-[Debug]-[DjiProtocol_sdkPack:182) SDK-Send: 0xCA->0x03 0x0000 [0m
[37m[1.667][linker]-[Debug]-[DjiProtocol_sdkPack:182) SDK-Send: 0xCA->0x03 0x0000 [0m
[37m[1.688][linker]-[Debug]-[DjiProtocol_sdkPack:182) SDK-Send: 0xCA->0x03 0x0000 [0m
[37m[1.708][linker]-[Debug]-[DjiProtocol_sdkPack:182) SDK-Send: 0xCA->0x03 0x0000 [0m
[37m[1.728][linker]-[Debug]-[DjiProtocol_sdkPack:182) SDK-Send: 0xCA->0x03 0x0000 [0m
[37m[1.748][linker]-[Debug]-[DjiLinker_DeInit:164) deinit linker success, protocol:1, channelId:0 [0m
[32m[1.748][adapter]-[Info]-[DjiAccessAdapter_Init:162) Try identify UART0 connection failed. Probably because SDK adapter or aircraft not finish init or UART connect error. [0m
[37m[1.806][linker]-[Debug]-[DjiLinker_Init:124) init linker success, protocol:2, channelId:0 [0m
[37m[1.806][linker]-[Debug]-[DjiProtocol_v1Pack:120) V1-Send: 0xCA->0x03 0x03FD [0m
[37m[1.826][linker]-[Debug]-[DjiProtocol_v1Pack:120) V1-Send: 0xCA->0x03 0x03FD [0m
[37m[1.846][linker]-[Debug]-[DjiProtocol_v1Pack:120) V1-Send: 0xCA->0x03 0x03FD [0m
[37m[1.866][linker]-[Debug]-[DjiProtocol_v1Pack:120) V1-Send: 0xCA->0x03 0x03FD [0m
[37m[1.886][linker]-[Debug]-[DjiProtocol_v1Pack:120) V1-Send: 0xCA->0x03 0x03FD [0m
[37m[1.907][linker]-[Debug]-[DjiLinker_DeInit:164) deinit linker success, protocol:2, channelId:0 [0m
[37m[1.913][linker]-[Debug]-[DjiLinker_Init:124) init linker success, protocol:2, channelId:0 [0m
[37m[1.913][linker]-[Debug]-[DjiProtocol_v1Pack:120) V1-Send: 0xE5->0x65 0x03FD [0m
[37m[1.933][linker]-[Debug]-[DjiProtocol_v1Pack:120) V1-Send: 0xE5->0x65 0x03FD [0m
[37m[1.953][linker]-[Debug]-[DjiProtocol_v1Pack:120) V1-Send: 0xE5->0x65 0x03FD [0m
[37m[1.973][linker]-[Debug]-[DjiProtocol_v1Pack:120) V1-Send: 0xE5->0x65 0x03FD [0m
[37m[1.993][linker]-[Debug]-[DjiProtocol_v1Pack:120) V1-Send: 0xE5->0x65 0x03FD [0m
[37m[2.014][linker]-[Debug]-[DjiLinker_DeInit:164) deinit linker success, protocol:2, channelId:0 [0m
[37m[2.021][linker]-[Debug]-[DjiLinker_Init:124) init linker success, protocol:2, channelId:0 [0m
[37m[2.021][linker]-[Debug]-[DjiProtocol_v1Pack:120) V1-Send: 0xE5->0x65 0x03FD [0m
[37m[2.041][linker]-[Debug]-[DjiProtocol_v1Pack:120) V1-Send: 0xE5->0x65 0x03FD [0m
[37m[2.061][linker]-[Debug]-[DjiProtocol_v1Pack:120) V1-Send: 0xE5->0x65 0x03FD [0m
[37m[2.081][linker]-[Debug]-[DjiProtocol_v1Pack:120) V1-Send: 0xE5->0x65 0x03FD [0m
[37m[2.101][linker]-[Debug]-[DjiProtocol_v1Pack:120) V1-Send: 0xE5->0x65 0x03FD [0m
[37m[2.122][linker]-[Debug]-[DjiLinker_DeInit:164) deinit linker success, protocol:2, channelId:0 [0m
[37m[2.130][linker]-[Debug]-[DjiLinker_Init:124) init linker success, protocol:2, channelId:0 [0m
[37m[2.130][linker]-[Debug]-[DjiProtocol_v1Pack:120) V1-Send: 0xE5->0x65 0x03FD [0m
[37m[2.150][linker]-[Debug]-[DjiProtocol_v1Pack:120) V1-Send: 0xE5->0x65 0x03FD [0m
[37m[2.170][linker]-[Debug]-[DjiProtocol_v1Pack:120) V1-Send: 0xE5->0x65 0x03FD [0m
[37m[2.190][linker]-[Debug]-[DjiProtocol_v1Pack:120) V1-Send: 0xE5->0x65 0x03FD [0m
[37m[2.211][linker]-[Debug]-[DjiProtocol_v1Pack:120) V1-Send: 0xE5->0x65 0x03FD [0m
[37m[2.224][utils]-[Debug]-[DjiCore_RootTask:131) work execution time: [0m
[37m[2.224][utils]-[Debug]-[DjiCore_RootTask:132) name	                execution time (ms)	  max execution time (ms) [0m
[37m[2.224][utils]-[Debug]-[DjiCore_RootTask:134) recorderWork                    	1       	1        [0m
[37m[2.224][utils]-[Debug]-[DjiCore_RootTask:134) flowControllerTask              	1       	1        [0m
[37m[2.231][linker]-[Debug]-[DjiLinker_DeInit:164) deinit linker success, protocol:2, channelId:0 [0m
[37m[2.237][linker]-[Debug]-[DjiLinker_Init:124) init linker success, protocol:2, channelId:0 [0m
[37m[2.237][linker]-[Debug]-[DjiProtocol_v1Pack:120) V1-Send: 0xE5->0x65 0x03FD [0m
[37m[2.257][linker]-[Debug]-[DjiProtocol_v1Pack:120) V1-Send: 0xE5->0x65 0x03FD [0m
[37m[2.277][linker]-[Debug]-[DjiProtocol_v1Pack:120) V1-Send: 0xE5->0x65 0x03FD [0m
[37m[2.297][linker]-[Debug]-[DjiProtocol_v1Pack:120) V1-Send: 0xE5->0x65 0x03FD [0m
[37m[2.317][linker]-[Debug]-[DjiProtocol_v1Pack:120) V1-Send: 0xE5->0x65 0x03FD [0m
[37m[2.338][linker]-[Debug]-[DjiLinker_DeInit:164) deinit linker success, protocol:2, channelId:0 [0m
[37m[2.344][linker]-[Debug]-[DjiLinker_Init:124) init linker success, protocol:2, channelId:0 [0m
[37m[2.344][linker]-[Debug]-[DjiProtocol_v1Pack:120) V1-Send: 0xE5->0x65 0x03FD [0m
[37m[2.364][linker]-[Debug]-[DjiProtocol_v1Pack:120) V1-Send: 0xE5->0x65 0x03FD [0m
[31m[2.384][linker]-[Error]-[DjiChannel_uartRead:88) uart read data error [0m
[37m[2.385][linker]-[Debug]-[DjiProtocol_v1Pack:120) V1-Send: 0xE5->0x65 0x03FD [0m
[37m[2.385][linker]-[Debug]-[DjiProtocol_v1Unpack:163) protocol frame length error [0m
[31m[2.387][linker]-[Error]-[DjiChannel_uartRead:88) uart read data error [0m
[31m[2.388][linker]-[Error]-[DjiChannel_uartRead:88) uart read data error [0m
[31m[2.389][linker]-[Error]-[DjiChannel_uartRead:88) uart read data error [0m
[31m[2.390][linker]-[Error]-[DjiChannel_uartRead:88) uart read data error [0m
[31m[2.392][linker]-[Error]-[DjiChannel_uartRead:88) uart read data error [0m
[31m[2.393][linker]-[Error]-[DjiChannel_uartRead:88) uart read data error [0m
[31m[2.394][linker]-[Error]-[DjiChannel_uartRead:88) uart read data error [0m
[31m[2.395][linker]-[Error]-[DjiChannel_uartRead:88) uart read data error [0m
[31m[2.396][linker]-[Error]-[DjiChannel_uartRead:88) uart read data error [0m
[31m[2.398][linker]-[Error]-[DjiChannel_uartRead:88) uart read data error [0m
[31m[2.399][linker]-[Error]-[DjiChannel_uartRead:88) uart read data error [0m
[31m[2.400][linker]-[Error]-[DjiChannel_uartRead:88) uart read data error [0m
[31m[2.401][linker]-[Error]-[DjiChannel_uartRead:88) uart read data error [0m
[31m[2.403][linker]-[Error]-[DjiChannel_uartRead:88) uart read data error [0m
[31m[2.404][linker]-[Error]-[DjiChannel_uartRead:88) uart read data error [0m
[37m[2.405][linker]-[Debug]-[DjiProtocol_v1Pack:120) V1-Send: 0xE5->0x65 0x03FD [0m
[31m[2.405][linker]-[Error]-[DjiChannel_uartRead:88) uart read data error [0m
[31m[2.406][linker]-[Error]-[DjiChannel_uartRead:88) uart read data error [0m
[31m[2.407][linker]-[Error]-[DjiChannel_uartRead:88) uart read data error [0m
[31m[2.409][linker]-[Error]-[DjiChannel_uartRead:88) uart read data error [0m
[31m[2.410][linker]-[Error]-[DjiChannel_uartRead:88) uart read data error [0m
[31m[2.411][linker]-[Error]-[DjiChannel_uartRead:88) uart read data error [0m
[31m[2.412][linker]-[Error]-[DjiChannel_uartRead:88) uart read data error [0m
[31m[2.413][linker]-[Error]-[DjiChannel_uartRead:88) uart read data error [0m
[31m[2.415][linker]-[Error]-[DjiChannel_uartRead:88) uart read data error [0m
[31m[2.416][linker]-[Error]-[DjiChannel_uartRead:88) uart read data error [0m
[31m[2.417][linker]-[Error]-[DjiChannel_uartRead:88) uart read data error [0m
[31m[2.418][linker]-[Error]-[DjiChannel_uartRead:88) uart read data error [0m
[31m[2.419][linker]-[Error]-[DjiChannel_uartRead:88) uart read data error [0m
[31m[2.421][linker]-[Error]-[DjiChannel_uartRead:88) uart read data error [0m
[31m[2.422][linker]-[Error]-[DjiChannel_uartRead:88) uart read data error [0m
[31m[2.423][linker]-[Error]-[DjiChannel_uartRead:88) uart read data error [0m
[31m[2.424][linker]-[Error]-[DjiChannel_uartRead:88) uart read data error [0m
[37m[2.425][linker]-[Debug]-[DjiProtocol_v1Pack:120) V1-Send: 0xE5->0x65 0x03FD [0m
[31m[2.425][linker]-[Error]-[DjiChannel_uartRead:88) uart read data error [0m
[31m[2.427][linker]-[Error]-[DjiChannel_uartRead:88) uart read data error [0m
[31m[2.428][linker]-[Error]-[DjiChannel_uartRead:88) uart read data error [0m
[31m[2.429][linker]-[Error]-[DjiChannel_uartRead:88) uart read data error [0m
[31m[2.430][linker]-[Error]-[DjiChannel_uartRead:88) uart read data error [0m
[31m[2.431][linker]-[Error]-[DjiChannel_uartRead:88) uart read data error [0m
[31m[2.432][linker]-[Error]-[DjiChannel_uartRead:88) uart read data error [0m
[31m[2.434][linker]-[Error]-[DjiChannel_uartRead:88) uart read data error [0m
[31m[2.435][linker]-[Error]-[DjiChannel_uartRead:88) uart read data error [0m
[31m[2.436][linker]-[Error]-[DjiChannel_uartRead:88) uart read data error [0m
[31m[2.437][linker]-[Error]-[DjiChannel_uartRead:88) uart read data error [0m
[31m[2.438][linker]-[Error]-[DjiChannel_uartRead:88) uart read data error [0m
[31m[2.439][linker]-[Error]-[DjiChannel_uartRead:88) uart read data error [0m
[31m[2.441][linker]-[Error]-[DjiChannel_uartRead:88) uart read data error [0m
[31m[2.442][linker]-[Error]-[DjiChannel_uartRead:88) uart read data error [0m
[31m[2.443][linker]-[Error]-[DjiChannel_uartRead:88) uart read data error [0m
[31m[2.444][linker]-[Error]-[DjiChannel_uartRead:88) uart read data error [0m
[37m[2.445][linker]-[Debug]-[DjiLinker_DeInit:164) deinit linker success, protocol:2, channelId:0 [0m
[31m[2.455][linker]-[Error]-[DjiChannel_uartRead:88) uart read data error [0m
[37m[2.455][linker]-[Debug]-[DjiLinker_Init:124) init linker success, protocol:2, channelId:0 [0m
[37m[2.455][linker]-[Debug]-[DjiProtocol_v1Pack:120) V1-Send: 0xCA->0x03 0x03FD [0m
[31m[2.456][linker]-[Error]-[DjiChannel_uartRead:88) uart read data error [0m
[31m[2.457][linker]-[Error]-[DjiChannel_uartRead:88) uart read data error [0m
[31m[2.458][linker]-[Error]-[DjiChannel_uartRead:88) uart read data error [0m
[31m[2.459][linker]-[Error]-[DjiChannel_uartRead:88) uart read data error [0m
[31m[2.460][linker]-[Error]-[DjiChannel_uartRead:88) uart read data error [0m
[31m[2.462][linker]-[Error]-[DjiChannel_uartRead:88) uart read data error [0m
[31m[2.463][linker]-[Error]-[DjiChannel_uartRead:88) uart read data error [0m
[31m[2.464][linker]-[Error]-[DjiChannel_uartRead:88) uart read data error [0m
[31m[2.465][linker]-[Error]-[DjiChannel_uartRead:88) uart read data error [0m
[31m[2.466][linker]-[Error]-[DjiChannel_uartRead:88) uart read data error [0m
[31m[2.467][linker]-[Error]-[DjiChannel_uartRead:88) uart read data error [0m
[31m[2.468][linker]-[Error]-[DjiChannel_uartRead:88) uart read data error [0m
[31m[2.470][linker]-[Error]-[DjiChannel_uartRead:88) uart read data error [0m
[31m[2.471][linker]-[Error]-[DjiChannel_uartRead:88) uart read data error [0m
[31m[2.472][linker]-[Error]-[DjiChannel_uartRead:88) uart read data error [0m
[31m[2.473][linker]-[Error]-[DjiChannel_uartRead:88) uart read data error [0m
[31m[2.474][linker]-[Error]-[DjiChannel_uartRead:88) uart read data error [0m
[37m[2.475][linker]-[Debug]-[DjiProtocol_v1Pack:120) V1-Send: 0xCA->0x03 0x03FD [0m
[31m[2.476][linker]-[Error]-[DjiChannel_uartRead:88) uart read data error [0m
[31m[2.477][linker]-[Error]-[DjiChannel_uartRead:88) uart read data error [0m
[31m[2.478][linker]-[Error]-[DjiChannel_uartRead:88) uart read data error [0m
[31m[2.479][linker]-[Error]-[DjiChannel_uartRead:88) uart read data error [0m
[31m[2.480][linker]-[Error]-[DjiChannel_uartRead:88) uart read data error [0m
[31m[2.481][linker]-[Error]-[DjiChannel_uartRead:88) uart read data error [0m
[31m[2.483][linker]-[Error]-[DjiChannel_uartRead:88) uart read data error [0m
[31m[2.484][linker]-[Error]-[DjiChannel_uartRead:88) uart read data error [0m
[31m[2.485][linker]-[Error]-[DjiChannel_uartRead:88) uart read data error [0m
[31m[2.486][linker]-[Error]-[DjiChannel_uartRead:88) uart read data error [0m
[31m[2.487][linker]-[Error]-[DjiChannel_uartRead:88) uart read data error [0m
[31m[2.489][linker]-[Error]-[DjiChannel_uartRead:88) uart read data error [0m
[31m[2.490][linker]-[Error]-[DjiChannel_uartRead:88) uart read data error [0m
[31m[2.491][linker]-[Error]-[DjiChannel_uartRead:88) uart read data error [0m
[31m[2.493][linker]-[Error]-[DjiChannel_uartRead:88) uart read data error [0m
[31m[2.494][linker]-[Error]-[DjiChannel_uartRead:88) uart read data error [0m
[31m[2.495][linker]-[Error]-[DjiChannel_uartRead:88) uart read data error [0m
[37m[2.495][linker]-[Debug]-[DjiProtocol_v1Pack:120) V1-Send: 0xCA->0x03 0x03FD [0m
[31m[2.496][linker]-[Error]-[DjiChannel_uartRead:88) uart read data error [0m
[31m[2.497][linker]-[Error]-[DjiChannel_uartRead:88) uart read data error [0m
[31m[2.498][linker]-[Error]-[DjiChannel_uartRead:88) uart read data error [0m
[31m[2.499][linker]-[Error]-[DjiChannel_uartRead:88) uart read data error [0m
[31m[2.501][linker]-[Error]-[DjiChannel_uartRead:88) uart read data error [0m
[31m[2.502][linker]-[Error]-[DjiChannel_uartRead:88) uart read data error [0m
[31m[2.503][linker]-[Error]-[DjiChannel_uartRead:88) uart read data error [0m
[31m[2.504][linker]-[Error]-[DjiChannel_uartRead:88) uart read data error [0m
[31m[2.505][linker]-[Error]-[DjiChannel_uartRead:88) uart read data error [0m
[31m[2.507][linker]-[Error]-[DjiChannel_uartRead:88) uart read data error [0m
[31m[2.508][linker]-[Error]-[DjiChannel_uartRead:88) uart read data error [0m
[31m[2.509][linker]-[Error]-[DjiChannel_uartRead:88) uart read data error [0m
[31m[2.510][linker]-[Error]-[DjiChannel_uartRead:88) uart read data error [0m
[31m[2.511][linker]-[Error]-[DjiChannel_uartRead:88) uart read data error [0m
[31m[2.512][linker]-[Error]-[DjiChannel_uartRead:88) uart read data error [0m
[31m[2.514][linker]-[Error]-[DjiChannel_uartRead:88) uart read data error [0m
[31m[2.515][linker]-[Error]-[DjiChannel_uartRead:88) uart read data error [0m
[37m[2.515][linker]-[Debug]-[DjiProtocol_v1Pack:120) V1-Send: 0xCA->0x03 0x03FD [0m
[31m[2.516][linker]-[Error]-[DjiChannel_uartRead:88) uart read data error [0m
[31m[2.517][linker]-[Error]-[DjiChannel_uartRead:88) uart read data error [0m
[31m[2.518][linker]-[Error]-[DjiChannel_uartRead:88) uart read data error [0m
[31m[2.519][linker]-[Error]-[DjiChannel_uartRead:88) uart read data error [0m
[31m[2.521][linker]-[Error]-[DjiChannel_uartRead:88) uart read data error [0m
[31m[2.522][linker]-[Error]-[DjiChannel_uartRead:88) uart read data error [0m
[31m[2.523][linker]-[Error]-[DjiChannel_uartRead:88) uart read data error [0m
[31m[2.524][linker]-[Error]-[DjiChannel_uartRead:88) uart read data error [0m
[31m[2.525][linker]-[Error]-[DjiChannel_uartRead:88) uart read data error [0m
[31m[2.527][linker]-[Error]-[DjiChannel_uartRead:88) uart read data error [0m
[31m[2.528][linker]-[Error]-[DjiChannel_uartRead:88) uart read data error [0m
[31m[2.529][linker]-[Error]-[DjiChannel_uartRead:88) uart read data error [0m
[31m[2.530][linker]-[Error]-[DjiChannel_uartRead:88) uart read data error [0m
[31m[2.531][linker]-[Error]-[DjiChannel_uartRead:88) uart read data error [0m
[31m[2.532][linker]-[Error]-[DjiChannel_uartRead:88) uart read data error [0m
[31m[2.533][linker]-[Error]-[DjiChannel_uartRead:88) uart read data error [0m
[31m[2.535][linker]-[Error]-[DjiChannel_uartRead:88) uart read data error [0m
[37m[2.536][linker]-[Debug]-[DjiProtocol_v1Pack:120) V1-Send: 0xCA->0x03 0x03FD [0m
[31m[2.536][linker]-[Error]-[DjiChannel_uartRead:88) uart read data error [0m
[31m[2.537][linker]-[Error]-[DjiChannel_uartRead:88) uart read data error [0m
[31m[2.538][linker]-[Error]-[DjiChannel_uartRead:88) uart read data error [0m
[31m[2.539][linker]-[Error]-[DjiChannel_uartRead:88) uart read data error [0m
[31m[2.540][linker]-[Error]-[DjiChannel_uartRead:88) uart read data error [0m
[31m[2.542][linker]-[Error]-[DjiChannel_uartRead:88) uart read data error [0m
[31m[2.543][linker]-[Error]-[DjiChannel_uartRead:88) uart read data error [0m
[31m[2.544][linker]-[Error]-[DjiChannel_uartRead:88) uart read data error [0m
[31m[2.545][linker]-[Error]-[DjiChannel_uartRead:88) uart read data error [0m
[31m[2.546][linker]-[Error]-[DjiChannel_uartRead:88) uart read data error [0m
[31m[2.548][linker]-[Error]-[DjiChannel_uartRead:88) uart read data error [0m
[31m[2.549][linker]-[Error]-[DjiChannel_uartRead:88) uart read data error [0m
[31m[2.550][linker]-[Error]-[DjiChannel_uartRead:88) uart read data error [0m
[31m[2.551][linker]-[Error]-[DjiChannel_uartRead:88) uart read data error [0m
[31m[2.552][linker]-[Error]-[DjiChannel_uartRead:88) uart read data error [0m
[31m[2.553][linker]-[Error]-[DjiChannel_uartRead:88) uart read data error [0m
[31m[2.555][linker]-[Error]-[DjiChannel_uartRead:88) uart read data error [0m
[31m[2.556][linker]-[Error]-[DjiChannel_uartRead:88) uart read data error [0m
[37m[2.556][linker]-[Debug]-[DjiLinker_DeInit:164) deinit linker success, protocol:2, channelId:0 [0m
[31m[2.567][linker]-[Error]-[DjiChannel_uartRead:88) uart read data error [0m
[37m[2.567][linker]-[Debug]-[DjiLinker_Init:124) init linker success, protocol:2, channelId:0 [0m
[37m[2.567][linker]-[Debug]-[DjiProtocol_v1Pack:120) V1-Send: 0xCA->0x03 0x03FD [0m
[31m[2.568][linker]-[Error]-[DjiChannel_uartRead:88) uart read data error [0m
[31m[2.570][linker]-[Error]-[DjiChannel_uartRead:88) uart read data error [0m
[31m[2.572][linker]-[Error]-[DjiChannel_uartRead:88) uart read data error [0m
[31m[2.573][linker]-[Error]-[DjiChannel_uartRead:88) uart read data error [0m
[31m[2.575][linker]-[Error]-[DjiChannel_uartRead:88) uart read data error [0m
[31m[2.577][linker]-[Error]-[DjiChannel_uartRead:88) uart read data error [0m
[31m[2.578][linker]-[Error]-[DjiChannel_uartRead:88) uart read data error [0m
[31m[2.580][linker]-[Error]-[DjiChannel_uartRead:88) uart read data error [0m
[31m[2.581][linker]-[Error]-[DjiChannel_uartRead:88) uart read data error [0m
[31m[2.583][linker]-[Error]-[DjiChannel_uartRead:88) uart read data error [0m
[31m[2.584][linker]-[Error]-[DjiChannel_uartRead:88) uart read data error [0m
[31m[2.585][linker]-[Error]-[DjiChannel_uartRead:88) uart read data error [0m
[31m[2.587][linker]-[Error]-[DjiChannel_uartRead:88) uart read data error [0m
[37m[2.587][linker]-[Debug]-[DjiProtocol_v1Pack:120) V1-Send: 0xCA->0x03 0x03FD [0m
[31m[2.588][linker]-[Error]-[DjiChannel_uartRead:88) uart read data error [0m
[31m[2.590][linker]-[Error]-[DjiChannel_uartRead:88) uart read data error [0m
[31m[2.591][linker]-[Error]-[DjiChannel_uartRead:88) uart read data error [0m
[31m[2.593][linker]-[Error]-[DjiChannel_uartRead:88) uart read data error [0m
[31m[2.594][linker]-[Error]-[DjiChannel_uartRead:88) uart read data error [0m
[31m[2.596][linker]-[Error]-[DjiChannel_uartRead:88) uart read data error [0m
[31m[2.598][linker]-[Error]-[DjiChannel_uartRead:88) uart read data error [0m
[31m[2.599][linker]-[Error]-[DjiChannel_uartRead:88) uart read data error [0m
[31m[2.601][linker]-[Error]-[DjiChannel_uartRead:88) uart read data error [0m
[31m[2.603][linker]-[Error]-[DjiChannel_uartRead:88) uart read data error [0m
[31m[2.604][linker]-[Error]-[DjiChannel_uartRead:88) uart read data error [0m
[31m[2.606][linker]-[Error]-[DjiChannel_uartRead:88) uart read data error [0m
[37m[2.607][linker]-[Debug]-[DjiProtocol_v1Pack:120) V1-Send: 0xCA->0x03 0x03FD [0m
[31m[2.607][linker]-[Error]-[DjiChannel_uartRead:88) uart read data error [0m
[31m[2.609][linker]-[Error]-[DjiChannel_uartRead:88) uart read data error [0m
[31m[2.611][linker]-[Error]-[DjiChannel_uartRead:88) uart read data error [0m
[31m[2.612][linker]-[Error]-[DjiChannel_uartRead:88) uart read data error [0m
[31m[2.614][linker]-[Error]-[DjiChannel_uartRead:88) uart read data error [0m
[31m[2.615][linker]-[Error]-[DjiChannel_uartRead:88) uart read data error [0m
[31m[2.617][linker]-[Error]-[DjiChannel_uartRead:88) uart read data error [0m
[31m[2.618][linker]-[Error]-[DjiChannel_uartRead:88) uart read data error [0m
[31m[2.620][linker]-[Error]-[DjiChannel_uartRead:88) uart read data error [0m
[31m[2.621][linker]-[Error]-[DjiChannel_uartRead:88) uart read data error [0m
[31m[2.623][linker]-[Error]-[DjiChannel_uartRead:88) uart read data error [0m
[31m[2.624][linker]-[Error]-[DjiChannel_uartRead:88) uart read data error [0m
[31m[2.626][linker]-[Error]-[DjiChannel_uartRead:88) uart read data error [0m
[37m[2.627][linker]-[Debug]-[DjiProtocol_v1Pack:120) V1-Send: 0xCA->0x03 0x03FD [0m
[31m[2.628][linker]-[Error]-[DjiChannel_uartRead:88) uart read data error [0m
[31m[2.629][linker]-[Error]-[DjiChannel_uartRead:88) uart read data error [0m
[31m[2.630][linker]-[Error]-[DjiChannel_uartRead:88) uart read data error [0m
[31m[2.632][linker]-[Error]-[DjiChannel_uartRead:88) uart read data error [0m
[31m[2.633][linker]-[Error]-[DjiChannel_uartRead:88) uart read data error [0m
[31m[2.635][linker]-[Error]-[DjiChannel_uartRead:88) uart read data error [0m
[31m[2.636][linker]-[Error]-[DjiChannel_uartRead:88) uart read data error [0m
[31m[2.638][linker]-[Error]-[DjiChannel_uartRead:88) uart read data error [0m
[31m[2.639][linker]-[Error]-[DjiChannel_uartRead:88) uart read data error [0m
[31m[2.640][linker]-[Error]-[DjiChannel_uartRead:88) uart read data error [0m
[31m[2.641][linker]-[Error]-[DjiChannel_uartRead:88) uart read data error [0m
[31m[2.643][linker]-[Error]-[DjiChannel_uartRead:88) uart read data error [0m
[31m[2.644][linker]-[Error]-[DjiChannel_uartRead:88) uart read data error [0m
[31m[2.645][linker]-[Error]-[DjiChannel_uartRead:88) uart read data error [0m
[31m[2.646][linker]-[Error]-[DjiChannel_uartRead:88) uart read data error [0m
[31m[2.647][linker]-[Error]-[DjiChannel_uartRead:88) uart read data error [0m
[37m[2.647][linker]-[Debug]-[DjiProtocol_v1Pack:120) V1-Send: 0xCA->0x03 0x03FD [0m
[31m[2.649][linker]-[Error]-[DjiChannel_uartRead:88) uart read data error [0m
[31m[2.650][linker]-[Error]-[DjiChannel_uartRead:88) uart read data error [0m
[31m[2.651][linker]-[Error]-[DjiChannel_uartRead:88) uart read data error [0m
[31m[2.653][linker]-[Error]-[DjiChannel_uartRead:88) uart read data error [0m
[31m[2.654][linker]-[Error]-[DjiChannel_uartRead:88) uart read data error [0m
[31m[2.655][linker]-[Error]-[DjiChannel_uartRead:88) uart read data error [0m
[31m[2.656][linker]-[Error]-[DjiChannel_uartRead:88) uart read data error [0m
[31m[2.658][linker]-[Error]-[DjiChannel_uartRead:88) uart read data error [0m
[31m[2.659][linker]-[Error]-[DjiChannel_uartRead:88) uart read data error [0m
[31m[2.660][linker]-[Error]-[DjiChannel_uartRead:88) uart read data error [0m
[31m[2.662][linker]-[Error]-[DjiChannel_uartRead:88) uart read data error [0m
[31m[2.663][linker]-[Error]-[DjiChannel_uartRead:88) uart read data error [0m
[31m[2.665][linker]-[Error]-[DjiChannel_uartRead:88) uart read data error [0m
[31m[2.666][linker]-[Error]-[DjiChannel_uartRead:88) uart read data error [0m
[31m[2.667][linker]-[Error]-[DjiChannel_uartRead:88) uart read data error [0m
[37m[2.668][linker]-[Debug]-[DjiLinker_DeInit:164) deinit linker success, protocol:2, channelId:0 [0m
[31m[2.676][linker]-[Error]-[DjiChannel_uartRead:88) uart read data error [0m
[37m[2.676][linker]-[Debug]-[DjiLinker_Init:124) init linker success, protocol:2, channelId:0 [0m
[37m[2.676][linker]-[Debug]-[DjiProtocol_v1Pack:120) V1-Send: 0xCA->0x03 0x03FD [0m
[31m[2.677][linker]-[Error]-[DjiChannel_uartRead:88) uart read data error [0m
[31m[2.678][linker]-[Error]-[DjiChannel_uartRead:88) uart read data error [0m
[31m[2.680][linker]-[Error]-[DjiChannel_uartRead:88) uart read data error [0m
[31m[2.681][linker]-[Error]-[DjiChannel_uartRead:88) uart read data error [0m
[31m[2.682][linker]-[Error]-[DjiChannel_uartRead:88) uart read data error [0m
[31m[2.683][linker]-[Error]-[DjiChannel_uartRead:88) uart read data error [0m
[31m[2.684][linker]-[Error]-[DjiChannel_uartRead:88) uart read data error [0m
[31m[2.686][linker]-[Error]-[DjiChannel_uartRead:88) uart read data error [0m
[31m[2.687][linker]-[Error]-[DjiChannel_uartRead:88) uart read data error [0m
[31m[2.688][linker]-[Error]-[DjiChannel_uartRead:88) uart read data error [0m
[31m[2.689][linker]-[Error]-[DjiChannel_uartRead:88) uart read data error [0m
[31m[2.690][linker]-[Error]-[DjiChannel_uartRead:88) uart read data error [0m
[31m[2.692][linker]-[Error]-[DjiChannel_uartRead:88) uart read data error [0m
[31m[2.693][linker]-[Error]-[DjiChannel_uartRead:88) uart read data error [0m
[31m[2.694][linker]-[Error]-[DjiChannel_uartRead:88) uart read data error [0m
[31m[2.695][linker]-[Error]-[DjiChannel_uartRead:88) uart read data error [0m
[31m[2.696][linker]-[Error]-[DjiChannel_uartRead:88) uart read data error [0m
[37m[2.696][linker]-[Debug]-[DjiProtocol_v1Pack:120) V1-Send: 0xCA->0x03 0x03FD [0m
[31m[2.697][linker]-[Error]-[DjiChannel_uartRead:88) uart read data error [0m
[31m[2.699][linker]-[Error]-[DjiChannel_uartRead:88) uart read data error [0m
[31m[2.700][linker]-[Error]-[DjiChannel_uartRead:88) uart read data error [0m
[31m[2.701][linker]-[Error]-[DjiChannel_uartRead:88) uart read data error [0m
[31m[2.702][linker]-[Error]-[DjiChannel_uartRead:88) uart read data error [0m
[31m[2.703][linker]-[Error]-[DjiChannel_uartRead:88) uart read data error [0m
[31m[2.704][linker]-[Error]-[DjiChannel_uartRead:88) uart read data error [0m
[31m[2.706][linker]-[Error]-[DjiChannel_uartRead:88) uart read data error [0m
[31m[2.707][linker]-[Error]-[DjiChannel_uartRead:88) uart read data error [0m
[31m[2.708][linker]-[Error]-[DjiChannel_uartRead:88) uart read data error [0m
[31m[2.709][linker]-[Error]-[DjiChannel_uartRead:88) uart read data error [0m
[31m[2.711][linker]-[Error]-[DjiChannel_uartRead:88) uart read data error [0m
[31m[2.712][linker]-[Error]-[DjiChannel_uartRead:88) uart read data error [0m
[31m[2.713][linker]-[Error]-[DjiChannel_uartRead:88) uart read data error [0m
[31m[2.714][linker]-[Error]-[DjiChannel_uartRead:88) uart read data error [0m
[31m[2.715][linker]-[Error]-[DjiChannel_uartRead:88) uart read data error [0m
[37m[2.716][linker]-[Debug]-[DjiProtocol_v1Pack:120) V1-Send: 0xCA->0x03 0x03FD [0m
[31m[2.716][linker]-[Error]-[DjiChannel_uartRead:88) uart read data error [0m
[31m[2.718][linker]-[Error]-[DjiChannel_uartRead:88) uart read data error [0m
[31m[2.719][linker]-[Error]-[DjiChannel_uartRead:88) uart read data error [0m
[31m[2.720][linker]-[Error]-[DjiChannel_uartRead:88) uart read data error [0m
[31m[2.721][linker]-[Error]-[DjiChannel_uartRead:88) uart read data error [0m
[31m[2.722][linker]-[Error]-[DjiChannel_uartRead:88) uart read data error [0m
[31m[2.723][linker]-[Error]-[DjiChannel_uartRead:88) uart read data error [0m
[31m[2.725][linker]-[Error]-[DjiChannel_uartRead:88) uart read data error [0m
[31m[2.726][linker]-[Error]-[DjiChannel_uartRead:88) uart read data error [0m
[31m[2.727][linker]-[Error]-[DjiChannel_uartRead:88) uart read data error [0m
[31m[2.728][linker]-[Error]-[DjiChannel_uartRead:88) uart read data error [0m
[31m[2.730][linker]-[Error]-[DjiChannel_uartRead:88) uart read data error [0m
[31m[2.731][linker]-[Error]-[DjiChannel_uartRead:88) uart read data error [0m
[31m[2.732][linker]-[Error]-[DjiChannel_uartRead:88) uart read data error [0m
[31m[2.734][linker]-[Error]-[DjiChannel_uartRead:88) uart read data error [0m
[31m[2.735][linker]-[Error]-[DjiChannel_uartRead:88) uart read data error [0m
[31m[2.736][linker]-[Error]-[DjiChannel_uartRead:88) uart read data error [0m
[37m[2.737][linker]-[Debug]-[DjiProtocol_v1Pack:120) V1-Send: 0xCA->0x03 0x03FD [0m
[31m[2.737][linker]-[Error]-[DjiChannel_uartRead:88) uart read data error [0m
[31m[2.738][linker]-[Error]-[DjiChannel_uartRead:88) uart read data error [0m
[31m[2.739][linker]-[Error]-[DjiChannel_uartRead:88) uart read data error [0m
[31m[2.740][linker]-[Error]-[DjiChannel_uartRead:88) uart read data error [0m
[31m[2.741][linker]-[Error]-[DjiChannel_uartRead:88) uart read data error [0m
[31m[2.743][linker]-[Error]-[DjiChannel_uartRead:88) uart read data error [0m
[31m[2.744][linker]-[Error]-[DjiChannel_uartRead:88) uart read data error [0m
[31m[2.745][linker]-[Error]-[DjiChannel_uartRead:88) uart read data error [0m
[31m[2.746][linker]-[Error]-[DjiChannel_uartRead:88) uart read data error [0m
[31m[2.747][linker]-[Error]-[DjiChannel_uartRead:88) uart read data error [0m
[31m[2.748][linker]-[Error]-[DjiChannel_uartRead:88) uart read data error [0m
[31m[2.749][linker]-[Error]-[DjiChannel_uartRead:88) uart read data error [0m
[31m[2.751][linker]-[Error]-[DjiChannel_uartRead:88) uart read data error [0m
[31m[2.752][linker]-[Error]-[DjiChannel_uartRead:88) uart read data error [0m
[31m[2.753][linker]-[Error]-[DjiChannel_uartRead:88) uart read data error [0m
[31m[2.755][linker]-[Error]-[DjiChannel_uartRead:88) uart read data error [0m
[31m[2.756][linker]-[Error]-[DjiChannel_uartRead:88) uart read data error [0m
[37m[2.757][linker]-[Debug]-[DjiProtocol_v1Pack:120) V1-Send: 0xCA->0x03 0x03FD [0m
[31m[2.758][linker]-[Error]-[DjiChannel_uartRead:88) uart read data error [0m
[31m[2.759][linker]-[Error]-[DjiChannel_uartRead:88) uart read data error [0m
[31m[2.760][linker]-[Error]-[DjiChannel_uartRead:88) uart read data error [0m
[31m[2.761][linker]-[Error]-[DjiChannel_uartRead:88) uart read data error [0m
[31m[2.762][linker]-[Error]-[DjiChannel_uartRead:88) uart read data error [0m
[31m[2.763][linker]-[Error]-[DjiChannel_uartRead:88) uart read data error [0m
[31m[2.765][linker]-[Error]-[DjiChannel_uartRead:88) uart read data error [0m
[31m[2.766][linker]-[Error]-[DjiChannel_uartRead:88) uart read data error [0m
[31m[2.767][linker]-[Error]-[DjiChannel_uartRead:88) uart read data error [0m
[31m[2.768][linker]-[Error]-[DjiChannel_uartRead:88) uart read data error [0m
[31m[2.769][linker]-[Error]-[DjiChannel_uartRead:88) uart read data error [0m
[31m[2.770][linker]-[Error]-[DjiChannel_uartRead:88) uart read data error [0m
[31m[2.772][linker]-[Error]-[DjiChannel_uartRead:88) uart read data error [0m
[31m[2.773][linker]-[Error]-[DjiChannel_uartRead:88) uart read data error [0m
[31m[2.774][linker]-[Error]-[DjiChannel_uartRead:88) uart read data error [0m
[31m[2.775][linker]-[Error]-[DjiChannel_uartRead:88) uart read data error [0m
[31m[2.776][linker]-[Error]-[DjiChannel_uartRead:88) uart read data error [0m
[37m[2.777][linker]-[Debug]-[DjiLinker_DeInit:164) deinit linker success, protocol:2, channelId:0 [0m
[31m[2.787][linker]-[Error]-[DjiChannel_uartRead:88) uart read data error [0m
[37m[2.787][linker]-[Debug]-[DjiLinker_Init:124) init linker success, protocol:2, channelId:0 [0m
[37m[2.787][linker]-[Debug]-[DjiProtocol_v1Pack:120) V1-Send: 0xCA->0x03 0x03FD [0m
[31m[2.788][linker]-[Error]-[DjiChannel_uartRead:88) uart read data error [0m
[31m[2.790][linker]-[Error]-[DjiChannel_uartRead:88) uart read data error [0m
[31m[2.791][linker]-[Error]-[DjiChannel_uartRead:88) uart read data error [0m
[31m[2.792][linker]-[Error]-[DjiChannel_uartRead:88) uart read data error [0m
[31m[2.794][linker]-[Error]-[DjiChannel_uartRead:88) uart read data error [0m
[31m[2.795][linker]-[Error]-[DjiChannel_uartRead:88) uart read data error [0m
[31m[2.797][linker]-[Error]-[DjiChannel_uartRead:88) uart read data error [0m
[31m[2.798][linker]-[Error]-[DjiChannel_uartRead:88) uart read data error [0m
[31m[2.799][linker]-[Error]-[DjiChannel_uartRead:88) uart read data error [0m
[31m[2.801][linker]-[Error]-[DjiChannel_uartRead:88) uart read data error [0m
[31m[2.803][linker]-[Error]-[DjiChannel_uartRead:88) uart read data error [0m
[31m[2.804][linker]-[Error]-[DjiChannel_uartRead:88) uart read data error [0m
[31m[2.805][linker]-[Error]-[DjiChannel_uartRead:88) uart read data error [0m
[31m[2.807][linker]-[Error]-[DjiChannel_uartRead:88) uart read data error [0m
[37m[2.807][linker]-[Debug]-[DjiProtocol_v1Pack:120) V1-Send: 0xCA->0x03 0x03FD [0m
[31m[2.808][linker]-[Error]-[DjiChannel_uartRead:88) uart read data error [0m
[31m[2.810][linker]-[Error]-[DjiChannel_uartRead:88) uart read data error [0m
[31m[2.811][linker]-[Error]-[DjiChannel_uartRead:88) uart read data error [0m
[31m[2.813][linker]-[Error]-[DjiChannel_uartRead:88) uart read data error [0m
[31m[2.814][linker]-[Error]-[DjiChannel_uartRead:88) uart read data error [0m
[31m[2.815][linker]-[Error]-[DjiChannel_uartRead:88) uart read data error [0m
[31m[2.817][linker]-[Error]-[DjiChannel_uartRead:88) uart read data error [0m
[31m[2.818][linker]-[Error]-[DjiChannel_uartRead:88) uart read data error [0m
[31m[2.820][linker]-[Error]-[DjiChannel_uartRead:88) uart read data error [0m
[31m[2.821][linker]-[Error]-[DjiChannel_uartRead:88) uart read data error [0m
[31m[2.822][linker]-[Error]-[DjiChannel_uartRead:88) uart read data error [0m
[31m[2.824][linker]-[Error]-[DjiChannel_uartRead:88) uart read data error [0m
[31m[2.825][linker]-[Error]-[DjiChannel_uartRead:88) uart read data error [0m
[31m[2.827][linker]-[Error]-[DjiChannel_uartRead:88) uart read data error [0m
[37m[2.827][linker]-[Debug]-[DjiProtocol_v1Pack:120) V1-Send: 0xCA->0x03 0x03FD [0m
[31m[2.828][linker]-[Error]-[DjiChannel_uartRead:88) uart read data error [0m
[31m[2.830][linker]-[Error]-[DjiChannel_uartRead:88) uart read data error [0m
[31m[2.831][linker]-[Error]-[DjiChannel_uartRead:88) uart read data error [0m
[31m[2.833][linker]-[Error]-[DjiChannel_uartRead:88) uart read data error [0m
[31m[2.834][linker]-[Error]-[DjiChannel_uartRead:88) uart read data error [0m
[31m[2.836][linker]-[Error]-[DjiChannel_uartRead:88) uart read data error [0m
[31m[2.837][linker]-[Error]-[DjiChannel_uartRead:88) uart read data error [0m
[31m[2.838][linker]-[Error]-[DjiChannel_uartRead:88) uart read data error [0m
[31m[2.840][linker]-[Error]-[DjiChannel_uartRead:88) uart read data error [0m
[31m[2.841][linker]-[Error]-[DjiChannel_uartRead:88) uart read data error [0m
[31m[2.843][linker]-[Error]-[DjiChannel_uartRead:88) uart read data error [0m
[31m[2.844][linker]-[Error]-[DjiChannel_uartRead:88) uart read data error [0m
[31m[2.845][linker]-[Error]-[DjiChannel_uartRead:88) uart read data error [0m
[31m[2.847][linker]-[Error]-[DjiChannel_uartRead:88) uart read data error [0m
[37m[2.847][linker]-[Debug]-[DjiProtocol_v1Pack:120) V1-Send: 0xCA->0x03 0x03FD [0m
[31m[2.848][linker]-[Error]-[DjiChannel_uartRead:88) uart read data error [0m
[31m[2.850][linker]-[Error]-[DjiChannel_uartRead:88) uart read data error [0m
[31m[2.851][linker]-[Error]-[DjiChannel_uartRead:88) uart read data error [0m
[31m[2.852][linker]-[Error]-[DjiChannel_uartRead:88) uart read data error [0m
[31m[2.854][linker]-[Error]-[DjiChannel_uartRead:88) uart read data error [0m
[31m[2.855][linker]-[Error]-[DjiChannel_uartRead:88) uart read data error [0m
[31m[2.857][linker]-[Error]-[DjiChannel_uartRead:88) uart read data error [0m
[31m[2.858][linker]-[Error]-[DjiChannel_uartRead:88) uart read data error [0m
[31m[2.860][linker]-[Error]-[DjiChannel_uartRead:88) uart read data error [0m
[31m[2.861][linker]-[Error]-[DjiChannel_uartRead:88) uart read data error [0m
[31m[2.863][linker]-[Error]-[DjiChannel_uartRead:88) uart read data error [0m
[31m[2.864][linker]-[Error]-[DjiChannel_uartRead:88) uart read data error [0m
[31m[2.866][linker]-[Error]-[DjiChannel_uartRead:88) uart read data error [0m
[31m[2.867][linker]-[Error]-[DjiChannel_uartRead:88) uart read data error [0m
[37m[2.867][linker]-[Debug]-[DjiProtocol_v1Pack:120) V1-Send: 0xCA->0x03 0x03FD [0m
[31m[2.868][linker]-[Error]-[DjiChannel_uartRead:88) uart read data error [0m
[31m[2.870][linker]-[Error]-[DjiChannel_uartRead:88) uart read data error [0m
[31m[2.871][linker]-[Error]-[DjiChannel_uartRead:88) uart read data error [0m
[31m[2.872][linker]-[Error]-[DjiChannel_uartRead:88) uart read data error [0m
[31m[2.873][linker]-[Error]-[DjiChannel_uartRead:88) uart read data error [0m
[31m[2.874][linker]-[Error]-[DjiChannel_uartRead:88) uart read data error [0m
[31m[2.875][linker]-[Error]-[DjiChannel_uartRead:88) uart read data error [0m
[31m[2.877][linker]-[Error]-[DjiChannel_uartRead:88) uart read data error [0m
[31m[2.878][linker]-[Error]-[DjiChannel_uartRead:88) uart read data error [0m
[31m[2.879][linker]-[Error]-[DjiChannel_uartRead:88) uart read data error [0m
[31m[2.880][linker]-[Error]-[DjiChannel_uartRead:88) uart read data error [0m
[31m[2.881][linker]-[Error]-[DjiChannel_uartRead:88) uart read data error [0m
[31m[2.883][linker]-[Error]-[DjiChannel_uartRead:88) uart read data error [0m
[31m[2.884][linker]-[Error]-[DjiChannel_uartRead:88) uart read data error [0m
[31m[2.885][linker]-[Error]-[DjiChannel_uartRead:88) uart read data error [0m
[31m[2.886][linker]-[Error]-[DjiChannel_uartRead:88) uart read data error [0m
[31m[2.887][linker]-[Error]-[DjiChannel_uartRead:88) uart read data error [0m
[37m[2.888][linker]-[Debug]-[DjiLinker_DeInit:164) deinit linker success, protocol:2, channelId:0 [0m
[37m[2.896][linker]-[Debug]-[DjiLinker_Init:124) init linker success, protocol:2, channelId:0 [0m
[37m[2.896][linker]-[Debug]-[DjiProtocol_v1Pack:120) V1-Send: 0xCA->0x03 0x03FD [0m
[31m[2.898][linker]-[Error]-[DjiChannel_uartRead:88) uart read data error [0m
[31m[2.900][linker]-[Error]-[DjiChannel_uartRead:88) uart read data error [0m
[31m[2.901][linker]-[Error]-[DjiChannel_uartRead:88) uart read data error [0m
[31m[2.902][linker]-[Error]-[DjiChannel_uartRead:88) uart read data error [0m
[31m[2.904][linker]-[Error]-[DjiChannel_uartRead:88) uart read data error [0m
[31m[2.905][linker]-[Error]-[DjiChannel_uartRead:88) uart read data error [0m
[31m[2.907][linker]-[Error]-[DjiChannel_uartRead:88) uart read data error [0m
[31m[2.908][linker]-[Error]-[DjiChannel_uartRead:88) uart read data error [0m
[31m[2.909][linker]-[Error]-[DjiChannel_uartRead:88) uart read data error [0m
[31m[2.911][linker]-[Error]-[DjiChannel_uartRead:88) uart read data error [0m
[31m[2.912][linker]-[Error]-[DjiChannel_uartRead:88) uart read data error [0m
[31m[2.914][linker]-[Error]-[DjiChannel_uartRead:88) uart read data error [0m
[31m[2.915][linker]-[Error]-[DjiChannel_uartRead:88) uart read data error [0m
[37m[2.916][linker]-[Debug]-[DjiProtocol_v1Pack:120) V1-Send: 0xCA->0x03 0x03FD [0m
[31m[2.917][linker]-[Error]-[DjiChannel_uartRead:88) uart read data error [0m
[31m[2.918][linker]-[Error]-[DjiChannel_uartRead:88) uart read data error [0m
[31m[2.919][linker]-[Error]-[DjiChannel_uartRead:88) uart read data error [0m
[31m[2.921][linker]-[Error]-[DjiChannel_uartRead:88) uart read data error [0m
[31m[2.922][linker]-[Error]-[DjiChannel_uartRead:88) uart read data error [0m
[31m[2.924][linker]-[Error]-[DjiChannel_uartRead:88) uart read data error [0m
[31m[2.925][linker]-[Error]-[DjiChannel_uartRead:88) uart read data error [0m
[31m[2.927][linker]-[Error]-[DjiChannel_uartRead:88) uart read data error [0m
[31m[2.928][linker]-[Error]-[DjiChannel_uartRead:88) uart read data error [0m
[31m[2.929][linker]-[Error]-[DjiChannel_uartRead:88) uart read data error [0m
[31m[2.931][linker]-[Error]-[DjiChannel_uartRead:88) uart read data error [0m
[31m[2.932][linker]-[Error]-[DjiChannel_uartRead:88) uart read data error [0m
[31m[2.934][linker]-[Error]-[DjiChannel_uartRead:88) uart read data error [0m
[31m[2.935][linker]-[Error]-[DjiChannel_uartRead:88) uart read data error [0m
[37m[2.937][linker]-[Debug]-[DjiProtocol_v1Pack:120) V1-Send: 0xCA->0x03 0x03FD [0m
[31m[2.937][linker]-[Error]-[DjiChannel_uartRead:88) uart read data error [0m
[31m[2.938][linker]-[Error]-[DjiChannel_uartRead:88) uart read data error [0m
[31m[2.939][linker]-[Error]-[DjiChannel_uartRead:88) uart read data error [0m
[31m[2.941][linker]-[Error]-[DjiChannel_uartRead:88) uart read data error [0m
[31m[2.942][linker]-[Error]-[DjiChannel_uartRead:88) uart read data error [0m
[31m[2.944][linker]-[Error]-[DjiChannel_uartRead:88) uart read data error [0m
[31m[2.945][linker]-[Error]-[DjiChannel_uartRead:88) uart read data error [0m
[31m[2.947][linker]-[Error]-[DjiChannel_uartRead:88) uart read data error [0m
[31m[2.948][linker]-[Error]-[DjiChannel_uartRead:88) uart read data error [0m
[31m[2.950][linker]-[Error]-[DjiChannel_uartRead:88) uart read data error [0m
[31m[2.951][linker]-[Error]-[DjiChannel_uartRead:88) uart read data error [0m
[31m[2.953][linker]-[Error]-[DjiChannel_uartRead:88) uart read data error [0m
[31m[2.954][linker]-[Error]-[DjiChannel_uartRead:88) uart read data error [0m
[31m[2.955][linker]-[Error]-[DjiChannel_uartRead:88) uart read data error [0m
[37m[2.957][linker]-[Debug]-[DjiProtocol_v1Pack:120) V1-Send: 0xCA->0x03 0x03FD [0m
[31m[2.957][linker]-[Error]-[DjiChannel_uartRead:88) uart read data error [0m
[31m[2.958][linker]-[Error]-[DjiChannel_uartRead:88) uart read data error [0m
[31m[2.960][linker]-[Error]-[DjiChannel_uartRead:88) uart read data error [0m
[31m[2.961][linker]-[Error]-[DjiChannel_uartRead:88) uart read data error [0m
[31m[2.962][linker]-[Error]-[DjiChannel_uartRead:88) uart read data error [0m
[31m[2.964][linker]-[Error]-[DjiChannel_uartRead:88) uart read data error [0m
[31m[2.965][linker]-[Error]-[DjiChannel_uartRead:88) uart read data error [0m
[31m[2.967][linker]-[Error]-[DjiChannel_uartRead:88) uart read data error [0m
[31m[2.968][linker]-[Error]-[DjiChannel_uartRead:88) uart read data error [0m
[31m[2.970][linker]-[Error]-[DjiChannel_uartRead:88) uart read data error [0m
[31m[2.971][linker]-[Error]-[DjiChannel_uartRead:88) uart read data error [0m
[31m[2.972][linker]-[Error]-[DjiChannel_uartRead:88) uart read data error [0m
[31m[2.974][linker]-[Error]-[DjiChannel_uartRead:88) uart read data error [0m
[31m[2.975][linker]-[Error]-[DjiChannel_uartRead:88) uart read data error [0m
[31m[2.977][linker]-[Error]-[DjiChannel_uartRead:88) uart read data error [0m
[37m[2.977][linker]-[Debug]-[DjiProtocol_v1Pack:120) V1-Send: 0xCA->0x03 0x03FD [0m
[31m[2.978][linker]-[Error]-[DjiChannel_uartRead:88) uart read data error [0m
[31m[2.980][linker]-[Error]-[DjiChannel_uartRead:88) uart read data error [0m
[31m[2.981][linker]-[Error]-[DjiChannel_uartRead:88) uart read data error [0m
[31m[2.982][linker]-[Error]-[DjiChannel_uartRead:88) uart read data error [0m
[31m[2.984][linker]-[Error]-[DjiChannel_uartRead:88) uart read data error [0m
[31m[2.985][linker]-[Error]-[DjiChannel_uartRead:88) uart read data error [0m
[31m[2.987][linker]-[Error]-[DjiChannel_uartRead:88) uart read data error [0m
[31m[2.988][linker]-[Error]-[DjiChannel_uartRead:88) uart read data error [0m
[31m[2.989][linker]-[Error]-[DjiChannel_uartRead:88) uart read data error [0m
[31m[2.990][linker]-[Error]-[DjiChannel_uartRead:88) uart read data error [0m
[31m[2.992][linker]-[Error]-[DjiChannel_uartRead:88) uart read data error [0m
[31m[2.993][linker]-[Error]-[DjiChannel_uartRead:88) uart read data error [0m
[31m[2.994][linker]-[Error]-[DjiChannel_uartRead:88) uart read data error [0m
[31m[2.995][linker]-[Error]-[DjiChannel_uartRead:88) uart read data error [0m
[31m[2.997][linker]-[Error]-[DjiChannel_uartRead:88) uart read data error [0m
[37m[2.997][linker]-[Debug]-[DjiLinker_DeInit:164) deinit linker success, protocol:2, channelId:0 [0m
[37m[3.005][linker]-[Debug]-[DjiLinker_Init:124) init linker success, protocol:1, channelId:0 [0m
[37m[3.005][linker]-[Debug]-[DjiProtocol_sdkPack:182) SDK-Send: 0xCA->0x03 0x0000 [0m
[37m[3.025][linker]-[Debug]-[DjiProtocol_sdkPack:182) SDK-Send: 0xCA->0x03 0x0000 [0m
[37m[3.046][linker]-[Debug]-[DjiProtocol_sdkPack:182) SDK-Send: 0xCA->0x03 0x0000 [0m
[37m[3.066][linker]-[Debug]-[DjiProtocol_sdkPack:182) SDK-Send: 0xCA->0x03 0x0000 [0m
[37m[3.086][linker]-[Debug]-[DjiProtocol_sdkPack:182) SDK-Send: 0xCA->0x03 0x0000 [0m
[37m[3.106][linker]-[Debug]-[DjiLinker_DeInit:164) deinit linker success, protocol:1, channelId:0 [0m
[37m[3.113][linker]-[Debug]-[DjiLinker_Init:124) init linker success, protocol:1, channelId:0 [0m
[37m[3.113][linker]-[Debug]-[DjiProtocol_sdkPack:182) SDK-Send: 0xCA->0x03 0x0000 [0m
[37m[3.133][linker]-[Debug]-[DjiProtocol_sdkPack:182) SDK-Send: 0xCA->0x03 0x0000 [0m
[37m[3.153][linker]-[Debug]-[DjiProtocol_sdkPack:182) SDK-Send: 0xCA->0x03 0x0000 [0m
[37m[3.173][linker]-[Debug]-[DjiProtocol_sdkPack:182) SDK-Send: 0xCA->0x03 0x0000 [0m
[37m[3.193][linker]-[Debug]-[DjiProtocol_sdkPack:182) SDK-Send: 0xCA->0x03 0x0000 [0m
[37m[3.214][linker]-[Debug]-[DjiLinker_DeInit:164) deinit linker success, protocol:1, channelId:0 [0m
[37m[3.219][linker]-[Debug]-[DjiLinker_Init:124) init linker success, protocol:1, channelId:0 [0m
[37m[3.219][linker]-[Debug]-[DjiProtocol_sdkPack:182) SDK-Send: 0xCA->0x03 0x0000 [0m
[37m[3.240][linker]-[Debug]-[DjiProtocol_sdkPack:182) SDK-Send: 0xCA->0x03 0x0000 [0m
[37m[3.260][linker]-[Debug]-[DjiProtocol_sdkPack:182) SDK-Send: 0xCA->0x03 0x0000 [0m
[37m[3.280][linker]-[Debug]-[DjiProtocol_sdkPack:182) SDK-Send: 0xCA->0x03 0x0000 [0m
[37m[3.300][linker]-[Debug]-[DjiProtocol_sdkPack:182) SDK-Send: 0xCA->0x03 0x0000 [0m
[37m[3.320][linker]-[Debug]-[DjiLinker_DeInit:164) deinit linker success, protocol:1, channelId:0 [0m
[37m[3.326][linker]-[Debug]-[DjiLinker_Init:124) init linker success, protocol:1, channelId:0 [0m
[37m[3.326][linker]-[Debug]-[DjiProtocol_sdkPack:182) SDK-Send: 0xCA->0x03 0x0000 [0m
[37m[3.337][utils]-[Debug]-[DjiCore_RootTask:131) work execution time: [0m
[37m[3.337][utils]-[Debug]-[DjiCore_RootTask:132) name	                execution time (ms)	  max execution time (ms) [0m
[37m[3.337][utils]-[Debug]-[DjiCore_RootTask:134) recorderWork                    	1       	1        [0m
[37m[3.337][utils]-[Debug]-[DjiCore_RootTask:134) flowControllerTask              	1       	1        [0m
[37m[3.347][linker]-[Debug]-[DjiProtocol_sdkPack:182) SDK-Send: 0xCA->0x03 0x0000 [0m
[37m[3.367][linker]-[Debug]-[DjiProtocol_sdkPack:182) SDK-Send: 0xCA->0x03 0x0000 [0m
[37m[3.387][linker]-[Debug]-[DjiProtocol_sdkPack:182) SDK-Send: 0xCA->0x03 0x0000 [0m
[37m[3.407][linker]-[Debug]-[DjiProtocol_sdkPack:182) SDK-Send: 0xCA->0x03 0x0000 [0m
[37m[3.427][linker]-[Debug]-[DjiLinker_DeInit:164) deinit linker success, protocol:1, channelId:0 [0m
[37m[3.433][linker]-[Debug]-[DjiLinker_Init:124) init linker success, protocol:1, channelId:0 [0m
[37m[3.433][linker]-[Debug]-[DjiProtocol_sdkPack:182) SDK-Send: 0xCA->0x03 0x0000 [0m
[37m[3.454][linker]-[Debug]-[DjiProtocol_sdkPack:182) SDK-Send: 0xCA->0x03 0x0000 [0m
[37m[3.474][linker]-[Debug]-[DjiProtocol_sdkPack:182) SDK-Send: 0xCA->0x03 0x0000 [0m
[37m[3.494][linker]-[Debug]-[DjiProtocol_sdkPack:182) SDK-Send: 0xCA->0x03 0x0000 [0m
[37m[3.514][linker]-[Debug]-[DjiProtocol_sdkPack:182) SDK-Send: 0xCA->0x03 0x0000 [0m
[37m[3.534][linker]-[Debug]-[DjiLinker_DeInit:164) deinit linker success, protocol:1, channelId:0 [0m
[32m[3.534][adapter]-[Info]-[DjiAccessAdapter_Init:162) Try identify UART0 connection failed. Probably because SDK adapter or aircraft not finish init or UART connect error. [0m
[37m[3.591][linker]-[Debug]-[DjiLinker_Init:124) init linker success, protocol:2, channelId:0 [0m
[37m[3.591][linker]-[Debug]-[DjiProtocol_v1Pack:120) V1-Send: 0xCA->0x03 0x03FD [0m
[37m[3.611][linker]-[Debug]-[DjiProtocol_v1Pack:120) V1-Send: 0xCA->0x03 0x03FD [0m
[37m[3.631][linker]-[Debug]-[DjiProtocol_v1Pack:120) V1-Send: 0xCA->0x03 0x03FD [0m
[37m[3.652][linker]-[Debug]-[DjiProtocol_v1Pack:120) V1-Send: 0xCA->0x03 0x03FD [0m
[37m[3.672][linker]-[Debug]-[DjiProtocol_v1Pack:120) V1-Send: 0xCA->0x03 0x03FD [0m
[37m[3.692][linker]-[Debug]-[DjiLinker_DeInit:164) deinit linker success, protocol:2, channelId:0 [0m
[37m[3.698][linker]-[Debug]-[DjiLinker_Init:124) init linker success, protocol:2, channelId:0 [0m
[37m[3.698][linker]-[Debug]-[DjiProtocol_v1Pack:120) V1-Send: 0xE5->0x65 0x03FD [0m
[37m[3.718][linker]-[Debug]-[DjiProtocol_v1Pack:120) V1-Send: 0xE5->0x65 0x03FD [0m
[37m[3.738][linker]-[Debug]-[DjiProtocol_v1Pack:120) V1-Send: 0xE5->0x65 0x03FD [0m
