[32m[0.016][core]-[Info]-[DjiCore_Init:95) Payload SDK Version : V3.3.0-beta.0-build.1665 [0m
[37m[0.017][utils]-[Debug]-[DjiCore_RootTask:131) work execution time: [0m
[37m[0.017][utils]-[Debug]-[DjiCore_RootTask:132) name	                execution time (ms)	  max execution time (ms) [0m
[37m[0.017][utils]-[Debug]-[DjiCore_RootTask:134) recorderWork                    	0       	0        [0m
[37m[0.017][utils]-[Debug]-[DjiCore_RootTask:134) flowControllerTask              	0       	0        [0m
[37m[0.030][linker]-[Debug]-[DjiLinker_Init:124) init linker success, protocol:2, channelId:0 [0m
[31m[0.030][linker]-[Error]-[DjiChannel_uartRead:88) uart read data error [0m
[37m[0.030][linker]-[Debug]-[DjiProtocol_v1Pack:120) V1-Send: 0xCA->0x03 0x03FD [0m
[31m[0.032][linker]-[Error]-[DjiChannel_uartRead:88) uart read data error [0m
[31m[0.033][linker]-[Error]-[DjiChannel_uartRead:88) uart read data error [0m
[31m[0.034][linker]-[Error]-[DjiChannel_uartRead:88) uart read data error [0m
[31m[0.035][linker]-[Error]-[DjiChannel_uartRead:88) uart read data error [0m
[31m[0.036][linker]-[Error]-[DjiChannel_uartRead:88) uart read data error [0m
[31m[0.037][linker]-[Error]-[DjiChannel_uartRead:88) uart read data error [0m
[31m[0.038][linker]-[Error]-[DjiChannel_uartRead:88) uart read data error [0m
[31m[0.039][linker]-[Error]-[DjiChannel_uartRead:88) uart read data error [0m
[31m[0.041][linker]-[Error]-[DjiChannel_uartRead:88) uart read data error [0m
[31m[0.042][linker]-[Error]-[DjiChannel_uartRead:88) uart read data error [0m
[31m[0.043][linker]-[Error]-[DjiChannel_uartRead:88) uart read data error [0m
[31m[0.044][linker]-[Error]-[DjiChannel_uartRead:88) uart read data error [0m
[31m[0.045][linker]-[Error]-[DjiChannel_uartRead:88) uart read data error [0m
[31m[0.046][linker]-[Error]-[DjiChannel_uartRead:88) uart read data error [0m
[31m[0.047][linker]-[Error]-[DjiChannel_uartRead:88) uart read data error [0m
[31m[0.049][linker]-[Error]-[DjiChannel_uartRead:88) uart read data error [0m
[31m[0.050][linker]-[Error]-[DjiChannel_uartRead:88) uart read data error [0m
[31m[0.051][linker]-[Error]-[DjiChannel_uartRead:88) uart read data error [0m
[37m[0.051][linker]-[Debug]-[DjiProtocol_v1Pack:120) V1-Send: 0xCA->0x03 0x03FD [0m
[31m[0.052][linker]-[Error]-[DjiChannel_uartRead:88) uart read data error [0m
[31m[0.053][linker]-[Error]-[DjiChannel_uartRead:88) uart read data error [0m
[31m[0.054][linker]-[Error]-[DjiChannel_uartRead:88) uart read data error [0m
[31m[0.055][linker]-[Error]-[DjiChannel_uartRead:88) uart read data error [0m
[31m[0.056][linker]-[Error]-[DjiChannel_uartRead:88) uart read data error [0m
[31m[0.058][linker]-[Error]-[DjiChannel_uartRead:88) uart read data error [0m
[31m[0.059][linker]-[Error]-[DjiChannel_uartRead:88) uart read data error [0m
[31m[0.060][linker]-[Error]-[DjiChannel_uartRead:88) uart read data error [0m
[31m[0.061][linker]-[Error]-[DjiChannel_uartRead:88) uart read data error [0m
[31m[0.064][linker]-[Error]-[DjiChannel_uartRead:88) uart read data error [0m
[31m[0.066][linker]-[Error]-[DjiChannel_uartRead:88) uart read data error [0m
[31m[0.067][linker]-[Error]-[DjiChannel_uartRead:88) uart read data error [0m
[31m[0.068][linker]-[Error]-[DjiChannel_uartRead:88) uart read data error [0m
[31m[0.069][linker]-[Error]-[DjiChannel_uartRead:88) uart read data error [0m
[31m[0.071][linker]-[Error]-[DjiChannel_uartRead:88) uart read data error [0m
[37m[0.071][linker]-[Debug]-[DjiProtocol_v1Pack:120) V1-Send: 0xCA->0x03 0x03FD [0m
[31m[0.072][linker]-[Error]-[DjiChannel_uartRead:88) uart read data error [0m
[31m[0.073][linker]-[Error]-[DjiChannel_uartRead:88) uart read data error [0m
[31m[0.074][linker]-[Error]-[DjiChannel_uartRead:88) uart read data error [0m
[31m[0.075][linker]-[Error]-[DjiChannel_uartRead:88) uart read data error [0m
[31m[0.077][linker]-[Error]-[DjiChannel_uartRead:88) uart read data error [0m
[31m[0.078][linker]-[Error]-[DjiChannel_uartRead:88) uart read data error [0m
[31m[0.079][linker]-[Error]-[DjiChannel_uartRead:88) uart read data error [0m
[31m[0.080][linker]-[Error]-[DjiChannel_uartRead:88) uart read data error [0m
[31m[0.082][linker]-[Error]-[DjiChannel_uartRead:88) uart read data error [0m
[31m[0.083][linker]-[Error]-[DjiChannel_uartRead:88) uart read data error [0m
[31m[0.084][linker]-[Error]-[DjiChannel_uartRead:88) uart read data error [0m
[31m[0.085][linker]-[Error]-[DjiChannel_uartRead:88) uart read data error [0m
[31m[0.086][linker]-[Error]-[DjiChannel_uartRead:88) uart read data error [0m
[31m[0.088][linker]-[Error]-[DjiChannel_uartRead:88) uart read data error [0m
[31m[0.089][linker]-[Error]-[DjiChannel_uartRead:88) uart read data error [0m
[31m[0.090][linker]-[Error]-[DjiChannel_uartRead:88) uart read data error [0m
[31m[0.091][linker]-[Error]-[DjiChannel_uartRead:88) uart read data error [0m
[37m[0.092][linker]-[Debug]-[DjiProtocol_v1Pack:120) V1-Send: 0xCA->0x03 0x03FD [0m
[31m[0.093][linker]-[Error]-[DjiChannel_uartRead:88) uart read data error [0m
[31m[0.094][linker]-[Error]-[DjiChannel_uartRead:88) uart read data error [0m
[31m[0.095][linker]-[Error]-[DjiChannel_uartRead:88) uart read data error [0m
[31m[0.096][linker]-[Error]-[DjiChannel_uartRead:88) uart read data error [0m
[31m[0.097][linker]-[Error]-[DjiChannel_uartRead:88) uart read data error [0m
[31m[0.098][linker]-[Error]-[DjiChannel_uartRead:88) uart read data error [0m
[31m[0.100][linker]-[Error]-[DjiChannel_uartRead:88) uart read data error [0m
[31m[0.101][linker]-[Error]-[DjiChannel_uartRead:88) uart read data error [0m
[31m[0.102][linker]-[Error]-[DjiChannel_uartRead:88) uart read data error [0m
[31m[0.103][linker]-[Error]-[DjiChannel_uartRead:88) uart read data error [0m
[31m[0.104][linker]-[Error]-[DjiChannel_uartRead:88) uart read data error [0m
[31m[0.106][linker]-[Error]-[DjiChannel_uartRead:88) uart read data error [0m
[31m[0.107][linker]-[Error]-[DjiChannel_uartRead:88) uart read data error [0m
[31m[0.108][linker]-[Error]-[DjiChannel_uartRead:88) uart read data error [0m
[31m[0.110][linker]-[Error]-[DjiChannel_uartRead:88) uart read data error [0m
[31m[0.111][linker]-[Error]-[DjiChannel_uartRead:88) uart read data error [0m
[37m[0.112][linker]-[Debug]-[DjiProtocol_v1Pack:120) V1-Send: 0xCA->0x03 0x03FD [0m
[31m[0.112][linker]-[Error]-[DjiChannel_uartRead:88) uart read data error [0m
[31m[0.113][linker]-[Error]-[DjiChannel_uartRead:88) uart read data error [0m
[31m[0.115][linker]-[Error]-[DjiChannel_uartRead:88) uart read data error [0m
[31m[0.116][linker]-[Error]-[DjiChannel_uartRead:88) uart read data error [0m
[31m[0.117][linker]-[Error]-[DjiChannel_uartRead:88) uart read data error [0m
[31m[0.118][linker]-[Error]-[DjiChannel_uartRead:88) uart read data error [0m
[31m[0.120][linker]-[Error]-[DjiChannel_uartRead:88) uart read data error [0m
[31m[0.121][linker]-[Error]-[DjiChannel_uartRead:88) uart read data error [0m
[31m[0.123][linker]-[Error]-[DjiChannel_uartRead:88) uart read data error [0m
[31m[0.124][linker]-[Error]-[DjiChannel_uartRead:88) uart read data error [0m
[31m[0.125][linker]-[Error]-[DjiChannel_uartRead:88) uart read data error [0m
[31m[0.126][linker]-[Error]-[DjiChannel_uartRead:88) uart read data error [0m
[31m[0.127][linker]-[Error]-[DjiChannel_uartRead:88) uart read data error [0m
[31m[0.129][linker]-[Error]-[DjiChannel_uartRead:88) uart read data error [0m
[31m[0.130][linker]-[Error]-[DjiChannel_uartRead:88) uart read data error [0m
[31m[0.131][linker]-[Error]-[DjiChannel_uartRead:88) uart read data error [0m
[37m[0.133][linker]-[Debug]-[DjiLinker_DeInit:164) deinit linker success, protocol:2, channelId:0 [0m
[31m[0.140][linker]-[Error]-[DjiChannel_uartRead:88) uart read data error [0m
[37m[0.140][linker]-[Debug]-[DjiLinker_Init:124) init linker success, protocol:2, channelId:0 [0m
[37m[0.140][linker]-[Debug]-[DjiProtocol_v1Pack:120) V1-Send: 0xE5->0x65 0x03FD [0m
[31m[0.141][linker]-[Error]-[DjiChannel_uartRead:88) uart read data error [0m
[31m[0.143][linker]-[Error]-[DjiChannel_uartRead:88) uart read data error [0m
[31m[0.144][linker]-[Error]-[DjiChannel_uartRead:88) uart read data error [0m
[31m[0.145][linker]-[Error]-[DjiChannel_uartRead:88) uart read data error [0m
[31m[0.146][linker]-[Error]-[DjiChannel_uartRead:88) uart read data error [0m
[31m[0.147][linker]-[Error]-[DjiChannel_uartRead:88) uart read data error [0m
[31m[0.149][linker]-[Error]-[DjiChannel_uartRead:88) uart read data error [0m
[31m[0.150][linker]-[Error]-[DjiChannel_uartRead:88) uart read data error [0m
[31m[0.151][linker]-[Error]-[DjiChannel_uartRead:88) uart read data error [0m
[31m[0.152][linker]-[Error]-[DjiChannel_uartRead:88) uart read data error [0m
[31m[0.153][linker]-[Error]-[DjiChannel_uartRead:88) uart read data error [0m
[31m[0.154][linker]-[Error]-[DjiChannel_uartRead:88) uart read data error [0m
[31m[0.156][linker]-[Error]-[DjiChannel_uartRead:88) uart read data error [0m
[31m[0.157][linker]-[Error]-[DjiChannel_uartRead:88) uart read data error [0m
[31m[0.158][linker]-[Error]-[DjiChannel_uartRead:88) uart read data error [0m
[31m[0.159][linker]-[Error]-[DjiChannel_uartRead:88) uart read data error [0m
[31m[0.160][linker]-[Error]-[DjiChannel_uartRead:88) uart read data error [0m
[37m[0.161][linker]-[Debug]-[DjiProtocol_v1Pack:120) V1-Send: 0xE5->0x65 0x03FD [0m
[31m[0.162][linker]-[Error]-[DjiChannel_uartRead:88) uart read data error [0m
[31m[0.163][linker]-[Error]-[DjiChannel_uartRead:88) uart read data error [0m
[31m[0.164][linker]-[Error]-[DjiChannel_uartRead:88) uart read data error [0m
[31m[0.165][linker]-[Error]-[DjiChannel_uartRead:88) uart read data error [0m
[31m[0.166][linker]-[Error]-[DjiChannel_uartRead:88) uart read data error [0m
[31m[0.168][linker]-[Error]-[DjiChannel_uartRead:88) uart read data error [0m
[31m[0.169][linker]-[Error]-[DjiChannel_uartRead:88) uart read data error [0m
[31m[0.170][linker]-[Error]-[DjiChannel_uartRead:88) uart read data error [0m
[31m[0.171][linker]-[Error]-[DjiChannel_uartRead:88) uart read data error [0m
[31m[0.172][linker]-[Error]-[DjiChannel_uartRead:88) uart read data error [0m
[31m[0.173][linker]-[Error]-[DjiChannel_uartRead:88) uart read data error [0m
[31m[0.174][linker]-[Error]-[DjiChannel_uartRead:88) uart read data error [0m
[31m[0.176][linker]-[Error]-[DjiChannel_uartRead:88) uart read data error [0m
[31m[0.177][linker]-[Error]-[DjiChannel_uartRead:88) uart read data error [0m
[31m[0.178][linker]-[Error]-[DjiChannel_uartRead:88) uart read data error [0m
[31m[0.179][linker]-[Error]-[DjiChannel_uartRead:88) uart read data error [0m
[31m[0.181][linker]-[Error]-[DjiChannel_uartRead:88) uart read data error [0m
[37m[0.181][linker]-[Debug]-[DjiProtocol_v1Pack:120) V1-Send: 0xE5->0x65 0x03FD [0m
[31m[0.182][linker]-[Error]-[DjiChannel_uartRead:88) uart read data error [0m
[31m[0.183][linker]-[Error]-[DjiChannel_uartRead:88) uart read data error [0m
[31m[0.184][linker]-[Error]-[DjiChannel_uartRead:88) uart read data error [0m
[31m[0.185][linker]-[Error]-[DjiChannel_uartRead:88) uart read data error [0m
[31m[0.186][linker]-[Error]-[DjiChannel_uartRead:88) uart read data error [0m
[31m[0.187][linker]-[Error]-[DjiChannel_uartRead:88) uart read data error [0m
[31m[0.189][linker]-[Error]-[DjiChannel_uartRead:88) uart read data error [0m
[31m[0.190][linker]-[Error]-[DjiChannel_uartRead:88) uart read data error [0m
[31m[0.191][linker]-[Error]-[DjiChannel_uartRead:88) uart read data error [0m
[31m[0.192][linker]-[Error]-[DjiChannel_uartRead:88) uart read data error [0m
[31m[0.193][linker]-[Error]-[DjiChannel_uartRead:88) uart read data error [0m
[31m[0.194][linker]-[Error]-[DjiChannel_uartRead:88) uart read data error [0m
[31m[0.195][linker]-[Error]-[DjiChannel_uartRead:88) uart read data error [0m
[31m[0.197][linker]-[Error]-[DjiChannel_uartRead:88) uart read data error [0m
[31m[0.198][linker]-[Error]-[DjiChannel_uartRead:88) uart read data error [0m
[31m[0.200][linker]-[Error]-[DjiChannel_uartRead:88) uart read data error [0m
[31m[0.201][linker]-[Error]-[DjiChannel_uartRead:88) uart read data error [0m
[37m[0.201][linker]-[Debug]-[DjiProtocol_v1Pack:120) V1-Send: 0xE5->0x65 0x03FD [0m
[31m[0.202][linker]-[Error]-[DjiChannel_uartRead:88) uart read data error [0m
[31m[0.203][linker]-[Error]-[DjiChannel_uartRead:88) uart read data error [0m
[31m[0.204][linker]-[Error]-[DjiChannel_uartRead:88) uart read data error [0m
[31m[0.206][linker]-[Error]-[DjiChannel_uartRead:88) uart read data error [0m
[31m[0.207][linker]-[Error]-[DjiChannel_uartRead:88) uart read data error [0m
[31m[0.208][linker]-[Error]-[DjiChannel_uartRead:88) uart read data error [0m
[31m[0.209][linker]-[Error]-[DjiChannel_uartRead:88) uart read data error [0m
