[32m[0.010][core]-[Info]-[DjiCore_Init:95) Payload SDK Version : V3.3.0-beta.0-build.1665 [0m
[37m[0.012][utils]-[Debug]-[DjiCore_RootTask:131) work execution time: [0m
[37m[0.012][utils]-[Debug]-[DjiCore_RootTask:132) name	                execution time (ms)	  max execution time (ms) [0m
[37m[0.012][utils]-[Debug]-[DjiCore_RootTask:134) recorderWork                    	0       	0        [0m
[37m[0.012][utils]-[Debug]-[DjiCore_RootTask:134) flowControllerTask              	0       	0        [0m
[37m[0.025][linker]-[Debug]-[DjiLinker_Init:124) init linker success, protocol:2, channelId:0 [0m
[37m[0.025][linker]-[Debug]-[DjiProtocol_v1Pack:120) V1-Send: 0xCA->0x03 0x03FD [0m
[37m[0.045][linker]-[Debug]-[DjiProtocol_v1Pack:120) V1-Send: 0xCA->0x03 0x03FD [0m
[37m[0.065][linker]-[Debug]-[DjiProtocol_v1Pack:120) V1-Send: 0xCA->0x03 0x03FD [0m
[37m[0.086][linker]-[Debug]-[DjiProtocol_v1Pack:120) V1-Send: 0xCA->0x03 0x03FD [0m
[37m[0.106][linker]-[Debug]-[DjiProtocol_v1Pack:120) V1-Send: 0xCA->0x03 0x03FD [0m
[37m[0.126][linker]-[Debug]-[DjiLinker_DeInit:164) deinit linker success, protocol:2, channelId:0 [0m
[37m[0.133][linker]-[Debug]-[DjiLinker_Init:124) init linker success, protocol:2, channelId:0 [0m
[37m[0.133][linker]-[Debug]-[DjiProtocol_v1Pack:120) V1-Send: 0xE5->0x65 0x03FD [0m
[37m[0.153][linker]-[Debug]-[DjiProtocol_v1Pack:120) V1-Send: 0xE5->0x65 0x03FD [0m
[37m[0.173][linker]-[Debug]-[DjiProtocol_v1Pack:120) V1-Send: 0xE5->0x65 0x03FD [0m
[37m[0.193][linker]-[Debug]-[DjiProtocol_v1Pack:120) V1-Send: 0xE5->0x65 0x03FD [0m
[37m[0.213][linker]-[Debug]-[DjiProtocol_v1Pack:120) V1-Send: 0xE5->0x65 0x03FD [0m
[37m[0.233][linker]-[Debug]-[DjiLinker_DeInit:164) deinit linker success, protocol:2, channelId:0 [0m
[37m[0.239][linker]-[Debug]-[DjiLinker_Init:124) init linker success, protocol:2, channelId:0 [0m
[37m[0.239][linker]-[Debug]-[DjiProtocol_v1Pack:120) V1-Send: 0xE5->0x65 0x03FD [0m
[37m[0.260][linker]-[Debug]-[DjiProtocol_v1Pack:120) V1-Send: 0xE5->0x65 0x03FD [0m
[37m[0.280][linker]-[Debug]-[DjiProtocol_v1Pack:120) V1-Send: 0xE5->0x65 0x03FD [0m
[37m[0.300][linker]-[Debug]-[DjiProtocol_v1Pack:120) V1-Send: 0xE5->0x65 0x03FD [0m
[37m[0.320][linker]-[Debug]-[DjiProtocol_v1Pack:120) V1-Send: 0xE5->0x65 0x03FD [0m
[37m[0.340][linker]-[Debug]-[DjiLinker_DeInit:164) deinit linker success, protocol:2, channelId:0 [0m
[37m[0.346][linker]-[Debug]-[DjiLinker_Init:124) init linker success, protocol:2, channelId:0 [0m
[37m[0.346][linker]-[Debug]-[DjiProtocol_v1Pack:120) V1-Send: 0xE5->0x65 0x03FD [0m
[31m[0.352][linker]-[Error]-[DjiChannel_uartRead:88) uart read data error [0m
[31m[0.353][linker]-[Error]-[DjiChannel_uartRead:88) uart read data error [0m
[31m[0.355][linker]-[Error]-[DjiChannel_uartRead:88) uart read data error [0m
[31m[0.356][linker]-[Error]-[DjiChannel_uartRead:88) uart read data error [0m
[31m[0.358][linker]-[Error]-[DjiChannel_uartRead:88) uart read data error [0m
[31m[0.360][linker]-[Error]-[DjiChannel_uartRead:88) uart read data error [0m
[31m[0.362][linker]-[Error]-[DjiChannel_uartRead:88) uart read data error [0m
[31m[0.364][linker]-[Error]-[DjiChannel_uartRead:88) uart read data error [0m
[31m[0.365][linker]-[Error]-[DjiChannel_uartRead:88) uart read data error [0m
[37m[0.366][linker]-[Debug]-[DjiProtocol_v1Pack:120) V1-Send: 0xE5->0x65 0x03FD [0m
[31m[0.367][linker]-[Error]-[DjiChannel_uartRead:88) uart read data error [0m
[31m[0.368][linker]-[Error]-[DjiChannel_uartRead:88) uart read data error [0m
[31m[0.369][linker]-[Error]-[DjiChannel_uartRead:88) uart read data error [0m
[31m[0.370][linker]-[Error]-[DjiChannel_uartRead:88) uart read data error [0m
[31m[0.372][linker]-[Error]-[DjiChannel_uartRead:88) uart read data error [0m
[31m[0.373][linker]-[Error]-[DjiChannel_uartRead:88) uart read data error [0m
[31m[0.374][linker]-[Error]-[DjiChannel_uartRead:88) uart read data error [0m
[31m[0.375][linker]-[Error]-[DjiChannel_uartRead:88) uart read data error [0m
[31m[0.376][linker]-[Error]-[DjiChannel_uartRead:88) uart read data error [0m
[31m[0.377][linker]-[Error]-[DjiChannel_uartRead:88) uart read data error [0m
[31m[0.379][linker]-[Error]-[DjiChannel_uartRead:88) uart read data error [0m
[31m[0.380][linker]-[Error]-[DjiChannel_uartRead:88) uart read data error [0m
[31m[0.381][linker]-[Error]-[DjiChannel_uartRead:88) uart read data error [0m
[31m[0.382][linker]-[Error]-[DjiChannel_uartRead:88) uart read data error [0m
[31m[0.383][linker]-[Error]-[DjiChannel_uartRead:88) uart read data error [0m
[31m[0.385][linker]-[Error]-[DjiChannel_uartRead:88) uart read data error [0m
[31m[0.386][linker]-[Error]-[DjiChannel_uartRead:88) uart read data error [0m
[37m[0.387][linker]-[Debug]-[DjiProtocol_v1Pack:120) V1-Send: 0xE5->0x65 0x03FD [0m
[31m[0.387][linker]-[Error]-[DjiChannel_uartRead:88) uart read data error [0m
[31m[0.388][linker]-[Error]-[DjiChannel_uartRead:88) uart read data error [0m
[31m[0.389][linker]-[Error]-[DjiChannel_uartRead:88) uart read data error [0m
[31m[0.390][linker]-[Error]-[DjiChannel_uartRead:88) uart read data error [0m
[31m[0.395][linker]-[Error]-[DjiChannel_uartRead:88) uart read data error [0m
[31m[0.398][linker]-[Error]-[DjiChannel_uartRead:88) uart read data error [0m
[31m[0.400][linker]-[Error]-[DjiChannel_uartRead:88) uart read data error [0m
[31m[0.401][linker]-[Error]-[DjiChannel_uartRead:88) uart read data error [0m
[31m[0.402][linker]-[Error]-[DjiChannel_uartRead:88) uart read data error [0m
[31m[0.403][linker]-[Error]-[DjiChannel_uartRead:88) uart read data error [0m
[31m[0.404][linker]-[Error]-[DjiChannel_uartRead:88) uart read data error [0m
[31m[0.405][linker]-[Error]-[DjiChannel_uartRead:88) uart read data error [0m
[31m[0.407][linker]-[Error]-[DjiChannel_uartRead:88) uart read data error [0m
[37m[0.407][linker]-[Debug]-[DjiProtocol_v1Pack:120) V1-Send: 0xE5->0x65 0x03FD [0m
[31m[0.408][linker]-[Error]-[DjiChannel_uartRead:88) uart read data error [0m
[31m[0.409][linker]-[Error]-[DjiChannel_uartRead:88) uart read data error [0m
[31m[0.410][linker]-[Error]-[DjiChannel_uartRead:88) uart read data error [0m
[31m[0.411][linker]-[Error]-[DjiChannel_uartRead:88) uart read data error [0m
[31m[0.412][linker]-[Error]-[DjiChannel_uartRead:88) uart read data error [0m
[31m[0.414][linker]-[Error]-[DjiChannel_uartRead:88) uart read data error [0m
[31m[0.415][linker]-[Error]-[DjiChannel_uartRead:88) uart read data error [0m
[31m[0.416][linker]-[Error]-[DjiChannel_uartRead:88) uart read data error [0m
[31m[0.417][linker]-[Error]-[DjiChannel_uartRead:88) uart read data error [0m
[31m[0.418][linker]-[Error]-[DjiChannel_uartRead:88) uart read data error [0m
[31m[0.420][linker]-[Error]-[DjiChannel_uartRead:88) uart read data error [0m
[31m[0.421][linker]-[Error]-[DjiChannel_uartRead:88) uart read data error [0m
[31m[0.422][linker]-[Error]-[DjiChannel_uartRead:88) uart read data error [0m
[31m[0.423][linker]-[Error]-[DjiChannel_uartRead:88) uart read data error [0m
[31m[0.424][linker]-[Error]-[DjiChannel_uartRead:88) uart read data error [0m
[31m[0.425][linker]-[Error]-[DjiChannel_uartRead:88) uart read data error [0m
[31m[0.427][linker]-[Error]-[DjiChannel_uartRead:88) uart read data error [0m
[37m[0.427][linker]-[Debug]-[DjiProtocol_v1Pack:120) V1-Send: 0xE5->0x65 0x03FD [0m
[31m[0.428][linker]-[Error]-[DjiChannel_uartRead:88) uart read data error [0m
[31m[0.429][linker]-[Error]-[DjiChannel_uartRead:88) uart read data error [0m
[31m[0.430][linker]-[Error]-[DjiChannel_uartRead:88) uart read data error [0m
[31m[0.432][linker]-[Error]-[DjiChannel_uartRead:88) uart read data error [0m
[31m[0.433][linker]-[Error]-[DjiChannel_uartRead:88) uart read data error [0m
[31m[0.434][linker]-[Error]-[DjiChannel_uartRead:88) uart read data error [0m
[31m[0.435][linker]-[Error]-[DjiChannel_uartRead:88) uart read data error [0m
[31m[0.436][linker]-[Error]-[DjiChannel_uartRead:88) uart read data error [0m
[31m[0.437][linker]-[Error]-[DjiChannel_uartRead:88) uart read data error [0m
[31m[0.439][linker]-[Error]-[DjiChannel_uartRead:88) uart read data error [0m
[31m[0.440][linker]-[Error]-[DjiChannel_uartRead:88) uart read data error [0m
[31m[0.441][linker]-[Error]-[DjiChannel_uartRead:88) uart read data error [0m
[31m[0.442][linker]-[Error]-[DjiChannel_uartRead:88) uart read data error [0m
[31m[0.444][linker]-[Error]-[DjiChannel_uartRead:88) uart read data error [0m
[31m[0.445][linker]-[Error]-[DjiChannel_uartRead:88) uart read data error [0m
[31m[0.446][linker]-[Error]-[DjiChannel_uartRead:88) uart read data error [0m
[37m[0.447][linker]-[Debug]-[DjiLinker_DeInit:164) deinit linker success, protocol:2, channelId:0 [0m
[37m[0.457][linker]-[Debug]-[DjiLinker_Init:124) init linker success, protocol:2, channelId:0 [0m
[37m[0.457][linker]-[Debug]-[DjiProtocol_v1Pack:120) V1-Send: 0xE5->0x65 0x03FD [0m
[37m[0.477][linker]-[Debug]-[DjiProtocol_v1Pack:120) V1-Send: 0xE5->0x65 0x03FD [0m
[37m[0.497][linker]-[Debug]-[DjiProtocol_v1Pack:120) V1-Send: 0xE5->0x65 0x03FD [0m
[37m[0.518][linker]-[Debug]-[DjiProtocol_v1Pack:120) V1-Send: 0xE5->0x65 0x03FD [0m
[37m[0.538][linker]-[Debug]-[DjiProtocol_v1Pack:120) V1-Send: 0xE5->0x65 0x03FD [0m
[37m[0.558][linker]-[Debug]-[DjiLinker_DeInit:164) deinit linker success, protocol:2, channelId:0 [0m
[37m[0.569][linker]-[Debug]-[DjiLinker_Init:124) init linker success, protocol:2, channelId:0 [0m
[37m[0.570][linker]-[Debug]-[DjiProtocol_v1Pack:120) V1-Send: 0xE5->0x65 0x03FD [0m
[37m[0.590][linker]-[Debug]-[DjiProtocol_v1Pack:120) V1-Send: 0xE5->0x65 0x03FD [0m
[37m[0.610][linker]-[Debug]-[DjiProtocol_v1Pack:120) V1-Send: 0xE5->0x65 0x03FD [0m
[37m[0.630][linker]-[Debug]-[DjiProtocol_v1Pack:120) V1-Send: 0xE5->0x65 0x03FD [0m
[37m[0.650][linker]-[Debug]-[DjiProtocol_v1Pack:120) V1-Send: 0xE5->0x65 0x03FD [0m
[37m[0.671][linker]-[Debug]-[DjiLinker_DeInit:164) deinit linker success, protocol:2, channelId:0 [0m
[37m[0.680][linker]-[Debug]-[DjiLinker_Init:124) init linker success, protocol:2, channelId:0 [0m
[37m[0.680][linker]-[Debug]-[DjiProtocol_v1Pack:120) V1-Send: 0xCA->0x03 0x03FD [0m
[37m[0.700][linker]-[Debug]-[DjiProtocol_v1Pack:120) V1-Send: 0xCA->0x03 0x03FD [0m
[37m[0.720][linker]-[Debug]-[DjiProtocol_v1Pack:120) V1-Send: 0xCA->0x03 0x03FD [0m
[37m[0.741][linker]-[Debug]-[DjiProtocol_v1Pack:120) V1-Send: 0xCA->0x03 0x03FD [0m
[37m[0.761][linker]-[Debug]-[DjiProtocol_v1Pack:120) V1-Send: 0xCA->0x03 0x03FD [0m
[37m[0.781][linker]-[Debug]-[DjiLinker_DeInit:164) deinit linker success, protocol:2, channelId:0 [0m
[37m[0.791][linker]-[Debug]-[DjiLinker_Init:124) init linker success, protocol:2, channelId:0 [0m
[37m[0.791][linker]-[Debug]-[DjiProtocol_v1Pack:120) V1-Send: 0xCA->0x03 0x03FD [0m
[37m[0.811][linker]-[Debug]-[DjiProtocol_v1Pack:120) V1-Send: 0xCA->0x03 0x03FD [0m
[37m[0.831][linker]-[Debug]-[DjiProtocol_v1Pack:120) V1-Send: 0xCA->0x03 0x03FD [0m
[37m[0.851][linker]-[Debug]-[DjiProtocol_v1Pack:120) V1-Send: 0xCA->0x03 0x03FD [0m
[37m[0.871][linker]-[Debug]-[DjiProtocol_v1Pack:120) V1-Send: 0xCA->0x03 0x03FD [0m
[37m[0.892][linker]-[Debug]-[DjiLinker_DeInit:164) deinit linker success, protocol:2, channelId:0 [0m
[37m[0.899][linker]-[Debug]-[DjiProtocol_v1Unpack:163) protocol frame length error [0m
[37m[0.900][linker]-[Debug]-[DjiLinker_Init:124) init linker success, protocol:2, channelId:0 [0m
[37m[0.900][linker]-[Debug]-[DjiProtocol_v1Pack:120) V1-Send: 0xCA->0x03 0x03FD [0m
[37m[0.920][linker]-[Debug]-[DjiProtocol_v1Pack:120) V1-Send: 0xCA->0x03 0x03FD [0m
[37m[0.940][linker]-[Debug]-[DjiProtocol_v1Pack:120) V1-Send: 0xCA->0x03 0x03FD [0m
[37m[0.960][linker]-[Debug]-[DjiProtocol_v1Pack:120) V1-Send: 0xCA->0x03 0x03FD [0m
[37m[0.980][linker]-[Debug]-[DjiProtocol_v1Pack:120) V1-Send: 0xCA->0x03 0x03FD [0m
[37m[1.001][linker]-[Debug]-[DjiLinker_DeInit:164) deinit linker success, protocol:2, channelId:0 [0m
[37m[1.007][linker]-[Debug]-[DjiLinker_Init:124) init linker success, protocol:2, channelId:0 [0m
[37m[1.007][linker]-[Debug]-[DjiProtocol_v1Pack:120) V1-Send: 0xCA->0x03 0x03FD [0m
[37m[1.027][linker]-[Debug]-[DjiProtocol_v1Pack:120) V1-Send: 0xCA->0x03 0x03FD [0m
[37m[1.048][linker]-[Debug]-[DjiProtocol_v1Pack:120) V1-Send: 0xCA->0x03 0x03FD [0m
[37m[1.068][linker]-[Debug]-[DjiProtocol_v1Pack:120) V1-Send: 0xCA->0x03 0x03FD [0m
[37m[1.088][linker]-[Debug]-[DjiProtocol_v1Pack:120) V1-Send: 0xCA->0x03 0x03FD [0m
[37m[1.108][utils]-[Debug]-[DjiCore_RootTask:131) work execution time: [0m
[37m[1.108][utils]-[Debug]-[DjiCore_RootTask:132) name	                execution time (ms)	  max execution time (ms) [0m
[37m[1.108][utils]-[Debug]-[DjiCore_RootTask:134) recorderWork                    	0       	0        [0m
[37m[1.108][utils]-[Debug]-[DjiCore_RootTask:134) flowControllerTask              	1       	1        [0m
[37m[1.108][linker]-[Debug]-[DjiLinker_DeInit:164) deinit linker success, protocol:2, channelId:0 [0m
[37m[1.114][linker]-[Debug]-[DjiLinker_Init:124) init linker success, protocol:2, channelId:0 [0m
[37m[1.115][linker]-[Debug]-[DjiProtocol_v1Pack:120) V1-Send: 0xCA->0x03 0x03FD [0m
[37m[1.135][linker]-[Debug]-[DjiProtocol_v1Pack:120) V1-Send: 0xCA->0x03 0x03FD [0m
[37m[1.155][linker]-[Debug]-[DjiProtocol_v1Pack:120) V1-Send: 0xCA->0x03 0x03FD [0m
[37m[1.175][linker]-[Debug]-[DjiProtocol_v1Pack:120) V1-Send: 0xCA->0x03 0x03FD [0m
[37m[1.195][linker]-[Debug]-[DjiProtocol_v1Pack:120) V1-Send: 0xCA->0x03 0x03FD [0m
[37m[1.215][linker]-[Debug]-[DjiLinker_DeInit:164) deinit linker success, protocol:2, channelId:0 [0m
[37m[1.221][linker]-[Debug]-[DjiLinker_Init:124) init linker success, protocol:1, channelId:0 [0m
[37m[1.221][linker]-[Debug]-[DjiProtocol_sdkPack:182) SDK-Send: 0xCA->0x03 0x0000 [0m
[37m[1.242][linker]-[Debug]-[DjiProtocol_sdkPack:182) SDK-Send: 0xCA->0x03 0x0000 [0m
[37m[1.262][linker]-[Debug]-[DjiProtocol_sdkPack:182) SDK-Send: 0xCA->0x03 0x0000 [0m
[37m[1.282][linker]-[Debug]-[DjiProtocol_sdkPack:182) SDK-Send: 0xCA->0x03 0x0000 [0m
[37m[1.302][linker]-[Debug]-[DjiProtocol_sdkPack:182) SDK-Send: 0xCA->0x03 0x0000 [0m
[37m[1.322][linker]-[Debug]-[DjiLinker_DeInit:164) deinit linker success, protocol:1, channelId:0 [0m
[37m[1.328][linker]-[Debug]-[DjiLinker_Init:124) init linker success, protocol:1, channelId:0 [0m
[37m[1.328][linker]-[Debug]-[DjiProtocol_sdkPack:182) SDK-Send: 0xCA->0x03 0x0000 [0m
[37m[1.348][linker]-[Debug]-[DjiProtocol_sdkPack:182) SDK-Send: 0xCA->0x03 0x0000 [0m
[37m[1.369][linker]-[Debug]-[DjiProtocol_sdkPack:182) SDK-Send: 0xCA->0x03 0x0000 [0m
[37m[1.389][linker]-[Debug]-[DjiProtocol_sdkPack:182) SDK-Send: 0xCA->0x03 0x0000 [0m
[31m[1.393][linker]-[Error]-[DjiChannel_uartRead:88) uart read data error [0m
[31m[1.395][linker]-[Error]-[DjiChannel_uartRead:88) uart read data error [0m
[31m[1.396][linker]-[Error]-[DjiChannel_uartRead:88) uart read data error [0m
[31m[1.398][linker]-[Error]-[DjiChannel_uartRead:88) uart read data error [0m
[31m[1.400][linker]-[Error]-[DjiChannel_uartRead:88) uart read data error [0m
[31m[1.401][linker]-[Error]-[DjiChannel_uartRead:88) uart read data error [0m
[31m[1.403][linker]-[Error]-[DjiChannel_uartRead:88) uart read data error [0m
[31m[1.404][linker]-[Error]-[DjiChannel_uartRead:88) uart read data error [0m
[31m[1.405][linker]-[Error]-[DjiChannel_uartRead:88) uart read data error [0m
[31m[1.406][linker]-[Error]-[DjiChannel_uartRead:88) uart read data error [0m
[31m[1.407][linker]-[Error]-[DjiChannel_uartRead:88) uart read data error [0m
[37m[1.409][linker]-[Debug]-[DjiProtocol_sdkPack:182) SDK-Send: 0xCA->0x03 0x0000 [0m
[31m[1.409][linker]-[Error]-[DjiChannel_uartRead:88) uart read data error [0m
[31m[1.410][linker]-[Error]-[DjiChannel_uartRead:88) uart read data error [0m
[31m[1.412][linker]-[Error]-[DjiChannel_uartRead:88) uart read data error [0m
[31m[1.413][linker]-[Error]-[DjiChannel_uartRead:88) uart read data error [0m
[31m[1.414][linker]-[Error]-[DjiChannel_uartRead:88) uart read data error [0m
[31m[1.415][linker]-[Error]-[DjiChannel_uartRead:88) uart read data error [0m
[31m[1.417][linker]-[Error]-[DjiChannel_uartRead:88) uart read data error [0m
[31m[1.418][linker]-[Error]-[DjiChannel_uartRead:88) uart read data error [0m
[31m[1.419][linker]-[Error]-[DjiChannel_uartRead:88) uart read data error [0m
[31m[1.420][linker]-[Error]-[DjiChannel_uartRead:88) uart read data error [0m
[31m[1.422][linker]-[Error]-[DjiChannel_uartRead:88) uart read data error [0m
[31m[1.423][linker]-[Error]-[DjiChannel_uartRead:88) uart read data error [0m
[31m[1.424][linker]-[Error]-[DjiChannel_uartRead:88) uart read data error [0m
[31m[1.425][linker]-[Error]-[DjiChannel_uartRead:88) uart read data error [0m
[31m[1.426][linker]-[Error]-[DjiChannel_uartRead:88) uart read data error [0m
[31m[1.428][linker]-[Error]-[DjiChannel_uartRead:88) uart read data error [0m
[37m[1.429][linker]-[Debug]-[DjiLinker_DeInit:164) deinit linker success, protocol:1, channelId:0 [0m
[37m[1.437][linker]-[Debug]-[DjiLinker_Init:124) init linker success, protocol:1, channelId:0 [0m
[37m[1.437][linker]-[Debug]-[DjiProtocol_sdkPack:182) SDK-Send: 0xCA->0x03 0x0000 [0m
[37m[1.457][linker]-[Debug]-[DjiProtocol_sdkPack:182) SDK-Send: 0xCA->0x03 0x0000 [0m
[37m[1.477][linker]-[Debug]-[DjiProtocol_sdkPack:182) SDK-Send: 0xCA->0x03 0x0000 [0m
[37m[1.498][linker]-[Debug]-[DjiProtocol_sdkPack:182) SDK-Send: 0xCA->0x03 0x0000 [0m
[37m[1.518][linker]-[Debug]-[DjiProtocol_sdkPack:182) SDK-Send: 0xCA->0x03 0x0000 [0m
[37m[1.538][linker]-[Debug]-[DjiLinker_DeInit:164) deinit linker success, protocol:1, channelId:0 [0m
[37m[1.544][linker]-[Debug]-[DjiLinker_Init:124) init linker success, protocol:1, channelId:0 [0m
[37m[1.544][linker]-[Debug]-[DjiProtocol_sdkPack:182) SDK-Send: 0xCA->0x03 0x0000 [0m
[37m[1.564][linker]-[Debug]-[DjiProtocol_sdkPack:182) SDK-Send: 0xCA->0x03 0x0000 [0m
[37m[1.584][linker]-[Debug]-[DjiProtocol_sdkPack:182) SDK-Send: 0xCA->0x03 0x0000 [0m
[37m[1.604][linker]-[Debug]-[DjiProtocol_sdkPack:182) SDK-Send: 0xCA->0x03 0x0000 [0m
[37m[1.625][linker]-[Debug]-[DjiProtocol_sdkPack:182) SDK-Send: 0xCA->0x03 0x0000 [0m
[37m[1.645][linker]-[Debug]-[DjiLinker_DeInit:164) deinit linker success, protocol:1, channelId:0 [0m
[37m[1.651][linker]-[Debug]-[DjiLinker_Init:124) init linker success, protocol:1, channelId:0 [0m
[37m[1.651][linker]-[Debug]-[DjiProtocol_sdkPack:182) SDK-Send: 0xCA->0x03 0x0000 [0m
[37m[1.671][linker]-[Debug]-[DjiProtocol_sdkPack:182) SDK-Send: 0xCA->0x03 0x0000 [0m
[37m[1.692][linker]-[Debug]-[DjiProtocol_sdkPack:182) SDK-Send: 0xCA->0x03 0x0000 [0m
[37m[1.712][linker]-[Debug]-[DjiProtocol_sdkPack:182) SDK-Send: 0xCA->0x03 0x0000 [0m
[37m[1.732][linker]-[Debug]-[DjiProtocol_sdkPack:182) SDK-Send: 0xCA->0x03 0x0000 [0m
[37m[1.752][linker]-[Debug]-[DjiLinker_DeInit:164) deinit linker success, protocol:1, channelId:0 [0m
[32m[1.752][adapter]-[Info]-[DjiAccessAdapter_Init:162) Try identify UART0 connection failed. Probably because SDK adapter or aircraft not finish init or UART connect error. [0m
[37m[1.810][linker]-[Debug]-[DjiLinker_Init:124) init linker success, protocol:2, channelId:0 [0m
[37m[1.810][linker]-[Debug]-[DjiProtocol_v1Pack:120) V1-Send: 0xCA->0x03 0x03FD [0m
[37m[1.830][linker]-[Debug]-[DjiProtocol_v1Pack:120) V1-Send: 0xCA->0x03 0x03FD [0m
[37m[1.850][linker]-[Debug]-[DjiProtocol_v1Pack:120) V1-Send: 0xCA->0x03 0x03FD [0m
[37m[1.870][linker]-[Debug]-[DjiProtocol_v1Pack:120) V1-Send: 0xCA->0x03 0x03FD [0m
[37m[1.890][linker]-[Debug]-[DjiProtocol_v1Pack:120) V1-Send: 0xCA->0x03 0x03FD [0m
[37m[1.911][linker]-[Debug]-[DjiLinker_DeInit:164) deinit linker success, protocol:2, channelId:0 [0m
[37m[1.917][linker]-[Debug]-[DjiLinker_Init:124) init linker success, protocol:2, channelId:0 [0m
[37m[1.917][linker]-[Debug]-[DjiProtocol_v1Pack:120) V1-Send: 0xE5->0x65 0x03FD [0m
[37m[1.937][linker]-[Debug]-[DjiProtocol_v1Pack:120) V1-Send: 0xE5->0x65 0x03FD [0m
[37m[1.957][linker]-[Debug]-[DjiProtocol_v1Pack:120) V1-Send: 0xE5->0x65 0x03FD [0m
[37m[1.978][linker]-[Debug]-[DjiProtocol_v1Pack:120) V1-Send: 0xE5->0x65 0x03FD [0m
[37m[1.998][linker]-[Debug]-[DjiProtocol_v1Pack:120) V1-Send: 0xE5->0x65 0x03FD [0m
[37m[2.018][linker]-[Debug]-[DjiLinker_DeInit:164) deinit linker success, protocol:2, channelId:0 [0m
[37m[2.024][linker]-[Debug]-[DjiLinker_Init:124) init linker success, protocol:2, channelId:0 [0m
[37m[2.024][linker]-[Debug]-[DjiProtocol_v1Pack:120) V1-Send: 0xE5->0x65 0x03FD [0m
[37m[2.045][linker]-[Debug]-[DjiProtocol_v1Pack:120) V1-Send: 0xE5->0x65 0x03FD [0m
[37m[2.065][linker]-[Debug]-[DjiProtocol_v1Pack:120) V1-Send: 0xE5->0x65 0x03FD [0m
[37m[2.085][linker]-[Debug]-[DjiProtocol_v1Pack:120) V1-Send: 0xE5->0x65 0x03FD [0m
[37m[2.105][linker]-[Debug]-[DjiProtocol_v1Pack:120) V1-Send: 0xE5->0x65 0x03FD [0m
[37m[2.126][linker]-[Debug]-[DjiLinker_DeInit:164) deinit linker success, protocol:2, channelId:0 [0m
[37m[2.132][linker]-[Debug]-[DjiLinker_Init:124) init linker success, protocol:2, channelId:0 [0m
[37m[2.132][linker]-[Debug]-[DjiProtocol_v1Pack:120) V1-Send: 0xE5->0x65 0x03FD [0m
[37m[2.152][linker]-[Debug]-[DjiProtocol_v1Pack:120) V1-Send: 0xE5->0x65 0x03FD [0m
[37m[2.157][linker]-[Debug]-[DjiProtocol_v1Unpack:163) protocol frame length error [0m
[37m[2.172][linker]-[Debug]-[DjiProtocol_v1Pack:120) V1-Send: 0xE5->0x65 0x03FD [0m
[37m[2.192][linker]-[Debug]-[DjiProtocol_v1Pack:120) V1-Send: 0xE5->0x65 0x03FD [0m
[37m[2.196][utils]-[Debug]-[DjiCore_RootTask:131) work execution time: [0m
[37m[2.196][utils]-[Debug]-[DjiCore_RootTask:132) name	                execution time (ms)	  max execution time (ms) [0m
[37m[2.196][utils]-[Debug]-[DjiCore_RootTask:134) recorderWork                    	0       	0        [0m
[37m[2.196][utils]-[Debug]-[DjiCore_RootTask:134) flowControllerTask              	1       	1        [0m
[37m[2.196][linker]-[Debug]-[DjiProtocol_v1Unpack:163) protocol frame length error [0m
[37m[2.212][linker]-[Debug]-[DjiProtocol_v1Pack:120) V1-Send: 0xE5->0x65 0x03FD [0m
[37m[2.216][linker]-[Debug]-[DjiProtocol_v1Unpack:163) protocol frame length error [0m
[37m[2.233][linker]-[Debug]-[DjiLinker_DeInit:164) deinit linker success, protocol:2, channelId:0 [0m
[37m[2.239][linker]-[Debug]-[DjiLinker_Init:124) init linker success, protocol:2, channelId:0 [0m
[37m[2.239][linker]-[Debug]-[DjiProtocol_v1Pack:120) V1-Send: 0xE5->0x65 0x03FD [0m
[37m[2.259][linker]-[Debug]-[DjiProtocol_v1Pack:120) V1-Send: 0xE5->0x65 0x03FD [0m
[37m[2.279][linker]-[Debug]-[DjiProtocol_v1Pack:120) V1-Send: 0xE5->0x65 0x03FD [0m
[37m[2.299][linker]-[Debug]-[DjiProtocol_v1Pack:120) V1-Send: 0xE5->0x65 0x03FD [0m
[37m[2.319][linker]-[Debug]-[DjiProtocol_v1Pack:120) V1-Send: 0xE5->0x65 0x03FD [0m
[37m[2.339][linker]-[Debug]-[DjiLinker_DeInit:164) deinit linker success, protocol:2, channelId:0 [0m
[37m[2.347][linker]-[Debug]-[DjiLinker_Init:124) init linker success, protocol:2, channelId:0 [0m
[37m[2.347][linker]-[Debug]-[DjiProtocol_v1Pack:120) V1-Send: 0xE5->0x65 0x03FD [0m
[37m[2.367][linker]-[Debug]-[DjiProtocol_v1Pack:120) V1-Send: 0xE5->0x65 0x03FD [0m
[37m[2.387][linker]-[Debug]-[DjiProtocol_v1Pack:120) V1-Send: 0xE5->0x65 0x03FD [0m
[31m[2.392][linker]-[Error]-[DjiChannel_uartRead:88) uart read data error [0m
[31m[2.395][linker]-[Error]-[DjiChannel_uartRead:88) uart read data error [0m
[31m[2.396][linker]-[Error]-[DjiChannel_uartRead:88) uart read data error [0m
[31m[2.398][linker]-[Error]-[DjiChannel_uartRead:88) uart read data error [0m
[31m[2.399][linker]-[Error]-[DjiChannel_uartRead:88) uart read data error [0m
[31m[2.401][linker]-[Error]-[DjiChannel_uartRead:88) uart read data error [0m
[31m[2.402][linker]-[Error]-[DjiChannel_uartRead:88) uart read data error [0m
[31m[2.404][linker]-[Error]-[DjiChannel_uartRead:88) uart read data error [0m
[31m[2.405][linker]-[Error]-[DjiChannel_uartRead:88) uart read data error [0m
[31m[2.406][linker]-[Error]-[DjiChannel_uartRead:88) uart read data error [0m
[37m[2.408][linker]-[Debug]-[DjiProtocol_v1Pack:120) V1-Send: 0xE5->0x65 0x03FD [0m
[31m[2.408][linker]-[Error]-[DjiChannel_uartRead:88) uart read data error [0m
[31m[2.409][linker]-[Error]-[DjiChannel_uartRead:88) uart read data error [0m
[31m[2.411][linker]-[Error]-[DjiChannel_uartRead:88) uart read data error [0m
[31m[2.412][linker]-[Error]-[DjiChannel_uartRead:88) uart read data error [0m
[31m[2.414][linker]-[Error]-[DjiChannel_uartRead:88) uart read data error [0m
[31m[2.415][linker]-[Error]-[DjiChannel_uartRead:88) uart read data error [0m
[31m[2.417][linker]-[Error]-[DjiChannel_uartRead:88) uart read data error [0m
[31m[2.418][linker]-[Error]-[DjiChannel_uartRead:88) uart read data error [0m
[31m[2.420][linker]-[Error]-[DjiChannel_uartRead:88) uart read data error [0m
[31m[2.421][linker]-[Error]-[DjiChannel_uartRead:88) uart read data error [0m
[31m[2.423][linker]-[Error]-[DjiChannel_uartRead:88) uart read data error [0m
[31m[2.424][linker]-[Error]-[DjiChannel_uartRead:88) uart read data error [0m
[31m[2.426][linker]-[Error]-[DjiChannel_uartRead:88) uart read data error [0m
[31m[2.427][linker]-[Error]-[DjiChannel_uartRead:88) uart read data error [0m
[37m[2.428][linker]-[Debug]-[DjiProtocol_v1Pack:120) V1-Send: 0xE5->0x65 0x03FD [0m
[31m[2.429][linker]-[Error]-[DjiChannel_uartRead:88) uart read data error [0m
[31m[2.430][linker]-[Error]-[DjiChannel_uartRead:88) uart read data error [0m
[31m[2.432][linker]-[Error]-[DjiChannel_uartRead:88) uart read data error [0m
[31m[2.433][linker]-[Error]-[DjiChannel_uartRead:88) uart read data error [0m
[31m[2.435][linker]-[Error]-[DjiChannel_uartRead:88) uart read data error [0m
[31m[2.436][linker]-[Error]-[DjiChannel_uartRead:88) uart read data error [0m
[31m[2.438][linker]-[Error]-[DjiChannel_uartRead:88) uart read data error [0m
[31m[2.439][linker]-[Error]-[DjiChannel_uartRead:88) uart read data error [0m
[31m[2.441][linker]-[Error]-[DjiChannel_uartRead:88) uart read data error [0m
[31m[2.442][linker]-[Error]-[DjiChannel_uartRead:88) uart read data error [0m
[31m[2.444][linker]-[Error]-[DjiChannel_uartRead:88) uart read data error [0m
[31m[2.445][linker]-[Error]-[DjiChannel_uartRead:88) uart read data error [0m
[31m[2.447][linker]-[Error]-[DjiChannel_uartRead:88) uart read data error [0m
[37m[2.448][linker]-[Debug]-[DjiLinker_DeInit:164) deinit linker success, protocol:2, channelId:0 [0m
[37m[2.458][linker]-[Debug]-[DjiLinker_Init:124) init linker success, protocol:2, channelId:0 [0m
[37m[2.458][linker]-[Debug]-[DjiProtocol_v1Pack:120) V1-Send: 0xCA->0x03 0x03FD [0m
[37m[2.478][linker]-[Debug]-[DjiProtocol_v1Pack:120) V1-Send: 0xCA->0x03 0x03FD [0m
[37m[2.498][linker]-[Debug]-[DjiProtocol_v1Pack:120) V1-Send: 0xCA->0x03 0x03FD [0m
[37m[2.518][linker]-[Debug]-[DjiProtocol_v1Pack:120) V1-Send: 0xCA->0x03 0x03FD [0m
[37m[2.539][linker]-[Debug]-[DjiProtocol_v1Pack:120) V1-Send: 0xCA->0x03 0x03FD [0m
[37m[2.559][linker]-[Debug]-[DjiLinker_DeInit:164) deinit linker success, protocol:2, channelId:0 [0m
[37m[2.565][linker]-[Debug]-[DjiLinker_Init:124) init linker success, protocol:2, channelId:0 [0m
[37m[2.565][linker]-[Debug]-[DjiProtocol_v1Pack:120) V1-Send: 0xCA->0x03 0x03FD [0m
[37m[2.585][linker]-[Debug]-[DjiProtocol_v1Pack:120) V1-Send: 0xCA->0x03 0x03FD [0m
[37m[2.605][linker]-[Debug]-[DjiProtocol_v1Pack:120) V1-Send: 0xCA->0x03 0x03FD [0m
[37m[2.625][linker]-[Debug]-[DjiProtocol_v1Pack:120) V1-Send: 0xCA->0x03 0x03FD [0m
[37m[2.646][linker]-[Debug]-[DjiProtocol_v1Pack:120) V1-Send: 0xCA->0x03 0x03FD [0m
[37m[2.666][linker]-[Debug]-[DjiLinker_DeInit:164) deinit linker success, protocol:2, channelId:0 [0m
[37m[2.672][linker]-[Debug]-[DjiLinker_Init:124) init linker success, protocol:2, channelId:0 [0m
[37m[2.672][linker]-[Debug]-[DjiProtocol_v1Pack:120) V1-Send: 0xCA->0x03 0x03FD [0m
[37m[2.692][linker]-[Debug]-[DjiProtocol_v1Pack:120) V1-Send: 0xCA->0x03 0x03FD [0m
[37m[2.712][linker]-[Debug]-[DjiProtocol_v1Pack:120) V1-Send: 0xCA->0x03 0x03FD [0m
[37m[2.732][linker]-[Debug]-[DjiProtocol_v1Pack:120) V1-Send: 0xCA->0x03 0x03FD [0m
[37m[2.752][linker]-[Debug]-[DjiProtocol_v1Pack:120) V1-Send: 0xCA->0x03 0x03FD [0m
[37m[2.773][linker]-[Debug]-[DjiLinker_DeInit:164) deinit linker success, protocol:2, channelId:0 [0m
[37m[2.779][linker]-[Debug]-[DjiLinker_Init:124) init linker success, protocol:2, channelId:0 [0m
[37m[2.779][linker]-[Debug]-[DjiProtocol_v1Pack:120) V1-Send: 0xCA->0x03 0x03FD [0m
[37m[2.799][linker]-[Debug]-[DjiProtocol_v1Pack:120) V1-Send: 0xCA->0x03 0x03FD [0m
[37m[2.819][linker]-[Debug]-[DjiProtocol_v1Pack:120) V1-Send: 0xCA->0x03 0x03FD [0m
[37m[2.839][linker]-[Debug]-[DjiProtocol_v1Pack:120) V1-Send: 0xCA->0x03 0x03FD [0m
[37m[2.859][linker]-[Debug]-[DjiProtocol_v1Pack:120) V1-Send: 0xCA->0x03 0x03FD [0m
[37m[2.880][linker]-[Debug]-[DjiLinker_DeInit:164) deinit linker success, protocol:2, channelId:0 [0m
[37m[2.888][linker]-[Debug]-[DjiLinker_Init:124) init linker success, protocol:2, channelId:0 [0m
[37m[2.888][linker]-[Debug]-[DjiProtocol_v1Pack:120) V1-Send: 0xCA->0x03 0x03FD [0m
[37m[2.908][linker]-[Debug]-[DjiProtocol_v1Pack:120) V1-Send: 0xCA->0x03 0x03FD [0m
[37m[2.928][linker]-[Debug]-[DjiProtocol_v1Pack:120) V1-Send: 0xCA->0x03 0x03FD [0m
[37m[2.948][linker]-[Debug]-[DjiProtocol_v1Pack:120) V1-Send: 0xCA->0x03 0x03FD [0m
[37m[2.969][linker]-[Debug]-[DjiProtocol_v1Pack:120) V1-Send: 0xCA->0x03 0x03FD [0m
[37m[2.989][linker]-[Debug]-[DjiLinker_DeInit:164) deinit linker success, protocol:2, channelId:0 [0m
[37m[2.997][linker]-[Debug]-[DjiLinker_Init:124) init linker success, protocol:1, channelId:0 [0m
[37m[2.997][linker]-[Debug]-[DjiProtocol_sdkPack:182) SDK-Send: 0xCA->0x03 0x0000 [0m
[37m[3.017][linker]-[Debug]-[DjiProtocol_sdkPack:182) SDK-Send: 0xCA->0x03 0x0000 [0m
[37m[3.037][linker]-[Debug]-[DjiProtocol_sdkPack:182) SDK-Send: 0xCA->0x03 0x0000 [0m
[37m[3.058][linker]-[Debug]-[DjiProtocol_sdkPack:182) SDK-Send: 0xCA->0x03 0x0000 [0m
[37m[3.078][linker]-[Debug]-[DjiProtocol_sdkPack:182) SDK-Send: 0xCA->0x03 0x0000 [0m
[37m[3.098][linker]-[Debug]-[DjiLinker_DeInit:164) deinit linker success, protocol:1, channelId:0 [0m
[37m[3.104][linker]-[Debug]-[DjiLinker_Init:124) init linker success, protocol:1, channelId:0 [0m
[37m[3.104][linker]-[Debug]-[DjiProtocol_sdkPack:182) SDK-Send: 0xCA->0x03 0x0000 [0m
[37m[3.125][linker]-[Debug]-[DjiProtocol_sdkPack:182) SDK-Send: 0xCA->0x03 0x0000 [0m
[37m[3.145][linker]-[Debug]-[DjiProtocol_sdkPack:182) SDK-Send: 0xCA->0x03 0x0000 [0m
[37m[3.165][linker]-[Debug]-[DjiProtocol_sdkPack:182) SDK-Send: 0xCA->0x03 0x0000 [0m
[37m[3.185][linker]-[Debug]-[DjiProtocol_sdkPack:182) SDK-Send: 0xCA->0x03 0x0000 [0m
[37m[3.206][linker]-[Debug]-[DjiLinker_DeInit:164) deinit linker success, protocol:1, channelId:0 [0m
[37m[3.213][linker]-[Debug]-[DjiLinker_Init:124) init linker success, protocol:1, channelId:0 [0m
[37m[3.213][linker]-[Debug]-[DjiProtocol_sdkPack:182) SDK-Send: 0xCA->0x03 0x0000 [0m
[37m[3.233][linker]-[Debug]-[DjiProtocol_sdkPack:182) SDK-Send: 0xCA->0x03 0x0000 [0m
[37m[3.253][linker]-[Debug]-[DjiProtocol_sdkPack:182) SDK-Send: 0xCA->0x03 0x0000 [0m
[37m[3.273][linker]-[Debug]-[DjiProtocol_sdkPack:182) SDK-Send: 0xCA->0x03 0x0000 [0m
[37m[3.288][utils]-[Debug]-[DjiCore_RootTask:131) work execution time: [0m
[37m[3.288][utils]-[Debug]-[DjiCore_RootTask:132) name	                execution time (ms)	  max execution time (ms) [0m
[37m[3.288][utils]-[Debug]-[DjiCore_RootTask:134) recorderWork                    	0       	0        [0m
[37m[3.288][utils]-[Debug]-[DjiCore_RootTask:134) flowControllerTask              	1       	1        [0m
[37m[3.293][linker]-[Debug]-[DjiProtocol_sdkPack:182) SDK-Send: 0xCA->0x03 0x0000 [0m
[37m[3.314][linker]-[Debug]-[DjiLinker_DeInit:164) deinit linker success, protocol:1, channelId:0 [0m
[37m[3.320][linker]-[Debug]-[DjiLinker_Init:124) init linker success, protocol:1, channelId:0 [0m
[37m[3.320][linker]-[Debug]-[DjiProtocol_sdkPack:182) SDK-Send: 0xCA->0x03 0x0000 [0m
[37m[3.341][linker]-[Debug]-[DjiProtocol_sdkPack:182) SDK-Send: 0xCA->0x03 0x0000 [0m
[37m[3.361][linker]-[Debug]-[DjiProtocol_sdkPack:182) SDK-Send: 0xCA->0x03 0x0000 [0m
[37m[3.382][linker]-[Debug]-[DjiProtocol_sdkPack:182) SDK-Send: 0xCA->0x03 0x0000 [0m
[31m[3.398][linker]-[Error]-[DjiChannel_uartRead:88) uart read data error [0m
[31m[3.400][linker]-[Error]-[DjiChannel_uartRead:88) uart read data error [0m
[31m[3.401][linker]-[Error]-[DjiChannel_uartRead:88) uart read data error [0m
[31m[3.402][linker]-[Error]-[DjiChannel_uartRead:88) uart read data error [0m
[37m[3.402][linker]-[Debug]-[DjiProtocol_sdkPack:182) SDK-Send: 0xCA->0x03 0x0000 [0m
[31m[3.403][linker]-[Error]-[DjiChannel_uartRead:88) uart read data error [0m
[31m[3.404][linker]-[Error]-[DjiChannel_uartRead:88) uart read data error [0m
[31m[3.405][linker]-[Error]-[DjiChannel_uartRead:88) uart read data error [0m
[31m[3.406][linker]-[Error]-[DjiChannel_uartRead:88) uart read data error [0m
[31m[3.408][linker]-[Error]-[DjiChannel_uartRead:88) uart read data error [0m
[31m[3.409][linker]-[Error]-[DjiChannel_uartRead:88) uart read data error [0m
[31m[3.410][linker]-[Error]-[DjiChannel_uartRead:88) uart read data error [0m
[31m[3.411][linker]-[Error]-[DjiChannel_uartRead:88) uart read data error [0m
[31m[3.412][linker]-[Error]-[DjiChannel_uartRead:88) uart read data error [0m
[31m[3.413][linker]-[Error]-[DjiChannel_uartRead:88) uart read data error [0m
[31m[3.415][linker]-[Error]-[DjiChannel_uartRead:88) uart read data error [0m
[31m[3.416][linker]-[Error]-[DjiChannel_uartRead:88) uart read data error [0m
[31m[3.417][linker]-[Error]-[DjiChannel_uartRead:88) uart read data error [0m
[31m[3.418][linker]-[Error]-[DjiChannel_uartRead:88) uart read data error [0m
[31m[3.419][linker]-[Error]-[DjiChannel_uartRead:88) uart read data error [0m
[31m[3.420][linker]-[Error]-[DjiChannel_uartRead:88) uart read data error [0m
[31m[3.422][linker]-[Error]-[DjiChannel_uartRead:88) uart read data error [0m
[37m[3.422][linker]-[Debug]-[DjiLinker_DeInit:164) deinit linker success, protocol:1, channelId:0 [0m
[37m[3.430][linker]-[Debug]-[DjiLinker_Init:124) init linker success, protocol:1, channelId:0 [0m
[37m[3.430][linker]-[Debug]-[DjiProtocol_sdkPack:182) SDK-Send: 0xCA->0x03 0x0000 [0m
[37m[3.450][linker]-[Debug]-[DjiProtocol_sdkPack:182) SDK-Send: 0xCA->0x03 0x0000 [0m
[37m[3.470][linker]-[Debug]-[DjiProtocol_sdkPack:182) SDK-Send: 0xCA->0x03 0x0000 [0m
[37m[3.490][linker]-[Debug]-[DjiProtocol_sdkPack:182) SDK-Send: 0xCA->0x03 0x0000 [0m
[37m[3.511][linker]-[Debug]-[DjiProtocol_sdkPack:182) SDK-Send: 0xCA->0x03 0x0000 [0m
[37m[3.531][linker]-[Debug]-[DjiLinker_DeInit:164) deinit linker success, protocol:1, channelId:0 [0m
[32m[3.531][adapter]-[Info]-[DjiAccessAdapter_Init:162) Try identify UART0 connection failed. Probably because SDK adapter or aircraft not finish init or UART connect error. [0m
[37m[3.588][linker]-[Debug]-[DjiLinker_Init:124) init linker success, protocol:2, channelId:0 [0m
[37m[3.588][linker]-[Debug]-[DjiProtocol_v1Pack:120) V1-Send: 0xCA->0x03 0x03FD [0m
[37m[3.608][linker]-[Debug]-[DjiProtocol_v1Pack:120) V1-Send: 0xCA->0x03 0x03FD [0m
[37m[3.628][linker]-[Debug]-[DjiProtocol_v1Pack:120) V1-Send: 0xCA->0x03 0x03FD [0m
[37m[3.648][linker]-[Debug]-[DjiProtocol_v1Pack:120) V1-Send: 0xCA->0x03 0x03FD [0m
[37m[3.668][linker]-[Debug]-[DjiProtocol_v1Pack:120) V1-Send: 0xCA->0x03 0x03FD [0m
[37m[3.689][linker]-[Debug]-[DjiLinker_DeInit:164) deinit linker success, protocol:2, channelId:0 [0m
[37m[3.695][linker]-[Debug]-[DjiLinker_Init:124) init linker success, protocol:2, channelId:0 [0m
[37m[3.695][linker]-[Debug]-[DjiProtocol_v1Pack:120) V1-Send: 0xE5->0x65 0x03FD [0m
[37m[3.715][linker]-[Debug]-[DjiProtocol_v1Pack:120) V1-Send: 0xE5->0x65 0x03FD [0m
[37m[3.735][linker]-[Debug]-[DjiProtocol_v1Pack:120) V1-Send: 0xE5->0x65 0x03FD [0m
[37m[3.755][linker]-[Debug]-[DjiProtocol_v1Pack:120) V1-Send: 0xE5->0x65 0x03FD [0m
[37m[3.776][linker]-[Debug]-[DjiProtocol_v1Pack:120) V1-Send: 0xE5->0x65 0x03FD [0m
[37m[3.796][linker]-[Debug]-[DjiLinker_DeInit:164) deinit linker success, protocol:2, channelId:0 [0m
[37m[3.802][linker]-[Debug]-[DjiLinker_Init:124) init linker success, protocol:2, channelId:0 [0m
[37m[3.802][linker]-[Debug]-[DjiProtocol_v1Pack:120) V1-Send: 0xE5->0x65 0x03FD [0m
[37m[3.822][linker]-[Debug]-[DjiProtocol_v1Pack:120) V1-Send: 0xE5->0x65 0x03FD [0m
[37m[3.842][linker]-[Debug]-[DjiProtocol_v1Pack:120) V1-Send: 0xE5->0x65 0x03FD [0m
[37m[3.862][linker]-[Debug]-[DjiProtocol_v1Pack:120) V1-Send: 0xE5->0x65 0x03FD [0m
[37m[3.882][linker]-[Debug]-[DjiProtocol_v1Pack:120) V1-Send: 0xE5->0x65 0x03FD [0m
[37m[3.903][linker]-[Debug]-[DjiLinker_DeInit:164) deinit linker success, protocol:2, channelId:0 [0m
[37m[3.909][linker]-[Debug]-[DjiLinker_Init:124) init linker success, protocol:2, channelId:0 [0m
[37m[3.909][linker]-[Debug]-[DjiProtocol_v1Pack:120) V1-Send: 0xE5->0x65 0x03FD [0m
[37m[3.911][linker]-[Debug]-[DjiProtocol_v1Unpack:163) protocol frame length error [0m
[37m[3.929][linker]-[Debug]-[DjiProtocol_v1Pack:120) V1-Send: 0xE5->0x65 0x03FD [0m
[37m[3.949][linker]-[Debug]-[DjiProtocol_v1Pack:120) V1-Send: 0xE5->0x65 0x03FD [0m
[37m[3.969][linker]-[Debug]-[DjiProtocol_v1Pack:120) V1-Send: 0xE5->0x65 0x03FD [0m
[37m[3.989][linker]-[Debug]-[DjiProtocol_v1Pack:120) V1-Send: 0xE5->0x65 0x03FD [0m
[37m[4.010][linker]-[Debug]-[DjiLinker_DeInit:164) deinit linker success, protocol:2, channelId:0 [0m
[37m[4.016][linker]-[Debug]-[DjiLinker_Init:124) init linker success, protocol:2, channelId:0 [0m
[37m[4.016][linker]-[Debug]-[DjiProtocol_v1Pack:120) V1-Send: 0xE5->0x65 0x03FD [0m
[37m[4.036][linker]-[Debug]-[DjiProtocol_v1Pack:120) V1-Send: 0xE5->0x65 0x03FD [0m
[37m[4.056][linker]-[Debug]-[DjiProtocol_v1Pack:120) V1-Send: 0xE5->0x65 0x03FD [0m
[37m[4.076][linker]-[Debug]-[DjiProtocol_v1Pack:120) V1-Send: 0xE5->0x65 0x03FD [0m
[37m[4.096][linker]-[Debug]-[DjiProtocol_v1Pack:120) V1-Send: 0xE5->0x65 0x03FD [0m
[37m[4.117][linker]-[Debug]-[DjiLinker_DeInit:164) deinit linker success, protocol:2, channelId:0 [0m
[37m[4.123][linker]-[Debug]-[DjiLinker_Init:124) init linker success, protocol:2, channelId:0 [0m
[37m[4.123][linker]-[Debug]-[DjiProtocol_v1Pack:120) V1-Send: 0xE5->0x65 0x03FD [0m
[37m[4.143][linker]-[Debug]-[DjiProtocol_v1Pack:120) V1-Send: 0xE5->0x65 0x03FD [0m
[37m[4.163][linker]-[Debug]-[DjiProtocol_v1Pack:120) V1-Send: 0xE5->0x65 0x03FD [0m
[37m[4.183][linker]-[Debug]-[DjiProtocol_v1Pack:120) V1-Send: 0xE5->0x65 0x03FD [0m
[37m[4.203][linker]-[Debug]-[DjiProtocol_v1Pack:120) V1-Send: 0xE5->0x65 0x03FD [0m
[37m[4.223][linker]-[Debug]-[DjiLinker_DeInit:164) deinit linker success, protocol:2, channelId:0 [0m
[37m[4.229][linker]-[Debug]-[DjiLinker_Init:124) init linker success, protocol:2, channelId:0 [0m
[37m[4.230][linker]-[Debug]-[DjiProtocol_v1Pack:120) V1-Send: 0xCA->0x03 0x03FD [0m
[37m[4.250][linker]-[Debug]-[DjiProtocol_v1Pack:120) V1-Send: 0xCA->0x03 0x03FD [0m
[37m[4.270][linker]-[Debug]-[DjiProtocol_v1Pack:120) V1-Send: 0xCA->0x03 0x03FD [0m
[37m[4.290][linker]-[Debug]-[DjiProtocol_v1Pack:120) V1-Send: 0xCA->0x03 0x03FD [0m
[37m[4.310][linker]-[Debug]-[DjiProtocol_v1Pack:120) V1-Send: 0xCA->0x03 0x03FD [0m
[37m[4.330][linker]-[Debug]-[DjiLinker_DeInit:164) deinit linker success, protocol:2, channelId:0 [0m
[37m[4.336][linker]-[Debug]-[DjiLinker_Init:124) init linker success, protocol:2, channelId:0 [0m
[37m[4.336][linker]-[Debug]-[DjiProtocol_v1Pack:120) V1-Send: 0xCA->0x03 0x03FD [0m
[37m[4.357][linker]-[Debug]-[DjiProtocol_v1Pack:120) V1-Send: 0xCA->0x03 0x03FD [0m
[37m[4.375][utils]-[Debug]-[DjiCore_RootTask:131) work execution time: [0m
[37m[4.375][utils]-[Debug]-[DjiCore_RootTask:132) name	                execution time (ms)	  max execution time (ms) [0m
[37m[4.375][utils]-[Debug]-[DjiCore_RootTask:134) recorderWork                    	0       	0        [0m
[37m[4.375][utils]-[Debug]-[DjiCore_RootTask:134) flowControllerTask              	0       	1        [0m
[37m[4.377][linker]-[Debug]-[DjiProtocol_v1Pack:120) V1-Send: 0xCA->0x03 0x03FD [0m
[37m[4.397][linker]-[Debug]-[DjiProtocol_v1Pack:120) V1-Send: 0xCA->0x03 0x03FD [0m
[37m[4.397][linker]-[Debug]-[DjiProtocol_v1Unpack:163) protocol frame length error [0m
[37m[4.417][linker]-[Debug]-[DjiProtocol_v1Pack:120) V1-Send: 0xCA->0x03 0x03FD [0m
[37m[4.437][linker]-[Debug]-[DjiLinker_DeInit:164) deinit linker success, protocol:2, channelId:0 [0m
[37m[4.443][linker]-[Debug]-[DjiLinker_Init:124) init linker success, protocol:2, channelId:0 [0m
[37m[4.443][linker]-[Debug]-[DjiProtocol_v1Pack:120) V1-Send: 0xCA->0x03 0x03FD [0m
[37m[4.463][linker]-[Debug]-[DjiProtocol_v1Pack:120) V1-Send: 0xCA->0x03 0x03FD [0m
[37m[4.484][linker]-[Debug]-[DjiProtocol_v1Pack:120) V1-Send: 0xCA->0x03 0x03FD [0m
[37m[4.504][linker]-[Debug]-[DjiProtocol_v1Pack:120) V1-Send: 0xCA->0x03 0x03FD [0m
[37m[4.524][linker]-[Debug]-[DjiProtocol_v1Pack:120) V1-Send: 0xCA->0x03 0x03FD [0m
[37m[4.544][linker]-[Debug]-[DjiLinker_DeInit:164) deinit linker success, protocol:2, channelId:0 [0m
[37m[4.550][linker]-[Debug]-[DjiLinker_Init:124) init linker success, protocol:2, channelId:0 [0m
[37m[4.550][linker]-[Debug]-[DjiProtocol_v1Pack:120) V1-Send: 0xCA->0x03 0x03FD [0m
[37m[4.570][linker]-[Debug]-[DjiProtocol_v1Pack:120) V1-Send: 0xCA->0x03 0x03FD [0m
[37m[4.591][linker]-[Debug]-[DjiProtocol_v1Pack:120) V1-Send: 0xCA->0x03 0x03FD [0m
[37m[4.611][linker]-[Debug]-[DjiProtocol_v1Pack:120) V1-Send: 0xCA->0x03 0x03FD [0m
[37m[4.631][linker]-[Debug]-[DjiProtocol_v1Pack:120) V1-Send: 0xCA->0x03 0x03FD [0m
[37m[4.651][linker]-[Debug]-[DjiLinker_DeInit:164) deinit linker success, protocol:2, channelId:0 [0m
[37m[4.657][linker]-[Debug]-[DjiLinker_Init:124) init linker success, protocol:2, channelId:0 [0m
[37m[4.657][linker]-[Debug]-[DjiProtocol_v1Pack:120) V1-Send: 0xCA->0x03 0x03FD [0m
[37m[4.678][linker]-[Debug]-[DjiProtocol_v1Pack:120) V1-Send: 0xCA->0x03 0x03FD [0m
[37m[4.698][linker]-[Debug]-[DjiProtocol_v1Pack:120) V1-Send: 0xCA->0x03 0x03FD [0m
[37m[4.718][linker]-[Debug]-[DjiProtocol_v1Pack:120) V1-Send: 0xCA->0x03 0x03FD [0m
[37m[4.738][linker]-[Debug]-[DjiProtocol_v1Pack:120) V1-Send: 0xCA->0x03 0x03FD [0m
[37m[4.758][linker]-[Debug]-[DjiLinker_DeInit:164) deinit linker success, protocol:2, channelId:0 [0m
[37m[4.764][linker]-[Debug]-[DjiLinker_Init:124) init linker success, protocol:1, channelId:0 [0m
[37m[4.764][linker]-[Debug]-[DjiProtocol_sdkPack:182) SDK-Send: 0xCA->0x03 0x0000 [0m
[37m[4.784][linker]-[Debug]-[DjiProtocol_sdkPack:182) SDK-Send: 0xCA->0x03 0x0000 [0m
[37m[4.805][linker]-[Debug]-[DjiProtocol_sdkPack:182) SDK-Send: 0xCA->0x03 0x0000 [0m
[37m[4.825][linker]-[Debug]-[DjiProtocol_sdkPack:182) SDK-Send: 0xCA->0x03 0x0000 [0m
[37m[4.845][linker]-[Debug]-[DjiProtocol_sdkPack:182) SDK-Send: 0xCA->0x03 0x0000 [0m
[37m[4.865][linker]-[Debug]-[DjiLinker_DeInit:164) deinit linker success, protocol:1, channelId:0 [0m
[37m[4.871][linker]-[Debug]-[DjiLinker_Init:124) init linker success, protocol:1, channelId:0 [0m
[37m[4.871][linker]-[Debug]-[DjiProtocol_sdkPack:182) SDK-Send: 0xCA->0x03 0x0000 [0m
[37m[4.891][linker]-[Debug]-[DjiProtocol_sdkPack:182) SDK-Send: 0xCA->0x03 0x0000 [0m
[31m[4.898][linker]-[Error]-[DjiChannel_uartRead:88) uart read data error [0m
[31m[4.900][linker]-[Error]-[DjiChannel_uartRead:88) uart read data error [0m
[31m[4.901][linker]-[Error]-[DjiChannel_uartRead:88) uart read data error [0m
[31m[4.903][linker]-[Error]-[DjiChannel_uartRead:88) uart read data error [0m
[31m[4.905][linker]-[Error]-[DjiChannel_uartRead:88) uart read data error [0m
[31m[4.906][linker]-[Error]-[DjiChannel_uartRead:88) uart read data error [0m
[31m[4.908][linker]-[Error]-[DjiChannel_uartRead:88) uart read data error [0m
[31m[4.909][linker]-[Error]-[DjiChannel_uartRead:88) uart read data error [0m
[31m[4.910][linker]-[Error]-[DjiChannel_uartRead:88) uart read data error [0m
[31m[4.911][linker]-[Error]-[DjiChannel_uartRead:88) uart read data error [0m
[37m[4.912][linker]-[Debug]-[DjiProtocol_sdkPack:182) SDK-Send: 0xCA->0x03 0x0000 [0m
[31m[4.913][linker]-[Error]-[DjiChannel_uartRead:88) uart read data error [0m
[31m[4.914][linker]-[Error]-[DjiChannel_uartRead:88) uart read data error [0m
[31m[4.915][linker]-[Error]-[DjiChannel_uartRead:88) uart read data error [0m
[31m[4.916][linker]-[Error]-[DjiChannel_uartRead:88) uart read data error [0m
[31m[4.917][linker]-[Error]-[DjiChannel_uartRead:88) uart read data error [0m
[31m[4.918][linker]-[Error]-[DjiChannel_uartRead:88) uart read data error [0m
[31m[4.919][linker]-[Error]-[DjiChannel_uartRead:88) uart read data error [0m
[31m[4.921][linker]-[Error]-[DjiChannel_uartRead:88) uart read data error [0m
[31m[4.922][linker]-[Error]-[DjiChannel_uartRead:88) uart read data error [0m
[31m[4.923][linker]-[Error]-[DjiChannel_uartRead:88) uart read data error [0m
[31m[4.924][linker]-[Error]-[DjiChannel_uartRead:88) uart read data error [0m
[31m[4.925][linker]-[Error]-[DjiChannel_uartRead:88) uart read data error [0m
[31m[4.927][linker]-[Error]-[DjiChannel_uartRead:88) uart read data error [0m
[31m[4.928][linker]-[Error]-[DjiChannel_uartRead:88) uart read data error [0m
[31m[4.929][linker]-[Error]-[DjiChannel_uartRead:88) uart read data error [0m
[31m[4.930][linker]-[Error]-[DjiChannel_uartRead:88) uart read data error [0m
[31m[4.931][linker]-[Error]-[DjiChannel_uartRead:88) uart read data error [0m
[31m[4.932][linker]-[Error]-[DjiChannel_uartRead:88) uart read data error [0m
[37m[4.933][linker]-[Debug]-[DjiProtocol_sdkPack:182) SDK-Send: 0xCA->0x03 0x0000 [0m
[31m[4.934][linker]-[Error]-[DjiChannel_uartRead:88) uart read data error [0m
[31m[4.935][linker]-[Error]-[DjiChannel_uartRead:88) uart read data error [0m
[31m[4.936][linker]-[Error]-[DjiChannel_uartRead:88) uart read data error [0m
[31m[4.937][linker]-[Error]-[DjiChannel_uartRead:88) uart read data error [0m
[31m[4.938][linker]-[Error]-[DjiChannel_uartRead:88) uart read data error [0m
[31m[4.939][linker]-[Error]-[DjiChannel_uartRead:88) uart read data error [0m
[31m[4.940][linker]-[Error]-[DjiChannel_uartRead:88) uart read data error [0m
[31m[4.942][linker]-[Error]-[DjiChannel_uartRead:88) uart read data error [0m
[31m[4.943][linker]-[Error]-[DjiChannel_uartRead:88) uart read data error [0m
[31m[4.944][linker]-[Error]-[DjiChannel_uartRead:88) uart read data error [0m
[31m[4.945][linker]-[Error]-[DjiChannel_uartRead:88) uart read data error [0m
[31m[4.946][linker]-[Error]-[DjiChannel_uartRead:88) uart read data error [0m
[31m[4.948][linker]-[Error]-[DjiChannel_uartRead:88) uart read data error [0m
[31m[4.949][linker]-[Error]-[DjiChannel_uartRead:88) uart read data error [0m
[31m[4.950][linker]-[Error]-[DjiChannel_uartRead:88) uart read data error [0m
[31m[4.951][linker]-[Error]-[DjiChannel_uartRead:88) uart read data error [0m
[31m[4.952][linker]-[Error]-[DjiChannel_uartRead:88) uart read data error [0m
[37m[4.953][linker]-[Debug]-[DjiProtocol_sdkPack:182) SDK-Send: 0xCA->0x03 0x0000 [0m
[31m[4.954][linker]-[Error]-[DjiChannel_uartRead:88) uart read data error [0m
[31m[4.955][linker]-[Error]-[DjiChannel_uartRead:88) uart read data error [0m
[31m[4.956][linker]-[Error]-[DjiChannel_uartRead:88) uart read data error [0m
[31m[4.957][linker]-[Error]-[DjiChannel_uartRead:88) uart read data error [0m
[31m[4.958][linker]-[Error]-[DjiChannel_uartRead:88) uart read data error [0m
[31m[4.960][linker]-[Error]-[DjiChannel_uartRead:88) uart read data error [0m
[31m[4.961][linker]-[Error]-[DjiChannel_uartRead:88) uart read data error [0m
[31m[4.962][linker]-[Error]-[DjiChannel_uartRead:88) uart read data error [0m
[31m[4.963][linker]-[Error]-[DjiChannel_uartRead:88) uart read data error [0m
[31m[4.964][linker]-[Error]-[DjiChannel_uartRead:88) uart read data error [0m
[31m[4.966][linker]-[Error]-[DjiChannel_uartRead:88) uart read data error [0m
[31m[4.967][linker]-[Error]-[DjiChannel_uartRead:88) uart read data error [0m
[31m[4.968][linker]-[Error]-[DjiChannel_uartRead:88) uart read data error [0m
[31m[4.969][linker]-[Error]-[DjiChannel_uartRead:88) uart read data error [0m
[31m[4.970][linker]-[Error]-[DjiChannel_uartRead:88) uart read data error [0m
[31m[4.972][linker]-[Error]-[DjiChannel_uartRead:88) uart read data error [0m
[31m[4.973][linker]-[Error]-[DjiChannel_uartRead:88) uart read data error [0m
[37m[4.974][linker]-[Debug]-[DjiLinker_DeInit:164) deinit linker success, protocol:1, channelId:0 [0m
[37m[4.981][linker]-[Debug]-[DjiLinker_Init:124) init linker success, protocol:1, channelId:0 [0m
[37m[4.981][linker]-[Debug]-[DjiProtocol_sdkPack:182) SDK-Send: 0xCA->0x03 0x0000 [0m
[37m[5.001][linker]-[Debug]-[DjiProtocol_sdkPack:182) SDK-Send: 0xCA->0x03 0x0000 [0m
[37m[5.022][linker]-[Debug]-[DjiProtocol_sdkPack:182) SDK-Send: 0xCA->0x03 0x0000 [0m
[37m[5.043][linker]-[Debug]-[DjiProtocol_sdkPack:182) SDK-Send: 0xCA->0x03 0x0000 [0m
[37m[5.063][linker]-[Debug]-[DjiProtocol_sdkPack:182) SDK-Send: 0xCA->0x03 0x0000 [0m
[37m[5.083][linker]-[Debug]-[DjiLinker_DeInit:164) deinit linker success, protocol:1, channelId:0 [0m
[37m[5.090][linker]-[Debug]-[DjiLinker_Init:124) init linker success, protocol:1, channelId:0 [0m
[37m[5.090][linker]-[Debug]-[DjiProtocol_sdkPack:182) SDK-Send: 0xCA->0x03 0x0000 [0m
[37m[5.110][linker]-[Debug]-[DjiProtocol_sdkPack:182) SDK-Send: 0xCA->0x03 0x0000 [0m
[37m[5.130][linker]-[Debug]-[DjiProtocol_sdkPack:182) SDK-Send: 0xCA->0x03 0x0000 [0m
[37m[5.150][linker]-[Debug]-[DjiProtocol_sdkPack:182) SDK-Send: 0xCA->0x03 0x0000 [0m
[37m[5.170][linker]-[Debug]-[DjiProtocol_sdkPack:182) SDK-Send: 0xCA->0x03 0x0000 [0m
[37m[5.191][linker]-[Debug]-[DjiLinker_DeInit:164) deinit linker success, protocol:1, channelId:0 [0m
[37m[5.197][linker]-[Debug]-[DjiLinker_Init:124) init linker success, protocol:1, channelId:0 [0m
[37m[5.197][linker]-[Debug]-[DjiProtocol_sdkPack:182) SDK-Send: 0xCA->0x03 0x0000 [0m
[37m[5.217][linker]-[Debug]-[DjiProtocol_sdkPack:182) SDK-Send: 0xCA->0x03 0x0000 [0m
[37m[5.237][linker]-[Debug]-[DjiProtocol_sdkPack:182) SDK-Send: 0xCA->0x03 0x0000 [0m
[37m[5.257][linker]-[Debug]-[DjiProtocol_sdkPack:182) SDK-Send: 0xCA->0x03 0x0000 [0m
[37m[5.277][linker]-[Debug]-[DjiProtocol_sdkPack:182) SDK-Send: 0xCA->0x03 0x0000 [0m
[37m[5.297][linker]-[Debug]-[DjiLinker_DeInit:164) deinit linker success, protocol:1, channelId:0 [0m
[32m[5.298][adapter]-[Info]-[DjiAccessAdapter_Init:162) Try identify UART0 connection failed. Probably because SDK adapter or aircraft not finish init or UART connect error. [0m
[37m[5.354][linker]-[Debug]-[DjiLinker_Init:124) init linker success, protocol:2, channelId:0 [0m
[37m[5.354][linker]-[Debug]-[DjiProtocol_v1Pack:120) V1-Send: 0xCA->0x03 0x03FD [0m
[37m[5.375][linker]-[Debug]-[DjiProtocol_v1Pack:120) V1-Send: 0xCA->0x03 0x03FD [0m
[37m[5.395][linker]-[Debug]-[DjiProtocol_v1Pack:120) V1-Send: 0xCA->0x03 0x03FD [0m
[37m[5.415][linker]-[Debug]-[DjiProtocol_v1Pack:120) V1-Send: 0xCA->0x03 0x03FD [0m
[37m[5.435][linker]-[Debug]-[DjiProtocol_v1Pack:120) V1-Send: 0xCA->0x03 0x03FD [0m
[37m[5.455][linker]-[Debug]-[DjiLinker_DeInit:164) deinit linker success, protocol:2, channelId:0 [0m
[37m[5.458][utils]-[Debug]-[DjiCore_RootTask:131) work execution time: [0m
[37m[5.458][utils]-[Debug]-[DjiCore_RootTask:132) name	                execution time (ms)	  max execution time (ms) [0m
[37m[5.458][utils]-[Debug]-[DjiCore_RootTask:134) recorderWork                    	1       	1        [0m
[37m[5.458][utils]-[Debug]-[DjiCore_RootTask:134) flowControllerTask              	0       	1        [0m
[37m[5.462][linker]-[Debug]-[DjiLinker_Init:124) init linker success, protocol:2, channelId:0 [0m
[37m[5.462][linker]-[Debug]-[DjiProtocol_v1Pack:120) V1-Send: 0xE5->0x65 0x03FD [0m
[37m[5.482][linker]-[Debug]-[DjiProtocol_v1Pack:120) V1-Send: 0xE5->0x65 0x03FD [0m
[37m[5.502][linker]-[Debug]-[DjiProtocol_v1Pack:120) V1-Send: 0xE5->0x65 0x03FD [0m
[37m[5.522][linker]-[Debug]-[DjiProtocol_v1Pack:120) V1-Send: 0xE5->0x65 0x03FD [0m
[37m[5.542][linker]-[Debug]-[DjiProtocol_v1Pack:120) V1-Send: 0xE5->0x65 0x03FD [0m
[37m[5.562][linker]-[Debug]-[DjiLinker_DeInit:164) deinit linker success, protocol:2, channelId:0 [0m
[37m[5.568][linker]-[Debug]-[DjiLinker_Init:124) init linker success, protocol:2, channelId:0 [0m
[37m[5.568][linker]-[Debug]-[DjiProtocol_v1Pack:120) V1-Send: 0xE5->0x65 0x03FD [0m
[37m[5.589][linker]-[Debug]-[DjiProtocol_v1Pack:120) V1-Send: 0xE5->0x65 0x03FD [0m
[37m[5.609][linker]-[Debug]-[DjiProtocol_v1Pack:120) V1-Send: 0xE5->0x65 0x03FD [0m
[37m[5.629][linker]-[Debug]-[DjiProtocol_v1Pack:120) V1-Send: 0xE5->0x65 0x03FD [0m
[37m[5.649][linker]-[Debug]-[DjiProtocol_v1Pack:120) V1-Send: 0xE5->0x65 0x03FD [0m
[37m[5.669][linker]-[Debug]-[DjiLinker_DeInit:164) deinit linker success, protocol:2, channelId:0 [0m
[37m[5.675][linker]-[Debug]-[DjiLinker_Init:124) init linker success, protocol:2, channelId:0 [0m
[37m[5.675][linker]-[Debug]-[DjiProtocol_v1Pack:120) V1-Send: 0xE5->0x65 0x03FD [0m
[37m[5.682][linker]-[Debug]-[DjiProtocol_v1Unpack:163) protocol frame length error [0m
[37m[5.695][linker]-[Debug]-[DjiProtocol_v1Pack:120) V1-Send: 0xE5->0x65 0x03FD [0m
[37m[5.715][linker]-[Debug]-[DjiProtocol_v1Pack:120) V1-Send: 0xE5->0x65 0x03FD [0m
[37m[5.721][linker]-[Debug]-[DjiProtocol_v1Unpack:163) protocol frame length error [0m
[37m[5.736][linker]-[Debug]-[DjiProtocol_v1Pack:120) V1-Send: 0xE5->0x65 0x03FD [0m
[37m[5.741][linker]-[Debug]-[DjiProtocol_v1Unpack:163) protocol frame length error [0m
[37m[5.756][linker]-[Debug]-[DjiProtocol_v1Pack:120) V1-Send: 0xE5->0x65 0x03FD [0m
[37m[5.776][linker]-[Debug]-[DjiLinker_DeInit:164) deinit linker success, protocol:2, channelId:0 [0m
[37m[5.782][linker]-[Debug]-[DjiLinker_Init:124) init linker success, protocol:2, channelId:0 [0m
[37m[5.782][linker]-[Debug]-[DjiProtocol_v1Pack:120) V1-Send: 0xE5->0x65 0x03FD [0m
[37m[5.802][linker]-[Debug]-[DjiProtocol_v1Pack:120) V1-Send: 0xE5->0x65 0x03FD [0m
[37m[5.822][linker]-[Debug]-[DjiProtocol_v1Pack:120) V1-Send: 0xE5->0x65 0x03FD [0m
[37m[5.842][linker]-[Debug]-[DjiProtocol_v1Pack:120) V1-Send: 0xE5->0x65 0x03FD [0m
[37m[5.863][linker]-[Debug]-[DjiProtocol_v1Pack:120) V1-Send: 0xE5->0x65 0x03FD [0m
[37m[5.883][linker]-[Debug]-[DjiLinker_DeInit:164) deinit linker success, protocol:2, channelId:0 [0m
[37m[5.889][linker]-[Debug]-[DjiLinker_Init:124) init linker success, protocol:2, channelId:0 [0m
[37m[5.889][linker]-[Debug]-[DjiProtocol_v1Pack:120) V1-Send: 0xE5->0x65 0x03FD [0m
[31m[5.898][linker]-[Error]-[DjiChannel_uartRead:88) uart read data error [0m
[31m[5.900][linker]-[Error]-[DjiChannel_uartRead:88) uart read data error [0m
[31m[5.901][linker]-[Error]-[DjiChannel_uartRead:88) uart read data error [0m
[31m[5.903][linker]-[Error]-[DjiChannel_uartRead:88) uart read data error [0m
[31m[5.904][linker]-[Error]-[DjiChannel_uartRead:88) uart read data error [0m
[31m[5.906][linker]-[Error]-[DjiChannel_uartRead:88) uart read data error [0m
[31m[5.908][linker]-[Error]-[DjiChannel_uartRead:88) uart read data error [0m
[31m[5.909][linker]-[Error]-[DjiChannel_uartRead:88) uart read data error [0m
[37m[5.909][linker]-[Debug]-[DjiProtocol_v1Pack:120) V1-Send: 0xE5->0x65 0x03FD [0m
[31m[5.910][linker]-[Error]-[DjiChannel_uartRead:88) uart read data error [0m
[31m[5.911][linker]-[Error]-[DjiChannel_uartRead:88) uart read data error [0m
[31m[5.913][linker]-[Error]-[DjiChannel_uartRead:88) uart read data error [0m
[31m[5.914][linker]-[Error]-[DjiChannel_uartRead:88) uart read data error [0m
[31m[5.915][linker]-[Error]-[DjiChannel_uartRead:88) uart read data error [0m
[31m[5.916][linker]-[Error]-[DjiChannel_uartRead:88) uart read data error [0m
[31m[5.918][linker]-[Error]-[DjiChannel_uartRead:88) uart read data error [0m
[31m[5.920][linker]-[Error]-[DjiChannel_uartRead:88) uart read data error [0m
[31m[5.922][linker]-[Error]-[DjiChannel_uartRead:88) uart read data error [0m
[31m[5.924][linker]-[Error]-[DjiChannel_uartRead:88) uart read data error [0m
[31m[5.925][linker]-[Error]-[DjiChannel_uartRead:88) uart read data error [0m
[31m[5.926][linker]-[Error]-[DjiChannel_uartRead:88) uart read data error [0m
[31m[5.927][linker]-[Error]-[DjiChannel_uartRead:88) uart read data error [0m
[31m[5.928][linker]-[Error]-[DjiChannel_uartRead:88) uart read data error [0m
[31m[5.930][linker]-[Error]-[DjiChannel_uartRead:88) uart read data error [0m
[37m[5.930][linker]-[Debug]-[DjiProtocol_v1Pack:120) V1-Send: 0xE5->0x65 0x03FD [0m
[31m[5.931][linker]-[Error]-[DjiChannel_uartRead:88) uart read data error [0m
[31m[5.932][linker]-[Error]-[DjiChannel_uartRead:88) uart read data error [0m
[31m[5.933][linker]-[Error]-[DjiChannel_uartRead:88) uart read data error [0m
[31m[5.935][linker]-[Error]-[DjiChannel_uartRead:88) uart read data error [0m
[31m[5.936][linker]-[Error]-[DjiChannel_uartRead:88) uart read data error [0m
[31m[5.937][linker]-[Error]-[DjiChannel_uartRead:88) uart read data error [0m
[31m[5.938][linker]-[Error]-[DjiChannel_uartRead:88) uart read data error [0m
[31m[5.939][linker]-[Error]-[DjiChannel_uartRead:88) uart read data error [0m
[31m[5.941][linker]-[Error]-[DjiChannel_uartRead:88) uart read data error [0m
[31m[5.942][linker]-[Error]-[DjiChannel_uartRead:88) uart read data error [0m
[31m[5.943][linker]-[Error]-[DjiChannel_uartRead:88) uart read data error [0m
[31m[5.944][linker]-[Error]-[DjiChannel_uartRead:88) uart read data error [0m
[31m[5.945][linker]-[Error]-[DjiChannel_uartRead:88) uart read data error [0m
[31m[5.947][linker]-[Error]-[DjiChannel_uartRead:88) uart read data error [0m
[31m[5.948][linker]-[Error]-[DjiChannel_uartRead:88) uart read data error [0m
[31m[5.949][linker]-[Error]-[DjiChannel_uartRead:88) uart read data error [0m
[37m[5.950][linker]-[Debug]-[DjiProtocol_v1Pack:120) V1-Send: 0xE5->0x65 0x03FD [0m
[31m[5.950][linker]-[Error]-[DjiChannel_uartRead:88) uart read data error [0m
[31m[5.952][linker]-[Error]-[DjiChannel_uartRead:88) uart read data error [0m
[31m[5.953][linker]-[Error]-[DjiChannel_uartRead:88) uart read data error [0m
[31m[5.954][linker]-[Error]-[DjiChannel_uartRead:88) uart read data error [0m
[31m[5.955][linker]-[Error]-[DjiChannel_uartRead:88) uart read data error [0m
[31m[5.957][linker]-[Error]-[DjiChannel_uartRead:88) uart read data error [0m
[31m[5.958][linker]-[Error]-[DjiChannel_uartRead:88) uart read data error [0m
[31m[5.959][linker]-[Error]-[DjiChannel_uartRead:88) uart read data error [0m
[31m[5.960][linker]-[Error]-[DjiChannel_uartRead:88) uart read data error [0m
[31m[5.962][linker]-[Error]-[DjiChannel_uartRead:88) uart read data error [0m
[31m[5.963][linker]-[Error]-[DjiChannel_uartRead:88) uart read data error [0m
[31m[5.964][linker]-[Error]-[DjiChannel_uartRead:88) uart read data error [0m
[31m[5.965][linker]-[Error]-[DjiChannel_uartRead:88) uart read data error [0m
[31m[5.966][linker]-[Error]-[DjiChannel_uartRead:88) uart read data error [0m
[31m[5.968][linker]-[Error]-[DjiChannel_uartRead:88) uart read data error [0m
[31m[5.969][linker]-[Error]-[DjiChannel_uartRead:88) uart read data error [0m
[37m[5.970][linker]-[Debug]-[DjiProtocol_v1Pack:120) V1-Send: 0xE5->0x65 0x03FD [0m
[31m[5.970][linker]-[Error]-[DjiChannel_uartRead:88) uart read data error [0m
[31m[5.972][linker]-[Error]-[DjiChannel_uartRead:88) uart read data error [0m
[31m[5.973][linker]-[Error]-[DjiChannel_uartRead:88) uart read data error [0m
[31m[5.974][linker]-[Error]-[DjiChannel_uartRead:88) uart read data error [0m
[31m[5.975][linker]-[Error]-[DjiChannel_uartRead:88) uart read data error [0m
[31m[5.977][linker]-[Error]-[DjiChannel_uartRead:88) uart read data error [0m
[31m[5.978][linker]-[Error]-[DjiChannel_uartRead:88) uart read data error [0m
[31m[5.979][linker]-[Error]-[DjiChannel_uartRead:88) uart read data error [0m
[31m[5.980][linker]-[Error]-[DjiChannel_uartRead:88) uart read data error [0m
[31m[5.982][linker]-[Error]-[DjiChannel_uartRead:88) uart read data error [0m
[31m[5.983][linker]-[Error]-[DjiChannel_uartRead:88) uart read data error [0m
[31m[5.984][linker]-[Error]-[DjiChannel_uartRead:88) uart read data error [0m
[31m[5.985][linker]-[Error]-[DjiChannel_uartRead:88) uart read data error [0m
[31m[5.987][linker]-[Error]-[DjiChannel_uartRead:88) uart read data error [0m
[31m[5.988][linker]-[Error]-[DjiChannel_uartRead:88) uart read data error [0m
[31m[5.989][linker]-[Error]-[DjiChannel_uartRead:88) uart read data error [0m
[31m[5.990][linker]-[Error]-[DjiChannel_uartRead:88) uart read data error [0m
[37m[5.991][linker]-[Debug]-[DjiLinker_DeInit:164) deinit linker success, protocol:2, channelId:0 [0m
[37m[6.003][linker]-[Debug]-[DjiLinker_Init:124) init linker success, protocol:2, channelId:0 [0m
[37m[6.003][linker]-[Debug]-[DjiProtocol_v1Pack:120) V1-Send: 0xCA->0x03 0x03FD [0m
[37m[6.024][linker]-[Debug]-[DjiProtocol_v1Pack:120) V1-Send: 0xCA->0x03 0x03FD [0m
[37m[6.044][linker]-[Debug]-[DjiProtocol_v1Pack:120) V1-Send: 0xCA->0x03 0x03FD [0m
[37m[6.064][linker]-[Debug]-[DjiProtocol_v1Pack:120) V1-Send: 0xCA->0x03 0x03FD [0m
[37m[6.084][linker]-[Debug]-[DjiProtocol_v1Pack:120) V1-Send: 0xCA->0x03 0x03FD [0m
[37m[6.104][linker]-[Debug]-[DjiLinker_DeInit:164) deinit linker success, protocol:2, channelId:0 [0m
[37m[6.111][linker]-[Debug]-[DjiLinker_Init:124) init linker success, protocol:2, channelId:0 [0m
[37m[6.111][linker]-[Debug]-[DjiProtocol_v1Pack:120) V1-Send: 0xCA->0x03 0x03FD [0m
[37m[6.131][linker]-[Debug]-[DjiProtocol_v1Pack:120) V1-Send: 0xCA->0x03 0x03FD [0m
[37m[6.151][linker]-[Debug]-[DjiProtocol_v1Pack:120) V1-Send: 0xCA->0x03 0x03FD [0m
[37m[6.171][linker]-[Debug]-[DjiProtocol_v1Pack:120) V1-Send: 0xCA->0x03 0x03FD [0m
[37m[6.191][linker]-[Debug]-[DjiProtocol_v1Pack:120) V1-Send: 0xCA->0x03 0x03FD [0m
[37m[6.212][linker]-[Debug]-[DjiLinker_DeInit:164) deinit linker success, protocol:2, channelId:0 [0m
[37m[6.218][linker]-[Debug]-[DjiLinker_Init:124) init linker success, protocol:2, channelId:0 [0m
[37m[6.218][linker]-[Debug]-[DjiProtocol_v1Pack:120) V1-Send: 0xCA->0x03 0x03FD [0m
[37m[6.238][linker]-[Debug]-[DjiProtocol_v1Pack:120) V1-Send: 0xCA->0x03 0x03FD [0m
[37m[6.259][linker]-[Debug]-[DjiProtocol_v1Pack:120) V1-Send: 0xCA->0x03 0x03FD [0m
[37m[6.279][linker]-[Debug]-[DjiProtocol_v1Pack:120) V1-Send: 0xCA->0x03 0x03FD [0m
[37m[6.299][linker]-[Debug]-[DjiProtocol_v1Pack:120) V1-Send: 0xCA->0x03 0x03FD [0m
[37m[6.319][linker]-[Debug]-[DjiLinker_DeInit:164) deinit linker success, protocol:2, channelId:0 [0m
[37m[6.326][linker]-[Debug]-[DjiLinker_Init:124) init linker success, protocol:2, channelId:0 [0m
[37m[6.326][linker]-[Debug]-[DjiProtocol_v1Pack:120) V1-Send: 0xCA->0x03 0x03FD [0m
[37m[6.346][linker]-[Debug]-[DjiProtocol_v1Pack:120) V1-Send: 0xCA->0x03 0x03FD [0m
[37m[6.367][linker]-[Debug]-[DjiProtocol_v1Pack:120) V1-Send: 0xCA->0x03 0x03FD [0m
[37m[6.387][linker]-[Debug]-[DjiProtocol_v1Pack:120) V1-Send: 0xCA->0x03 0x03FD [0m
[37m[6.407][linker]-[Debug]-[DjiProtocol_v1Pack:120) V1-Send: 0xCA->0x03 0x03FD [0m
[37m[6.428][linker]-[Debug]-[DjiLinker_DeInit:164) deinit linker success, protocol:2, channelId:0 [0m
[37m[6.435][linker]-[Debug]-[DjiLinker_Init:124) init linker success, protocol:2, channelId:0 [0m
[37m[6.435][linker]-[Debug]-[DjiProtocol_v1Pack:120) V1-Send: 0xCA->0x03 0x03FD [0m
[37m[6.455][linker]-[Debug]-[DjiProtocol_v1Pack:120) V1-Send: 0xCA->0x03 0x03FD [0m
[37m[6.475][linker]-[Debug]-[DjiProtocol_v1Pack:120) V1-Send: 0xCA->0x03 0x03FD [0m
[37m[6.495][linker]-[Debug]-[DjiProtocol_v1Pack:120) V1-Send: 0xCA->0x03 0x03FD [0m
[37m[6.515][linker]-[Debug]-[DjiProtocol_v1Pack:120) V1-Send: 0xCA->0x03 0x03FD [0m
[37m[6.536][linker]-[Debug]-[DjiLinker_DeInit:164) deinit linker success, protocol:2, channelId:0 [0m
[37m[6.542][linker]-[Debug]-[DjiLinker_Init:124) init linker success, protocol:1, channelId:0 [0m
[37m[6.542][linker]-[Debug]-[DjiProtocol_sdkPack:182) SDK-Send: 0xCA->0x03 0x0000 [0m
[37m[6.557][utils]-[Debug]-[DjiCore_RootTask:131) work execution time: [0m
[37m[6.557][utils]-[Debug]-[DjiCore_RootTask:132) name	                execution time (ms)	  max execution time (ms) [0m
[37m[6.557][utils]-[Debug]-[DjiCore_RootTask:134) recorderWork                    	1       	1        [0m
[37m[6.557][utils]-[Debug]-[DjiCore_RootTask:134) flowControllerTask              	0       	1        [0m
[37m[6.562][linker]-[Debug]-[DjiProtocol_sdkPack:182) SDK-Send: 0xCA->0x03 0x0000 [0m
[37m[6.582][linker]-[Debug]-[DjiProtocol_sdkPack:182) SDK-Send: 0xCA->0x03 0x0000 [0m
[37m[6.602][linker]-[Debug]-[DjiProtocol_sdkPack:182) SDK-Send: 0xCA->0x03 0x0000 [0m
[37m[6.622][linker]-[Debug]-[DjiProtocol_sdkPack:182) SDK-Send: 0xCA->0x03 0x0000 [0m
[37m[6.643][linker]-[Debug]-[DjiLinker_DeInit:164) deinit linker success, protocol:1, channelId:0 [0m
[37m[6.649][linker]-[Debug]-[DjiLinker_Init:124) init linker success, protocol:1, channelId:0 [0m
[37m[6.649][linker]-[Debug]-[DjiProtocol_sdkPack:182) SDK-Send: 0xCA->0x03 0x0000 [0m
[37m[6.669][linker]-[Debug]-[DjiProtocol_sdkPack:182) SDK-Send: 0xCA->0x03 0x0000 [0m
[37m[6.689][linker]-[Debug]-[DjiProtocol_sdkPack:182) SDK-Send: 0xCA->0x03 0x0000 [0m
[37m[6.709][linker]-[Debug]-[DjiProtocol_sdkPack:182) SDK-Send: 0xCA->0x03 0x0000 [0m
[37m[6.730][linker]-[Debug]-[DjiProtocol_sdkPack:182) SDK-Send: 0xCA->0x03 0x0000 [0m
[37m[6.750][linker]-[Debug]-[DjiLinker_DeInit:164) deinit linker success, protocol:1, channelId:0 [0m
[37m[6.756][linker]-[Debug]-[DjiLinker_Init:124) init linker success, protocol:1, channelId:0 [0m
[37m[6.756][linker]-[Debug]-[DjiProtocol_sdkPack:182) SDK-Send: 0xCA->0x03 0x0000 [0m
[37m[6.776][linker]-[Debug]-[DjiProtocol_sdkPack:182) SDK-Send: 0xCA->0x03 0x0000 [0m
[37m[6.796][linker]-[Debug]-[DjiProtocol_sdkPack:182) SDK-Send: 0xCA->0x03 0x0000 [0m
[37m[6.817][linker]-[Debug]-[DjiProtocol_sdkPack:182) SDK-Send: 0xCA->0x03 0x0000 [0m
[37m[6.837][linker]-[Debug]-[DjiProtocol_sdkPack:182) SDK-Send: 0xCA->0x03 0x0000 [0m
[37m[6.857][linker]-[Debug]-[DjiLinker_DeInit:164) deinit linker success, protocol:1, channelId:0 [0m
[37m[6.863][linker]-[Debug]-[DjiLinker_Init:124) init linker success, protocol:1, channelId:0 [0m
[37m[6.863][linker]-[Debug]-[DjiProtocol_sdkPack:182) SDK-Send: 0xCA->0x03 0x0000 [0m
[37m[6.883][linker]-[Debug]-[DjiProtocol_sdkPack:182) SDK-Send: 0xCA->0x03 0x0000 [0m
[37m[6.903][linker]-[Debug]-[DjiProtocol_sdkPack:182) SDK-Send: 0xCA->0x03 0x0000 [0m
[37m[6.924][linker]-[Debug]-[DjiProtocol_sdkPack:182) SDK-Send: 0xCA->0x03 0x0000 [0m
[37m[6.944][linker]-[Debug]-[DjiProtocol_sdkPack:182) SDK-Send: 0xCA->0x03 0x0000 [0m
[37m[6.964][linker]-[Debug]-[DjiLinker_DeInit:164) deinit linker success, protocol:1, channelId:0 [0m
[37m[6.971][linker]-[Debug]-[DjiLinker_Init:124) init linker success, protocol:1, channelId:0 [0m
[37m[6.971][linker]-[Debug]-[DjiProtocol_sdkPack:182) SDK-Send: 0xCA->0x03 0x0000 [0m
[37m[6.992][linker]-[Debug]-[DjiProtocol_sdkPack:182) SDK-Send: 0xCA->0x03 0x0000 [0m
[37m[7.012][linker]-[Debug]-[DjiProtocol_sdkPack:182) SDK-Send: 0xCA->0x03 0x0000 [0m
[37m[7.032][linker]-[Debug]-[DjiProtocol_sdkPack:182) SDK-Send: 0xCA->0x03 0x0000 [0m
[37m[7.052][linker]-[Debug]-[DjiProtocol_sdkPack:182) SDK-Send: 0xCA->0x03 0x0000 [0m
[37m[7.073][linker]-[Debug]-[DjiLinker_DeInit:164) deinit linker success, protocol:1, channelId:0 [0m
[32m[7.073][adapter]-[Info]-[DjiAccessAdapter_Init:162) Try identify UART0 connection failed. Probably because SDK adapter or aircraft not finish init or UART connect error. [0m
[37m[7.132][linker]-[Debug]-[DjiLinker_Init:124) init linker success, protocol:2, channelId:0 [0m
[37m[7.132][linker]-[Debug]-[DjiProtocol_v1Pack:120) V1-Send: 0xCA->0x03 0x03FD [0m
[37m[7.152][linker]-[Debug]-[DjiProtocol_v1Pack:120) V1-Send: 0xCA->0x03 0x03FD [0m
[37m[7.172][linker]-[Debug]-[DjiProtocol_v1Pack:120) V1-Send: 0xCA->0x03 0x03FD [0m
[37m[7.192][linker]-[Debug]-[DjiProtocol_v1Pack:120) V1-Send: 0xCA->0x03 0x03FD [0m
[37m[7.212][linker]-[Debug]-[DjiProtocol_v1Pack:120) V1-Send: 0xCA->0x03 0x03FD [0m
[37m[7.233][linker]-[Debug]-[DjiLinker_DeInit:164) deinit linker success, protocol:2, channelId:0 [0m
[37m[7.239][linker]-[Debug]-[DjiLinker_Init:124) init linker success, protocol:2, channelId:0 [0m
[37m[7.239][linker]-[Debug]-[DjiProtocol_v1Pack:120) V1-Send: 0xE5->0x65 0x03FD [0m
[37m[7.259][linker]-[Debug]-[DjiProtocol_v1Pack:120) V1-Send: 0xE5->0x65 0x03FD [0m
[37m[7.279][linker]-[Debug]-[DjiProtocol_v1Pack:120) V1-Send: 0xE5->0x65 0x03FD [0m
[37m[7.299][linker]-[Debug]-[DjiProtocol_v1Pack:120) V1-Send: 0xE5->0x65 0x03FD [0m
[37m[7.320][linker]-[Debug]-[DjiProtocol_v1Pack:120) V1-Send: 0xE5->0x65 0x03FD [0m
[37m[7.340][linker]-[Debug]-[DjiLinker_DeInit:164) deinit linker success, protocol:2, channelId:0 [0m
[37m[7.347][linker]-[Debug]-[DjiLinker_Init:124) init linker success, protocol:2, channelId:0 [0m
[37m[7.347][linker]-[Debug]-[DjiProtocol_v1Pack:120) V1-Send: 0xE5->0x65 0x03FD [0m
[37m[7.367][linker]-[Debug]-[DjiProtocol_v1Pack:120) V1-Send: 0xE5->0x65 0x03FD [0m
[37m[7.388][linker]-[Debug]-[DjiProtocol_v1Pack:120) V1-Send: 0xE5->0x65 0x03FD [0m
[31m[7.393][linker]-[Error]-[DjiChannel_uartRead:88) uart read data error [0m
[31m[7.394][linker]-[Error]-[DjiChannel_uartRead:88) uart read data error [0m
[31m[7.395][linker]-[Error]-[DjiChannel_uartRead:88) uart read data error [0m
[31m[7.397][linker]-[Error]-[DjiChannel_uartRead:88) uart read data error [0m
[31m[7.398][linker]-[Error]-[DjiChannel_uartRead:88) uart read data error [0m
[31m[7.399][linker]-[Error]-[DjiChannel_uartRead:88) uart read data error [0m
[31m[7.400][linker]-[Error]-[DjiChannel_uartRead:88) uart read data error [0m
[31m[7.401][linker]-[Error]-[DjiChannel_uartRead:88) uart read data error [0m
[31m[7.402][linker]-[Error]-[DjiChannel_uartRead:88) uart read data error [0m
[31m[7.404][linker]-[Error]-[DjiChannel_uartRead:88) uart read data error [0m
[31m[7.405][linker]-[Error]-[DjiChannel_uartRead:88) uart read data error [0m
[31m[7.407][linker]-[Error]-[DjiChannel_uartRead:88) uart read data error [0m
[31m[7.408][linker]-[Error]-[DjiChannel_uartRead:88) uart read data error [0m
[37m[7.408][linker]-[Debug]-[DjiProtocol_v1Pack:120) V1-Send: 0xE5->0x65 0x03FD [0m
[31m[7.409][linker]-[Error]-[DjiChannel_uartRead:88) uart read data error [0m
[31m[7.410][linker]-[Error]-[DjiChannel_uartRead:88) uart read data error [0m
[31m[7.411][linker]-[Error]-[DjiChannel_uartRead:88) uart read data error [0m
[31m[7.413][linker]-[Error]-[DjiChannel_uartRead:88) uart read data error [0m
[31m[7.414][linker]-[Error]-[DjiChannel_uartRead:88) uart read data error [0m
[31m[7.415][linker]-[Error]-[DjiChannel_uartRead:88) uart read data error [0m
[31m[7.416][linker]-[Error]-[DjiChannel_uartRead:88) uart read data error [0m
[31m[7.417][linker]-[Error]-[DjiChannel_uartRead:88) uart read data error [0m
[31m[7.419][linker]-[Error]-[DjiChannel_uartRead:88) uart read data error [0m
[31m[7.420][linker]-[Error]-[DjiChannel_uartRead:88) uart read data error [0m
[31m[7.421][linker]-[Error]-[DjiChannel_uartRead:88) uart read data error [0m
[31m[7.422][linker]-[Error]-[DjiChannel_uartRead:88) uart read data error [0m
[31m[7.424][linker]-[Error]-[DjiChannel_uartRead:88) uart read data error [0m
[31m[7.425][linker]-[Error]-[DjiChannel_uartRead:88) uart read data error [0m
[31m[7.426][linker]-[Error]-[DjiChannel_uartRead:88) uart read data error [0m
[31m[7.427][linker]-[Error]-[DjiChannel_uartRead:88) uart read data error [0m
[37m[7.428][linker]-[Debug]-[DjiProtocol_v1Pack:120) V1-Send: 0xE5->0x65 0x03FD [0m
[31m[7.429][linker]-[Error]-[DjiChannel_uartRead:88) uart read data error [0m
[31m[7.430][linker]-[Error]-[DjiChannel_uartRead:88) uart read data error [0m
[31m[7.431][linker]-[Error]-[DjiChannel_uartRead:88) uart read data error [0m
[31m[7.432][linker]-[Error]-[DjiChannel_uartRead:88) uart read data error [0m
[31m[7.433][linker]-[Error]-[DjiChannel_uartRead:88) uart read data error [0m
[31m[7.434][linker]-[Error]-[DjiChannel_uartRead:88) uart read data error [0m
[31m[7.436][linker]-[Error]-[DjiChannel_uartRead:88) uart read data error [0m
[31m[7.437][linker]-[Error]-[DjiChannel_uartRead:88) uart read data error [0m
[31m[7.438][linker]-[Error]-[DjiChannel_uartRead:88) uart read data error [0m
[31m[7.439][linker]-[Error]-[DjiChannel_uartRead:88) uart read data error [0m
[31m[7.440][linker]-[Error]-[DjiChannel_uartRead:88) uart read data error [0m
[31m[7.441][linker]-[Error]-[DjiChannel_uartRead:88) uart read data error [0m
[31m[7.443][linker]-[Error]-[DjiChannel_uartRead:88) uart read data error [0m
[31m[7.446][linker]-[Error]-[DjiChannel_uartRead:88) uart read data error [0m
[31m[7.448][linker]-[Error]-[DjiChannel_uartRead:88) uart read data error [0m
[37m[7.448][linker]-[Debug]-[DjiLinker_DeInit:164) deinit linker success, protocol:2, channelId:0 [0m
[37m[7.457][linker]-[Debug]-[DjiLinker_Init:124) init linker success, protocol:2, channelId:0 [0m
[37m[7.457][linker]-[Debug]-[DjiProtocol_v1Pack:120) V1-Send: 0xE5->0x65 0x03FD [0m
[37m[7.478][linker]-[Debug]-[DjiProtocol_v1Pack:120) V1-Send: 0xE5->0x65 0x03FD [0m
[37m[7.498][linker]-[Debug]-[DjiProtocol_v1Pack:120) V1-Send: 0xE5->0x65 0x03FD [0m
[37m[7.518][linker]-[Debug]-[DjiProtocol_v1Pack:120) V1-Send: 0xE5->0x65 0x03FD [0m
[37m[7.521][linker]-[Debug]-[DjiProtocol_v1Unpack:163) protocol frame length error [0m
[37m[7.538][linker]-[Debug]-[DjiProtocol_v1Pack:120) V1-Send: 0xE5->0x65 0x03FD [0m
[37m[7.542][linker]-[Debug]-[DjiProtocol_v1Unpack:163) protocol frame length error [0m
[37m[7.558][linker]-[Debug]-[DjiLinker_DeInit:164) deinit linker success, protocol:2, channelId:0 [0m
[37m[7.564][linker]-[Debug]-[DjiLinker_Init:124) init linker success, protocol:2, channelId:0 [0m
[37m[7.565][linker]-[Debug]-[DjiProtocol_v1Pack:120) V1-Send: 0xE5->0x65 0x03FD [0m
[37m[7.585][linker]-[Debug]-[DjiProtocol_v1Pack:120) V1-Send: 0xE5->0x65 0x03FD [0m
[37m[7.605][linker]-[Debug]-[DjiProtocol_v1Pack:120) V1-Send: 0xE5->0x65 0x03FD [0m
[37m[7.625][linker]-[Debug]-[DjiProtocol_v1Pack:120) V1-Send: 0xE5->0x65 0x03FD [0m
[37m[7.643][utils]-[Debug]-[DjiCore_RootTask:131) work execution time: [0m
[37m[7.643][utils]-[Debug]-[DjiCore_RootTask:132) name	                execution time (ms)	  max execution time (ms) [0m
[37m[7.643][utils]-[Debug]-[DjiCore_RootTask:134) recorderWork                    	1       	1        [0m
[37m[7.643][utils]-[Debug]-[DjiCore_RootTask:134) flowControllerTask              	1       	1        [0m
[37m[7.645][linker]-[Debug]-[DjiProtocol_v1Pack:120) V1-Send: 0xE5->0x65 0x03FD [0m
[37m[7.665][linker]-[Debug]-[DjiLinker_DeInit:164) deinit linker success, protocol:2, channelId:0 [0m
[37m[7.671][linker]-[Debug]-[DjiLinker_Init:124) init linker success, protocol:2, channelId:0 [0m
[37m[7.671][linker]-[Debug]-[DjiProtocol_v1Pack:120) V1-Send: 0xE5->0x65 0x03FD [0m
[37m[7.691][linker]-[Debug]-[DjiProtocol_v1Pack:120) V1-Send: 0xE5->0x65 0x03FD [0m
[37m[7.712][linker]-[Debug]-[DjiProtocol_v1Pack:120) V1-Send: 0xE5->0x65 0x03FD [0m
[37m[7.732][linker]-[Debug]-[DjiProtocol_v1Pack:120) V1-Send: 0xE5->0x65 0x03FD [0m
[37m[7.752][linker]-[Debug]-[DjiProtocol_v1Pack:120) V1-Send: 0xE5->0x65 0x03FD [0m
[37m[7.772][linker]-[Debug]-[DjiLinker_DeInit:164) deinit linker success, protocol:2, channelId:0 [0m
[37m[7.778][linker]-[Debug]-[DjiLinker_Init:124) init linker success, protocol:2, channelId:0 [0m
[37m[7.778][linker]-[Debug]-[DjiProtocol_v1Pack:120) V1-Send: 0xCA->0x03 0x03FD [0m
[37m[7.798][linker]-[Debug]-[DjiProtocol_v1Pack:120) V1-Send: 0xCA->0x03 0x03FD [0m
[37m[7.819][linker]-[Debug]-[DjiProtocol_v1Pack:120) V1-Send: 0xCA->0x03 0x03FD [0m
[37m[7.839][linker]-[Debug]-[DjiProtocol_v1Pack:120) V1-Send: 0xCA->0x03 0x03FD [0m
[37m[7.859][linker]-[Debug]-[DjiProtocol_v1Pack:120) V1-Send: 0xCA->0x03 0x03FD [0m
[37m[7.879][linker]-[Debug]-[DjiLinker_DeInit:164) deinit linker success, protocol:2, channelId:0 [0m
[37m[7.885][linker]-[Debug]-[DjiLinker_Init:124) init linker success, protocol:2, channelId:0 [0m
[37m[7.885][linker]-[Debug]-[DjiProtocol_v1Pack:120) V1-Send: 0xCA->0x03 0x03FD [0m
[37m[7.905][linker]-[Debug]-[DjiProtocol_v1Pack:120) V1-Send: 0xCA->0x03 0x03FD [0m
[37m[7.926][linker]-[Debug]-[DjiProtocol_v1Pack:120) V1-Send: 0xCA->0x03 0x03FD [0m
[37m[7.946][linker]-[Debug]-[DjiProtocol_v1Pack:120) V1-Send: 0xCA->0x03 0x03FD [0m
[37m[7.966][linker]-[Debug]-[DjiProtocol_v1Pack:120) V1-Send: 0xCA->0x03 0x03FD [0m
[37m[7.986][linker]-[Debug]-[DjiLinker_DeInit:164) deinit linker success, protocol:2, channelId:0 [0m
[37m[7.992][linker]-[Debug]-[DjiLinker_Init:124) init linker success, protocol:2, channelId:0 [0m
[37m[7.992][linker]-[Debug]-[DjiProtocol_v1Pack:120) V1-Send: 0xCA->0x03 0x03FD [0m
[37m[8.012][linker]-[Debug]-[DjiProtocol_v1Pack:120) V1-Send: 0xCA->0x03 0x03FD [0m
[37m[8.032][linker]-[Debug]-[DjiProtocol_v1Pack:120) V1-Send: 0xCA->0x03 0x03FD [0m
[37m[8.052][linker]-[Debug]-[DjiProtocol_v1Pack:120) V1-Send: 0xCA->0x03 0x03FD [0m
[37m[8.073][linker]-[Debug]-[DjiProtocol_v1Pack:120) V1-Send: 0xCA->0x03 0x03FD [0m
[37m[8.093][linker]-[Debug]-[DjiLinker_DeInit:164) deinit linker success, protocol:2, channelId:0 [0m
[37m[8.100][linker]-[Debug]-[DjiLinker_Init:124) init linker success, protocol:2, channelId:0 [0m
[37m[8.100][linker]-[Debug]-[DjiProtocol_v1Pack:120) V1-Send: 0xCA->0x03 0x03FD [0m
[37m[8.120][linker]-[Debug]-[DjiProtocol_v1Pack:120) V1-Send: 0xCA->0x03 0x03FD [0m
[37m[8.141][linker]-[Debug]-[DjiProtocol_v1Pack:120) V1-Send: 0xCA->0x03 0x03FD [0m
[37m[8.161][linker]-[Debug]-[DjiProtocol_v1Pack:120) V1-Send: 0xCA->0x03 0x03FD [0m
[37m[8.181][linker]-[Debug]-[DjiProtocol_v1Pack:120) V1-Send: 0xCA->0x03 0x03FD [0m
[37m[8.201][linker]-[Debug]-[DjiLinker_DeInit:164) deinit linker success, protocol:2, channelId:0 [0m
[37m[8.210][linker]-[Debug]-[DjiLinker_Init:124) init linker success, protocol:2, channelId:0 [0m
[37m[8.210][linker]-[Debug]-[DjiProtocol_v1Pack:120) V1-Send: 0xCA->0x03 0x03FD [0m
[37m[8.230][linker]-[Debug]-[DjiProtocol_v1Pack:120) V1-Send: 0xCA->0x03 0x03FD [0m
[37m[8.250][linker]-[Debug]-[DjiProtocol_v1Pack:120) V1-Send: 0xCA->0x03 0x03FD [0m
[37m[8.270][linker]-[Debug]-[DjiProtocol_v1Pack:120) V1-Send: 0xCA->0x03 0x03FD [0m
[37m[8.290][linker]-[Debug]-[DjiProtocol_v1Pack:120) V1-Send: 0xCA->0x03 0x03FD [0m
[37m[8.311][linker]-[Debug]-[DjiLinker_DeInit:164) deinit linker success, protocol:2, channelId:0 [0m
[37m[8.317][linker]-[Debug]-[DjiLinker_Init:124) init linker success, protocol:1, channelId:0 [0m
[37m[8.317][linker]-[Debug]-[DjiProtocol_sdkPack:182) SDK-Send: 0xCA->0x03 0x0000 [0m
[37m[8.337][linker]-[Debug]-[DjiProtocol_sdkPack:182) SDK-Send: 0xCA->0x03 0x0000 [0m
[37m[8.358][linker]-[Debug]-[DjiProtocol_sdkPack:182) SDK-Send: 0xCA->0x03 0x0000 [0m
[37m[8.378][linker]-[Debug]-[DjiProtocol_sdkPack:182) SDK-Send: 0xCA->0x03 0x0000 [0m
[31m[8.394][linker]-[Error]-[DjiChannel_uartRead:88) uart read data error [0m
[31m[8.396][linker]-[Error]-[DjiChannel_uartRead:88) uart read data error [0m
[31m[8.398][linker]-[Error]-[DjiChannel_uartRead:88) uart read data error [0m
[37m[8.399][linker]-[Debug]-[DjiProtocol_sdkPack:182) SDK-Send: 0xCA->0x03 0x0000 [0m
[31m[8.399][linker]-[Error]-[DjiChannel_uartRead:88) uart read data error [0m
[31m[8.400][linker]-[Error]-[DjiChannel_uartRead:88) uart read data error [0m
[31m[8.402][linker]-[Error]-[DjiChannel_uartRead:88) uart read data error [0m
[31m[8.403][linker]-[Error]-[DjiChannel_uartRead:88) uart read data error [0m
[31m[8.404][linker]-[Error]-[DjiChannel_uartRead:88) uart read data error [0m
[31m[8.405][linker]-[Error]-[DjiChannel_uartRead:88) uart read data error [0m
[31m[8.406][linker]-[Error]-[DjiChannel_uartRead:88) uart read data error [0m
[31m[8.407][linker]-[Error]-[DjiChannel_uartRead:88) uart read data error [0m
[31m[8.409][linker]-[Error]-[DjiChannel_uartRead:88) uart read data error [0m
[31m[8.410][linker]-[Error]-[DjiChannel_uartRead:88) uart read data error [0m
[31m[8.411][linker]-[Error]-[DjiChannel_uartRead:88) uart read data error [0m
[31m[8.412][linker]-[Error]-[DjiChannel_uartRead:88) uart read data error [0m
[31m[8.413][linker]-[Error]-[DjiChannel_uartRead:88) uart read data error [0m
[31m[8.415][linker]-[Error]-[DjiChannel_uartRead:88) uart read data error [0m
[31m[8.416][linker]-[Error]-[DjiChannel_uartRead:88) uart read data error [0m
[31m[8.417][linker]-[Error]-[DjiChannel_uartRead:88) uart read data error [0m
[31m[8.418][linker]-[Error]-[DjiChannel_uartRead:88) uart read data error [0m
[37m[8.419][linker]-[Debug]-[DjiLinker_DeInit:164) deinit linker success, protocol:1, channelId:0 [0m
[37m[8.435][linker]-[Debug]-[DjiLinker_Init:124) init linker success, protocol:1, channelId:0 [0m
[37m[8.435][linker]-[Debug]-[DjiProtocol_sdkPack:182) SDK-Send: 0xCA->0x03 0x0000 [0m
[37m[8.455][linker]-[Debug]-[DjiProtocol_sdkPack:182) SDK-Send: 0xCA->0x03 0x0000 [0m
