[32m[0.002][core]-[Info]-[DjiCore_Init:95) Payload SDK Version : V3.3.0-beta.0-build.1665 [0m
[37m[0.003][utils]-[Debug]-[DjiCore_RootTask:131) work execution time: [0m
[37m[0.003][utils]-[Debug]-[DjiCore_RootTask:132) name	                execution time (ms)	  max execution time (ms) [0m
[37m[0.003][utils]-[Debug]-[DjiCore_RootTask:134) recorderWork                    	0       	0        [0m
[37m[0.003][utils]-[Debug]-[DjiCore_RootTask:134) flowControllerTask              	0       	0        [0m
[37m[0.016][linker]-[Debug]-[DjiLinker_Init:124) init linker success, protocol:2, channelId:0 [0m
[37m[0.016][linker]-[Debug]-[DjiProtocol_v1Pack:120) V1-Send: 0xCA->0x03 0x03FD [0m
[31m[0.016][linker]-[Error]-[DjiChannel_uartRead:88) uart read data error [0m
[31m[0.018][linker]-[Error]-[DjiChannel_uartRead:88) uart read data error [0m
[31m[0.019][linker]-[Error]-[DjiChannel_uartRead:88) uart read data error [0m
[31m[0.020][linker]-[Error]-[DjiChannel_uartRead:88) uart read data error [0m
[31m[0.021][linker]-[Error]-[DjiChannel_uartRead:88) uart read data error [0m
[31m[0.022][linker]-[Error]-[DjiChannel_uartRead:88) uart read data error [0m
[31m[0.024][linker]-[Error]-[DjiChannel_uartRead:88) uart read data error [0m
[31m[0.025][linker]-[Error]-[DjiChannel_uartRead:88) uart read data error [0m
[31m[0.026][linker]-[Error]-[DjiChannel_uartRead:88) uart read data error [0m
[31m[0.027][linker]-[Error]-[DjiChannel_uartRead:88) uart read data error [0m
[31m[0.028][linker]-[Error]-[DjiChannel_uartRead:88) uart read data error [0m
[31m[0.029][linker]-[Error]-[DjiChannel_uartRead:88) uart read data error [0m
[31m[0.031][linker]-[Error]-[DjiChannel_uartRead:88) uart read data error [0m
[31m[0.032][linker]-[Error]-[DjiChannel_uartRead:88) uart read data error [0m
[31m[0.033][linker]-[Error]-[DjiChannel_uartRead:88) uart read data error [0m
[31m[0.034][linker]-[Error]-[DjiChannel_uartRead:88) uart read data error [0m
[31m[0.036][linker]-[Error]-[DjiChannel_uartRead:88) uart read data error [0m
[37m[0.037][linker]-[Debug]-[DjiProtocol_v1Pack:120) V1-Send: 0xCA->0x03 0x03FD [0m
[31m[0.037][linker]-[Error]-[DjiChannel_uartRead:88) uart read data error [0m
[31m[0.038][linker]-[Error]-[DjiChannel_uartRead:88) uart read data error [0m
[31m[0.039][linker]-[Error]-[DjiChannel_uartRead:88) uart read data error [0m
[31m[0.040][linker]-[Error]-[DjiChannel_uartRead:88) uart read data error [0m
[31m[0.042][linker]-[Error]-[DjiChannel_uartRead:88) uart read data error [0m
[31m[0.043][linker]-[Error]-[DjiChannel_uartRead:88) uart read data error [0m
[31m[0.044][linker]-[Error]-[DjiChannel_uartRead:88) uart read data error [0m
[31m[0.045][linker]-[Error]-[DjiChannel_uartRead:88) uart read data error [0m
[31m[0.046][linker]-[Error]-[DjiChannel_uartRead:88) uart read data error [0m
[31m[0.047][linker]-[Error]-[DjiChannel_uartRead:88) uart read data error [0m
[31m[0.048][linker]-[Error]-[DjiChannel_uartRead:88) uart read data error [0m
[31m[0.050][linker]-[Error]-[DjiChannel_uartRead:88) uart read data error [0m
[31m[0.051][linker]-[Error]-[DjiChannel_uartRead:88) uart read data error [0m
[31m[0.052][linker]-[Error]-[DjiChannel_uartRead:88) uart read data error [0m
[31m[0.053][linker]-[Error]-[DjiChannel_uartRead:88) uart read data error [0m
[31m[0.055][linker]-[Error]-[DjiChannel_uartRead:88) uart read data error [0m
[31m[0.056][linker]-[Error]-[DjiChannel_uartRead:88) uart read data error [0m
[37m[0.057][linker]-[Debug]-[DjiProtocol_v1Pack:120) V1-Send: 0xCA->0x03 0x03FD [0m
[31m[0.057][linker]-[Error]-[DjiChannel_uartRead:88) uart read data error [0m
[31m[0.058][linker]-[Error]-[DjiChannel_uartRead:88) uart read data error [0m
[31m[0.060][linker]-[Error]-[DjiChannel_uartRead:88) uart read data error [0m
[31m[0.061][linker]-[Error]-[DjiChannel_uartRead:88) uart read data error [0m
[31m[0.062][linker]-[Error]-[DjiChannel_uartRead:88) uart read data error [0m
[31m[0.063][linker]-[Error]-[DjiChannel_uartRead:88) uart read data error [0m
[31m[0.064][linker]-[Error]-[DjiChannel_uartRead:88) uart read data error [0m
[31m[0.066][linker]-[Error]-[DjiChannel_uartRead:88) uart read data error [0m
[31m[0.070][linker]-[Error]-[DjiChannel_uartRead:88) uart read data error [0m
[31m[0.071][linker]-[Error]-[DjiChannel_uartRead:88) uart read data error [0m
[31m[0.072][linker]-[Error]-[DjiChannel_uartRead:88) uart read data error [0m
[31m[0.073][linker]-[Error]-[DjiChannel_uartRead:88) uart read data error [0m
[31m[0.074][linker]-[Error]-[DjiChannel_uartRead:88) uart read data error [0m
[31m[0.075][linker]-[Error]-[DjiChannel_uartRead:88) uart read data error [0m
[31m[0.077][linker]-[Error]-[DjiChannel_uartRead:88) uart read data error [0m
[37m[0.077][linker]-[Debug]-[DjiProtocol_v1Pack:120) V1-Send: 0xCA->0x03 0x03FD [0m
[31m[0.078][linker]-[Error]-[DjiChannel_uartRead:88) uart read data error [0m
[31m[0.080][linker]-[Error]-[DjiChannel_uartRead:88) uart read data error [0m
[31m[0.081][linker]-[Error]-[DjiChannel_uartRead:88) uart read data error [0m
[31m[0.082][linker]-[Error]-[DjiChannel_uartRead:88) uart read data error [0m
[31m[0.084][linker]-[Error]-[DjiChannel_uartRead:88) uart read data error [0m
[31m[0.085][linker]-[Error]-[DjiChannel_uartRead:88) uart read data error [0m
[31m[0.086][linker]-[Error]-[DjiChannel_uartRead:88) uart read data error [0m
[31m[0.087][linker]-[Error]-[DjiChannel_uartRead:88) uart read data error [0m
[31m[0.089][linker]-[Error]-[DjiChannel_uartRead:88) uart read data error [0m
[31m[0.090][linker]-[Error]-[DjiChannel_uartRead:88) uart read data error [0m
[31m[0.091][linker]-[Error]-[DjiChannel_uartRead:88) uart read data error [0m
[31m[0.092][linker]-[Error]-[DjiChannel_uartRead:88) uart read data error [0m
[31m[0.093][linker]-[Error]-[DjiChannel_uartRead:88) uart read data error [0m
[31m[0.094][linker]-[Error]-[DjiChannel_uartRead:88) uart read data error [0m
[31m[0.096][linker]-[Error]-[DjiChannel_uartRead:88) uart read data error [0m
[31m[0.097][linker]-[Error]-[DjiChannel_uartRead:88) uart read data error [0m
[37m[0.098][linker]-[Debug]-[DjiProtocol_v1Pack:120) V1-Send: 0xCA->0x03 0x03FD [0m
[31m[0.098][linker]-[Error]-[DjiChannel_uartRead:88) uart read data error [0m
[31m[0.099][linker]-[Error]-[DjiChannel_uartRead:88) uart read data error [0m
[31m[0.100][linker]-[Error]-[DjiChannel_uartRead:88) uart read data error [0m
[31m[0.101][linker]-[Error]-[DjiChannel_uartRead:88) uart read data error [0m
[31m[0.103][linker]-[Error]-[DjiChannel_uartRead:88) uart read data error [0m
[31m[0.106][linker]-[Error]-[DjiChannel_uartRead:88) uart read data error [0m
[31m[0.111][linker]-[Error]-[DjiChannel_uartRead:88) uart read data error [0m
[31m[0.112][linker]-[Error]-[DjiChannel_uartRead:88) uart read data error [0m
[31m[0.113][linker]-[Error]-[DjiChannel_uartRead:88) uart read data error [0m
[31m[0.114][linker]-[Error]-[DjiChannel_uartRead:88) uart read data error [0m
[31m[0.116][linker]-[Error]-[DjiChannel_uartRead:88) uart read data error [0m
[31m[0.117][linker]-[Error]-[DjiChannel_uartRead:88) uart read data error [0m
[31m[0.118][linker]-[Error]-[DjiChannel_uartRead:88) uart read data error [0m
[37m[0.119][linker]-[Debug]-[DjiLinker_DeInit:164) deinit linker success, protocol:2, channelId:0 [0m
[37m[0.128][linker]-[Debug]-[DjiLinker_Init:124) init linker success, protocol:2, channelId:0 [0m
[37m[0.128][linker]-[Debug]-[DjiProtocol_v1Pack:120) V1-Send: 0xE5->0x65 0x03FD [0m
[37m[0.148][linker]-[Debug]-[DjiProtocol_v1Pack:120) V1-Send: 0xE5->0x65 0x03FD [0m
[37m[0.168][linker]-[Debug]-[DjiProtocol_v1Pack:120) V1-Send: 0xE5->0x65 0x03FD [0m
[37m[0.189][linker]-[Debug]-[DjiProtocol_v1Pack:120) V1-Send: 0xE5->0x65 0x03FD [0m
[37m[0.209][linker]-[Debug]-[DjiProtocol_v1Pack:120) V1-Send: 0xE5->0x65 0x03FD [0m
[37m[0.229][linker]-[Debug]-[DjiLinker_DeInit:164) deinit linker success, protocol:2, channelId:0 [0m
[37m[0.235][linker]-[Debug]-[DjiLinker_Init:124) init linker success, protocol:2, channelId:0 [0m
[37m[0.235][linker]-[Debug]-[DjiProtocol_v1Pack:120) V1-Send: 0xE5->0x65 0x03FD [0m
[37m[0.255][linker]-[Debug]-[DjiProtocol_v1Pack:120) V1-Send: 0xE5->0x65 0x03FD [0m
[37m[0.275][linker]-[Debug]-[DjiProtocol_v1Pack:120) V1-Send: 0xE5->0x65 0x03FD [0m
[37m[0.295][linker]-[Debug]-[DjiProtocol_v1Pack:120) V1-Send: 0xE5->0x65 0x03FD [0m
[37m[0.316][linker]-[Debug]-[DjiProtocol_v1Pack:120) V1-Send: 0xE5->0x65 0x03FD [0m
[37m[0.336][linker]-[Debug]-[DjiLinker_DeInit:164) deinit linker success, protocol:2, channelId:0 [0m
[37m[0.342][linker]-[Debug]-[DjiLinker_Init:124) init linker success, protocol:2, channelId:0 [0m
[37m[0.342][linker]-[Debug]-[DjiProtocol_v1Pack:120) V1-Send: 0xE5->0x65 0x03FD [0m
[37m[0.362][linker]-[Debug]-[DjiProtocol_v1Pack:120) V1-Send: 0xE5->0x65 0x03FD [0m
[37m[0.382][linker]-[Debug]-[DjiProtocol_v1Pack:120) V1-Send: 0xE5->0x65 0x03FD [0m
[37m[0.402][linker]-[Debug]-[DjiProtocol_v1Pack:120) V1-Send: 0xE5->0x65 0x03FD [0m
[37m[0.422][linker]-[Debug]-[DjiProtocol_v1Pack:120) V1-Send: 0xE5->0x65 0x03FD [0m
[37m[0.443][linker]-[Debug]-[DjiLinker_DeInit:164) deinit linker success, protocol:2, channelId:0 [0m
[37m[0.449][linker]-[Debug]-[DjiLinker_Init:124) init linker success, protocol:2, channelId:0 [0m
[37m[0.449][linker]-[Debug]-[DjiProtocol_v1Pack:120) V1-Send: 0xE5->0x65 0x03FD [0m
[37m[0.469][linker]-[Debug]-[DjiProtocol_v1Pack:120) V1-Send: 0xE5->0x65 0x03FD [0m
[37m[0.489][linker]-[Debug]-[DjiProtocol_v1Pack:120) V1-Send: 0xE5->0x65 0x03FD [0m
[37m[0.509][linker]-[Debug]-[DjiProtocol_v1Pack:120) V1-Send: 0xE5->0x65 0x03FD [0m
[37m[0.529][linker]-[Debug]-[DjiProtocol_v1Pack:120) V1-Send: 0xE5->0x65 0x03FD [0m
[37m[0.550][linker]-[Debug]-[DjiLinker_DeInit:164) deinit linker success, protocol:2, channelId:0 [0m
[37m[0.556][linker]-[Debug]-[DjiLinker_Init:124) init linker success, protocol:2, channelId:0 [0m
[37m[0.556][linker]-[Debug]-[DjiProtocol_v1Pack:120) V1-Send: 0xE5->0x65 0x03FD [0m
[37m[0.576][linker]-[Debug]-[DjiProtocol_v1Pack:120) V1-Send: 0xE5->0x65 0x03FD [0m
[37m[0.596][linker]-[Debug]-[DjiProtocol_v1Pack:120) V1-Send: 0xE5->0x65 0x03FD [0m
[37m[0.616][linker]-[Debug]-[DjiProtocol_v1Pack:120) V1-Send: 0xE5->0x65 0x03FD [0m
[37m[0.636][linker]-[Debug]-[DjiProtocol_v1Pack:120) V1-Send: 0xE5->0x65 0x03FD [0m
[37m[0.656][linker]-[Debug]-[DjiLinker_DeInit:164) deinit linker success, protocol:2, channelId:0 [0m
[37m[0.664][linker]-[Debug]-[DjiLinker_Init:124) init linker success, protocol:2, channelId:0 [0m
[37m[0.664][linker]-[Debug]-[DjiProtocol_v1Pack:120) V1-Send: 0xCA->0x03 0x03FD [0m
[37m[0.684][linker]-[Debug]-[DjiProtocol_v1Pack:120) V1-Send: 0xCA->0x03 0x03FD [0m
[37m[0.704][linker]-[Debug]-[DjiProtocol_v1Pack:120) V1-Send: 0xCA->0x03 0x03FD [0m
[37m[0.724][linker]-[Debug]-[DjiProtocol_v1Pack:120) V1-Send: 0xCA->0x03 0x03FD [0m
[37m[0.744][linker]-[Debug]-[DjiProtocol_v1Pack:120) V1-Send: 0xCA->0x03 0x03FD [0m
[37m[0.765][linker]-[Debug]-[DjiLinker_DeInit:164) deinit linker success, protocol:2, channelId:0 [0m
[37m[0.774][linker]-[Debug]-[DjiLinker_Init:124) init linker success, protocol:2, channelId:0 [0m
[37m[0.774][linker]-[Debug]-[DjiProtocol_v1Pack:120) V1-Send: 0xCA->0x03 0x03FD [0m
[37m[0.794][linker]-[Debug]-[DjiProtocol_v1Pack:120) V1-Send: 0xCA->0x03 0x03FD [0m
[37m[0.814][linker]-[Debug]-[DjiProtocol_v1Pack:120) V1-Send: 0xCA->0x03 0x03FD [0m
[37m[0.834][linker]-[Debug]-[DjiProtocol_v1Pack:120) V1-Send: 0xCA->0x03 0x03FD [0m
[37m[0.854][linker]-[Debug]-[DjiProtocol_v1Pack:120) V1-Send: 0xCA->0x03 0x03FD [0m
[37m[0.875][linker]-[Debug]-[DjiLinker_DeInit:164) deinit linker success, protocol:2, channelId:0 [0m
[37m[0.884][linker]-[Debug]-[DjiLinker_Init:124) init linker success, protocol:2, channelId:0 [0m
[37m[0.884][linker]-[Debug]-[DjiProtocol_v1Pack:120) V1-Send: 0xCA->0x03 0x03FD [0m
[37m[0.904][linker]-[Debug]-[DjiProtocol_v1Pack:120) V1-Send: 0xCA->0x03 0x03FD [0m
[37m[0.924][linker]-[Debug]-[DjiProtocol_v1Pack:120) V1-Send: 0xCA->0x03 0x03FD [0m
[37m[0.945][linker]-[Debug]-[DjiProtocol_v1Pack:120) V1-Send: 0xCA->0x03 0x03FD [0m
[37m[0.965][linker]-[Debug]-[DjiProtocol_v1Pack:120) V1-Send: 0xCA->0x03 0x03FD [0m
[37m[0.985][linker]-[Debug]-[DjiLinker_DeInit:164) deinit linker success, protocol:2, channelId:0 [0m
[37m[0.994][linker]-[Debug]-[DjiLinker_Init:124) init linker success, protocol:2, channelId:0 [0m
[37m[0.994][linker]-[Debug]-[DjiProtocol_v1Pack:120) V1-Send: 0xCA->0x03 0x03FD [0m
[37m[1.014][linker]-[Debug]-[DjiProtocol_v1Pack:120) V1-Send: 0xCA->0x03 0x03FD [0m
[31m[1.020][linker]-[Error]-[DjiChannel_uartRead:88) uart read data error [0m
[31m[1.021][linker]-[Error]-[DjiChannel_uartRead:88) uart read data error [0m
[31m[1.023][linker]-[Error]-[DjiChannel_uartRead:88) uart read data error [0m
[31m[1.025][linker]-[Error]-[DjiChannel_uartRead:88) uart read data error [0m
[31m[1.027][linker]-[Error]-[DjiChannel_uartRead:88) uart read data error [0m
[31m[1.029][linker]-[Error]-[DjiChannel_uartRead:88) uart read data error [0m
[31m[1.030][linker]-[Error]-[DjiChannel_uartRead:88) uart read data error [0m
[31m[1.033][linker]-[Error]-[DjiChannel_uartRead:88) uart read data error [0m
[31m[1.035][linker]-[Error]-[DjiChannel_uartRead:88) uart read data error [0m
[37m[1.036][linker]-[Debug]-[DjiProtocol_v1Pack:120) V1-Send: 0xCA->0x03 0x03FD [0m
[31m[1.037][linker]-[Error]-[DjiChannel_uartRead:88) uart read data error [0m
[31m[1.040][linker]-[Error]-[DjiChannel_uartRead:88) uart read data error [0m
[31m[1.041][linker]-[Error]-[DjiChannel_uartRead:88) uart read data error [0m
[31m[1.043][linker]-[Error]-[DjiChannel_uartRead:88) uart read data error [0m
[31m[1.044][linker]-[Error]-[DjiChannel_uartRead:88) uart read data error [0m
[31m[1.046][linker]-[Error]-[DjiChannel_uartRead:88) uart read data error [0m
[31m[1.047][linker]-[Error]-[DjiChannel_uartRead:88) uart read data error [0m
[31m[1.048][linker]-[Error]-[DjiChannel_uartRead:88) uart read data error [0m
[31m[1.049][linker]-[Error]-[DjiChannel_uartRead:88) uart read data error [0m
[31m[1.050][linker]-[Error]-[DjiChannel_uartRead:88) uart read data error [0m
[31m[1.052][linker]-[Error]-[DjiChannel_uartRead:88) uart read data error [0m
[31m[1.053][linker]-[Error]-[DjiChannel_uartRead:88) uart read data error [0m
[31m[1.054][linker]-[Error]-[DjiChannel_uartRead:88) uart read data error [0m
[31m[1.055][linker]-[Error]-[DjiChannel_uartRead:88) uart read data error [0m
[31m[1.057][linker]-[Error]-[DjiChannel_uartRead:88) uart read data error [0m
[37m[1.057][linker]-[Debug]-[DjiProtocol_v1Pack:120) V1-Send: 0xCA->0x03 0x03FD [0m
[31m[1.058][linker]-[Error]-[DjiChannel_uartRead:88) uart read data error [0m
[31m[1.059][linker]-[Error]-[DjiChannel_uartRead:88) uart read data error [0m
[31m[1.060][linker]-[Error]-[DjiChannel_uartRead:88) uart read data error [0m
[31m[1.062][linker]-[Error]-[DjiChannel_uartRead:88) uart read data error [0m
[31m[1.063][linker]-[Error]-[DjiChannel_uartRead:88) uart read data error [0m
[31m[1.064][linker]-[Error]-[DjiChannel_uartRead:88) uart read data error [0m
[31m[1.065][linker]-[Error]-[DjiChannel_uartRead:88) uart read data error [0m
[31m[1.066][linker]-[Error]-[DjiChannel_uartRead:88) uart read data error [0m
[31m[1.067][linker]-[Error]-[DjiChannel_uartRead:88) uart read data error [0m
[31m[1.069][linker]-[Error]-[DjiChannel_uartRead:88) uart read data error [0m
[31m[1.070][linker]-[Error]-[DjiChannel_uartRead:88) uart read data error [0m
[31m[1.071][linker]-[Error]-[DjiChannel_uartRead:88) uart read data error [0m
[31m[1.073][linker]-[Error]-[DjiChannel_uartRead:88) uart read data error [0m
[31m[1.074][linker]-[Error]-[DjiChannel_uartRead:88) uart read data error [0m
[31m[1.075][linker]-[Error]-[DjiChannel_uartRead:88) uart read data error [0m
[31m[1.076][linker]-[Error]-[DjiChannel_uartRead:88) uart read data error [0m
[37m[1.077][linker]-[Debug]-[DjiProtocol_v1Pack:120) V1-Send: 0xCA->0x03 0x03FD [0m
[31m[1.080][linker]-[Error]-[DjiChannel_uartRead:88) uart read data error [0m
[31m[1.081][linker]-[Error]-[DjiChannel_uartRead:88) uart read data error [0m
[31m[1.082][linker]-[Error]-[DjiChannel_uartRead:88) uart read data error [0m
[31m[1.084][linker]-[Error]-[DjiChannel_uartRead:88) uart read data error [0m
[31m[1.085][linker]-[Error]-[DjiChannel_uartRead:88) uart read data error [0m
[31m[1.086][linker]-[Error]-[DjiChannel_uartRead:88) uart read data error [0m
[31m[1.087][linker]-[Error]-[DjiChannel_uartRead:88) uart read data error [0m
[31m[1.088][linker]-[Error]-[DjiChannel_uartRead:88) uart read data error [0m
[31m[1.090][linker]-[Error]-[DjiChannel_uartRead:88) uart read data error [0m
[31m[1.091][linker]-[Error]-[DjiChannel_uartRead:88) uart read data error [0m
[31m[1.092][linker]-[Error]-[DjiChannel_uartRead:88) uart read data error [0m
[31m[1.093][linker]-[Error]-[DjiChannel_uartRead:88) uart read data error [0m
[31m[1.095][linker]-[Error]-[DjiChannel_uartRead:88) uart read data error [0m
[31m[1.096][linker]-[Error]-[DjiChannel_uartRead:88) uart read data error [0m
[31m[1.097][linker]-[Error]-[DjiChannel_uartRead:88) uart read data error [0m
[37m[1.097][linker]-[Debug]-[DjiLinker_DeInit:164) deinit linker success, protocol:2, channelId:0 [0m
[37m[1.105][utils]-[Debug]-[DjiCore_RootTask:131) work execution time: [0m
[37m[1.105][utils]-[Debug]-[DjiCore_RootTask:132) name	                execution time (ms)	  max execution time (ms) [0m
[37m[1.105][utils]-[Debug]-[DjiCore_RootTask:134) recorderWork                    	1       	1        [0m
[37m[1.105][utils]-[Debug]-[DjiCore_RootTask:134) flowControllerTask              	0       	0        [0m
[37m[1.111][linker]-[Debug]-[DjiLinker_Init:124) init linker success, protocol:2, channelId:0 [0m
[37m[1.111][linker]-[Debug]-[DjiProtocol_v1Pack:120) V1-Send: 0xCA->0x03 0x03FD [0m
[37m[1.131][linker]-[Debug]-[DjiProtocol_v1Pack:120) V1-Send: 0xCA->0x03 0x03FD [0m
[37m[1.152][linker]-[Debug]-[DjiProtocol_v1Pack:120) V1-Send: 0xCA->0x03 0x03FD [0m
[37m[1.172][linker]-[Debug]-[DjiProtocol_v1Pack:120) V1-Send: 0xCA->0x03 0x03FD [0m
[37m[1.192][linker]-[Debug]-[DjiProtocol_v1Pack:120) V1-Send: 0xCA->0x03 0x03FD [0m
[37m[1.212][linker]-[Debug]-[DjiLinker_DeInit:164) deinit linker success, protocol:2, channelId:0 [0m
[37m[1.219][linker]-[Debug]-[DjiLinker_Init:124) init linker success, protocol:1, channelId:0 [0m
[37m[1.220][linker]-[Debug]-[DjiProtocol_sdkPack:182) SDK-Send: 0xCA->0x03 0x0000 [0m
[37m[1.240][linker]-[Debug]-[DjiProtocol_sdkPack:182) SDK-Send: 0xCA->0x03 0x0000 [0m
[37m[1.260][linker]-[Debug]-[DjiProtocol_sdkPack:182) SDK-Send: 0xCA->0x03 0x0000 [0m
[37m[1.280][linker]-[Debug]-[DjiProtocol_sdkPack:182) SDK-Send: 0xCA->0x03 0x0000 [0m
[37m[1.300][linker]-[Debug]-[DjiProtocol_sdkPack:182) SDK-Send: 0xCA->0x03 0x0000 [0m
[37m[1.320][linker]-[Debug]-[DjiLinker_DeInit:164) deinit linker success, protocol:1, channelId:0 [0m
[37m[1.327][linker]-[Debug]-[DjiLinker_Init:124) init linker success, protocol:1, channelId:0 [0m
[37m[1.327][linker]-[Debug]-[DjiProtocol_sdkPack:182) SDK-Send: 0xCA->0x03 0x0000 [0m
[37m[1.347][linker]-[Debug]-[DjiProtocol_sdkPack:182) SDK-Send: 0xCA->0x03 0x0000 [0m
[37m[1.367][linker]-[Debug]-[DjiProtocol_sdkPack:182) SDK-Send: 0xCA->0x03 0x0000 [0m
[37m[1.387][linker]-[Debug]-[DjiProtocol_sdkPack:182) SDK-Send: 0xCA->0x03 0x0000 [0m
[37m[1.407][linker]-[Debug]-[DjiProtocol_sdkPack:182) SDK-Send: 0xCA->0x03 0x0000 [0m
[37m[1.427][linker]-[Debug]-[DjiLinker_DeInit:164) deinit linker success, protocol:1, channelId:0 [0m
[37m[1.433][linker]-[Debug]-[DjiLinker_Init:124) init linker success, protocol:1, channelId:0 [0m
[37m[1.433][linker]-[Debug]-[DjiProtocol_sdkPack:182) SDK-Send: 0xCA->0x03 0x0000 [0m
[37m[1.454][linker]-[Debug]-[DjiProtocol_sdkPack:182) SDK-Send: 0xCA->0x03 0x0000 [0m
[37m[1.474][linker]-[Debug]-[DjiProtocol_sdkPack:182) SDK-Send: 0xCA->0x03 0x0000 [0m
[37m[1.494][linker]-[Debug]-[DjiProtocol_sdkPack:182) SDK-Send: 0xCA->0x03 0x0000 [0m
[37m[1.514][linker]-[Debug]-[DjiProtocol_sdkPack:182) SDK-Send: 0xCA->0x03 0x0000 [0m
[37m[1.534][linker]-[Debug]-[DjiLinker_DeInit:164) deinit linker success, protocol:1, channelId:0 [0m
[37m[1.540][linker]-[Debug]-[DjiLinker_Init:124) init linker success, protocol:1, channelId:0 [0m
[37m[1.540][linker]-[Debug]-[DjiProtocol_sdkPack:182) SDK-Send: 0xCA->0x03 0x0000 [0m
[37m[1.560][linker]-[Debug]-[DjiProtocol_sdkPack:182) SDK-Send: 0xCA->0x03 0x0000 [0m
[37m[1.580][linker]-[Debug]-[DjiProtocol_sdkPack:182) SDK-Send: 0xCA->0x03 0x0000 [0m
[37m[1.601][linker]-[Debug]-[DjiProtocol_sdkPack:182) SDK-Send: 0xCA->0x03 0x0000 [0m
[37m[1.621][linker]-[Debug]-[DjiProtocol_sdkPack:182) SDK-Send: 0xCA->0x03 0x0000 [0m
[37m[1.641][linker]-[Debug]-[DjiLinker_DeInit:164) deinit linker success, protocol:1, channelId:0 [0m
[37m[1.647][linker]-[Debug]-[DjiLinker_Init:124) init linker success, protocol:1, channelId:0 [0m
[37m[1.647][linker]-[Debug]-[DjiProtocol_sdkPack:182) SDK-Send: 0xCA->0x03 0x0000 [0m
[37m[1.667][linker]-[Debug]-[DjiProtocol_sdkPack:182) SDK-Send: 0xCA->0x03 0x0000 [0m
[37m[1.687][linker]-[Debug]-[DjiProtocol_sdkPack:182) SDK-Send: 0xCA->0x03 0x0000 [0m
[37m[1.707][linker]-[Debug]-[DjiProtocol_sdkPack:182) SDK-Send: 0xCA->0x03 0x0000 [0m
[37m[1.727][linker]-[Debug]-[DjiProtocol_sdkPack:182) SDK-Send: 0xCA->0x03 0x0000 [0m
[37m[1.748][linker]-[Debug]-[DjiLinker_DeInit:164) deinit linker success, protocol:1, channelId:0 [0m
[32m[1.748][adapter]-[Info]-[DjiAccessAdapter_Init:162) Try identify UART0 connection failed. Probably because SDK adapter or aircraft not finish init or UART connect error. [0m
[37m[1.805][linker]-[Debug]-[DjiLinker_Init:124) init linker success, protocol:2, channelId:0 [0m
[37m[1.805][linker]-[Debug]-[DjiProtocol_v1Pack:120) V1-Send: 0xCA->0x03 0x03FD [0m
[37m[1.825][linker]-[Debug]-[DjiProtocol_v1Pack:120) V1-Send: 0xCA->0x03 0x03FD [0m
[37m[1.845][linker]-[Debug]-[DjiProtocol_v1Pack:120) V1-Send: 0xCA->0x03 0x03FD [0m
[37m[1.865][linker]-[Debug]-[DjiProtocol_v1Pack:120) V1-Send: 0xCA->0x03 0x03FD [0m
[37m[1.885][linker]-[Debug]-[DjiProtocol_v1Pack:120) V1-Send: 0xCA->0x03 0x03FD [0m
[37m[1.906][linker]-[Debug]-[DjiLinker_DeInit:164) deinit linker success, protocol:2, channelId:0 [0m
[37m[1.912][linker]-[Debug]-[DjiLinker_Init:124) init linker success, protocol:2, channelId:0 [0m
[37m[1.912][linker]-[Debug]-[DjiProtocol_v1Pack:120) V1-Send: 0xE5->0x65 0x03FD [0m
[37m[1.932][linker]-[Debug]-[DjiProtocol_v1Pack:120) V1-Send: 0xE5->0x65 0x03FD [0m
[37m[1.952][linker]-[Debug]-[DjiProtocol_v1Pack:120) V1-Send: 0xE5->0x65 0x03FD [0m
[37m[1.972][linker]-[Debug]-[DjiProtocol_v1Pack:120) V1-Send: 0xE5->0x65 0x03FD [0m
[37m[1.992][linker]-[Debug]-[DjiProtocol_v1Pack:120) V1-Send: 0xE5->0x65 0x03FD [0m
[37m[2.012][linker]-[Debug]-[DjiLinker_DeInit:164) deinit linker success, protocol:2, channelId:0 [0m
[37m[2.019][linker]-[Debug]-[DjiLinker_Init:124) init linker success, protocol:2, channelId:0 [0m
[37m[2.019][linker]-[Debug]-[DjiProtocol_v1Pack:120) V1-Send: 0xE5->0x65 0x03FD [0m
[31m[2.021][linker]-[Error]-[DjiChannel_uartRead:88) uart read data error [0m
[31m[2.022][linker]-[Error]-[DjiChannel_uartRead:88) uart read data error [0m
[31m[2.023][linker]-[Error]-[DjiChannel_uartRead:88) uart read data error [0m
[31m[2.024][linker]-[Error]-[DjiChannel_uartRead:88) uart read data error [0m
[31m[2.026][linker]-[Error]-[DjiChannel_uartRead:88) uart read data error [0m
[31m[2.027][linker]-[Error]-[DjiChannel_uartRead:88) uart read data error [0m
[31m[2.028][linker]-[Error]-[DjiChannel_uartRead:88) uart read data error [0m
[31m[2.030][linker]-[Error]-[DjiChannel_uartRead:88) uart read data error [0m
[31m[2.031][linker]-[Error]-[DjiChannel_uartRead:88) uart read data error [0m
[31m[2.032][linker]-[Error]-[DjiChannel_uartRead:88) uart read data error [0m
[31m[2.033][linker]-[Error]-[DjiChannel_uartRead:88) uart read data error [0m
[31m[2.034][linker]-[Error]-[DjiChannel_uartRead:88) uart read data error [0m
[31m[2.036][linker]-[Error]-[DjiChannel_uartRead:88) uart read data error [0m
[31m[2.037][linker]-[Error]-[DjiChannel_uartRead:88) uart read data error [0m
[31m[2.038][linker]-[Error]-[DjiChannel_uartRead:88) uart read data error [0m
[37m[2.039][linker]-[Debug]-[DjiProtocol_v1Pack:120) V1-Send: 0xE5->0x65 0x03FD [0m
[31m[2.039][linker]-[Error]-[DjiChannel_uartRead:88) uart read data error [0m
[31m[2.040][linker]-[Error]-[DjiChannel_uartRead:88) uart read data error [0m
[31m[2.041][linker]-[Error]-[DjiChannel_uartRead:88) uart read data error [0m
[31m[2.043][linker]-[Error]-[DjiChannel_uartRead:88) uart read data error [0m
[31m[2.044][linker]-[Error]-[DjiChannel_uartRead:88) uart read data error [0m
[31m[2.045][linker]-[Error]-[DjiChannel_uartRead:88) uart read data error [0m
[31m[2.046][linker]-[Error]-[DjiChannel_uartRead:88) uart read data error [0m
[31m[2.048][linker]-[Error]-[DjiChannel_uartRead:88) uart read data error [0m
[31m[2.049][linker]-[Error]-[DjiChannel_uartRead:88) uart read data error [0m
[31m[2.050][linker]-[Error]-[DjiChannel_uartRead:88) uart read data error [0m
[31m[2.051][linker]-[Error]-[DjiChannel_uartRead:88) uart read data error [0m
[31m[2.052][linker]-[Error]-[DjiChannel_uartRead:88) uart read data error [0m
[31m[2.053][linker]-[Error]-[DjiChannel_uartRead:88) uart read data error [0m
[31m[2.055][linker]-[Error]-[DjiChannel_uartRead:88) uart read data error [0m
[31m[2.056][linker]-[Error]-[DjiChannel_uartRead:88) uart read data error [0m
[31m[2.057][linker]-[Error]-[DjiChannel_uartRead:88) uart read data error [0m
[31m[2.058][linker]-[Error]-[DjiChannel_uartRead:88) uart read data error [0m
[31m[2.059][linker]-[Error]-[DjiChannel_uartRead:88) uart read data error [0m
[37m[2.059][linker]-[Debug]-[DjiProtocol_v1Pack:120) V1-Send: 0xE5->0x65 0x03FD [0m
[31m[2.061][linker]-[Error]-[DjiChannel_uartRead:88) uart read data error [0m
[31m[2.062][linker]-[Error]-[DjiChannel_uartRead:88) uart read data error [0m
[31m[2.063][linker]-[Error]-[DjiChannel_uartRead:88) uart read data error [0m
[31m[2.064][linker]-[Error]-[DjiChannel_uartRead:88) uart read data error [0m
[31m[2.065][linker]-[Error]-[DjiChannel_uartRead:88) uart read data error [0m
[31m[2.067][linker]-[Error]-[DjiChannel_uartRead:88) uart read data error [0m
[31m[2.068][linker]-[Error]-[DjiChannel_uartRead:88) uart read data error [0m
[31m[2.069][linker]-[Error]-[DjiChannel_uartRead:88) uart read data error [0m
[31m[2.070][linker]-[Error]-[DjiChannel_uartRead:88) uart read data error [0m
[31m[2.071][linker]-[Error]-[DjiChannel_uartRead:88) uart read data error [0m
[31m[2.072][linker]-[Error]-[DjiChannel_uartRead:88) uart read data error [0m
[31m[2.074][linker]-[Error]-[DjiChannel_uartRead:88) uart read data error [0m
[31m[2.075][linker]-[Error]-[DjiChannel_uartRead:88) uart read data error [0m
[31m[2.076][linker]-[Error]-[DjiChannel_uartRead:88) uart read data error [0m
[31m[2.077][linker]-[Error]-[DjiChannel_uartRead:88) uart read data error [0m
[31m[2.078][linker]-[Error]-[DjiChannel_uartRead:88) uart read data error [0m
[31m[2.080][linker]-[Error]-[DjiChannel_uartRead:88) uart read data error [0m
[37m[2.080][linker]-[Debug]-[DjiProtocol_v1Pack:120) V1-Send: 0xE5->0x65 0x03FD [0m
[31m[2.081][linker]-[Error]-[DjiChannel_uartRead:88) uart read data error [0m
[31m[2.082][linker]-[Error]-[DjiChannel_uartRead:88) uart read data error [0m
[31m[2.083][linker]-[Error]-[DjiChannel_uartRead:88) uart read data error [0m
[31m[2.084][linker]-[Error]-[DjiChannel_uartRead:88) uart read data error [0m
[31m[2.086][linker]-[Error]-[DjiChannel_uartRead:88) uart read data error [0m
[31m[2.087][linker]-[Error]-[DjiChannel_uartRead:88) uart read data error [0m
[31m[2.088][linker]-[Error]-[DjiChannel_uartRead:88) uart read data error [0m
[31m[2.089][linker]-[Error]-[DjiChannel_uartRead:88) uart read data error [0m
[31m[2.090][linker]-[Error]-[DjiChannel_uartRead:88) uart read data error [0m
[31m[2.092][linker]-[Error]-[DjiChannel_uartRead:88) uart read data error [0m
[31m[2.093][linker]-[Error]-[DjiChannel_uartRead:88) uart read data error [0m
[31m[2.094][linker]-[Error]-[DjiChannel_uartRead:88) uart read data error [0m
[31m[2.095][linker]-[Error]-[DjiChannel_uartRead:88) uart read data error [0m
[31m[2.096][linker]-[Error]-[DjiChannel_uartRead:88) uart read data error [0m
[31m[2.097][linker]-[Error]-[DjiChannel_uartRead:88) uart read data error [0m
[31m[2.099][linker]-[Error]-[DjiChannel_uartRead:88) uart read data error [0m
[31m[2.100][linker]-[Error]-[DjiChannel_uartRead:88) uart read data error [0m
[37m[2.100][linker]-[Debug]-[DjiProtocol_v1Pack:120) V1-Send: 0xE5->0x65 0x03FD [0m
[31m[2.101][linker]-[Error]-[DjiChannel_uartRead:88) uart read data error [0m
[31m[2.102][linker]-[Error]-[DjiChannel_uartRead:88) uart read data error [0m
[31m[2.103][linker]-[Error]-[DjiChannel_uartRead:88) uart read data error [0m
[31m[2.104][linker]-[Error]-[DjiChannel_uartRead:88) uart read data error [0m
[31m[2.106][linker]-[Error]-[DjiChannel_uartRead:88) uart read data error [0m
[31m[2.107][linker]-[Error]-[DjiChannel_uartRead:88) uart read data error [0m
[31m[2.108][linker]-[Error]-[DjiChannel_uartRead:88) uart read data error [0m
[31m[2.109][linker]-[Error]-[DjiChannel_uartRead:88) uart read data error [0m
[31m[2.110][linker]-[Error]-[DjiChannel_uartRead:88) uart read data error [0m
[31m[2.112][linker]-[Error]-[DjiChannel_uartRead:88) uart read data error [0m
[31m[2.113][linker]-[Error]-[DjiChannel_uartRead:88) uart read data error [0m
[31m[2.114][linker]-[Error]-[DjiChannel_uartRead:88) uart read data error [0m
[31m[2.115][linker]-[Error]-[DjiChannel_uartRead:88) uart read data error [0m
[31m[2.116][linker]-[Error]-[DjiChannel_uartRead:88) uart read data error [0m
[31m[2.118][linker]-[Error]-[DjiChannel_uartRead:88) uart read data error [0m
[31m[2.119][linker]-[Error]-[DjiChannel_uartRead:88) uart read data error [0m
[31m[2.120][linker]-[Error]-[DjiChannel_uartRead:88) uart read data error [0m
[37m[2.120][linker]-[Debug]-[DjiLinker_DeInit:164) deinit linker success, protocol:2, channelId:0 [0m
[37m[2.133][linker]-[Debug]-[DjiLinker_Init:124) init linker success, protocol:2, channelId:0 [0m
[37m[2.133][linker]-[Debug]-[DjiProtocol_v1Pack:120) V1-Send: 0xE5->0x65 0x03FD [0m
[37m[2.154][linker]-[Debug]-[DjiProtocol_v1Pack:120) V1-Send: 0xE5->0x65 0x03FD [0m
[37m[2.174][linker]-[Debug]-[DjiProtocol_v1Pack:120) V1-Send: 0xE5->0x65 0x03FD [0m
[37m[2.194][linker]-[Debug]-[DjiProtocol_v1Pack:120) V1-Send: 0xE5->0x65 0x03FD [0m
[37m[2.196][utils]-[Debug]-[DjiCore_RootTask:131) work execution time: [0m
[37m[2.196][utils]-[Debug]-[DjiCore_RootTask:132) name	                execution time (ms)	  max execution time (ms) [0m
[37m[2.196][utils]-[Debug]-[DjiCore_RootTask:134) recorderWork                    	0       	1        [0m
[37m[2.196][utils]-[Debug]-[DjiCore_RootTask:134) flowControllerTask              	0       	0        [0m
[37m[2.214][linker]-[Debug]-[DjiProtocol_v1Pack:120) V1-Send: 0xE5->0x65 0x03FD [0m
[37m[2.235][linker]-[Debug]-[DjiLinker_DeInit:164) deinit linker success, protocol:2, channelId:0 [0m
[37m[2.241][linker]-[Debug]-[DjiLinker_Init:124) init linker success, protocol:2, channelId:0 [0m
[37m[2.241][linker]-[Debug]-[DjiProtocol_v1Pack:120) V1-Send: 0xE5->0x65 0x03FD [0m
[37m[2.261][linker]-[Debug]-[DjiProtocol_v1Pack:120) V1-Send: 0xE5->0x65 0x03FD [0m
[37m[2.281][linker]-[Debug]-[DjiProtocol_v1Pack:120) V1-Send: 0xE5->0x65 0x03FD [0m
[37m[2.301][linker]-[Debug]-[DjiProtocol_v1Pack:120) V1-Send: 0xE5->0x65 0x03FD [0m
[37m[2.321][linker]-[Debug]-[DjiProtocol_v1Pack:120) V1-Send: 0xE5->0x65 0x03FD [0m
[37m[2.342][linker]-[Debug]-[DjiLinker_DeInit:164) deinit linker success, protocol:2, channelId:0 [0m
[37m[2.348][linker]-[Debug]-[DjiLinker_Init:124) init linker success, protocol:2, channelId:0 [0m
[37m[2.348][linker]-[Debug]-[DjiProtocol_v1Pack:120) V1-Send: 0xE5->0x65 0x03FD [0m
[37m[2.368][linker]-[Debug]-[DjiProtocol_v1Pack:120) V1-Send: 0xE5->0x65 0x03FD [0m
[37m[2.388][linker]-[Debug]-[DjiProtocol_v1Pack:120) V1-Send: 0xE5->0x65 0x03FD [0m
[37m[2.408][linker]-[Debug]-[DjiProtocol_v1Pack:120) V1-Send: 0xE5->0x65 0x03FD [0m
[37m[2.428][linker]-[Debug]-[DjiProtocol_v1Pack:120) V1-Send: 0xE5->0x65 0x03FD [0m
[37m[2.448][linker]-[Debug]-[DjiLinker_DeInit:164) deinit linker success, protocol:2, channelId:0 [0m
[37m[2.454][linker]-[Debug]-[DjiLinker_Init:124) init linker success, protocol:2, channelId:0 [0m
[37m[2.454][linker]-[Debug]-[DjiProtocol_v1Pack:120) V1-Send: 0xCA->0x03 0x03FD [0m
[37m[2.475][linker]-[Debug]-[DjiProtocol_v1Pack:120) V1-Send: 0xCA->0x03 0x03FD [0m
[37m[2.495][linker]-[Debug]-[DjiProtocol_v1Pack:120) V1-Send: 0xCA->0x03 0x03FD [0m
[37m[2.515][linker]-[Debug]-[DjiProtocol_v1Pack:120) V1-Send: 0xCA->0x03 0x03FD [0m
[37m[2.535][linker]-[Debug]-[DjiProtocol_v1Pack:120) V1-Send: 0xCA->0x03 0x03FD [0m
[37m[2.555][linker]-[Debug]-[DjiLinker_DeInit:164) deinit linker success, protocol:2, channelId:0 [0m
[37m[2.562][linker]-[Debug]-[DjiLinker_Init:124) init linker success, protocol:2, channelId:0 [0m
[37m[2.562][linker]-[Debug]-[DjiProtocol_v1Pack:120) V1-Send: 0xCA->0x03 0x03FD [0m
[37m[2.582][linker]-[Debug]-[DjiProtocol_v1Pack:120) V1-Send: 0xCA->0x03 0x03FD [0m
[37m[2.602][linker]-[Debug]-[DjiProtocol_v1Pack:120) V1-Send: 0xCA->0x03 0x03FD [0m
[37m[2.622][linker]-[Debug]-[DjiProtocol_v1Pack:120) V1-Send: 0xCA->0x03 0x03FD [0m
[37m[2.642][linker]-[Debug]-[DjiProtocol_v1Pack:120) V1-Send: 0xCA->0x03 0x03FD [0m
[37m[2.662][linker]-[Debug]-[DjiLinker_DeInit:164) deinit linker success, protocol:2, channelId:0 [0m
[37m[2.668][linker]-[Debug]-[DjiLinker_Init:124) init linker success, protocol:2, channelId:0 [0m
[37m[2.668][linker]-[Debug]-[DjiProtocol_v1Pack:120) V1-Send: 0xCA->0x03 0x03FD [0m
[37m[2.688][linker]-[Debug]-[DjiProtocol_v1Pack:120) V1-Send: 0xCA->0x03 0x03FD [0m
[37m[2.709][linker]-[Debug]-[DjiProtocol_v1Pack:120) V1-Send: 0xCA->0x03 0x03FD [0m
[37m[2.729][linker]-[Debug]-[DjiProtocol_v1Pack:120) V1-Send: 0xCA->0x03 0x03FD [0m
[37m[2.749][linker]-[Debug]-[DjiProtocol_v1Pack:120) V1-Send: 0xCA->0x03 0x03FD [0m
[37m[2.769][linker]-[Debug]-[DjiLinker_DeInit:164) deinit linker success, protocol:2, channelId:0 [0m
[37m[2.775][linker]-[Debug]-[DjiLinker_Init:124) init linker success, protocol:2, channelId:0 [0m
[37m[2.775][linker]-[Debug]-[DjiProtocol_v1Pack:120) V1-Send: 0xCA->0x03 0x03FD [0m
[37m[2.795][linker]-[Debug]-[DjiProtocol_v1Pack:120) V1-Send: 0xCA->0x03 0x03FD [0m
[37m[2.815][linker]-[Debug]-[DjiProtocol_v1Pack:120) V1-Send: 0xCA->0x03 0x03FD [0m
[37m[2.835][linker]-[Debug]-[DjiProtocol_v1Pack:120) V1-Send: 0xCA->0x03 0x03FD [0m
[37m[2.856][linker]-[Debug]-[DjiProtocol_v1Pack:120) V1-Send: 0xCA->0x03 0x03FD [0m
[37m[2.876][linker]-[Debug]-[DjiLinker_DeInit:164) deinit linker success, protocol:2, channelId:0 [0m
[37m[2.883][linker]-[Debug]-[DjiLinker_Init:124) init linker success, protocol:2, channelId:0 [0m
[37m[2.883][linker]-[Debug]-[DjiProtocol_v1Pack:120) V1-Send: 0xCA->0x03 0x03FD [0m
[37m[2.903][linker]-[Debug]-[DjiProtocol_v1Pack:120) V1-Send: 0xCA->0x03 0x03FD [0m
[37m[2.924][linker]-[Debug]-[DjiProtocol_v1Pack:120) V1-Send: 0xCA->0x03 0x03FD [0m
[37m[2.944][linker]-[Debug]-[DjiProtocol_v1Pack:120) V1-Send: 0xCA->0x03 0x03FD [0m
[37m[2.964][linker]-[Debug]-[DjiProtocol_v1Pack:120) V1-Send: 0xCA->0x03 0x03FD [0m
[37m[2.984][linker]-[Debug]-[DjiLinker_DeInit:164) deinit linker success, protocol:2, channelId:0 [0m
[37m[2.992][linker]-[Debug]-[DjiLinker_Init:124) init linker success, protocol:1, channelId:0 [0m
[37m[2.992][linker]-[Debug]-[DjiProtocol_sdkPack:182) SDK-Send: 0xCA->0x03 0x0000 [0m
[37m[3.012][linker]-[Debug]-[DjiProtocol_sdkPack:182) SDK-Send: 0xCA->0x03 0x0000 [0m
