[32m[0.002][core]-[Info]-[DjiCore_Init:95) Payload SDK Version : V3.3.0-beta.0-build.1665 [0m
[37m[0.004][utils]-[Debug]-[DjiCore_RootTask:131) work execution time: [0m
[37m[0.004][utils]-[Debug]-[DjiCore_RootTask:132) name	                execution time (ms)	  max execution time (ms) [0m
[37m[0.004][utils]-[Debug]-[DjiCore_RootTask:134) recorderWork                    	0       	0        [0m
[37m[0.004][utils]-[Debug]-[DjiCore_RootTask:134) flowControllerTask              	0       	0        [0m
[37m[0.021][linker]-[Debug]-[DjiLinker_Init:124) init linker success, protocol:2, channelId:0 [0m
[37m[0.021][linker]-[Debug]-[DjiProtocol_v1Pack:120) V1-Send: 0xCA->0x03 0x03FD [0m
[31m[0.031][linker]-[Error]-[DjiChannel_uartRead:88) uart read data error [0m
[31m[0.032][linker]-[Error]-[DjiChannel_uartRead:88) uart read data error [0m
[31m[0.033][linker]-[Error]-[DjiChannel_uartRead:88) uart read data error [0m
[31m[0.034][linker]-[Error]-[DjiChannel_uartRead:88) uart read data error [0m
[31m[0.035][linker]-[Error]-[DjiChannel_uartRead:88) uart read data error [0m
[31m[0.036][linker]-[Error]-[DjiChannel_uartRead:88) uart read data error [0m
[31m[0.038][linker]-[Error]-[DjiChannel_uartRead:88) uart read data error [0m
[31m[0.039][linker]-[Error]-[DjiChannel_uartRead:88) uart read data error [0m
[31m[0.040][linker]-[Error]-[DjiChannel_uartRead:88) uart read data error [0m
[37m[0.041][linker]-[Debug]-[DjiProtocol_v1Pack:120) V1-Send: 0xCA->0x03 0x03FD [0m
[31m[0.041][linker]-[Error]-[DjiChannel_uartRead:88) uart read data error [0m
[31m[0.042][linker]-[Error]-[DjiChannel_uartRead:88) uart read data error [0m
[31m[0.044][linker]-[Error]-[DjiChannel_uartRead:88) uart read data error [0m
[31m[0.045][linker]-[Error]-[DjiChannel_uartRead:88) uart read data error [0m
[31m[0.046][linker]-[Error]-[DjiChannel_uartRead:88) uart read data error [0m
[31m[0.047][linker]-[Error]-[DjiChannel_uartRead:88) uart read data error [0m
[31m[0.049][linker]-[Error]-[DjiChannel_uartRead:88) uart read data error [0m
[31m[0.050][linker]-[Error]-[DjiChannel_uartRead:88) uart read data error [0m
[31m[0.051][linker]-[Error]-[DjiChannel_uartRead:88) uart read data error [0m
[31m[0.052][linker]-[Error]-[DjiChannel_uartRead:88) uart read data error [0m
[31m[0.054][linker]-[Error]-[DjiChannel_uartRead:88) uart read data error [0m
[31m[0.055][linker]-[Error]-[DjiChannel_uartRead:88) uart read data error [0m
[31m[0.056][linker]-[Error]-[DjiChannel_uartRead:88) uart read data error [0m
[31m[0.057][linker]-[Error]-[DjiChannel_uartRead:88) uart read data error [0m
[31m[0.058][linker]-[Error]-[DjiChannel_uartRead:88) uart read data error [0m
[31m[0.060][linker]-[Error]-[DjiChannel_uartRead:88) uart read data error [0m
[31m[0.061][linker]-[Error]-[DjiChannel_uartRead:88) uart read data error [0m
[37m[0.061][linker]-[Debug]-[DjiProtocol_v1Pack:120) V1-Send: 0xCA->0x03 0x03FD [0m
[31m[0.062][linker]-[Error]-[DjiChannel_uartRead:88) uart read data error [0m
[31m[0.064][linker]-[Error]-[DjiChannel_uartRead:88) uart read data error [0m
[31m[0.065][linker]-[Error]-[DjiChannel_uartRead:88) uart read data error [0m
[31m[0.066][linker]-[Error]-[DjiChannel_uartRead:88) uart read data error [0m
[31m[0.067][linker]-[Error]-[DjiChannel_uartRead:88) uart read data error [0m
[31m[0.069][linker]-[Error]-[DjiChannel_uartRead:88) uart read data error [0m
[31m[0.070][linker]-[Error]-[DjiChannel_uartRead:88) uart read data error [0m
[31m[0.071][linker]-[Error]-[DjiChannel_uartRead:88) uart read data error [0m
[31m[0.072][linker]-[Error]-[DjiChannel_uartRead:88) uart read data error [0m
[31m[0.073][linker]-[Error]-[DjiChannel_uartRead:88) uart read data error [0m
[31m[0.074][linker]-[Error]-[DjiChannel_uartRead:88) uart read data error [0m
[31m[0.076][linker]-[Error]-[DjiChannel_uartRead:88) uart read data error [0m
[31m[0.077][linker]-[Error]-[DjiChannel_uartRead:88) uart read data error [0m
[31m[0.078][linker]-[Error]-[DjiChannel_uartRead:88) uart read data error [0m
[31m[0.079][linker]-[Error]-[DjiChannel_uartRead:88) uart read data error [0m
[31m[0.080][linker]-[Error]-[DjiChannel_uartRead:88) uart read data error [0m
[37m[0.081][linker]-[Debug]-[DjiProtocol_v1Pack:120) V1-Send: 0xCA->0x03 0x03FD [0m
[31m[0.081][linker]-[Error]-[DjiChannel_uartRead:88) uart read data error [0m
[31m[0.083][linker]-[Error]-[DjiChannel_uartRead:88) uart read data error [0m
[31m[0.084][linker]-[Error]-[DjiChannel_uartRead:88) uart read data error [0m
[31m[0.085][linker]-[Error]-[DjiChannel_uartRead:88) uart read data error [0m
[31m[0.086][linker]-[Error]-[DjiChannel_uartRead:88) uart read data error [0m
[31m[0.087][linker]-[Error]-[DjiChannel_uartRead:88) uart read data error [0m
[31m[0.088][linker]-[Error]-[DjiChannel_uartRead:88) uart read data error [0m
[31m[0.090][linker]-[Error]-[DjiChannel_uartRead:88) uart read data error [0m
[31m[0.091][linker]-[Error]-[DjiChannel_uartRead:88) uart read data error [0m
[31m[0.092][linker]-[Error]-[DjiChannel_uartRead:88) uart read data error [0m
[31m[0.093][linker]-[Error]-[DjiChannel_uartRead:88) uart read data error [0m
[31m[0.094][linker]-[Error]-[DjiChannel_uartRead:88) uart read data error [0m
[31m[0.095][linker]-[Error]-[DjiChannel_uartRead:88) uart read data error [0m
[31m[0.097][linker]-[Error]-[DjiChannel_uartRead:88) uart read data error [0m
[31m[0.098][linker]-[Error]-[DjiChannel_uartRead:88) uart read data error [0m
[31m[0.099][linker]-[Error]-[DjiChannel_uartRead:88) uart read data error [0m
[31m[0.100][linker]-[Error]-[DjiChannel_uartRead:88) uart read data error [0m
[31m[0.101][linker]-[Error]-[DjiChannel_uartRead:88) uart read data error [0m
[37m[0.101][linker]-[Debug]-[DjiProtocol_v1Pack:120) V1-Send: 0xCA->0x03 0x03FD [0m
[31m[0.102][linker]-[Error]-[DjiChannel_uartRead:88) uart read data error [0m
[31m[0.104][linker]-[Error]-[DjiChannel_uartRead:88) uart read data error [0m
[31m[0.105][linker]-[Error]-[DjiChannel_uartRead:88) uart read data error [0m
[31m[0.106][linker]-[Error]-[DjiChannel_uartRead:88) uart read data error [0m
[31m[0.107][linker]-[Error]-[DjiChannel_uartRead:88) uart read data error [0m
[31m[0.108][linker]-[Error]-[DjiChannel_uartRead:88) uart read data error [0m
[31m[0.109][linker]-[Error]-[DjiChannel_uartRead:88) uart read data error [0m
[31m[0.110][linker]-[Error]-[DjiChannel_uartRead:88) uart read data error [0m
[31m[0.112][linker]-[Error]-[DjiChannel_uartRead:88) uart read data error [0m
[31m[0.113][linker]-[Error]-[DjiChannel_uartRead:88) uart read data error [0m
[31m[0.114][linker]-[Error]-[DjiChannel_uartRead:88) uart read data error [0m
[31m[0.115][linker]-[Error]-[DjiChannel_uartRead:88) uart read data error [0m
[31m[0.116][linker]-[Error]-[DjiChannel_uartRead:88) uart read data error [0m
[31m[0.117][linker]-[Error]-[DjiChannel_uartRead:88) uart read data error [0m
[31m[0.119][linker]-[Error]-[DjiChannel_uartRead:88) uart read data error [0m
[31m[0.120][linker]-[Error]-[DjiChannel_uartRead:88) uart read data error [0m
[31m[0.121][linker]-[Error]-[DjiChannel_uartRead:88) uart read data error [0m
[37m[0.122][linker]-[Debug]-[DjiLinker_DeInit:164) deinit linker success, protocol:2, channelId:0 [0m
[31m[0.132][linker]-[Error]-[DjiChannel_uartRead:88) uart read data error [0m
[37m[0.132][linker]-[Debug]-[DjiLinker_Init:124) init linker success, protocol:2, channelId:0 [0m
[37m[0.132][linker]-[Debug]-[DjiProtocol_v1Pack:120) V1-Send: 0xE5->0x65 0x03FD [0m
[31m[0.134][linker]-[Error]-[DjiChannel_uartRead:88) uart read data error [0m
[31m[0.136][linker]-[Error]-[DjiChannel_uartRead:88) uart read data error [0m
[31m[0.137][linker]-[Error]-[DjiChannel_uartRead:88) uart read data error [0m
[31m[0.139][linker]-[Error]-[DjiChannel_uartRead:88) uart read data error [0m
[31m[0.140][linker]-[Error]-[DjiChannel_uartRead:88) uart read data error [0m
[31m[0.141][linker]-[Error]-[DjiChannel_uartRead:88) uart read data error [0m
[31m[0.142][linker]-[Error]-[DjiChannel_uartRead:88) uart read data error [0m
[31m[0.144][linker]-[Error]-[DjiChannel_uartRead:88) uart read data error [0m
[31m[0.145][linker]-[Error]-[DjiChannel_uartRead:88) uart read data error [0m
[31m[0.146][linker]-[Error]-[DjiChannel_uartRead:88) uart read data error [0m
[31m[0.147][linker]-[Error]-[DjiChannel_uartRead:88) uart read data error [0m
[31m[0.148][linker]-[Error]-[DjiChannel_uartRead:88) uart read data error [0m
[31m[0.149][linker]-[Error]-[DjiChannel_uartRead:88) uart read data error [0m
[31m[0.151][linker]-[Error]-[DjiChannel_uartRead:88) uart read data error [0m
[31m[0.152][linker]-[Error]-[DjiChannel_uartRead:88) uart read data error [0m
[37m[0.153][linker]-[Debug]-[DjiProtocol_v1Pack:120) V1-Send: 0xE5->0x65 0x03FD [0m
[31m[0.153][linker]-[Error]-[DjiChannel_uartRead:88) uart read data error [0m
[31m[0.154][linker]-[Error]-[DjiChannel_uartRead:88) uart read data error [0m
[31m[0.155][linker]-[Error]-[DjiChannel_uartRead:88) uart read data error [0m
[31m[0.156][linker]-[Error]-[DjiChannel_uartRead:88) uart read data error [0m
[37m[0.173][linker]-[Debug]-[DjiProtocol_v1Pack:120) V1-Send: 0xE5->0x65 0x03FD [0m
[31m[0.173][linker]-[Error]-[DjiChannel_uartWrite:102) uart write data error [0m
[31m[0.173][linker]-[Error]-[DjiLinker_SendMsg:191) write data error [0m
[31m[0.173][adapter]-[Error]-[DjiAccessAdapter_IdentifyUart0InfoAndAircraftSeries:507) DjiLinker_SendMsg, stat:236 [0m
[37m[0.193][linker]-[Debug]-[DjiProtocol_v1Pack:120) V1-Send: 0xE5->0x65 0x03FD [0m
[31m[0.193][linker]-[Error]-[DjiChannel_uartWrite:102) uart write data error [0m
[31m[0.193][linker]-[Error]-[DjiLinker_SendMsg:191) write data error [0m
[31m[0.193][adapter]-[Error]-[DjiAccessAdapter_IdentifyUart0InfoAndAircraftSeries:507) DjiLinker_SendMsg, stat:236 [0m
[37m[0.213][linker]-[Debug]-[DjiProtocol_v1Pack:120) V1-Send: 0xE5->0x65 0x03FD [0m
[31m[0.213][linker]-[Error]-[DjiChannel_uartWrite:102) uart write data error [0m
[31m[0.213][linker]-[Error]-[DjiLinker_SendMsg:191) write data error [0m
[31m[0.213][adapter]-[Error]-[DjiAccessAdapter_IdentifyUart0InfoAndAircraftSeries:507) DjiLinker_SendMsg, stat:236 [0m
[37m[0.233][linker]-[Debug]-[DjiLinker_DeInit:164) deinit linker success, protocol:2, channelId:0 [0m
[37m[0.240][linker]-[Debug]-[DjiLinker_Init:124) init linker success, protocol:2, channelId:0 [0m
[37m[0.240][linker]-[Debug]-[DjiProtocol_v1Pack:120) V1-Send: 0xE5->0x65 0x03FD [0m
[37m[0.260][linker]-[Debug]-[DjiProtocol_v1Pack:120) V1-Send: 0xE5->0x65 0x03FD [0m
[37m[0.280][linker]-[Debug]-[DjiProtocol_v1Pack:120) V1-Send: 0xE5->0x65 0x03FD [0m
[37m[0.300][linker]-[Debug]-[DjiProtocol_v1Pack:120) V1-Send: 0xE5->0x65 0x03FD [0m
[37m[0.320][linker]-[Debug]-[DjiProtocol_v1Pack:120) V1-Send: 0xE5->0x65 0x03FD [0m
[37m[0.340][linker]-[Debug]-[DjiLinker_DeInit:164) deinit linker success, protocol:2, channelId:0 [0m
[37m[0.346][linker]-[Debug]-[DjiLinker_Init:124) init linker success, protocol:2, channelId:0 [0m
[37m[0.346][linker]-[Debug]-[DjiProtocol_v1Pack:120) V1-Send: 0xE5->0x65 0x03FD [0m
[37m[0.351][linker]-[Debug]-[DjiProtocol_v1Unpack:205) V1-Recv: 0x65->0xE5 0x03FD [0m
[37m[0.367][linker]-[Debug]-[DjiProtocol_v1Pack:120) V1-Send: 0xE5->0x65 0x03FD [0m
[37m[0.378][linker]-[Debug]-[DjiLinker_DeInit:164) deinit linker success, protocol:2, channelId:0 [0m
[32m[0.378][adapter]-[Info]-[DjiAccessAdapter_Init:171) Identify aircraft series is Matrice 300 Series [0m
[32m[0.378][adapter]-[Info]-[DjiAccessAdapter_Init:189) Identify mount position type is Payload Port Type [0m
[37m[0.378][linker]-[Debug]-[DjiCommand_Init:155) config list channel id:2 [0m
[37m[0.386][linker]-[Debug]-[DjiLinker_Init:124) init linker success, protocol:2, channelId:0 [0m
[37m[0.386][linker]-[Debug]-[DjiCommand_Init:164) add linker node count:1 [0m
[37m[0.386][linker]-[Debug]-[DjiCommand_RegRecvCmdHandler:599) Reg command handle list success, index:0 [0m
[32m[0.386][adapter]-[Info]-[DjiPayloadNegotiate_Start:200) Waiting payload negotiate finished. [0m
[37m[0.393][linker]-[Debug]-[DjiProtocol_v1Unpack:205) V1-Recv: 0x65->0x04 0x3C10 [0m
[37m[0.393][linker]-[Debug]-[DjiCommand_RecvWork:958) Receive msg from linker, id:0x3C10 len:64 [0m
[37m[0.396][linker]-[Debug]-[DjiProtocol_v1Unpack:205) V1-Recv: 0x65->0xE5 0x3C36 [0m
[37m[0.396][linker]-[Debug]-[DjiProtocol_v1Unpack:205) V1-Recv: 0x65->0xE5 0x3C43 [0m
[37m[0.397][linker]-[Debug]-[DjiCommand_RecvWork:958) Receive msg from linker, id:0x3C36 len:0 [0m
[37m[0.397][linker]-[Debug]-[DjiCommand_DealCmd:821) received unsupport request cmd that need ack, cmdset: 0x3C cmdid: 0x36 [0m
[37m[0.397][linker]-[Debug]-[DjiProtocol_v1Unpack:205) V1-Recv: 0x65->0xE5 0x3C37 [0m
[37m[0.398][linker]-[Debug]-[DjiCommand_RecvWork:958) Receive msg from linker, id:0x3C43 len:0 [0m
[37m[0.398][linker]-[Debug]-[DjiCommand_DealCmd:821) received unsupport request cmd that need ack, cmdset: 0x3C cmdid: 0x43 [0m
[37m[0.399][linker]-[Debug]-[DjiCommand_RecvWork:958) Receive msg from linker, id:0x3C37 len:16 [0m
[37m[0.399][linker]-[Debug]-[DjiCommand_DealCmd:821) received unsupport request cmd that need ack, cmdset: 0x3C cmdid: 0x37 [0m
[37m[1.107][utils]-[Debug]-[DjiCore_RootTask:131) work execution time: [0m
[37m[1.107][utils]-[Debug]-[DjiCore_RootTask:132) name	                execution time (ms)	  max execution time (ms) [0m
[37m[1.107][utils]-[Debug]-[DjiCore_RootTask:134) recorderWork                    	0       	0        [0m
[37m[1.107][utils]-[Debug]-[DjiCore_RootTask:134) flowControllerTask              	0       	0        [0m
[37m[1.107][utils]-[Debug]-[DjiCore_RootTask:134) commandTask                     	1       	1        [0m
[32m[1.386][adapter]-[Info]-[DjiPayloadNegotiate_Start:200) Waiting payload negotiate finished. [0m
[37m[2.187][utils]-[Debug]-[DjiCore_RootTask:131) work execution time: [0m
[37m[2.188][utils]-[Debug]-[DjiCore_RootTask:132) name	                execution time (ms)	  max execution time (ms) [0m
[37m[2.188][utils]-[Debug]-[DjiCore_RootTask:134) recorderWork                    	0       	0        [0m
[37m[2.188][utils]-[Debug]-[DjiCore_RootTask:134) flowControllerTask              	1       	1        [0m
[37m[2.188][utils]-[Debug]-[DjiCore_RootTask:134) commandTask                     	1       	1        [0m
[32m[2.386][adapter]-[Info]-[DjiPayloadNegotiate_Start:200) Waiting payload negotiate finished. [0m
[37m[3.266][utils]-[Debug]-[DjiCore_RootTask:131) work execution time: [0m
[37m[3.266][utils]-[Debug]-[DjiCore_RootTask:132) name	                execution time (ms)	  max execution time (ms) [0m
[37m[3.266][utils]-[Debug]-[DjiCore_RootTask:134) recorderWork                    	0       	0        [0m
[37m[3.266][utils]-[Debug]-[DjiCore_RootTask:134) flowControllerTask              	0       	1        [0m
[37m[3.266][utils]-[Debug]-[DjiCore_RootTask:134) commandTask                     	1       	1        [0m
[32m[3.386][adapter]-[Info]-[DjiPayloadNegotiate_Start:200) Waiting payload negotiate finished. [0m
[37m[4.347][utils]-[Debug]-[DjiCore_RootTask:131) work execution time: [0m
[37m[4.347][utils]-[Debug]-[DjiCore_RootTask:132) name	                execution time (ms)	  max execution time (ms) [0m
[37m[4.347][utils]-[Debug]-[DjiCore_RootTask:134) recorderWork                    	0       	0        [0m
[37m[4.347][utils]-[Debug]-[DjiCore_RootTask:134) flowControllerTask              	0       	1        [0m
[37m[4.347][utils]-[Debug]-[DjiCore_RootTask:134) commandTask                     	1       	1        [0m
[32m[4.386][adapter]-[Info]-[DjiPayloadNegotiate_Start:200) Waiting payload negotiate finished. [0m
[37m[5.387][linker]-[Debug]-[DjiProtocol_v1Pack:120) V1-Send: 0x13->0x34 0x0087 [0m
[31m[5.387][linker]-[Error]-[DjiChannel_uartWrite:102) uart write data error [0m
[31m[5.387][linker]-[Error]-[DjiLinker_SendMsg:191) write data error [0m
[31m[5.387][linker]-[Error]-[DjiCommand_SendAsync:371) command send error [0m
[31m[5.387][linker]-[Error]-[DjiCommand_SendSync:463) sendAsync send cmd error [0m
[31m[5.387][adapter]-[Error]-[DjiPayloadNegotiate_RemoveDeviceSync:895) remove device sync send error:0x000000FF. [0m
[31m[5.387][adapter]-[Error]-[DjiPayloadNegotiate_Start:212) Payload negetiate remove device sync error:0x000000FF [0m
[31m[5.387][adapter]-[Error]-[DjiAccessAdapter_Init:293) Payload negotiate error, returnCode = 255 [0m
[31m[5.387][adapter]-[Error]-[DjiAccessAdapter_Init:299) Payload negotiate error, returnCode = 255 [0m
[31m[5.387][core]-[Error]-[DjiCore_Init:115) Access adapter init error, stat:255 [0m
[31m[5.387][user]-[Error]-[main:118) Core init error [0m
